#!/bin/bash
#SBATCH --job-name=data-proc
#SBATCH --partition=gpu-rtx6k
#SBATCH --account=cse
#SBATCH --nodes=1
#SBATCH --cpus-per-task=8
#SBATCH --mem=32G
#SBATCH --gres=gpu:1
#SBATCH --time=1-00:00:00 
#SBATCH --mail-type=ALL
#SBATCH --mail-user=tjung2@uw.edu

# I use source to initialize conda into the right environment.
cat $0
echo "--------------------"

source ~/.bashrc
conda activate ckl

# python run.py --config configs/templama/training/t5_kadapters_yearly_2freeze.json -checkpoint_path outputs/wmtbaseline_full/epoch=0-f1_score=0.151-em_score=0.000.ckpt

python preprocess_wmt_train_data.py 2007
--------------------
Traceback (most recent call last):
  File "preprocess_wmt_train_data.py", line 158, in <module>
    main()
  File "preprocess_wmt_train_data.py", line 47, in main
    bert_ner = pipeline("ner", model=model, tokenizer=tokenizer, device=device)
  File "/mmfs1/gscratch/ark/tjung2/miniconda3/envs/ckl/lib/python3.8/site-packages/transformers/pipelines/__init__.py", line 550, in pipeline
    return task_class(model=model, framework=framework, task=task, **kwargs)
  File "/mmfs1/gscratch/ark/tjung2/miniconda3/envs/ckl/lib/python3.8/site-packages/transformers/pipelines/token_classification.py", line 100, in __init__
    super().__init__(*args, **kwargs)
  File "/mmfs1/gscratch/ark/tjung2/miniconda3/envs/ckl/lib/python3.8/site-packages/transformers/pipelines/base.py", line 693, in __init__
    self.device = device if framework == "tf" else torch.device("cpu" if device < 0 else f"cuda:{device}")
TypeError: '<' not supported between instances of 'str' and 'int'
