#!/bin/bash
#SBATCH --job-name=data-proc
#SBATCH --partition=gpu-a40
#SBATCH --account=cse
#SBATCH --nodes=1
#SBATCH --cpus-per-task=8
#SBATCH --mem=48G
#SBATCH --gres=gpu:1
#SBATCH --time=1-0:00:00
#SBATCH --mail-type=ALL
#SBATCH --mail-user=tjung2@uw.edu
#SBATCH --dependency=afterany:6700270

# I use source to initialize conda into the right environment.
cat $0
echo "--------------------"

source ~/.bashrc
conda activate ckl

# python run.py --config configs/wmt/training/t5_baseline_full.json
# python run.py --config configs/wmt/training/t5_kadapters_soft_full.json
# python run.py --config configs/templama/training/t5_baseline_full.json -lr 0.000003 -checkpoint_path outputs/templamabaseline_full/epoch=4-f1_score=0.209-em_score=0.074.ckpt
# python run.py --config configs/templama/training/t5_kadapters_yearly_large.json -lr 0.001
# python run.py --config configs/templama/training/t5_kadapters_yearly_large.json -lr 0.0005
# python run.py --config configs/templama/training/t5_kadapters_yearly_large.json -lr 0.00001
# python run.py --config configs/templama/training/t5_kadapters_yearly_large_256.json -lr 0.0003
# python run.py --config configs/wmt/training/t5_baseline_full.json -val_data 2010

# python run.py --config configs/wmt/training/t5_kadapters_yearly_small.json -datav 2020
# python run.py --config configs/wmt/training/t5_kadapters_yearly_small.json -datav 2009
# python run.py --config configs/wmt/training/t5_baseline_full.json -datav 2020

# python run.py --config configs/templama/training/t5_kadapters_load.json
python run.py --config configs/wmt/training/t5_kadapters_yearly256.json -datav full

# WMT -> Templama
# python run.py --config configs/templama/training/t5_baseline_full.json -checkpoint_path outputs/wmtbaseline_full/epoch=0-f1_score=0.2127-em_score=0.1783.ckpt -lr 0.0001
# python run.py --config configs/templama/training/t5_kadapters_yearly_2freeze.json -checkpoint_path outputs/wmtkadapter_2010_0freeze_158_128/epoch=1-f1_score=0.2236-em_score=0.1878.ckpt -lr 0.003
# python run.py --config configs/templama/training/t5_kadapters_yearly_2freeze.json -checkpoint_path outputs/wmtkadapter_2010_2freeze_158_128/epoch=1-f1_score=0.208-em_score=0.173.ckpt -lr 0.003
# python run.py --config configs/templama/training/t5_kadapters_soft_full.json -checkpoint_path outputs/wmtkadapter_soft_full_0freeze_158_128/epoch=0-f1_score=0.1717-em_score=0.1419.ckpt
# python run.py --config configs/templama/training/t5_kadapters_soft_full.json -checkpoint_path outputs/wmtkadapter_soft_full_2freeze_158_128/epoch=0-f1_score=0.185-em_score=0.154.ckpt

# WMT baseline -> WMT adapters
# python run.py --config configs/wmt/training/t5_kadapters_soft_full.json -checkpoint_path outputs/wmtbaseline_full/epoch=0-f1_score=0.178-em_score=0.149.ckpt
# python run.py --config configs/wmt/training/t5_kadapters_yearly_2freeze.json -checkpoint_path outputs/wmtbaseline_full/epoch=0-f1_score=0.178-em_score=0.149.ckpt

# WMT -> SituatedQA
# python run.py --config configs/situatedqa/training/t5_baseline_full.json -checkpoint_path outputs/wmtbaseline_full/epoch=0-f1_score=0.2127-em_score=0.1783.ckpt -lr 0.00001
# python run.py --config configs/situatedqa/training/t5_kadapters_soft_yearly_2freeze.json -checkpoint_path outputs/wmtkadapter_soft_full_2freeze_158_128/epoch=0-f1_score=0.185-em_score=0.154.ckpt

# Preprocess data
# python preprocess_nyt_data.py 2010 -end_date=2020
# python preprocess_nyt_data_full.py

# NYT -> Templama
# python run.py --config configs/templama/training/t5_kadapters_yearly_2freeze.json -checkpoint_path outputs/nytkadapter_2010_0freeze_158_128/epoch=8-f1_score=0.140-em_score=0.100.ckpt

# NYT -> SituatedQA
# python run.py --config configs/situatedqa/training/t5_kadapters_yearly2freeze.json -checkpoint_path outputs/nytkadapter_2010_0freeze_158_128/epoch=8-f1_score=0.140-em_score=0.100.ckpt

# python run.py --config configs/wmt/training/t5_kadapters_yearly.json -datav 2010
# python run.py --config configs/templama/evaluation/t5_baseline_full.json -val_data 2020--------------------
wandb: Currently logged in as: tjung2. Use `wandb login --relogin` to force relogin
wandb: wandb version 0.13.5 is available!  To upgrade, please run:
wandb:  $ pip install wandb --upgrade
wandb: Tracking run with wandb version 0.13.1
wandb: Run data is saved locally in /mmfs1/gscratch/ark/tjung2/continual-knowledge-learning/wandb/run-20221115_040156-3q0jzjiv
wandb: Run `wandb offline` to turn off syncing.
wandb: Syncing run kadapter_full
wandb: ⭐️ View project at https://wandb.ai/tjung2/temporal_questions
wandb: 🚀 View run at https://wandb.ai/tjung2/temporal_questions/runs/3q0jzjiv
Some weights of T5ForConditionalGeneration were not initialized from the model checkpoint at google/t5-large-ssm and are newly initialized: ['enc_kadapter.adapter.5.encoder.layer.0.SelfAttention.k.weight', 'enc_kadapter.adapter.0.encoder.layer.0.SelfAttention.relative_attention_bias.weight', 'enc_kadapter.adapter.0.encoder.layer.0.layer_norm.weight', 'enc_kadapter.adapter.5.encoder.layer.0.SelfAttention.v.weight', 'enc_kadapter.layer_norm.weight', 'enc_kadapter.adapter.5.encoder.layer.0.SelfAttention.relative_attention_bias.weight', 'enc_kadapter.adapter.8.encoder.layer.0.layer_norm.weight', 'enc_kadapter.adapter.2.encoder.layer.0.SelfAttention.k.weight', 'enc_kadapter.adapter.3.encoder.layer.0.SelfAttention.q.weight', 'enc_kadapter.adapter.5.up_project.bias', 'enc_kadapter.adapter.8.encoder.layer.0.SelfAttention.q.weight', 'enc_kadapter.adapter.4.up_project.weight', 'enc_kadapter.adapter.3.up_project.weight', 'enc_kadapter.adapter.0.up_project.weight', 'enc_kadapter.adapter.7.encoder.layer.0.SelfAttention.v.weight', 'enc_kadapter.adapter.1.down_project.bias', 'enc_kadapter.adapter.3.encoder.layer.1.DenseReluDense.wi.weight', 'enc_kadapter.adapter.0.encoder.layer.0.SelfAttention.o.weight', 'enc_kadapter.adapter.6.encoder.layer.1.DenseReluDense.wo.weight', 'enc_kadapter.adapter.5.up_project.weight', 'enc_kadapter.adapter.1.encoder.layer.0.layer_norm.weight', 'enc_kadapter.adapter.5.encoder.layer.0.layer_norm.weight', 'enc_kadapter.adapter.0.encoder.layer.0.SelfAttention.v.weight', 'enc_kadapter.adapter.8.encoder.layer.0.SelfAttention.k.weight', 'enc_kadapter.adapter.3.up_project.bias', 'enc_kadapter.adapter.1.encoder.layer.0.SelfAttention.k.weight', 'enc_kadapter.adapter.7.up_project.bias', 'enc_kadapter.adapter.5.encoder.layer.0.SelfAttention.o.weight', 'enc_kadapter.adapter.7.encoder.layer.1.DenseReluDense.wo.weight', 'enc_kadapter.adapter.1.encoder.layer.0.SelfAttention.v.weight', 'enc_kadapter.adapter.5.encoder.layer.1.DenseReluDense.wo.weight', 'enc_kadapter.adapter.2.down_project.weight', 'enc_kadapter.adapter.2.encoder.layer.0.SelfAttention.o.weight', 'enc_kadapter.adapter.0.down_project.weight', 'enc_kadapter.pool.bias', 'enc_kadapter.adapter.0.encoder.layer.0.SelfAttention.q.weight', 'enc_kadapter.adapter.2.encoder.layer.0.layer_norm.weight', 'enc_kadapter.adapter.1.encoder.layer.1.DenseReluDense.wi.weight', 'enc_kadapter.adapter.5.down_project.bias', 'enc_kadapter.adapter.0.up_project.bias', 'enc_kadapter.adapter.8.up_project.bias', 'enc_kadapter.adapter.4.down_project.bias', 'enc_kadapter.adapter.2.down_project.bias', 'enc_kadapter.adapter.8.encoder.layer.0.SelfAttention.v.weight', 'enc_kadapter.adapter.4.encoder.layer.0.SelfAttention.o.weight', 'enc_kadapter.adapter.1.down_project.weight', 'enc_kadapter.adapter.6.encoder.layer.0.layer_norm.weight', 'enc_kadapter.adapter.8.encoder.layer.1.DenseReluDense.wo.weight', 'enc_kadapter.adapter.6.encoder.layer.0.SelfAttention.q.weight', 'enc_kadapter.adapter.0.encoder.layer.1.layer_norm.weight', 'enc_kadapter.pool.weight', 'enc_kadapter.adapter.5.encoder.layer.1.layer_norm.weight', 'enc_kadapter.adapter.7.encoder.layer.1.DenseReluDense.wi.weight', 'enc_kadapter.adapter.1.encoder.layer.0.SelfAttention.relative_attention_bias.weight', 'enc_kadapter.adapter.4.encoder.layer.1.DenseReluDense.wi.weight', 'enc_kadapter.adapter.1.encoder.layer.1.layer_norm.weight', 'enc_kadapter.adapter.7.encoder.layer.1.layer_norm.weight', 'enc_kadapter.adapter.3.down_project.weight', 'enc_kadapter.adapter.0.encoder.layer.0.SelfAttention.k.weight', 'enc_kadapter.adapter.4.encoder.layer.1.DenseReluDense.wo.weight', 'enc_kadapter.adapter.3.encoder.layer.1.layer_norm.weight', 'enc_kadapter.adapter.4.up_project.bias', 'enc_kadapter.adapter.1.encoder.layer.0.SelfAttention.q.weight', 'enc_kadapter.adapter.5.down_project.weight', 'enc_kadapter.adapter.7.down_project.weight', 'enc_kadapter.adapter.4.encoder.layer.0.SelfAttention.k.weight', 'enc_kadapter.adapter.8.encoder.layer.0.SelfAttention.relative_attention_bias.weight', 'enc_kadapter.adapter.8.up_project.weight', 'enc_kadapter.adapter.6.encoder.layer.0.SelfAttention.k.weight', 'enc_kadapter.adapter.3.encoder.layer.0.layer_norm.weight', 'enc_kadapter.adapter.4.encoder.layer.1.layer_norm.weight', 'enc_kadapter.adapter.5.encoder.layer.0.SelfAttention.q.weight', 'enc_kadapter.adapter.7.down_project.bias', 'enc_kadapter.adapter.6.down_project.bias', 'enc_kadapter.adapter.7.encoder.layer.0.SelfAttention.relative_attention_bias.weight', 'enc_kadapter.adapter.2.up_project.bias', 'enc_kadapter.adapter.6.encoder.layer.1.layer_norm.weight', 'enc_kadapter.adapter.6.encoder.layer.0.SelfAttention.v.weight', 'enc_kadapter.adapter.7.encoder.layer.0.SelfAttention.k.weight', 'enc_kadapter.adapter.7.encoder.layer.0.SelfAttention.o.weight', 'enc_kadapter.adapter.8.encoder.layer.1.layer_norm.weight', 'enc_kadapter.adapter.6.up_project.bias', 'enc_kadapter.adapter.2.encoder.layer.0.SelfAttention.q.weight', 'enc_kadapter.adapter.2.encoder.layer.0.SelfAttention.relative_attention_bias.weight', 'enc_kadapter.adapter.3.encoder.layer.1.DenseReluDense.wo.weight', 'enc_kadapter.adapter.2.encoder.layer.1.DenseReluDense.wo.weight', 'enc_kadapter.adapter.3.encoder.layer.0.SelfAttention.relative_attention_bias.weight', 'enc_kadapter.adapter.6.encoder.layer.0.SelfAttention.o.weight', 'enc_kadapter.adapter.3.encoder.layer.0.SelfAttention.v.weight', 'enc_kadapter.adapter.4.encoder.layer.0.SelfAttention.relative_attention_bias.weight', 'enc_kadapter.adapter.1.encoder.layer.1.DenseReluDense.wo.weight', 'enc_kadapter.adapter.3.down_project.bias', 'enc_kadapter.adapter.4.encoder.layer.0.SelfAttention.v.weight', 'enc_kadapter.adapter.5.encoder.layer.1.DenseReluDense.wi.weight', 'enc_kadapter.adapter.3.encoder.layer.0.SelfAttention.k.weight', 'enc_kadapter.adapter.4.encoder.layer.0.SelfAttention.q.weight', 'enc_kadapter.adapter.0.down_project.bias', 'enc_kadapter.adapter.8.encoder.layer.1.DenseReluDense.wi.weight', 'enc_kadapter.adapter.1.up_project.bias', 'enc_kadapter.adapter.6.down_project.weight', 'enc_kadapter.adapter.2.encoder.layer.0.SelfAttention.v.weight', 'enc_kadapter.adapter.4.encoder.layer.0.layer_norm.weight', 'enc_kadapter.adapter.8.encoder.layer.0.SelfAttention.o.weight', 'enc_kadapter.adapter.8.down_project.weight', 'enc_kadapter.adapter.4.down_project.weight', 'enc_kadapter.adapter.6.encoder.layer.0.SelfAttention.relative_attention_bias.weight', 'enc_kadapter.adapter.1.up_project.weight', 'enc_kadapter.adapter.0.encoder.layer.1.DenseReluDense.wi.weight', 'enc_kadapter.adapter.7.up_project.weight', 'enc_kadapter.adapter.6.encoder.layer.1.DenseReluDense.wi.weight', 'enc_kadapter.adapter.6.up_project.weight', 'enc_kadapter.adapter.7.encoder.layer.0.layer_norm.weight', 'enc_kadapter.adapter.2.encoder.layer.1.DenseReluDense.wi.weight', 'enc_kadapter.adapter.1.encoder.layer.0.SelfAttention.o.weight', 'enc_kadapter.adapter.2.up_project.weight', 'enc_kadapter.adapter.2.encoder.layer.1.layer_norm.weight', 'enc_kadapter.adapter.0.encoder.layer.1.DenseReluDense.wo.weight', 'enc_kadapter.adapter.3.encoder.layer.0.SelfAttention.o.weight', 'enc_kadapter.adapter.7.encoder.layer.0.SelfAttention.q.weight', 'enc_kadapter.adapter.8.down_project.bias']
You should probably TRAIN this model on a down-stream task to be able to use it for predictions and inference.
GPU available: True, used: True
TPU available: False, using: 0 TPU cores
LOCAL_RANK: 0 - CUDA_VISIBLE_DEVICES: [0]
Set SLURM handle signals.

  | Name  | Type                       | Params
-----------------------------------------------------
0 | model | T5ForConditionalGeneration | 770 M 
-----------------------------------------------------
33.1 M    Trainable params
737 M     Non-trainable params
770 M     Total params
3,082.880 Total estimated model params size (MB)
checkpoint path = outputs/wmtbaseline_full/epoch=0-f1_score=0.2586-em_score=0.2194.ckpt
Namespace(accelerator='ddp', adam_epsilon=1e-08, adapter_config={'adapter_list': [1, 12, 18, 19, 20, 21, 22, 23, 24], 'adapter_hidden_size': 256, 'adapter_enc_dec': None, 'pool_size': None}, adapter_enc_dec=None, adapter_hidden_size=256, adapter_list=[1, 12, 18, 19, 20, 21, 22, 23, 24], check_validation_only=False, checkpoint_dir='outputs/wmtbaseline_full', checkpoint_path='outputs/wmtbaseline_full/epoch=0-f1_score=0.2586-em_score=0.2194.ckpt', dataset='wmt', dataset_version='full', early_stop_callback=False, eval_batch_size=32, find_lr=False, freeze_embeds=False, freeze_encoder=False, freeze_level=2, learning_rate=0.001, max_grad_norm=0.5, max_input_length=100, max_output_length=50, method='kadapter', mode='pretrain', model_name_or_path='google/t5-large-ssm', n_gpu=1, n_test=-1, n_train=-1, n_val=-1, num_train_epochs=1, num_workers=4, opt_level='O1', output_dir='outputs/wmtkadapter_full_2freeze_11218192021222324_256', output_log=None, pool_size=None, prefix=True, resume_from_checkpoint=None, seed=42, split=0, split_num=1, t5_learning_rate=None, tokenizer_name_or_path='google/t5-large-ssm', train_batch_size=32, use_deepspeed=False, use_lr_scheduling=False, val_check_interval=500, val_data='full', wandb_log=True, warmup_steps=0, weight_decay=0.0)
T5Config {
  "_name_or_path": "google/t5-large-ssm",
  "architectures": [
    "T5ForConditionalGeneration"
  ],
  "d_ff": 4096,
  "d_kv": 64,
  "d_model": 1024,
  "decoder_start_token_id": 0,
  "dropout_rate": 0.1,
  "eos_token_id": 1,
  "feed_forward_proj": "relu",
  "initializer_factor": 1.0,
  "is_encoder_decoder": true,
  "layer_norm_epsilon": 1e-06,
  "model_type": "t5",
  "num_decoder_layers": 24,
  "num_heads": 16,
  "num_layers": 24,
  "output_past": true,
  "pad_token_id": 0,
  "relative_attention_num_buckets": 32,
  "transformers_version": "4.12.3",
  "use_cache": true,
  "vocab_size": 32128
}

T5Config {
  "_name_or_path": "google/t5-large-ssm",
  "adapter_enc_dec": null,
  "adapter_hidden_size": 256,
  "adapter_list": [
    1,
    12,
    18,
    19,
    20,
    21,
    22,
    23,
    24
  ],
  "architectures": [
    "T5ForConditionalGeneration"
  ],
  "d_ff": 4096,
  "d_kv": 64,
  "d_model": 1024,
  "decoder_start_token_id": 0,
  "dropout_rate": 0.1,
  "eos_token_id": 1,
  "feed_forward_proj": "relu",
  "initializer_factor": 1.0,
  "is_encoder_decoder": true,
  "layer_norm_epsilon": 1e-06,
  "model_type": "t5",
  "num_decoder_layers": 24,
  "num_heads": 16,
  "num_layers": 24,
  "output_past": true,
  "pad_token_id": 0,
  "pool_size": null,
  "relative_attention_num_buckets": 32,
  "transformers_version": "4.12.3",
  "use_cache": false,
  "vocab_size": 32128
}

enc_kadapter.layer_norm.weight
enc_kadapter.adapter.0.down_project.weight
enc_kadapter.adapter.0.down_project.bias
enc_kadapter.adapter.0.encoder.layer.0.SelfAttention.q.weight
enc_kadapter.adapter.0.encoder.layer.0.SelfAttention.k.weight
enc_kadapter.adapter.0.encoder.layer.0.SelfAttention.v.weight
enc_kadapter.adapter.0.encoder.layer.0.SelfAttention.o.weight
enc_kadapter.adapter.0.encoder.layer.0.SelfAttention.relative_attention_bias.weight
enc_kadapter.adapter.0.encoder.layer.0.layer_norm.weight
enc_kadapter.adapter.0.encoder.layer.1.DenseReluDense.wi.weight
enc_kadapter.adapter.0.encoder.layer.1.DenseReluDense.wo.weight
enc_kadapter.adapter.0.encoder.layer.1.layer_norm.weight
enc_kadapter.adapter.0.up_project.weight
enc_kadapter.adapter.0.up_project.bias
enc_kadapter.adapter.1.down_project.weight
enc_kadapter.adapter.1.down_project.bias
enc_kadapter.adapter.1.encoder.layer.0.SelfAttention.q.weight
enc_kadapter.adapter.1.encoder.layer.0.SelfAttention.k.weight
enc_kadapter.adapter.1.encoder.layer.0.SelfAttention.v.weight
enc_kadapter.adapter.1.encoder.layer.0.SelfAttention.o.weight
enc_kadapter.adapter.1.encoder.layer.0.SelfAttention.relative_attention_bias.weight
enc_kadapter.adapter.1.encoder.layer.0.layer_norm.weight
enc_kadapter.adapter.1.encoder.layer.1.DenseReluDense.wi.weight
enc_kadapter.adapter.1.encoder.layer.1.DenseReluDense.wo.weight
enc_kadapter.adapter.1.encoder.layer.1.layer_norm.weight
enc_kadapter.adapter.1.up_project.weight
enc_kadapter.adapter.1.up_project.bias
enc_kadapter.adapter.2.down_project.weight
enc_kadapter.adapter.2.down_project.bias
enc_kadapter.adapter.2.encoder.layer.0.SelfAttention.q.weight
enc_kadapter.adapter.2.encoder.layer.0.SelfAttention.k.weight
enc_kadapter.adapter.2.encoder.layer.0.SelfAttention.v.weight
enc_kadapter.adapter.2.encoder.layer.0.SelfAttention.o.weight
enc_kadapter.adapter.2.encoder.layer.0.SelfAttention.relative_attention_bias.weight
enc_kadapter.adapter.2.encoder.layer.0.layer_norm.weight
enc_kadapter.adapter.2.encoder.layer.1.DenseReluDense.wi.weight
enc_kadapter.adapter.2.encoder.layer.1.DenseReluDense.wo.weight
enc_kadapter.adapter.2.encoder.layer.1.layer_norm.weight
enc_kadapter.adapter.2.up_project.weight
enc_kadapter.adapter.2.up_project.bias
enc_kadapter.adapter.3.down_project.weight
enc_kadapter.adapter.3.down_project.bias
enc_kadapter.adapter.3.encoder.layer.0.SelfAttention.q.weight
enc_kadapter.adapter.3.encoder.layer.0.SelfAttention.k.weight
enc_kadapter.adapter.3.encoder.layer.0.SelfAttention.v.weight
enc_kadapter.adapter.3.encoder.layer.0.SelfAttention.o.weight
enc_kadapter.adapter.3.encoder.layer.0.SelfAttention.relative_attention_bias.weight
enc_kadapter.adapter.3.encoder.layer.0.layer_norm.weight
enc_kadapter.adapter.3.encoder.layer.1.DenseReluDense.wi.weight
enc_kadapter.adapter.3.encoder.layer.1.DenseReluDense.wo.weight
enc_kadapter.adapter.3.encoder.layer.1.layer_norm.weight
enc_kadapter.adapter.3.up_project.weight
enc_kadapter.adapter.3.up_project.bias
enc_kadapter.adapter.4.down_project.weight
enc_kadapter.adapter.4.down_project.bias
enc_kadapter.adapter.4.encoder.layer.0.SelfAttention.q.weight
enc_kadapter.adapter.4.encoder.layer.0.SelfAttention.k.weight
enc_kadapter.adapter.4.encoder.layer.0.SelfAttention.v.weight
enc_kadapter.adapter.4.encoder.layer.0.SelfAttention.o.weight
enc_kadapter.adapter.4.encoder.layer.0.SelfAttention.relative_attention_bias.weight
enc_kadapter.adapter.4.encoder.layer.0.layer_norm.weight
enc_kadapter.adapter.4.encoder.layer.1.DenseReluDense.wi.weight
enc_kadapter.adapter.4.encoder.layer.1.DenseReluDense.wo.weight
enc_kadapter.adapter.4.encoder.layer.1.layer_norm.weight
enc_kadapter.adapter.4.up_project.weight
enc_kadapter.adapter.4.up_project.bias
enc_kadapter.adapter.5.down_project.weight
enc_kadapter.adapter.5.down_project.bias
enc_kadapter.adapter.5.encoder.layer.0.SelfAttention.q.weight
enc_kadapter.adapter.5.encoder.layer.0.SelfAttention.k.weight
enc_kadapter.adapter.5.encoder.layer.0.SelfAttention.v.weight
enc_kadapter.adapter.5.encoder.layer.0.SelfAttention.o.weight
enc_kadapter.adapter.5.encoder.layer.0.SelfAttention.relative_attention_bias.weight
enc_kadapter.adapter.5.encoder.layer.0.layer_norm.weight
enc_kadapter.adapter.5.encoder.layer.1.DenseReluDense.wi.weight
enc_kadapter.adapter.5.encoder.layer.1.DenseReluDense.wo.weight
enc_kadapter.adapter.5.encoder.layer.1.layer_norm.weight
enc_kadapter.adapter.5.up_project.weight
enc_kadapter.adapter.5.up_project.bias
enc_kadapter.adapter.6.down_project.weight
enc_kadapter.adapter.6.down_project.bias
enc_kadapter.adapter.6.encoder.layer.0.SelfAttention.q.weight
enc_kadapter.adapter.6.encoder.layer.0.SelfAttention.k.weight
enc_kadapter.adapter.6.encoder.layer.0.SelfAttention.v.weight
enc_kadapter.adapter.6.encoder.layer.0.SelfAttention.o.weight
enc_kadapter.adapter.6.encoder.layer.0.SelfAttention.relative_attention_bias.weight
enc_kadapter.adapter.6.encoder.layer.0.layer_norm.weight
enc_kadapter.adapter.6.encoder.layer.1.DenseReluDense.wi.weight
enc_kadapter.adapter.6.encoder.layer.1.DenseReluDense.wo.weight
enc_kadapter.adapter.6.encoder.layer.1.layer_norm.weight
enc_kadapter.adapter.6.up_project.weight
enc_kadapter.adapter.6.up_project.bias
enc_kadapter.adapter.7.down_project.weight
enc_kadapter.adapter.7.down_project.bias
enc_kadapter.adapter.7.encoder.layer.0.SelfAttention.q.weight
enc_kadapter.adapter.7.encoder.layer.0.SelfAttention.k.weight
enc_kadapter.adapter.7.encoder.layer.0.SelfAttention.v.weight
enc_kadapter.adapter.7.encoder.layer.0.SelfAttention.o.weight
enc_kadapter.adapter.7.encoder.layer.0.SelfAttention.relative_attention_bias.weight
enc_kadapter.adapter.7.encoder.layer.0.layer_norm.weight
enc_kadapter.adapter.7.encoder.layer.1.DenseReluDense.wi.weight
enc_kadapter.adapter.7.encoder.layer.1.DenseReluDense.wo.weight
enc_kadapter.adapter.7.encoder.layer.1.layer_norm.weight
enc_kadapter.adapter.7.up_project.weight
enc_kadapter.adapter.7.up_project.bias
enc_kadapter.adapter.8.down_project.weight
enc_kadapter.adapter.8.down_project.bias
enc_kadapter.adapter.8.encoder.layer.0.SelfAttention.q.weight
enc_kadapter.adapter.8.encoder.layer.0.SelfAttention.k.weight
enc_kadapter.adapter.8.encoder.layer.0.SelfAttention.v.weight
enc_kadapter.adapter.8.encoder.layer.0.SelfAttention.o.weight
enc_kadapter.adapter.8.encoder.layer.0.SelfAttention.relative_attention_bias.weight
enc_kadapter.adapter.8.encoder.layer.0.layer_norm.weight
enc_kadapter.adapter.8.encoder.layer.1.DenseReluDense.wi.weight
enc_kadapter.adapter.8.encoder.layer.1.DenseReluDense.wo.weight
enc_kadapter.adapter.8.encoder.layer.1.layer_norm.weight
enc_kadapter.adapter.8.up_project.weight
enc_kadapter.adapter.8.up_project.bias
enc_kadapter.pool.weight
enc_kadapter.pool.bias
odict_keys(['model.shared.weight', 'model.encoder.embed_tokens.weight', 'model.encoder.block.0.layer.0.SelfAttention.q.weight', 'model.encoder.block.0.layer.0.SelfAttention.k.weight', 'model.encoder.block.0.layer.0.SelfAttention.v.weight', 'model.encoder.block.0.layer.0.SelfAttention.o.weight', 'model.encoder.block.0.layer.0.SelfAttention.relative_attention_bias.weight', 'model.encoder.block.0.layer.0.layer_norm.weight', 'model.encoder.block.0.layer.1.DenseReluDense.wi.weight', 'model.encoder.block.0.layer.1.DenseReluDense.wo.weight', 'model.encoder.block.0.layer.1.layer_norm.weight', 'model.encoder.block.1.layer.0.SelfAttention.q.weight', 'model.encoder.block.1.layer.0.SelfAttention.k.weight', 'model.encoder.block.1.layer.0.SelfAttention.v.weight', 'model.encoder.block.1.layer.0.SelfAttention.o.weight', 'model.encoder.block.1.layer.0.layer_norm.weight', 'model.encoder.block.1.layer.1.DenseReluDense.wi.weight', 'model.encoder.block.1.layer.1.DenseReluDense.wo.weight', 'model.encoder.block.1.layer.1.layer_norm.weight', 'model.encoder.block.2.layer.0.SelfAttention.q.weight', 'model.encoder.block.2.layer.0.SelfAttention.k.weight', 'model.encoder.block.2.layer.0.SelfAttention.v.weight', 'model.encoder.block.2.layer.0.SelfAttention.o.weight', 'model.encoder.block.2.layer.0.layer_norm.weight', 'model.encoder.block.2.layer.1.DenseReluDense.wi.weight', 'model.encoder.block.2.layer.1.DenseReluDense.wo.weight', 'model.encoder.block.2.layer.1.layer_norm.weight', 'model.encoder.block.3.layer.0.SelfAttention.q.weight', 'model.encoder.block.3.layer.0.SelfAttention.k.weight', 'model.encoder.block.3.layer.0.SelfAttention.v.weight', 'model.encoder.block.3.layer.0.SelfAttention.o.weight', 'model.encoder.block.3.layer.0.layer_norm.weight', 'model.encoder.block.3.layer.1.DenseReluDense.wi.weight', 'model.encoder.block.3.layer.1.DenseReluDense.wo.weight', 'model.encoder.block.3.layer.1.layer_norm.weight', 'model.encoder.block.4.layer.0.SelfAttention.q.weight', 'model.encoder.block.4.layer.0.SelfAttention.k.weight', 'model.encoder.block.4.layer.0.SelfAttention.v.weight', 'model.encoder.block.4.layer.0.SelfAttention.o.weight', 'model.encoder.block.4.layer.0.layer_norm.weight', 'model.encoder.block.4.layer.1.DenseReluDense.wi.weight', 'model.encoder.block.4.layer.1.DenseReluDense.wo.weight', 'model.encoder.block.4.layer.1.layer_norm.weight', 'model.encoder.block.5.layer.0.SelfAttention.q.weight', 'model.encoder.block.5.layer.0.SelfAttention.k.weight', 'model.encoder.block.5.layer.0.SelfAttention.v.weight', 'model.encoder.block.5.layer.0.SelfAttention.o.weight', 'model.encoder.block.5.layer.0.layer_norm.weight', 'model.encoder.block.5.layer.1.DenseReluDense.wi.weight', 'model.encoder.block.5.layer.1.DenseReluDense.wo.weight', 'model.encoder.block.5.layer.1.layer_norm.weight', 'model.encoder.block.6.layer.0.SelfAttention.q.weight', 'model.encoder.block.6.layer.0.SelfAttention.k.weight', 'model.encoder.block.6.layer.0.SelfAttention.v.weight', 'model.encoder.block.6.layer.0.SelfAttention.o.weight', 'model.encoder.block.6.layer.0.layer_norm.weight', 'model.encoder.block.6.layer.1.DenseReluDense.wi.weight', 'model.encoder.block.6.layer.1.DenseReluDense.wo.weight', 'model.encoder.block.6.layer.1.layer_norm.weight', 'model.encoder.block.7.layer.0.SelfAttention.q.weight', 'model.encoder.block.7.layer.0.SelfAttention.k.weight', 'model.encoder.block.7.layer.0.SelfAttention.v.weight', 'model.encoder.block.7.layer.0.SelfAttention.o.weight', 'model.encoder.block.7.layer.0.layer_norm.weight', 'model.encoder.block.7.layer.1.DenseReluDense.wi.weight', 'model.encoder.block.7.layer.1.DenseReluDense.wo.weight', 'model.encoder.block.7.layer.1.layer_norm.weight', 'model.encoder.block.8.layer.0.SelfAttention.q.weight', 'model.encoder.block.8.layer.0.SelfAttention.k.weight', 'model.encoder.block.8.layer.0.SelfAttention.v.weight', 'model.encoder.block.8.layer.0.SelfAttention.o.weight', 'model.encoder.block.8.layer.0.layer_norm.weight', 'model.encoder.block.8.layer.1.DenseReluDense.wi.weight', 'model.encoder.block.8.layer.1.DenseReluDense.wo.weight', 'model.encoder.block.8.layer.1.layer_norm.weight', 'model.encoder.block.9.layer.0.SelfAttention.q.weight', 'model.encoder.block.9.layer.0.SelfAttention.k.weight', 'model.encoder.block.9.layer.0.SelfAttention.v.weight', 'model.encoder.block.9.layer.0.SelfAttention.o.weight', 'model.encoder.block.9.layer.0.layer_norm.weight', 'model.encoder.block.9.layer.1.DenseReluDense.wi.weight', 'model.encoder.block.9.layer.1.DenseReluDense.wo.weight', 'model.encoder.block.9.layer.1.layer_norm.weight', 'model.encoder.block.10.layer.0.SelfAttention.q.weight', 'model.encoder.block.10.layer.0.SelfAttention.k.weight', 'model.encoder.block.10.layer.0.SelfAttention.v.weight', 'model.encoder.block.10.layer.0.SelfAttention.o.weight', 'model.encoder.block.10.layer.0.layer_norm.weight', 'model.encoder.block.10.layer.1.DenseReluDense.wi.weight', 'model.encoder.block.10.layer.1.DenseReluDense.wo.weight', 'model.encoder.block.10.layer.1.layer_norm.weight', 'model.encoder.block.11.layer.0.SelfAttention.q.weight', 'model.encoder.block.11.layer.0.SelfAttention.k.weight', 'model.encoder.block.11.layer.0.SelfAttention.v.weight', 'model.encoder.block.11.layer.0.SelfAttention.o.weight', 'model.encoder.block.11.layer.0.layer_norm.weight', 'model.encoder.block.11.layer.1.DenseReluDense.wi.weight', 'model.encoder.block.11.layer.1.DenseReluDense.wo.weight', 'model.encoder.block.11.layer.1.layer_norm.weight', 'model.encoder.block.12.layer.0.SelfAttention.q.weight', 'model.encoder.block.12.layer.0.SelfAttention.k.weight', 'model.encoder.block.12.layer.0.SelfAttention.v.weight', 'model.encoder.block.12.layer.0.SelfAttention.o.weight', 'model.encoder.block.12.layer.0.layer_norm.weight', 'model.encoder.block.12.layer.1.DenseReluDense.wi.weight', 'model.encoder.block.12.layer.1.DenseReluDense.wo.weight', 'model.encoder.block.12.layer.1.layer_norm.weight', 'model.encoder.block.13.layer.0.SelfAttention.q.weight', 'model.encoder.block.13.layer.0.SelfAttention.k.weight', 'model.encoder.block.13.layer.0.SelfAttention.v.weight', 'model.encoder.block.13.layer.0.SelfAttention.o.weight', 'model.encoder.block.13.layer.0.layer_norm.weight', 'model.encoder.block.13.layer.1.DenseReluDense.wi.weight', 'model.encoder.block.13.layer.1.DenseReluDense.wo.weight', 'model.encoder.block.13.layer.1.layer_norm.weight', 'model.encoder.block.14.layer.0.SelfAttention.q.weight', 'model.encoder.block.14.layer.0.SelfAttention.k.weight', 'model.encoder.block.14.layer.0.SelfAttention.v.weight', 'model.encoder.block.14.layer.0.SelfAttention.o.weight', 'model.encoder.block.14.layer.0.layer_norm.weight', 'model.encoder.block.14.layer.1.DenseReluDense.wi.weight', 'model.encoder.block.14.layer.1.DenseReluDense.wo.weight', 'model.encoder.block.14.layer.1.layer_norm.weight', 'model.encoder.block.15.layer.0.SelfAttention.q.weight', 'model.encoder.block.15.layer.0.SelfAttention.k.weight', 'model.encoder.block.15.layer.0.SelfAttention.v.weight', 'model.encoder.block.15.layer.0.SelfAttention.o.weight', 'model.encoder.block.15.layer.0.layer_norm.weight', 'model.encoder.block.15.layer.1.DenseReluDense.wi.weight', 'model.encoder.block.15.layer.1.DenseReluDense.wo.weight', 'model.encoder.block.15.layer.1.layer_norm.weight', 'model.encoder.block.16.layer.0.SelfAttention.q.weight', 'model.encoder.block.16.layer.0.SelfAttention.k.weight', 'model.encoder.block.16.layer.0.SelfAttention.v.weight', 'model.encoder.block.16.layer.0.SelfAttention.o.weight', 'model.encoder.block.16.layer.0.layer_norm.weight', 'model.encoder.block.16.layer.1.DenseReluDense.wi.weight', 'model.encoder.block.16.layer.1.DenseReluDense.wo.weight', 'model.encoder.block.16.layer.1.layer_norm.weight', 'model.encoder.block.17.layer.0.SelfAttention.q.weight', 'model.encoder.block.17.layer.0.SelfAttention.k.weight', 'model.encoder.block.17.layer.0.SelfAttention.v.weight', 'model.encoder.block.17.layer.0.SelfAttention.o.weight', 'model.encoder.block.17.layer.0.layer_norm.weight', 'model.encoder.block.17.layer.1.DenseReluDense.wi.weight', 'model.encoder.block.17.layer.1.DenseReluDense.wo.weight', 'model.encoder.block.17.layer.1.layer_norm.weight', 'model.encoder.block.18.layer.0.SelfAttention.q.weight', 'model.encoder.block.18.layer.0.SelfAttention.k.weight', 'model.encoder.block.18.layer.0.SelfAttention.v.weight', 'model.encoder.block.18.layer.0.SelfAttention.o.weight', 'model.encoder.block.18.layer.0.layer_norm.weight', 'model.encoder.block.18.layer.1.DenseReluDense.wi.weight', 'model.encoder.block.18.layer.1.DenseReluDense.wo.weight', 'model.encoder.block.18.layer.1.layer_norm.weight', 'model.encoder.block.19.layer.0.SelfAttention.q.weight', 'model.encoder.block.19.layer.0.SelfAttention.k.weight', 'model.encoder.block.19.layer.0.SelfAttention.v.weight', 'model.encoder.block.19.layer.0.SelfAttention.o.weight', 'model.encoder.block.19.layer.0.layer_norm.weight', 'model.encoder.block.19.layer.1.DenseReluDense.wi.weight', 'model.encoder.block.19.layer.1.DenseReluDense.wo.weight', 'model.encoder.block.19.layer.1.layer_norm.weight', 'model.encoder.block.20.layer.0.SelfAttention.q.weight', 'model.encoder.block.20.layer.0.SelfAttention.k.weight', 'model.encoder.block.20.layer.0.SelfAttention.v.weight', 'model.encoder.block.20.layer.0.SelfAttention.o.weight', 'model.encoder.block.20.layer.0.layer_norm.weight', 'model.encoder.block.20.layer.1.DenseReluDense.wi.weight', 'model.encoder.block.20.layer.1.DenseReluDense.wo.weight', 'model.encoder.block.20.layer.1.layer_norm.weight', 'model.encoder.block.21.layer.0.SelfAttention.q.weight', 'model.encoder.block.21.layer.0.SelfAttention.k.weight', 'model.encoder.block.21.layer.0.SelfAttention.v.weight', 'model.encoder.block.21.layer.0.SelfAttention.o.weight', 'model.encoder.block.21.layer.0.layer_norm.weight', 'model.encoder.block.21.layer.1.DenseReluDense.wi.weight', 'model.encoder.block.21.layer.1.DenseReluDense.wo.weight', 'model.encoder.block.21.layer.1.layer_norm.weight', 'model.encoder.block.22.layer.0.SelfAttention.q.weight', 'model.encoder.block.22.layer.0.SelfAttention.k.weight', 'model.encoder.block.22.layer.0.SelfAttention.v.weight', 'model.encoder.block.22.layer.0.SelfAttention.o.weight', 'model.encoder.block.22.layer.0.layer_norm.weight', 'model.encoder.block.22.layer.1.DenseReluDense.wi.weight', 'model.encoder.block.22.layer.1.DenseReluDense.wo.weight', 'model.encoder.block.22.layer.1.layer_norm.weight', 'model.encoder.block.23.layer.0.SelfAttention.q.weight', 'model.encoder.block.23.layer.0.SelfAttention.k.weight', 'model.encoder.block.23.layer.0.SelfAttention.v.weight', 'model.encoder.block.23.layer.0.SelfAttention.o.weight', 'model.encoder.block.23.layer.0.layer_norm.weight', 'model.encoder.block.23.layer.1.DenseReluDense.wi.weight', 'model.encoder.block.23.layer.1.DenseReluDense.wo.weight', 'model.encoder.block.23.layer.1.layer_norm.weight', 'model.encoder.final_layer_norm.weight', 'model.enc_kadapter.layer_norm.weight', 'model.enc_kadapter.adapter.0.down_project.weight', 'model.enc_kadapter.adapter.0.down_project.bias', 'model.enc_kadapter.adapter.0.encoder.layer.0.SelfAttention.q.weight', 'model.enc_kadapter.adapter.0.encoder.layer.0.SelfAttention.k.weight', 'model.enc_kadapter.adapter.0.encoder.layer.0.SelfAttention.v.weight', 'model.enc_kadapter.adapter.0.encoder.layer.0.SelfAttention.o.weight', 'model.enc_kadapter.adapter.0.encoder.layer.0.SelfAttention.relative_attention_bias.weight', 'model.enc_kadapter.adapter.0.encoder.layer.0.layer_norm.weight', 'model.enc_kadapter.adapter.0.encoder.layer.1.DenseReluDense.wi.weight', 'model.enc_kadapter.adapter.0.encoder.layer.1.DenseReluDense.wo.weight', 'model.enc_kadapter.adapter.0.encoder.layer.1.layer_norm.weight', 'model.enc_kadapter.adapter.0.up_project.weight', 'model.enc_kadapter.adapter.0.up_project.bias', 'model.enc_kadapter.adapter.1.down_project.weight', 'model.enc_kadapter.adapter.1.down_project.bias', 'model.enc_kadapter.adapter.1.encoder.layer.0.SelfAttention.q.weight', 'model.enc_kadapter.adapter.1.encoder.layer.0.SelfAttention.k.weight', 'model.enc_kadapter.adapter.1.encoder.layer.0.SelfAttention.v.weight', 'model.enc_kadapter.adapter.1.encoder.layer.0.SelfAttention.o.weight', 'model.enc_kadapter.adapter.1.encoder.layer.0.SelfAttention.relative_attention_bias.weight', 'model.enc_kadapter.adapter.1.encoder.layer.0.layer_norm.weight', 'model.enc_kadapter.adapter.1.encoder.layer.1.DenseReluDense.wi.weight', 'model.enc_kadapter.adapter.1.encoder.layer.1.DenseReluDense.wo.weight', 'model.enc_kadapter.adapter.1.encoder.layer.1.layer_norm.weight', 'model.enc_kadapter.adapter.1.up_project.weight', 'model.enc_kadapter.adapter.1.up_project.bias', 'model.enc_kadapter.adapter.2.down_project.weight', 'model.enc_kadapter.adapter.2.down_project.bias', 'model.enc_kadapter.adapter.2.encoder.layer.0.SelfAttention.q.weight', 'model.enc_kadapter.adapter.2.encoder.layer.0.SelfAttention.k.weight', 'model.enc_kadapter.adapter.2.encoder.layer.0.SelfAttention.v.weight', 'model.enc_kadapter.adapter.2.encoder.layer.0.SelfAttention.o.weight', 'model.enc_kadapter.adapter.2.encoder.layer.0.SelfAttention.relative_attention_bias.weight', 'model.enc_kadapter.adapter.2.encoder.layer.0.layer_norm.weight', 'model.enc_kadapter.adapter.2.encoder.layer.1.DenseReluDense.wi.weight', 'model.enc_kadapter.adapter.2.encoder.layer.1.DenseReluDense.wo.weight', 'model.enc_kadapter.adapter.2.encoder.layer.1.layer_norm.weight', 'model.enc_kadapter.adapter.2.up_project.weight', 'model.enc_kadapter.adapter.2.up_project.bias', 'model.enc_kadapter.adapter.3.down_project.weight', 'model.enc_kadapter.adapter.3.down_project.bias', 'model.enc_kadapter.adapter.3.encoder.layer.0.SelfAttention.q.weight', 'model.enc_kadapter.adapter.3.encoder.layer.0.SelfAttention.k.weight', 'model.enc_kadapter.adapter.3.encoder.layer.0.SelfAttention.v.weight', 'model.enc_kadapter.adapter.3.encoder.layer.0.SelfAttention.o.weight', 'model.enc_kadapter.adapter.3.encoder.layer.0.SelfAttention.relative_attention_bias.weight', 'model.enc_kadapter.adapter.3.encoder.layer.0.layer_norm.weight', 'model.enc_kadapter.adapter.3.encoder.layer.1.DenseReluDense.wi.weight', 'model.enc_kadapter.adapter.3.encoder.layer.1.DenseReluDense.wo.weight', 'model.enc_kadapter.adapter.3.encoder.layer.1.layer_norm.weight', 'model.enc_kadapter.adapter.3.up_project.weight', 'model.enc_kadapter.adapter.3.up_project.bias', 'model.enc_kadapter.adapter.4.down_project.weight', 'model.enc_kadapter.adapter.4.down_project.bias', 'model.enc_kadapter.adapter.4.encoder.layer.0.SelfAttention.q.weight', 'model.enc_kadapter.adapter.4.encoder.layer.0.SelfAttention.k.weight', 'model.enc_kadapter.adapter.4.encoder.layer.0.SelfAttention.v.weight', 'model.enc_kadapter.adapter.4.encoder.layer.0.SelfAttention.o.weight', 'model.enc_kadapter.adapter.4.encoder.layer.0.SelfAttention.relative_attention_bias.weight', 'model.enc_kadapter.adapter.4.encoder.layer.0.layer_norm.weight', 'model.enc_kadapter.adapter.4.encoder.layer.1.DenseReluDense.wi.weight', 'model.enc_kadapter.adapter.4.encoder.layer.1.DenseReluDense.wo.weight', 'model.enc_kadapter.adapter.4.encoder.layer.1.layer_norm.weight', 'model.enc_kadapter.adapter.4.up_project.weight', 'model.enc_kadapter.adapter.4.up_project.bias', 'model.enc_kadapter.adapter.5.down_project.weight', 'model.enc_kadapter.adapter.5.down_project.bias', 'model.enc_kadapter.adapter.5.encoder.layer.0.SelfAttention.q.weight', 'model.enc_kadapter.adapter.5.encoder.layer.0.SelfAttention.k.weight', 'model.enc_kadapter.adapter.5.encoder.layer.0.SelfAttention.v.weight', 'model.enc_kadapter.adapter.5.encoder.layer.0.SelfAttention.o.weight', 'model.enc_kadapter.adapter.5.encoder.layer.0.SelfAttention.relative_attention_bias.weight', 'model.enc_kadapter.adapter.5.encoder.layer.0.layer_norm.weight', 'model.enc_kadapter.adapter.5.encoder.layer.1.DenseReluDense.wi.weight', 'model.enc_kadapter.adapter.5.encoder.layer.1.DenseReluDense.wo.weight', 'model.enc_kadapter.adapter.5.encoder.layer.1.layer_norm.weight', 'model.enc_kadapter.adapter.5.up_project.weight', 'model.enc_kadapter.adapter.5.up_project.bias', 'model.enc_kadapter.adapter.6.down_project.weight', 'model.enc_kadapter.adapter.6.down_project.bias', 'model.enc_kadapter.adapter.6.encoder.layer.0.SelfAttention.q.weight', 'model.enc_kadapter.adapter.6.encoder.layer.0.SelfAttention.k.weight', 'model.enc_kadapter.adapter.6.encoder.layer.0.SelfAttention.v.weight', 'model.enc_kadapter.adapter.6.encoder.layer.0.SelfAttention.o.weight', 'model.enc_kadapter.adapter.6.encoder.layer.0.SelfAttention.relative_attention_bias.weight', 'model.enc_kadapter.adapter.6.encoder.layer.0.layer_norm.weight', 'model.enc_kadapter.adapter.6.encoder.layer.1.DenseReluDense.wi.weight', 'model.enc_kadapter.adapter.6.encoder.layer.1.DenseReluDense.wo.weight', 'model.enc_kadapter.adapter.6.encoder.layer.1.layer_norm.weight', 'model.enc_kadapter.adapter.6.up_project.weight', 'model.enc_kadapter.adapter.6.up_project.bias', 'model.enc_kadapter.adapter.7.down_project.weight', 'model.enc_kadapter.adapter.7.down_project.bias', 'model.enc_kadapter.adapter.7.encoder.layer.0.SelfAttention.q.weight', 'model.enc_kadapter.adapter.7.encoder.layer.0.SelfAttention.k.weight', 'model.enc_kadapter.adapter.7.encoder.layer.0.SelfAttention.v.weight', 'model.enc_kadapter.adapter.7.encoder.layer.0.SelfAttention.o.weight', 'model.enc_kadapter.adapter.7.encoder.layer.0.SelfAttention.relative_attention_bias.weight', 'model.enc_kadapter.adapter.7.encoder.layer.0.layer_norm.weight', 'model.enc_kadapter.adapter.7.encoder.layer.1.DenseReluDense.wi.weight', 'model.enc_kadapter.adapter.7.encoder.layer.1.DenseReluDense.wo.weight', 'model.enc_kadapter.adapter.7.encoder.layer.1.layer_norm.weight', 'model.enc_kadapter.adapter.7.up_project.weight', 'model.enc_kadapter.adapter.7.up_project.bias', 'model.enc_kadapter.adapter.8.down_project.weight', 'model.enc_kadapter.adapter.8.down_project.bias', 'model.enc_kadapter.adapter.8.encoder.layer.0.SelfAttention.q.weight', 'model.enc_kadapter.adapter.8.encoder.layer.0.SelfAttention.k.weight', 'model.enc_kadapter.adapter.8.encoder.layer.0.SelfAttention.v.weight', 'model.enc_kadapter.adapter.8.encoder.layer.0.SelfAttention.o.weight', 'model.enc_kadapter.adapter.8.encoder.layer.0.SelfAttention.relative_attention_bias.weight', 'model.enc_kadapter.adapter.8.encoder.layer.0.layer_norm.weight', 'model.enc_kadapter.adapter.8.encoder.layer.1.DenseReluDense.wi.weight', 'model.enc_kadapter.adapter.8.encoder.layer.1.DenseReluDense.wo.weight', 'model.enc_kadapter.adapter.8.encoder.layer.1.layer_norm.weight', 'model.enc_kadapter.adapter.8.up_project.weight', 'model.enc_kadapter.adapter.8.up_project.bias', 'model.enc_kadapter.pool.weight', 'model.enc_kadapter.pool.bias', 'model.decoder.embed_tokens.weight', 'model.decoder.block.0.layer.0.SelfAttention.q.weight', 'model.decoder.block.0.layer.0.SelfAttention.k.weight', 'model.decoder.block.0.layer.0.SelfAttention.v.weight', 'model.decoder.block.0.layer.0.SelfAttention.o.weight', 'model.decoder.block.0.layer.0.SelfAttention.relative_attention_bias.weight', 'model.decoder.block.0.layer.0.layer_norm.weight', 'model.decoder.block.0.layer.1.EncDecAttention.q.weight', 'model.decoder.block.0.layer.1.EncDecAttention.k.weight', 'model.decoder.block.0.layer.1.EncDecAttention.v.weight', 'model.decoder.block.0.layer.1.EncDecAttention.o.weight', 'model.decoder.block.0.layer.1.layer_norm.weight', 'model.decoder.block.0.layer.2.DenseReluDense.wi.weight', 'model.decoder.block.0.layer.2.DenseReluDense.wo.weight', 'model.decoder.block.0.layer.2.layer_norm.weight', 'model.decoder.block.1.layer.0.SelfAttention.q.weight', 'model.decoder.block.1.layer.0.SelfAttention.k.weight', 'model.decoder.block.1.layer.0.SelfAttention.v.weight', 'model.decoder.block.1.layer.0.SelfAttention.o.weight', 'model.decoder.block.1.layer.0.layer_norm.weight', 'model.decoder.block.1.layer.1.EncDecAttention.q.weight', 'model.decoder.block.1.layer.1.EncDecAttention.k.weight', 'model.decoder.block.1.layer.1.EncDecAttention.v.weight', 'model.decoder.block.1.layer.1.EncDecAttention.o.weight', 'model.decoder.block.1.layer.1.layer_norm.weight', 'model.decoder.block.1.layer.2.DenseReluDense.wi.weight', 'model.decoder.block.1.layer.2.DenseReluDense.wo.weight', 'model.decoder.block.1.layer.2.layer_norm.weight', 'model.decoder.block.2.layer.0.SelfAttention.q.weight', 'model.decoder.block.2.layer.0.SelfAttention.k.weight', 'model.decoder.block.2.layer.0.SelfAttention.v.weight', 'model.decoder.block.2.layer.0.SelfAttention.o.weight', 'model.decoder.block.2.layer.0.layer_norm.weight', 'model.decoder.block.2.layer.1.EncDecAttention.q.weight', 'model.decoder.block.2.layer.1.EncDecAttention.k.weight', 'model.decoder.block.2.layer.1.EncDecAttention.v.weight', 'model.decoder.block.2.layer.1.EncDecAttention.o.weight', 'model.decoder.block.2.layer.1.layer_norm.weight', 'model.decoder.block.2.layer.2.DenseReluDense.wi.weight', 'model.decoder.block.2.layer.2.DenseReluDense.wo.weight', 'model.decoder.block.2.layer.2.layer_norm.weight', 'model.decoder.block.3.layer.0.SelfAttention.q.weight', 'model.decoder.block.3.layer.0.SelfAttention.k.weight', 'model.decoder.block.3.layer.0.SelfAttention.v.weight', 'model.decoder.block.3.layer.0.SelfAttention.o.weight', 'model.decoder.block.3.layer.0.layer_norm.weight', 'model.decoder.block.3.layer.1.EncDecAttention.q.weight', 'model.decoder.block.3.layer.1.EncDecAttention.k.weight', 'model.decoder.block.3.layer.1.EncDecAttention.v.weight', 'model.decoder.block.3.layer.1.EncDecAttention.o.weight', 'model.decoder.block.3.layer.1.layer_norm.weight', 'model.decoder.block.3.layer.2.DenseReluDense.wi.weight', 'model.decoder.block.3.layer.2.DenseReluDense.wo.weight', 'model.decoder.block.3.layer.2.layer_norm.weight', 'model.decoder.block.4.layer.0.SelfAttention.q.weight', 'model.decoder.block.4.layer.0.SelfAttention.k.weight', 'model.decoder.block.4.layer.0.SelfAttention.v.weight', 'model.decoder.block.4.layer.0.SelfAttention.o.weight', 'model.decoder.block.4.layer.0.layer_norm.weight', 'model.decoder.block.4.layer.1.EncDecAttention.q.weight', 'model.decoder.block.4.layer.1.EncDecAttention.k.weight', 'model.decoder.block.4.layer.1.EncDecAttention.v.weight', 'model.decoder.block.4.layer.1.EncDecAttention.o.weight', 'model.decoder.block.4.layer.1.layer_norm.weight', 'model.decoder.block.4.layer.2.DenseReluDense.wi.weight', 'model.decoder.block.4.layer.2.DenseReluDense.wo.weight', 'model.decoder.block.4.layer.2.layer_norm.weight', 'model.decoder.block.5.layer.0.SelfAttention.q.weight', 'model.decoder.block.5.layer.0.SelfAttention.k.weight', 'model.decoder.block.5.layer.0.SelfAttention.v.weight', 'model.decoder.block.5.layer.0.SelfAttention.o.weight', 'model.decoder.block.5.layer.0.layer_norm.weight', 'model.decoder.block.5.layer.1.EncDecAttention.q.weight', 'model.decoder.block.5.layer.1.EncDecAttention.k.weight', 'model.decoder.block.5.layer.1.EncDecAttention.v.weight', 'model.decoder.block.5.layer.1.EncDecAttention.o.weight', 'model.decoder.block.5.layer.1.layer_norm.weight', 'model.decoder.block.5.layer.2.DenseReluDense.wi.weight', 'model.decoder.block.5.layer.2.DenseReluDense.wo.weight', 'model.decoder.block.5.layer.2.layer_norm.weight', 'model.decoder.block.6.layer.0.SelfAttention.q.weight', 'model.decoder.block.6.layer.0.SelfAttention.k.weight', 'model.decoder.block.6.layer.0.SelfAttention.v.weight', 'model.decoder.block.6.layer.0.SelfAttention.o.weight', 'model.decoder.block.6.layer.0.layer_norm.weight', 'model.decoder.block.6.layer.1.EncDecAttention.q.weight', 'model.decoder.block.6.layer.1.EncDecAttention.k.weight', 'model.decoder.block.6.layer.1.EncDecAttention.v.weight', 'model.decoder.block.6.layer.1.EncDecAttention.o.weight', 'model.decoder.block.6.layer.1.layer_norm.weight', 'model.decoder.block.6.layer.2.DenseReluDense.wi.weight', 'model.decoder.block.6.layer.2.DenseReluDense.wo.weight', 'model.decoder.block.6.layer.2.layer_norm.weight', 'model.decoder.block.7.layer.0.SelfAttention.q.weight', 'model.decoder.block.7.layer.0.SelfAttention.k.weight', 'model.decoder.block.7.layer.0.SelfAttention.v.weight', 'model.decoder.block.7.layer.0.SelfAttention.o.weight', 'model.decoder.block.7.layer.0.layer_norm.weight', 'model.decoder.block.7.layer.1.EncDecAttention.q.weight', 'model.decoder.block.7.layer.1.EncDecAttention.k.weight', 'model.decoder.block.7.layer.1.EncDecAttention.v.weight', 'model.decoder.block.7.layer.1.EncDecAttention.o.weight', 'model.decoder.block.7.layer.1.layer_norm.weight', 'model.decoder.block.7.layer.2.DenseReluDense.wi.weight', 'model.decoder.block.7.layer.2.DenseReluDense.wo.weight', 'model.decoder.block.7.layer.2.layer_norm.weight', 'model.decoder.block.8.layer.0.SelfAttention.q.weight', 'model.decoder.block.8.layer.0.SelfAttention.k.weight', 'model.decoder.block.8.layer.0.SelfAttention.v.weight', 'model.decoder.block.8.layer.0.SelfAttention.o.weight', 'model.decoder.block.8.layer.0.layer_norm.weight', 'model.decoder.block.8.layer.1.EncDecAttention.q.weight', 'model.decoder.block.8.layer.1.EncDecAttention.k.weight', 'model.decoder.block.8.layer.1.EncDecAttention.v.weight', 'model.decoder.block.8.layer.1.EncDecAttention.o.weight', 'model.decoder.block.8.layer.1.layer_norm.weight', 'model.decoder.block.8.layer.2.DenseReluDense.wi.weight', 'model.decoder.block.8.layer.2.DenseReluDense.wo.weight', 'model.decoder.block.8.layer.2.layer_norm.weight', 'model.decoder.block.9.layer.0.SelfAttention.q.weight', 'model.decoder.block.9.layer.0.SelfAttention.k.weight', 'model.decoder.block.9.layer.0.SelfAttention.v.weight', 'model.decoder.block.9.layer.0.SelfAttention.o.weight', 'model.decoder.block.9.layer.0.layer_norm.weight', 'model.decoder.block.9.layer.1.EncDecAttention.q.weight', 'model.decoder.block.9.layer.1.EncDecAttention.k.weight', 'model.decoder.block.9.layer.1.EncDecAttention.v.weight', 'model.decoder.block.9.layer.1.EncDecAttention.o.weight', 'model.decoder.block.9.layer.1.layer_norm.weight', 'model.decoder.block.9.layer.2.DenseReluDense.wi.weight', 'model.decoder.block.9.layer.2.DenseReluDense.wo.weight', 'model.decoder.block.9.layer.2.layer_norm.weight', 'model.decoder.block.10.layer.0.SelfAttention.q.weight', 'model.decoder.block.10.layer.0.SelfAttention.k.weight', 'model.decoder.block.10.layer.0.SelfAttention.v.weight', 'model.decoder.block.10.layer.0.SelfAttention.o.weight', 'model.decoder.block.10.layer.0.layer_norm.weight', 'model.decoder.block.10.layer.1.EncDecAttention.q.weight', 'model.decoder.block.10.layer.1.EncDecAttention.k.weight', 'model.decoder.block.10.layer.1.EncDecAttention.v.weight', 'model.decoder.block.10.layer.1.EncDecAttention.o.weight', 'model.decoder.block.10.layer.1.layer_norm.weight', 'model.decoder.block.10.layer.2.DenseReluDense.wi.weight', 'model.decoder.block.10.layer.2.DenseReluDense.wo.weight', 'model.decoder.block.10.layer.2.layer_norm.weight', 'model.decoder.block.11.layer.0.SelfAttention.q.weight', 'model.decoder.block.11.layer.0.SelfAttention.k.weight', 'model.decoder.block.11.layer.0.SelfAttention.v.weight', 'model.decoder.block.11.layer.0.SelfAttention.o.weight', 'model.decoder.block.11.layer.0.layer_norm.weight', 'model.decoder.block.11.layer.1.EncDecAttention.q.weight', 'model.decoder.block.11.layer.1.EncDecAttention.k.weight', 'model.decoder.block.11.layer.1.EncDecAttention.v.weight', 'model.decoder.block.11.layer.1.EncDecAttention.o.weight', 'model.decoder.block.11.layer.1.layer_norm.weight', 'model.decoder.block.11.layer.2.DenseReluDense.wi.weight', 'model.decoder.block.11.layer.2.DenseReluDense.wo.weight', 'model.decoder.block.11.layer.2.layer_norm.weight', 'model.decoder.block.12.layer.0.SelfAttention.q.weight', 'model.decoder.block.12.layer.0.SelfAttention.k.weight', 'model.decoder.block.12.layer.0.SelfAttention.v.weight', 'model.decoder.block.12.layer.0.SelfAttention.o.weight', 'model.decoder.block.12.layer.0.layer_norm.weight', 'model.decoder.block.12.layer.1.EncDecAttention.q.weight', 'model.decoder.block.12.layer.1.EncDecAttention.k.weight', 'model.decoder.block.12.layer.1.EncDecAttention.v.weight', 'model.decoder.block.12.layer.1.EncDecAttention.o.weight', 'model.decoder.block.12.layer.1.layer_norm.weight', 'model.decoder.block.12.layer.2.DenseReluDense.wi.weight', 'model.decoder.block.12.layer.2.DenseReluDense.wo.weight', 'model.decoder.block.12.layer.2.layer_norm.weight', 'model.decoder.block.13.layer.0.SelfAttention.q.weight', 'model.decoder.block.13.layer.0.SelfAttention.k.weight', 'model.decoder.block.13.layer.0.SelfAttention.v.weight', 'model.decoder.block.13.layer.0.SelfAttention.o.weight', 'model.decoder.block.13.layer.0.layer_norm.weight', 'model.decoder.block.13.layer.1.EncDecAttention.q.weight', 'model.decoder.block.13.layer.1.EncDecAttention.k.weight', 'model.decoder.block.13.layer.1.EncDecAttention.v.weight', 'model.decoder.block.13.layer.1.EncDecAttention.o.weight', 'model.decoder.block.13.layer.1.layer_norm.weight', 'model.decoder.block.13.layer.2.DenseReluDense.wi.weight', 'model.decoder.block.13.layer.2.DenseReluDense.wo.weight', 'model.decoder.block.13.layer.2.layer_norm.weight', 'model.decoder.block.14.layer.0.SelfAttention.q.weight', 'model.decoder.block.14.layer.0.SelfAttention.k.weight', 'model.decoder.block.14.layer.0.SelfAttention.v.weight', 'model.decoder.block.14.layer.0.SelfAttention.o.weight', 'model.decoder.block.14.layer.0.layer_norm.weight', 'model.decoder.block.14.layer.1.EncDecAttention.q.weight', 'model.decoder.block.14.layer.1.EncDecAttention.k.weight', 'model.decoder.block.14.layer.1.EncDecAttention.v.weight', 'model.decoder.block.14.layer.1.EncDecAttention.o.weight', 'model.decoder.block.14.layer.1.layer_norm.weight', 'model.decoder.block.14.layer.2.DenseReluDense.wi.weight', 'model.decoder.block.14.layer.2.DenseReluDense.wo.weight', 'model.decoder.block.14.layer.2.layer_norm.weight', 'model.decoder.block.15.layer.0.SelfAttention.q.weight', 'model.decoder.block.15.layer.0.SelfAttention.k.weight', 'model.decoder.block.15.layer.0.SelfAttention.v.weight', 'model.decoder.block.15.layer.0.SelfAttention.o.weight', 'model.decoder.block.15.layer.0.layer_norm.weight', 'model.decoder.block.15.layer.1.EncDecAttention.q.weight', 'model.decoder.block.15.layer.1.EncDecAttention.k.weight', 'model.decoder.block.15.layer.1.EncDecAttention.v.weight', 'model.decoder.block.15.layer.1.EncDecAttention.o.weight', 'model.decoder.block.15.layer.1.layer_norm.weight', 'model.decoder.block.15.layer.2.DenseReluDense.wi.weight', 'model.decoder.block.15.layer.2.DenseReluDense.wo.weight', 'model.decoder.block.15.layer.2.layer_norm.weight', 'model.decoder.block.16.layer.0.SelfAttention.q.weight', 'model.decoder.block.16.layer.0.SelfAttention.k.weight', 'model.decoder.block.16.layer.0.SelfAttention.v.weight', 'model.decoder.block.16.layer.0.SelfAttention.o.weight', 'model.decoder.block.16.layer.0.layer_norm.weight', 'model.decoder.block.16.layer.1.EncDecAttention.q.weight', 'model.decoder.block.16.layer.1.EncDecAttention.k.weight', 'model.decoder.block.16.layer.1.EncDecAttention.v.weight', 'model.decoder.block.16.layer.1.EncDecAttention.o.weight', 'model.decoder.block.16.layer.1.layer_norm.weight', 'model.decoder.block.16.layer.2.DenseReluDense.wi.weight', 'model.decoder.block.16.layer.2.DenseReluDense.wo.weight', 'model.decoder.block.16.layer.2.layer_norm.weight', 'model.decoder.block.17.layer.0.SelfAttention.q.weight', 'model.decoder.block.17.layer.0.SelfAttention.k.weight', 'model.decoder.block.17.layer.0.SelfAttention.v.weight', 'model.decoder.block.17.layer.0.SelfAttention.o.weight', 'model.decoder.block.17.layer.0.layer_norm.weight', 'model.decoder.block.17.layer.1.EncDecAttention.q.weight', 'model.decoder.block.17.layer.1.EncDecAttention.k.weight', 'model.decoder.block.17.layer.1.EncDecAttention.v.weight', 'model.decoder.block.17.layer.1.EncDecAttention.o.weight', 'model.decoder.block.17.layer.1.layer_norm.weight', 'model.decoder.block.17.layer.2.DenseReluDense.wi.weight', 'model.decoder.block.17.layer.2.DenseReluDense.wo.weight', 'model.decoder.block.17.layer.2.layer_norm.weight', 'model.decoder.block.18.layer.0.SelfAttention.q.weight', 'model.decoder.block.18.layer.0.SelfAttention.k.weight', 'model.decoder.block.18.layer.0.SelfAttention.v.weight', 'model.decoder.block.18.layer.0.SelfAttention.o.weight', 'model.decoder.block.18.layer.0.layer_norm.weight', 'model.decoder.block.18.layer.1.EncDecAttention.q.weight', 'model.decoder.block.18.layer.1.EncDecAttention.k.weight', 'model.decoder.block.18.layer.1.EncDecAttention.v.weight', 'model.decoder.block.18.layer.1.EncDecAttention.o.weight', 'model.decoder.block.18.layer.1.layer_norm.weight', 'model.decoder.block.18.layer.2.DenseReluDense.wi.weight', 'model.decoder.block.18.layer.2.DenseReluDense.wo.weight', 'model.decoder.block.18.layer.2.layer_norm.weight', 'model.decoder.block.19.layer.0.SelfAttention.q.weight', 'model.decoder.block.19.layer.0.SelfAttention.k.weight', 'model.decoder.block.19.layer.0.SelfAttention.v.weight', 'model.decoder.block.19.layer.0.SelfAttention.o.weight', 'model.decoder.block.19.layer.0.layer_norm.weight', 'model.decoder.block.19.layer.1.EncDecAttention.q.weight', 'model.decoder.block.19.layer.1.EncDecAttention.k.weight', 'model.decoder.block.19.layer.1.EncDecAttention.v.weight', 'model.decoder.block.19.layer.1.EncDecAttention.o.weight', 'model.decoder.block.19.layer.1.layer_norm.weight', 'model.decoder.block.19.layer.2.DenseReluDense.wi.weight', 'model.decoder.block.19.layer.2.DenseReluDense.wo.weight', 'model.decoder.block.19.layer.2.layer_norm.weight', 'model.decoder.block.20.layer.0.SelfAttention.q.weight', 'model.decoder.block.20.layer.0.SelfAttention.k.weight', 'model.decoder.block.20.layer.0.SelfAttention.v.weight', 'model.decoder.block.20.layer.0.SelfAttention.o.weight', 'model.decoder.block.20.layer.0.layer_norm.weight', 'model.decoder.block.20.layer.1.EncDecAttention.q.weight', 'model.decoder.block.20.layer.1.EncDecAttention.k.weight', 'model.decoder.block.20.layer.1.EncDecAttention.v.weight', 'model.decoder.block.20.layer.1.EncDecAttention.o.weight', 'model.decoder.block.20.layer.1.layer_norm.weight', 'model.decoder.block.20.layer.2.DenseReluDense.wi.weight', 'model.decoder.block.20.layer.2.DenseReluDense.wo.weight', 'model.decoder.block.20.layer.2.layer_norm.weight', 'model.decoder.block.21.layer.0.SelfAttention.q.weight', 'model.decoder.block.21.layer.0.SelfAttention.k.weight', 'model.decoder.block.21.layer.0.SelfAttention.v.weight', 'model.decoder.block.21.layer.0.SelfAttention.o.weight', 'model.decoder.block.21.layer.0.layer_norm.weight', 'model.decoder.block.21.layer.1.EncDecAttention.q.weight', 'model.decoder.block.21.layer.1.EncDecAttention.k.weight', 'model.decoder.block.21.layer.1.EncDecAttention.v.weight', 'model.decoder.block.21.layer.1.EncDecAttention.o.weight', 'model.decoder.block.21.layer.1.layer_norm.weight', 'model.decoder.block.21.layer.2.DenseReluDense.wi.weight', 'model.decoder.block.21.layer.2.DenseReluDense.wo.weight', 'model.decoder.block.21.layer.2.layer_norm.weight', 'model.decoder.block.22.layer.0.SelfAttention.q.weight', 'model.decoder.block.22.layer.0.SelfAttention.k.weight', 'model.decoder.block.22.layer.0.SelfAttention.v.weight', 'model.decoder.block.22.layer.0.SelfAttention.o.weight', 'model.decoder.block.22.layer.0.layer_norm.weight', 'model.decoder.block.22.layer.1.EncDecAttention.q.weight', 'model.decoder.block.22.layer.1.EncDecAttention.k.weight', 'model.decoder.block.22.layer.1.EncDecAttention.v.weight', 'model.decoder.block.22.layer.1.EncDecAttention.o.weight', 'model.decoder.block.22.layer.1.layer_norm.weight', 'model.decoder.block.22.layer.2.DenseReluDense.wi.weight', 'model.decoder.block.22.layer.2.DenseReluDense.wo.weight', 'model.decoder.block.22.layer.2.layer_norm.weight', 'model.decoder.block.23.layer.0.SelfAttention.q.weight', 'model.decoder.block.23.layer.0.SelfAttention.k.weight', 'model.decoder.block.23.layer.0.SelfAttention.v.weight', 'model.decoder.block.23.layer.0.SelfAttention.o.weight', 'model.decoder.block.23.layer.0.layer_norm.weight', 'model.decoder.block.23.layer.1.EncDecAttention.q.weight', 'model.decoder.block.23.layer.1.EncDecAttention.k.weight', 'model.decoder.block.23.layer.1.EncDecAttention.v.weight', 'model.decoder.block.23.layer.1.EncDecAttention.o.weight', 'model.decoder.block.23.layer.1.layer_norm.weight', 'model.decoder.block.23.layer.2.DenseReluDense.wi.weight', 'model.decoder.block.23.layer.2.DenseReluDense.wo.weight', 'model.decoder.block.23.layer.2.layer_norm.weight', 'model.decoder.final_layer_norm.weight', 'model.lm_head.weight'])
hparams.learning_rate = 0.001
Validation sanity check: 0it [00:00, ?it/s]split is 0
Length of dataset retrieving is.. 39000
Index(['id', 'date', 'input', 'output'], dtype='object')
Validation sanity check:   0%|          | 0/2 [00:00<?, ?it/s]Validation sanity check:  50%|█████     | 1/2 [00:04<00:04,  4.98s/it]slurmstepd: error: *** JOB 7490546 ON g3043 CANCELLED AT 2022-11-15T04:03:53 ***
