#!/bin/bash
#SBATCH --job-name=data-proc
#SBATCH --partition=gpu-a40
#SBATCH --account=cse
#SBATCH --nodes=1
#SBATCH --cpus-per-task=2
#SBATCH --mem=48G
#SBATCH --gres=gpu:1
#SBATCH --time=1-0:00:00
#SBATCH --mail-type=ALL
#SBATCH --mail-user=tjung2@uw.edu
#SBATCH --dependency=afterany:6700270
#SBATCH --output=new_slurm/slurm-%j.out

# I use source to initialize conda into the right environment.
cat $0
echo "--------------------"

source ~/.bashrc
conda activate ckl

python run.py --config configs/templama/training/t5_outofbox.json--------------------
wandb: Currently logged in as: tjung2. Use `wandb login --relogin` to force relogin
slurmstepd: error: *** JOB 7829741 ON g3071 CANCELLED AT 2022-12-06T03:49:39 ***
