#!/bin/bash
#SBATCH --job-name=data-proc
#SBATCH --partition=gpu-rtx6k
#SBATCH --account=cse
#SBATCH --nodes=1
#SBATCH --cpus-per-task=8
#SBATCH --mem=32G
#SBATCH --gres=gpu:1
#SBATCH --time=12:00:00 
#SBATCH --mail-type=ALL
#SBATCH --mail-user=tjung2@uw.edu

# I use source to initialize conda into the right environment.
cat $0
echo "--------------------"

source ~/.bashrc
conda activate ckl

# python run.py --config configs/templama/training/t5_kadapters_yearly_2freeze.json -checkpoint_path outputs/wmtbaseline_full/epoch=0-f1_score=0.151-em_score=0.000.ckpt

# python run.py --config configs/wmt/training/t5_kadapters_yearly_2freeze.json -checkpoint_path outputs/wmtkadapter_2010_2freeze_158_128/epoch=8-f1_score=0.084-em_score=0.000.ckpt

python preprocess_wmt_train_data.py 2008
python preprocess_wmt_train_data.py 2009
python preprocess_wmt_train_data.py 2010
--------------------
number of articles: 677238
300000 articles loaded
Read csv: 18.066220158 seconds
decode sentences: 4.196947825000002 seconds
Create sentences: 1.3673998390000008 seconds
total sentences 6869996
Run spacy on sentences: 5.379000000971246e-06 seconds
Construct datasets: 460.320985978 seconds
max input length = 211
max output length = 2
Traceback (most recent call last):
  File "preprocess_wmt_train_data.py", line 130, in <module>
    main()
  File "preprocess_wmt_train_data.py", line 99, in main
    if len(val_dataset < val_size):
TypeError: '<' not supported between instances of 'list' and 'int'
slurmstepd: error: *** JOB 6253242 ON g3030 CANCELLED AT 2022-09-26T02:38:58 ***
