#!/bin/bash
#SBATCH --job-name=data-proc
#SBATCH --partition=gpu-rtx6k
#SBATCH --account=cse
#SBATCH --nodes=1
#SBATCH --cpus-per-task=8
#SBATCH --mem=32G
#SBATCH --gres=gpu:1
#SBATCH --time=12:00:00 
#SBATCH --mail-type=ALL
#SBATCH --mail-user=tjung2@uw.edu

# I use source to initialize conda into the right environment.
cat $0
echo "--------------------"

source ~/.bashrc
conda activate ckl

# python run.py --config configs/templama/training/t5_kadapters_yearly_2freeze.json -checkpoint_path outputs/wmtbaseline_full/epoch=0-f1_score=0.151-em_score=0.000.ckpt

# python run.py --config configs/wmt/training/t5_kadapters_yearly_2freeze.json -checkpoint_path outputs/wmtkadapter_2010_2freeze_158_128/epoch=8-f1_score=0.084-em_score=0.000.ckpt

python run.py --config configs/wmt/training/t5_kadapters_yearly_2freeze.json -find_lr

# python preprocess_wmt_train_data_full.py--------------------
wandb: Currently logged in as: tjung2. Use `wandb login --relogin` to force relogin
wandb: wandb version 0.13.3 is available!  To upgrade, please run:
wandb:  $ pip install wandb --upgrade
wandb: Tracking run with wandb version 0.13.1
wandb: Run data is saved locally in /mmfs1/gscratch/ark/tjung2/continual-knowledge-learning/wandb/run-20220928_002828-3h4ifxbd
wandb: Run `wandb offline` to turn off syncing.
wandb: Syncing run kadapter_2010
wandb: ⭐️ View project at https://wandb.ai/tjung2/temporal_questions
wandb: 🚀 View run at https://wandb.ai/tjung2/temporal_questions/runs/3h4ifxbd
/mmfs1/gscratch/ark/tjung2/miniconda3/envs/ckl/lib/python3.8/site-packages/pytorch_lightning/callbacks/model_checkpoint.py:360: UserWarning: Checkpoint directory outputs/wmtkadapter_2010_2freeze_158_128 exists and is not empty.
  rank_zero_warn(f"Checkpoint directory {dirpath} exists and is not empty.")
Some weights of T5ForConditionalGeneration were not initialized from the model checkpoint at google/t5-small-ssm and are newly initialized: ['enc_kadapter.adapter.0.encoder.layer.0.layer_norm.weight', 'enc_kadapter.pool.weight', 'enc_kadapter.adapter.2.up_project.weight', 'enc_kadapter.adapter.0.encoder.layer.0.SelfAttention.k.weight', 'enc_kadapter.layer_norm.weight', 'enc_kadapter.adapter.0.encoder.layer.0.SelfAttention.v.weight', 'enc_kadapter.adapter.2.encoder.layer.1.DenseReluDense.wi_0.weight', 'enc_kadapter.pool.bias', 'enc_kadapter.adapter.2.encoder.layer.1.DenseReluDense.wo.weight', 'enc_kadapter.adapter.2.down_project.weight', 'enc_kadapter.adapter.0.encoder.layer.1.DenseReluDense.wo.weight', 'enc_kadapter.adapter.0.encoder.layer.1.DenseReluDense.wi_0.weight', 'enc_kadapter.adapter.2.encoder.layer.1.DenseReluDense.wi_1.weight', 'enc_kadapter.adapter.1.encoder.layer.0.SelfAttention.v.weight', 'enc_kadapter.adapter.1.encoder.layer.0.SelfAttention.q.weight', 'enc_kadapter.adapter.2.encoder.layer.0.SelfAttention.v.weight', 'enc_kadapter.adapter.1.encoder.layer.0.SelfAttention.k.weight', 'enc_kadapter.adapter.1.encoder.layer.1.DenseReluDense.wi_1.weight', 'enc_kadapter.adapter.0.down_project.weight', 'enc_kadapter.adapter.2.up_project.bias', 'enc_kadapter.adapter.1.encoder.layer.0.layer_norm.weight', 'enc_kadapter.adapter.0.encoder.layer.0.SelfAttention.o.weight', 'enc_kadapter.adapter.1.encoder.layer.1.DenseReluDense.wo.weight', 'enc_kadapter.adapter.0.encoder.layer.1.DenseReluDense.wi_1.weight', 'enc_kadapter.adapter.1.encoder.layer.1.DenseReluDense.wi_0.weight', 'enc_kadapter.adapter.2.encoder.layer.0.SelfAttention.q.weight', 'enc_kadapter.adapter.2.encoder.layer.0.layer_norm.weight', 'enc_kadapter.adapter.0.encoder.layer.1.layer_norm.weight', 'enc_kadapter.adapter.1.down_project.bias', 'enc_kadapter.adapter.0.up_project.weight', 'enc_kadapter.adapter.0.down_project.bias', 'enc_kadapter.adapter.1.up_project.bias', 'enc_kadapter.adapter.2.encoder.layer.0.SelfAttention.relative_attention_bias.weight', 'enc_kadapter.adapter.2.encoder.layer.0.SelfAttention.k.weight', 'enc_kadapter.adapter.0.encoder.layer.0.SelfAttention.relative_attention_bias.weight', 'enc_kadapter.adapter.1.down_project.weight', 'enc_kadapter.adapter.0.up_project.bias', 'enc_kadapter.adapter.1.encoder.layer.0.SelfAttention.relative_attention_bias.weight', 'enc_kadapter.adapter.1.encoder.layer.0.SelfAttention.o.weight', 'enc_kadapter.adapter.0.encoder.layer.0.SelfAttention.q.weight', 'enc_kadapter.adapter.2.encoder.layer.0.SelfAttention.o.weight', 'enc_kadapter.adapter.1.encoder.layer.1.layer_norm.weight', 'enc_kadapter.adapter.2.encoder.layer.1.layer_norm.weight', 'enc_kadapter.adapter.1.up_project.weight', 'enc_kadapter.adapter.2.down_project.bias']
You should probably TRAIN this model on a down-stream task to be able to use it for predictions and inference.
GPU available: True, used: True
TPU available: False, using: 0 TPU cores
Namespace(accelerator='ddp', adam_epsilon=1e-08, adapter_config={'adapter_list': [1, 5, 8], 'adapter_hidden_size': 128, 'adapter_enc_dec': None, 'pool_size': None}, adapter_enc_dec=None, adapter_hidden_size=128, adapter_list=[1, 5, 8], check_validation_only=False, checkpoint_dir=None, checkpoint_path='', dataset='wmt', dataset_version='2010', early_stop_callback=False, eval_batch_size=128, find_lr=True, freeze_embeds=False, freeze_encoder=False, freeze_level=2, learning_rate=0.001, max_grad_norm=0.5, max_input_length=350, max_output_length=50, method='kadapter', mode='pretrain', model_name_or_path='google/t5-small-ssm', n_gpu=1, n_test=-1, n_train=-1, n_val=-1, num_train_epochs=2, num_workers=4, opt_level='O1', output_dir='outputs/wmtkadapter_2010_2freeze_158_128', output_log=None, pool_size=None, prefix=True, resume_from_checkpoint=None, seed=42, split=0, split_num=1, t5_learning_rate=None, tokenizer_name_or_path='google/t5-small-ssm', train_batch_size=128, use_deepspeed=False, use_lr_scheduling=True, val_check_interval=500, val_data='2010', wandb_log=True, warmup_steps=0, weight_decay=0.0)
T5Config {
  "_name_or_path": "google/t5-small-ssm",
  "adapter_enc_dec": null,
  "adapter_hidden_size": 128,
  "adapter_list": [
    1,
    5,
    8
  ],
  "architectures": [
    "T5ForConditionalGeneration"
  ],
  "d_ff": 1024,
  "d_kv": 64,
  "d_model": 512,
  "decoder_start_token_id": 0,
  "dropout_rate": 0.1,
  "eos_token_id": 1,
  "feed_forward_proj": "gated-gelu",
  "initializer_factor": 1.0,
  "is_encoder_decoder": true,
  "layer_norm_epsilon": 1e-06,
  "model_type": "t5",
  "num_decoder_layers": 8,
  "num_heads": 6,
  "num_layers": 8,
  "output_past": true,
  "pad_token_id": 0,
  "pool_size": null,
  "relative_attention_num_buckets": 32,
  "tie_word_embeddings": false,
  "transformers_version": "4.12.3",
  "use_cache": false,
  "vocab_size": 32128
}

wandb: ERROR Attempted to change value of key "learning_rate" from 0.001 to 1
wandb: ERROR If you really want to do this, pass allow_val_change=True to config.update()
wandb: Waiting for W&B process to finish... (failed 1). Press Control-C to abort syncing.
wandb: - 0.000 MB of 0.000 MB uploaded (0.000 MB deduped)wandb: \ 0.001 MB of 0.001 MB uploaded (0.000 MB deduped)wandb: | 0.001 MB of 0.001 MB uploaded (0.000 MB deduped)wandb: / 0.001 MB of 0.009 MB uploaded (0.000 MB deduped)wandb: - 0.001 MB of 0.015 MB uploaded (0.000 MB deduped)wandb: \ 0.015 MB of 0.015 MB uploaded (0.000 MB deduped)wandb: | 0.015 MB of 0.015 MB uploaded (0.000 MB deduped)wandb: / 0.015 MB of 0.015 MB uploaded (0.000 MB deduped)wandb: - 0.015 MB of 0.015 MB uploaded (0.000 MB deduped)wandb: \ 0.015 MB of 0.015 MB uploaded (0.000 MB deduped)wandb: | 0.015 MB of 0.015 MB uploaded (0.000 MB deduped)wandb:                                                                                
wandb: Synced kadapter_2010: https://wandb.ai/tjung2/temporal_questions/runs/3h4ifxbd
wandb: Synced 6 W&B file(s), 0 media file(s), 0 artifact file(s) and 0 other file(s)
wandb: Find logs at: ./wandb/run-20220928_002828-3h4ifxbd/logs
Traceback (most recent call last):
  File "run.py", line 239, in <module>
    wandb.config.update({'learning_rate': 1})
  File "/mmfs1/gscratch/ark/tjung2/miniconda3/envs/ckl/lib/python3.8/site-packages/wandb/sdk/wandb_config.py", line 182, in update
    sanitized = self._update(d, allow_val_change)
  File "/mmfs1/gscratch/ark/tjung2/miniconda3/envs/ckl/lib/python3.8/site-packages/wandb/sdk/wandb_config.py", line 175, in _update
    sanitized = self._sanitize_dict(
  File "/mmfs1/gscratch/ark/tjung2/miniconda3/envs/ckl/lib/python3.8/site-packages/wandb/sdk/wandb_config.py", line 235, in _sanitize_dict
    k, v = self._sanitize(k, v, allow_val_change)
  File "/mmfs1/gscratch/ark/tjung2/miniconda3/envs/ckl/lib/python3.8/site-packages/wandb/sdk/wandb_config.py", line 259, in _sanitize
    raise config_util.ConfigError(
wandb.sdk.lib.config_util.ConfigError: Attempted to change value of key "learning_rate" from 0.001 to 1
If you really want to do this, pass allow_val_change=True to config.update()
