#!/bin/bash
#SBATCH --job-name=data-proc
#SBATCH --partition=gpu-rtx6k
#SBATCH --account=cse
#SBATCH --nodes=1
#SBATCH --cpus-per-task=8
#SBATCH --mem=32G
#SBATCH --gres=gpu:1
#SBATCH --time=1-0:00:00
#SBATCH --mail-type=ALL
#SBATCH --mail-user=tjung2@uw.edu

# I use source to initialize conda into the right environment.
cat $0
echo "--------------------"

source ~/.bashrc
conda activate ckl

# WMT -> Templama
# python run.py --config configs/templama/training/t5_baseline_full.json -checkpoint_path outputs/wmtbaseline_full/epoch=0-f1_score=0.2127-em_score=0.1783.ckpt -lr 0.0001
# python run.py --config configs/templama/training/t5_kadapters_yearly_2freeze.json -checkpoint_path outputs/wmtkadapter_2010_0freeze_158_128/epoch=1-f1_score=0.2236-em_score=0.1878.ckpt -lr 0.003
# python run.py --config configs/templama/training/t5_kadapters_yearly_2freeze.json -checkpoint_path outputs/wmtkadapter_2010_2freeze_158_128/epoch=1-f1_score=0.208-em_score=0.173.ckpt -lr 0.003
# python run.py --config configs/templama/training/t5_kadapters_soft_full.json -checkpoint_path outputs/wmtkadapter_soft_full_0freeze_158_128/epoch=0-f1_score=0.1717-em_score=0.1419.ckpt
# python run.py --config configs/templama/training/t5_kadapters_soft_full.json -checkpoint_path outputs/wmtkadapter_soft_full_2freeze_158_128/epoch=0-f1_score=0.185-em_score=0.154.ckpt

# WMT baseline -> WMT adapters
# python run.py --config configs/wmt/training/t5_kadapters_soft_full.json -checkpoint_path outputs/wmtbaseline_full/epoch=0-f1_score=0.178-em_score=0.149.ckpt
# python run.py --config configs/wmt/training/t5_kadapters_yearly_2freeze.json -checkpoint_path outputs/wmtbaseline_full/epoch=0-f1_score=0.178-em_score=0.149.ckpt

# WMT -> SituatedQA
# python run.py --config configs/situatedqa/training/t5_baseline_full.json -checkpoint_path outputs/wmtbaseline_full/epoch=0-f1_score=0.2127-em_score=0.1783.ckpt -lr 0.00001
# python run.py --config configs/situatedqa/training/t5_kadapters_soft_yearly_2freeze.json -checkpoint_path outputs/wmtkadapter_soft_full_2freeze_158_128/epoch=0-f1_score=0.185-em_score=0.154.ckpt

# Preprocess data
# python preprocess_nyt_data.py 2010 -end_date=2020
# python preprocess_nyt_data_full.py

# NYT -> Templama
# python run.py --config configs/templama/training/t5_kadapters_yearly_2freeze.json -checkpoint_path outputs/nytkadapter_2010_0freeze_158_128/epoch=8-f1_score=0.140-em_score=0.100.ckpt

# NYT -> SituatedQA
# python run.py --config configs/situatedqa/training/t5_kadapters_yearly_2freeze.json -checkpoint_path outputs/nytkadapter_2010_0freeze_158_128/epoch=8-f1_score=0.140-em_score=0.100.ckpt

python run.py --config configs/wmt/training/t5_baseline_full3.json--------------------
wandb: Currently logged in as: tjung2. Use `wandb login --relogin` to force relogin
wandb: wandb version 0.13.4 is available!  To upgrade, please run:
wandb:  $ pip install wandb --upgrade
wandb: Tracking run with wandb version 0.13.1
wandb: Run data is saved locally in /mmfs1/gscratch/ark/tjung2/continual-knowledge-learning/wandb/run-20221019_035919-1kdfvhup
wandb: Run `wandb offline` to turn off syncing.
wandb: Syncing run baseline_full
wandb: ⭐️ View project at https://wandb.ai/tjung2/temporal_questions
wandb: 🚀 View run at https://wandb.ai/tjung2/temporal_questions/runs/1kdfvhup
/mmfs1/gscratch/ark/tjung2/miniconda3/envs/ckl/lib/python3.8/site-packages/pytorch_lightning/callbacks/model_checkpoint.py:360: UserWarning: Checkpoint directory outputs/wmtbaseline_full exists and is not empty.
  rank_zero_warn(f"Checkpoint directory {dirpath} exists and is not empty.")
GPU available: True, used: True
TPU available: False, using: 0 TPU cores
LOCAL_RANK: 0 - CUDA_VISIBLE_DEVICES: [0]
Set SLURM handle signals.

  | Name  | Type                       | Params
-----------------------------------------------------
0 | model | T5ForConditionalGeneration | 737 M 
-----------------------------------------------------
737 M     Trainable params
0         Non-trainable params
737 M     Total params
2,950.672 Total estimated model params size (MB)
Restored states from the checkpoint file at outputs/wmtbaseline_full/epoch=0-f1_score=0.2477-em_score=0.2091.ckpt
checkpoint path = outputs/wmtbaseline_full/epoch=0-f1_score=0.2477-em_score=0.2091.ckpt
Namespace(accelerator='ddp', adam_epsilon=1e-08, adapter_config={'adapter_list': None, 'adapter_hidden_size': None, 'adapter_enc_dec': None, 'pool_size': None}, adapter_enc_dec=None, adapter_hidden_size=None, adapter_list=None, check_validation_only=False, checkpoint_dir='outputs/wmtbaseline_full', checkpoint_path='outputs/wmtbaseline_full/epoch=0-f1_score=0.2477-em_score=0.2091.ckpt', dataset='wmt', dataset_version='full', early_stop_callback=False, eval_batch_size=16, find_lr=False, freeze_embeds=False, freeze_encoder=False, freeze_level=0, learning_rate=1e-05, max_grad_norm=0.5, max_input_length=100, max_output_length=50, method='baseline', mode='pretrain', model_name_or_path='google/t5-large-ssm', n_gpu=1, n_test=-1, n_train=-1, n_val=-1, num_train_epochs=1, num_workers=4, opt_level='O1', output_dir='outputs/wmtbaseline_full', output_log=None, pool_size=None, prefix=True, resume_from_checkpoint=True, seed=42, split=0, split_num=1, t5_learning_rate=None, tokenizer_name_or_path='google/t5-large-ssm', train_batch_size=16, use_deepspeed=False, use_lr_scheduling=True, val_check_interval=2500, val_data='full', wandb_log=True, warmup_steps=0, weight_decay=0.0)
Not freezing any parameters!
hparams.learning_rate = 1e-05
split is 0
Length of dataset retrieving is.. 6500000
Index(['id', 'date', 'input', 'output'], dtype='object')
Validation sanity check: 0it [00:00, ?it/s]split is 0
Length of dataset retrieving is.. 39000
Index(['id', 'date', 'input', 'output'], dtype='object')
Validation sanity check:   0%|          | 0/2 [00:00<?, ?it/s]Validation sanity check:  50%|█████     | 1/2 [00:02<00:02,  2.93s/it]Validation sanity check: 100%|██████████| 2/2 [00:03<00:00,  1.65s/it]                                                                      split is 0
Length of dataset retrieving is.. 6500000
Index(['id', 'date', 'input', 'output'], dtype='object')
Training: 0it [00:00, ?it/s]Training:   0%|          | 0/801206 [00:00<?, ?it/s]Epoch 0:   0%|          | 0/801206 [00:00<?, ?it/s] cuda memory allocated: 19201144832
----------Sampler iter----------
_____mid epoch_____
cuda memory allocated: 19201144832
wandb: Waiting for W&B process to finish... (failed 1). Press Control-C to abort syncing.
wandb: - 0.011 MB of 0.011 MB uploaded (0.000 MB deduped)wandb: \ 0.011 MB of 0.011 MB uploaded (0.000 MB deduped)wandb: | 0.011 MB of 0.011 MB uploaded (0.000 MB deduped)wandb: / 0.011 MB of 0.031 MB uploaded (0.000 MB deduped)wandb: - 0.031 MB of 0.031 MB uploaded (0.000 MB deduped)wandb: \ 0.031 MB of 0.031 MB uploaded (0.000 MB deduped)wandb: | 0.031 MB of 0.031 MB uploaded (0.000 MB deduped)wandb: / 0.031 MB of 0.031 MB uploaded (0.000 MB deduped)wandb: - 0.031 MB of 0.031 MB uploaded (0.000 MB deduped)wandb: \ 0.031 MB of 0.031 MB uploaded (0.000 MB deduped)wandb: | 0.031 MB of 0.031 MB uploaded (0.000 MB deduped)wandb:                                                                                
wandb: Synced baseline_full: https://wandb.ai/tjung2/temporal_questions/runs/1kdfvhup
wandb: Synced 6 W&B file(s), 1 media file(s), 1 artifact file(s) and 0 other file(s)
wandb: Find logs at: ./wandb/run-20221019_035919-1kdfvhup/logs
Traceback (most recent call last):
  File "run.py", line 256, in <module>
    trainer.fit(model)
  File "/mmfs1/gscratch/ark/tjung2/miniconda3/envs/ckl/lib/python3.8/site-packages/pytorch_lightning/trainer/trainer.py", line 460, in fit
    self._run(model)
  File "/mmfs1/gscratch/ark/tjung2/miniconda3/envs/ckl/lib/python3.8/site-packages/pytorch_lightning/trainer/trainer.py", line 758, in _run
    self.dispatch()
  File "/mmfs1/gscratch/ark/tjung2/miniconda3/envs/ckl/lib/python3.8/site-packages/pytorch_lightning/trainer/trainer.py", line 799, in dispatch
    self.accelerator.start_training(self)
  File "/mmfs1/gscratch/ark/tjung2/miniconda3/envs/ckl/lib/python3.8/site-packages/pytorch_lightning/accelerators/accelerator.py", line 96, in start_training
    self.training_type_plugin.start_training(trainer)
  File "/mmfs1/gscratch/ark/tjung2/miniconda3/envs/ckl/lib/python3.8/site-packages/pytorch_lightning/plugins/training_type/training_type_plugin.py", line 144, in start_training
    self._results = trainer.run_stage()
  File "/mmfs1/gscratch/ark/tjung2/miniconda3/envs/ckl/lib/python3.8/site-packages/pytorch_lightning/trainer/trainer.py", line 809, in run_stage
    return self.run_train()
  File "/mmfs1/gscratch/ark/tjung2/miniconda3/envs/ckl/lib/python3.8/site-packages/pytorch_lightning/trainer/trainer.py", line 871, in run_train
    self.train_loop.run_training_epoch()
  File "/mmfs1/gscratch/ark/tjung2/miniconda3/envs/ckl/lib/python3.8/site-packages/pytorch_lightning/trainer/training_loop.py", line 499, in run_training_epoch
    batch_output = self.run_training_batch(batch, batch_idx, dataloader_idx)
  File "/mmfs1/gscratch/ark/tjung2/miniconda3/envs/ckl/lib/python3.8/site-packages/pytorch_lightning/trainer/training_loop.py", line 738, in run_training_batch
    self.optimizer_step(optimizer, opt_idx, batch_idx, train_step_and_backward_closure)
  File "/mmfs1/gscratch/ark/tjung2/miniconda3/envs/ckl/lib/python3.8/site-packages/pytorch_lightning/trainer/training_loop.py", line 434, in optimizer_step
    model_ref.optimizer_step(
  File "/mmfs1/gscratch/ark/tjung2/miniconda3/envs/ckl/lib/python3.8/site-packages/pytorch_lightning/core/lightning.py", line 1403, in optimizer_step
    optimizer.step(closure=optimizer_closure)
  File "/mmfs1/gscratch/ark/tjung2/miniconda3/envs/ckl/lib/python3.8/site-packages/pytorch_lightning/core/optimizer.py", line 214, in step
    self.__optimizer_step(*args, closure=closure, profiler_name=profiler_name, **kwargs)
  File "/mmfs1/gscratch/ark/tjung2/miniconda3/envs/ckl/lib/python3.8/site-packages/pytorch_lightning/core/optimizer.py", line 134, in __optimizer_step
    trainer.accelerator.optimizer_step(optimizer, self._optimizer_idx, lambda_closure=closure, **kwargs)
  File "/mmfs1/gscratch/ark/tjung2/miniconda3/envs/ckl/lib/python3.8/site-packages/pytorch_lightning/accelerators/accelerator.py", line 329, in optimizer_step
    self.run_optimizer_step(optimizer, opt_idx, lambda_closure, **kwargs)
  File "/mmfs1/gscratch/ark/tjung2/miniconda3/envs/ckl/lib/python3.8/site-packages/pytorch_lightning/accelerators/accelerator.py", line 336, in run_optimizer_step
    self.training_type_plugin.optimizer_step(optimizer, lambda_closure=lambda_closure, **kwargs)
  File "/mmfs1/gscratch/ark/tjung2/miniconda3/envs/ckl/lib/python3.8/site-packages/pytorch_lightning/plugins/training_type/training_type_plugin.py", line 193, in optimizer_step
    optimizer.step(closure=lambda_closure, **kwargs)
  File "/mmfs1/gscratch/ark/tjung2/miniconda3/envs/ckl/lib/python3.8/site-packages/torch/optim/lr_scheduler.py", line 65, in wrapper
    return wrapped(*args, **kwargs)
  File "/mmfs1/gscratch/ark/tjung2/miniconda3/envs/ckl/lib/python3.8/site-packages/torch/optim/optimizer.py", line 88, in wrapper
    return func(*args, **kwargs)
  File "/mmfs1/gscratch/ark/tjung2/miniconda3/envs/ckl/lib/python3.8/site-packages/torch/autograd/grad_mode.py", line 28, in decorate_context
    return func(*args, **kwargs)
  File "/mmfs1/gscratch/ark/tjung2/miniconda3/envs/ckl/lib/python3.8/site-packages/torch/optim/adamw.py", line 65, in step
    loss = closure()
  File "/mmfs1/gscratch/ark/tjung2/miniconda3/envs/ckl/lib/python3.8/site-packages/pytorch_lightning/trainer/training_loop.py", line 732, in train_step_and_backward_closure
    result = self.training_step_and_backward(
  File "/mmfs1/gscratch/ark/tjung2/miniconda3/envs/ckl/lib/python3.8/site-packages/pytorch_lightning/trainer/training_loop.py", line 823, in training_step_and_backward
    result = self.training_step(split_batch, batch_idx, opt_idx, hiddens)
  File "/mmfs1/gscratch/ark/tjung2/miniconda3/envs/ckl/lib/python3.8/site-packages/pytorch_lightning/trainer/training_loop.py", line 290, in training_step
    training_step_output = self.trainer.accelerator.training_step(args)
  File "/mmfs1/gscratch/ark/tjung2/miniconda3/envs/ckl/lib/python3.8/site-packages/pytorch_lightning/accelerators/accelerator.py", line 204, in training_step
    return self.training_type_plugin.training_step(*args)
  File "/mmfs1/gscratch/ark/tjung2/miniconda3/envs/ckl/lib/python3.8/site-packages/pytorch_lightning/plugins/training_type/training_type_plugin.py", line 155, in training_step
    return self.lightning_module.training_step(*args, **kwargs)
  File "/mmfs1/gscratch/ark/tjung2/continual-knowledge-learning/models/T5_Model.py", line 353, in training_step
    loss = self._step(batch)
  File "/mmfs1/gscratch/ark/tjung2/continual-knowledge-learning/models/T5_Model.py", line 308, in _step
    outputs = self(
  File "/mmfs1/gscratch/ark/tjung2/miniconda3/envs/ckl/lib/python3.8/site-packages/torch/nn/modules/module.py", line 1051, in _call_impl
    return forward_call(*input, **kwargs)
  File "/mmfs1/gscratch/ark/tjung2/continual-knowledge-learning/models/T5_Model.py", line 287, in forward
    return self.model(
  File "/mmfs1/gscratch/ark/tjung2/miniconda3/envs/ckl/lib/python3.8/site-packages/torch/nn/modules/module.py", line 1051, in _call_impl
    return forward_call(*input, **kwargs)
  File "/mmfs1/gscratch/ark/tjung2/miniconda3/envs/ckl/lib/python3.8/site-packages/transformers/models/t5/modeling_t5.py", line 1608, in forward
    decoder_outputs = self.decoder(
  File "/mmfs1/gscratch/ark/tjung2/miniconda3/envs/ckl/lib/python3.8/site-packages/torch/nn/modules/module.py", line 1051, in _call_impl
    return forward_call(*input, **kwargs)
  File "/mmfs1/gscratch/ark/tjung2/miniconda3/envs/ckl/lib/python3.8/site-packages/transformers/models/t5/modeling_t5.py", line 1003, in forward
    layer_outputs = layer_module(
  File "/mmfs1/gscratch/ark/tjung2/miniconda3/envs/ckl/lib/python3.8/site-packages/torch/nn/modules/module.py", line 1051, in _call_impl
    return forward_call(*input, **kwargs)
  File "/mmfs1/gscratch/ark/tjung2/miniconda3/envs/ckl/lib/python3.8/site-packages/transformers/models/t5/modeling_t5.py", line 665, in forward
    cross_attention_outputs = self.layer[1](
  File "/mmfs1/gscratch/ark/tjung2/miniconda3/envs/ckl/lib/python3.8/site-packages/torch/nn/modules/module.py", line 1051, in _call_impl
    return forward_call(*input, **kwargs)
  File "/mmfs1/gscratch/ark/tjung2/miniconda3/envs/ckl/lib/python3.8/site-packages/transformers/models/t5/modeling_t5.py", line 580, in forward
    attention_output = self.EncDecAttention(
  File "/mmfs1/gscratch/ark/tjung2/miniconda3/envs/ckl/lib/python3.8/site-packages/torch/nn/modules/module.py", line 1051, in _call_impl
    return forward_call(*input, **kwargs)
  File "/mmfs1/gscratch/ark/tjung2/miniconda3/envs/ckl/lib/python3.8/site-packages/transformers/models/t5/modeling_t5.py", line 483, in forward
    scores = torch.matmul(
RuntimeError: CUDA out of memory. Tried to allocate 20.00 MiB (GPU 0; 23.65 GiB total capacity; 22.11 GiB already allocated; 1.44 MiB free; 22.32 GiB reserved in total by PyTorch)
