#!/bin/bash
#SBATCH --job-name=data-proc
#SBATCH --partition=ckpt
#SBATCH --account=cse-ckpt
#SBATCH --nodes=1
#SBATCH --cpus-per-task=8
#SBATCH --mem=32G
#SBATCH --gres=gpu:1
#SBATCH --time=1:00:00
#SBATCH --mail-type=ALL
#SBATCH --mail-user=tjung2@uw.edu

# I use source to initialize conda into the right environment.
cat $0
echo "--------------------"

source ~/.bashrc
conda activate ckl

# WMT -> Templama
# python run.py --config configs/templama/training/t5_baseline_full.json -checkpoint_path outputs/wmtbaseline_full/epoch=0-f1_score=0.2127-em_score=0.1783.ckpt -lr 0.0001
# python run.py --config configs/templama/training/t5_kadapters_yearly_2freeze.json -checkpoint_path outputs/wmtkadapter_2010_0freeze_158_128/epoch=1-f1_score=0.2236-em_score=0.1878.ckpt -lr 0.003
# python run.py --config configs/templama/training/t5_kadapters_yearly_2freeze.json -checkpoint_path outputs/wmtkadapter_2010_2freeze_158_128/epoch=1-f1_score=0.208-em_score=0.173.ckpt -lr 0.003
# python run.py --config configs/templama/training/t5_kadapters_soft_full.json -checkpoint_path outputs/wmtkadapter_soft_full_0freeze_158_128/epoch=0-f1_score=0.1717-em_score=0.1419.ckpt
# python run.py --config configs/templama/training/t5_kadapters_soft_full.json -checkpoint_path outputs/wmtkadapter_soft_full_2freeze_158_128/epoch=0-f1_score=0.185-em_score=0.154.ckpt

# WMT baseline -> WMT adapters
# python run.py --config configs/wmt/training/t5_kadapters_soft_full.json -checkpoint_path outputs/wmtbaseline_full/epoch=0-f1_score=0.178-em_score=0.149.ckpt
# python run.py --config configs/wmt/training/t5_kadapters_yearly_2freeze.json -checkpoint_path outputs/wmtbaseline_full/epoch=0-f1_score=0.178-em_score=0.149.ckpt

# WMT -> SituatedQA
# python run.py --config configs/situatedqa/training/t5_baseline_full.json -checkpoint_path outputs/wmtbaseline_full/epoch=0-f1_score=0.2127-em_score=0.1783.ckpt -lr 0.00001
# python run.py --config configs/situatedqa/training/t5_kadapters_soft_yearly_2freeze.json -checkpoint_path outputs/wmtkadapter_soft_full_2freeze_158_128/epoch=0-f1_score=0.185-em_score=0.154.ckpt

# Preprocess data
# python preprocess_nyt_data.py 2010 -end_date=2020
# python preprocess_nyt_data_full.py

# NYT -> Templama
# python run.py --config configs/templama/training/t5_kadapters_yearly_2freeze.json -checkpoint_path outputs/nytkadapter_2010_0freeze_158_128/epoch=8-f1_score=0.140-em_score=0.100.ckpt

# NYT -> SituatedQA
# python run.py --config configs/situatedqa/training/t5_kadapters_yearly_2freeze.json -checkpoint_path outputs/nytkadapter_2010_0freeze_158_128/epoch=8-f1_score=0.140-em_score=0.100.ckpt

python run.py --config configs/wmt/training/t5_baseline_full2.json
--------------------
wandb: Currently logged in as: tjung2. Use `wandb login --relogin` to force relogin
wandb: wandb version 0.13.4 is available!  To upgrade, please run:
wandb:  $ pip install wandb --upgrade
wandb: Tracking run with wandb version 0.13.1
wandb: Run data is saved locally in /mmfs1/gscratch/ark/tjung2/continual-knowledge-learning/wandb/run-20221013_024501-18irteba
wandb: Run `wandb offline` to turn off syncing.
wandb: Syncing run baseline_full
wandb: ⭐️ View project at https://wandb.ai/tjung2/temporal_questions
wandb: 🚀 View run at https://wandb.ai/tjung2/temporal_questions/runs/18irteba
/mmfs1/gscratch/ark/tjung2/miniconda3/envs/ckl/lib/python3.8/site-packages/pytorch_lightning/callbacks/model_checkpoint.py:360: UserWarning: Checkpoint directory outputs/wmtbaseline_full exists and is not empty.
  rank_zero_warn(f"Checkpoint directory {dirpath} exists and is not empty.")
checkpoint path = outputs/baseline_full/epoch=20-f1_score=0.201-em_score=0.069.ckpt
Namespace(accelerator='ddp', adam_epsilon=1e-08, adapter_config={'adapter_list': None, 'adapter_hidden_size': None, 'adapter_enc_dec': None, 'pool_size': None}, adapter_enc_dec=None, adapter_hidden_size=None, adapter_list=None, check_validation_only=False, checkpoint_dir='outputs/baseline_full', checkpoint_path='outputs/baseline_full/epoch=20-f1_score=0.201-em_score=0.069.ckpt', dataset='wmt', dataset_version='full', early_stop_callback=False, eval_batch_size=64, find_lr=False, freeze_embeds=False, freeze_encoder=False, freeze_level=0, learning_rate=0.0001, max_grad_norm=0.5, max_input_length=350, max_output_length=50, method='baseline', mode='pretrain', model_name_or_path='google/t5-large-ssm', n_gpu=1, n_test=-1, n_train=-1, n_val=-1, num_train_epochs=1, num_workers=4, opt_level='O1', output_dir='outputs/wmtbaseline_full', output_log=None, pool_size=None, prefix=True, resume_from_checkpoint=None, seed=42, split=0, split_num=1, t5_learning_rate=None, tokenizer_name_or_path='google/t5-large-ssm', train_batch_size=64, use_deepspeed=False, use_lr_scheduling=True, val_check_interval=2500, val_data='full', wandb_log=True, warmup_steps=0, weight_decay=0.0)
Not freezing any parameters!
wandb: Waiting for W&B process to finish... (failed 1). Press Control-C to abort syncing.
wandb: - 0.001 MB of 0.001 MB uploaded (0.000 MB deduped)wandb: \ 0.001 MB of 0.001 MB uploaded (0.000 MB deduped)wandb: | 0.001 MB of 0.001 MB uploaded (0.000 MB deduped)wandb: / 0.001 MB of 0.009 MB uploaded (0.000 MB deduped)wandb: - 0.001 MB of 0.041 MB uploaded (0.000 MB deduped)wandb: \ 0.041 MB of 0.041 MB uploaded (0.000 MB deduped)wandb: | 0.041 MB of 0.041 MB uploaded (0.000 MB deduped)wandb: / 0.041 MB of 0.041 MB uploaded (0.000 MB deduped)wandb: - 0.041 MB of 0.041 MB uploaded (0.000 MB deduped)wandb: \ 0.041 MB of 0.041 MB uploaded (0.000 MB deduped)wandb: | 0.041 MB of 0.041 MB uploaded (0.000 MB deduped)wandb: / 0.041 MB of 0.041 MB uploaded (0.000 MB deduped)wandb:                                                                                
wandb: Synced baseline_full: https://wandb.ai/tjung2/temporal_questions/runs/18irteba
wandb: Synced 6 W&B file(s), 0 media file(s), 0 artifact file(s) and 0 other file(s)
wandb: Find logs at: ./wandb/run-20221013_024501-18irteba/logs
Traceback (most recent call last):
  File "run.py", line 246, in <module>
    model = Model.load_from_checkpoint(checkpoint_path=args.checkpoint_path, hparams=args, strict=False)
  File "/mmfs1/gscratch/ark/tjung2/miniconda3/envs/ckl/lib/python3.8/site-packages/pytorch_lightning/core/saving.py", line 157, in load_from_checkpoint
    model = cls._load_model_state(checkpoint, strict=strict, **kwargs)
  File "/mmfs1/gscratch/ark/tjung2/miniconda3/envs/ckl/lib/python3.8/site-packages/pytorch_lightning/core/saving.py", line 205, in _load_model_state
    model.load_state_dict(checkpoint['state_dict'], strict=strict)
  File "/mmfs1/gscratch/ark/tjung2/miniconda3/envs/ckl/lib/python3.8/site-packages/torch/nn/modules/module.py", line 1406, in load_state_dict
    raise RuntimeError('Error(s) in loading state_dict for {}:\n\t{}'.format(
RuntimeError: Error(s) in loading state_dict for T5:
	size mismatch for model.shared.weight: copying a param with shape torch.Size([32128, 512]) from checkpoint, the shape in current model is torch.Size([32128, 1024]).
	size mismatch for model.encoder.embed_tokens.weight: copying a param with shape torch.Size([32128, 512]) from checkpoint, the shape in current model is torch.Size([32128, 1024]).
	size mismatch for model.encoder.block.0.layer.0.SelfAttention.q.weight: copying a param with shape torch.Size([384, 512]) from checkpoint, the shape in current model is torch.Size([1024, 1024]).
	size mismatch for model.encoder.block.0.layer.0.SelfAttention.k.weight: copying a param with shape torch.Size([384, 512]) from checkpoint, the shape in current model is torch.Size([1024, 1024]).
	size mismatch for model.encoder.block.0.layer.0.SelfAttention.v.weight: copying a param with shape torch.Size([384, 512]) from checkpoint, the shape in current model is torch.Size([1024, 1024]).
	size mismatch for model.encoder.block.0.layer.0.SelfAttention.o.weight: copying a param with shape torch.Size([512, 384]) from checkpoint, the shape in current model is torch.Size([1024, 1024]).
	size mismatch for model.encoder.block.0.layer.0.SelfAttention.relative_attention_bias.weight: copying a param with shape torch.Size([32, 6]) from checkpoint, the shape in current model is torch.Size([32, 16]).
	size mismatch for model.encoder.block.0.layer.0.layer_norm.weight: copying a param with shape torch.Size([512]) from checkpoint, the shape in current model is torch.Size([1024]).
	size mismatch for model.encoder.block.0.layer.1.DenseReluDense.wo.weight: copying a param with shape torch.Size([512, 1024]) from checkpoint, the shape in current model is torch.Size([1024, 4096]).
	size mismatch for model.encoder.block.0.layer.1.layer_norm.weight: copying a param with shape torch.Size([512]) from checkpoint, the shape in current model is torch.Size([1024]).
	size mismatch for model.encoder.block.1.layer.0.SelfAttention.q.weight: copying a param with shape torch.Size([384, 512]) from checkpoint, the shape in current model is torch.Size([1024, 1024]).
	size mismatch for model.encoder.block.1.layer.0.SelfAttention.k.weight: copying a param with shape torch.Size([384, 512]) from checkpoint, the shape in current model is torch.Size([1024, 1024]).
	size mismatch for model.encoder.block.1.layer.0.SelfAttention.v.weight: copying a param with shape torch.Size([384, 512]) from checkpoint, the shape in current model is torch.Size([1024, 1024]).
	size mismatch for model.encoder.block.1.layer.0.SelfAttention.o.weight: copying a param with shape torch.Size([512, 384]) from checkpoint, the shape in current model is torch.Size([1024, 1024]).
	size mismatch for model.encoder.block.1.layer.0.layer_norm.weight: copying a param with shape torch.Size([512]) from checkpoint, the shape in current model is torch.Size([1024]).
	size mismatch for model.encoder.block.1.layer.1.DenseReluDense.wo.weight: copying a param with shape torch.Size([512, 1024]) from checkpoint, the shape in current model is torch.Size([1024, 4096]).
	size mismatch for model.encoder.block.1.layer.1.layer_norm.weight: copying a param with shape torch.Size([512]) from checkpoint, the shape in current model is torch.Size([1024]).
	size mismatch for model.encoder.block.2.layer.0.SelfAttention.q.weight: copying a param with shape torch.Size([384, 512]) from checkpoint, the shape in current model is torch.Size([1024, 1024]).
	size mismatch for model.encoder.block.2.layer.0.SelfAttention.k.weight: copying a param with shape torch.Size([384, 512]) from checkpoint, the shape in current model is torch.Size([1024, 1024]).
	size mismatch for model.encoder.block.2.layer.0.SelfAttention.v.weight: copying a param with shape torch.Size([384, 512]) from checkpoint, the shape in current model is torch.Size([1024, 1024]).
	size mismatch for model.encoder.block.2.layer.0.SelfAttention.o.weight: copying a param with shape torch.Size([512, 384]) from checkpoint, the shape in current model is torch.Size([1024, 1024]).
	size mismatch for model.encoder.block.2.layer.0.layer_norm.weight: copying a param with shape torch.Size([512]) from checkpoint, the shape in current model is torch.Size([1024]).
	size mismatch for model.encoder.block.2.layer.1.DenseReluDense.wo.weight: copying a param with shape torch.Size([512, 1024]) from checkpoint, the shape in current model is torch.Size([1024, 4096]).
	size mismatch for model.encoder.block.2.layer.1.layer_norm.weight: copying a param with shape torch.Size([512]) from checkpoint, the shape in current model is torch.Size([1024]).
	size mismatch for model.encoder.block.3.layer.0.SelfAttention.q.weight: copying a param with shape torch.Size([384, 512]) from checkpoint, the shape in current model is torch.Size([1024, 1024]).
	size mismatch for model.encoder.block.3.layer.0.SelfAttention.k.weight: copying a param with shape torch.Size([384, 512]) from checkpoint, the shape in current model is torch.Size([1024, 1024]).
	size mismatch for model.encoder.block.3.layer.0.SelfAttention.v.weight: copying a param with shape torch.Size([384, 512]) from checkpoint, the shape in current model is torch.Size([1024, 1024]).
	size mismatch for model.encoder.block.3.layer.0.SelfAttention.o.weight: copying a param with shape torch.Size([512, 384]) from checkpoint, the shape in current model is torch.Size([1024, 1024]).
	size mismatch for model.encoder.block.3.layer.0.layer_norm.weight: copying a param with shape torch.Size([512]) from checkpoint, the shape in current model is torch.Size([1024]).
	size mismatch for model.encoder.block.3.layer.1.DenseReluDense.wo.weight: copying a param with shape torch.Size([512, 1024]) from checkpoint, the shape in current model is torch.Size([1024, 4096]).
	size mismatch for model.encoder.block.3.layer.1.layer_norm.weight: copying a param with shape torch.Size([512]) from checkpoint, the shape in current model is torch.Size([1024]).
	size mismatch for model.encoder.block.4.layer.0.SelfAttention.q.weight: copying a param with shape torch.Size([384, 512]) from checkpoint, the shape in current model is torch.Size([1024, 1024]).
	size mismatch for model.encoder.block.4.layer.0.SelfAttention.k.weight: copying a param with shape torch.Size([384, 512]) from checkpoint, the shape in current model is torch.Size([1024, 1024]).
	size mismatch for model.encoder.block.4.layer.0.SelfAttention.v.weight: copying a param with shape torch.Size([384, 512]) from checkpoint, the shape in current model is torch.Size([1024, 1024]).
	size mismatch for model.encoder.block.4.layer.0.SelfAttention.o.weight: copying a param with shape torch.Size([512, 384]) from checkpoint, the shape in current model is torch.Size([1024, 1024]).
	size mismatch for model.encoder.block.4.layer.0.layer_norm.weight: copying a param with shape torch.Size([512]) from checkpoint, the shape in current model is torch.Size([1024]).
	size mismatch for model.encoder.block.4.layer.1.DenseReluDense.wo.weight: copying a param with shape torch.Size([512, 1024]) from checkpoint, the shape in current model is torch.Size([1024, 4096]).
	size mismatch for model.encoder.block.4.layer.1.layer_norm.weight: copying a param with shape torch.Size([512]) from checkpoint, the shape in current model is torch.Size([1024]).
	size mismatch for model.encoder.block.5.layer.0.SelfAttention.q.weight: copying a param with shape torch.Size([384, 512]) from checkpoint, the shape in current model is torch.Size([1024, 1024]).
	size mismatch for model.encoder.block.5.layer.0.SelfAttention.k.weight: copying a param with shape torch.Size([384, 512]) from checkpoint, the shape in current model is torch.Size([1024, 1024]).
	size mismatch for model.encoder.block.5.layer.0.SelfAttention.v.weight: copying a param with shape torch.Size([384, 512]) from checkpoint, the shape in current model is torch.Size([1024, 1024]).
	size mismatch for model.encoder.block.5.layer.0.SelfAttention.o.weight: copying a param with shape torch.Size([512, 384]) from checkpoint, the shape in current model is torch.Size([1024, 1024]).
	size mismatch for model.encoder.block.5.layer.0.layer_norm.weight: copying a param with shape torch.Size([512]) from checkpoint, the shape in current model is torch.Size([1024]).
	size mismatch for model.encoder.block.5.layer.1.DenseReluDense.wo.weight: copying a param with shape torch.Size([512, 1024]) from checkpoint, the shape in current model is torch.Size([1024, 4096]).
	size mismatch for model.encoder.block.5.layer.1.layer_norm.weight: copying a param with shape torch.Size([512]) from checkpoint, the shape in current model is torch.Size([1024]).
	size mismatch for model.encoder.block.6.layer.0.SelfAttention.q.weight: copying a param with shape torch.Size([384, 512]) from checkpoint, the shape in current model is torch.Size([1024, 1024]).
	size mismatch for model.encoder.block.6.layer.0.SelfAttention.k.weight: copying a param with shape torch.Size([384, 512]) from checkpoint, the shape in current model is torch.Size([1024, 1024]).
	size mismatch for model.encoder.block.6.layer.0.SelfAttention.v.weight: copying a param with shape torch.Size([384, 512]) from checkpoint, the shape in current model is torch.Size([1024, 1024]).
	size mismatch for model.encoder.block.6.layer.0.SelfAttention.o.weight: copying a param with shape torch.Size([512, 384]) from checkpoint, the shape in current model is torch.Size([1024, 1024]).
	size mismatch for model.encoder.block.6.layer.0.layer_norm.weight: copying a param with shape torch.Size([512]) from checkpoint, the shape in current model is torch.Size([1024]).
	size mismatch for model.encoder.block.6.layer.1.DenseReluDense.wo.weight: copying a param with shape torch.Size([512, 1024]) from checkpoint, the shape in current model is torch.Size([1024, 4096]).
	size mismatch for model.encoder.block.6.layer.1.layer_norm.weight: copying a param with shape torch.Size([512]) from checkpoint, the shape in current model is torch.Size([1024]).
	size mismatch for model.encoder.block.7.layer.0.SelfAttention.q.weight: copying a param with shape torch.Size([384, 512]) from checkpoint, the shape in current model is torch.Size([1024, 1024]).
	size mismatch for model.encoder.block.7.layer.0.SelfAttention.k.weight: copying a param with shape torch.Size([384, 512]) from checkpoint, the shape in current model is torch.Size([1024, 1024]).
	size mismatch for model.encoder.block.7.layer.0.SelfAttention.v.weight: copying a param with shape torch.Size([384, 512]) from checkpoint, the shape in current model is torch.Size([1024, 1024]).
	size mismatch for model.encoder.block.7.layer.0.SelfAttention.o.weight: copying a param with shape torch.Size([512, 384]) from checkpoint, the shape in current model is torch.Size([1024, 1024]).
	size mismatch for model.encoder.block.7.layer.0.layer_norm.weight: copying a param with shape torch.Size([512]) from checkpoint, the shape in current model is torch.Size([1024]).
	size mismatch for model.encoder.block.7.layer.1.DenseReluDense.wo.weight: copying a param with shape torch.Size([512, 1024]) from checkpoint, the shape in current model is torch.Size([1024, 4096]).
	size mismatch for model.encoder.block.7.layer.1.layer_norm.weight: copying a param with shape torch.Size([512]) from checkpoint, the shape in current model is torch.Size([1024]).
	size mismatch for model.encoder.final_layer_norm.weight: copying a param with shape torch.Size([512]) from checkpoint, the shape in current model is torch.Size([1024]).
	size mismatch for model.decoder.embed_tokens.weight: copying a param with shape torch.Size([32128, 512]) from checkpoint, the shape in current model is torch.Size([32128, 1024]).
	size mismatch for model.decoder.block.0.layer.0.SelfAttention.q.weight: copying a param with shape torch.Size([384, 512]) from checkpoint, the shape in current model is torch.Size([1024, 1024]).
	size mismatch for model.decoder.block.0.layer.0.SelfAttention.k.weight: copying a param with shape torch.Size([384, 512]) from checkpoint, the shape in current model is torch.Size([1024, 1024]).
	size mismatch for model.decoder.block.0.layer.0.SelfAttention.v.weight: copying a param with shape torch.Size([384, 512]) from checkpoint, the shape in current model is torch.Size([1024, 1024]).
	size mismatch for model.decoder.block.0.layer.0.SelfAttention.o.weight: copying a param with shape torch.Size([512, 384]) from checkpoint, the shape in current model is torch.Size([1024, 1024]).
	size mismatch for model.decoder.block.0.layer.0.SelfAttention.relative_attention_bias.weight: copying a param with shape torch.Size([32, 6]) from checkpoint, the shape in current model is torch.Size([32, 16]).
	size mismatch for model.decoder.block.0.layer.0.layer_norm.weight: copying a param with shape torch.Size([512]) from checkpoint, the shape in current model is torch.Size([1024]).
	size mismatch for model.decoder.block.0.layer.1.EncDecAttention.q.weight: copying a param with shape torch.Size([384, 512]) from checkpoint, the shape in current model is torch.Size([1024, 1024]).
	size mismatch for model.decoder.block.0.layer.1.EncDecAttention.k.weight: copying a param with shape torch.Size([384, 512]) from checkpoint, the shape in current model is torch.Size([1024, 1024]).
	size mismatch for model.decoder.block.0.layer.1.EncDecAttention.v.weight: copying a param with shape torch.Size([384, 512]) from checkpoint, the shape in current model is torch.Size([1024, 1024]).
	size mismatch for model.decoder.block.0.layer.1.EncDecAttention.o.weight: copying a param with shape torch.Size([512, 384]) from checkpoint, the shape in current model is torch.Size([1024, 1024]).
	size mismatch for model.decoder.block.0.layer.1.layer_norm.weight: copying a param with shape torch.Size([512]) from checkpoint, the shape in current model is torch.Size([1024]).
	size mismatch for model.decoder.block.0.layer.2.DenseReluDense.wo.weight: copying a param with shape torch.Size([512, 1024]) from checkpoint, the shape in current model is torch.Size([1024, 4096]).
	size mismatch for model.decoder.block.0.layer.2.layer_norm.weight: copying a param with shape torch.Size([512]) from checkpoint, the shape in current model is torch.Size([1024]).
	size mismatch for model.decoder.block.1.layer.0.SelfAttention.q.weight: copying a param with shape torch.Size([384, 512]) from checkpoint, the shape in current model is torch.Size([1024, 1024]).
	size mismatch for model.decoder.block.1.layer.0.SelfAttention.k.weight: copying a param with shape torch.Size([384, 512]) from checkpoint, the shape in current model is torch.Size([1024, 1024]).
	size mismatch for model.decoder.block.1.layer.0.SelfAttention.v.weight: copying a param with shape torch.Size([384, 512]) from checkpoint, the shape in current model is torch.Size([1024, 1024]).
	size mismatch for model.decoder.block.1.layer.0.SelfAttention.o.weight: copying a param with shape torch.Size([512, 384]) from checkpoint, the shape in current model is torch.Size([1024, 1024]).
	size mismatch for model.decoder.block.1.layer.0.layer_norm.weight: copying a param with shape torch.Size([512]) from checkpoint, the shape in current model is torch.Size([1024]).
	size mismatch for model.decoder.block.1.layer.1.EncDecAttention.q.weight: copying a param with shape torch.Size([384, 512]) from checkpoint, the shape in current model is torch.Size([1024, 1024]).
	size mismatch for model.decoder.block.1.layer.1.EncDecAttention.k.weight: copying a param with shape torch.Size([384, 512]) from checkpoint, the shape in current model is torch.Size([1024, 1024]).
	size mismatch for model.decoder.block.1.layer.1.EncDecAttention.v.weight: copying a param with shape torch.Size([384, 512]) from checkpoint, the shape in current model is torch.Size([1024, 1024]).
	size mismatch for model.decoder.block.1.layer.1.EncDecAttention.o.weight: copying a param with shape torch.Size([512, 384]) from checkpoint, the shape in current model is torch.Size([1024, 1024]).
	size mismatch for model.decoder.block.1.layer.1.layer_norm.weight: copying a param with shape torch.Size([512]) from checkpoint, the shape in current model is torch.Size([1024]).
	size mismatch for model.decoder.block.1.layer.2.DenseReluDense.wo.weight: copying a param with shape torch.Size([512, 1024]) from checkpoint, the shape in current model is torch.Size([1024, 4096]).
	size mismatch for model.decoder.block.1.layer.2.layer_norm.weight: copying a param with shape torch.Size([512]) from checkpoint, the shape in current model is torch.Size([1024]).
	size mismatch for model.decoder.block.2.layer.0.SelfAttention.q.weight: copying a param with shape torch.Size([384, 512]) from checkpoint, the shape in current model is torch.Size([1024, 1024]).
	size mismatch for model.decoder.block.2.layer.0.SelfAttention.k.weight: copying a param with shape torch.Size([384, 512]) from checkpoint, the shape in current model is torch.Size([1024, 1024]).
	size mismatch for model.decoder.block.2.layer.0.SelfAttention.v.weight: copying a param with shape torch.Size([384, 512]) from checkpoint, the shape in current model is torch.Size([1024, 1024]).
	size mismatch for model.decoder.block.2.layer.0.SelfAttention.o.weight: copying a param with shape torch.Size([512, 384]) from checkpoint, the shape in current model is torch.Size([1024, 1024]).
	size mismatch for model.decoder.block.2.layer.0.layer_norm.weight: copying a param with shape torch.Size([512]) from checkpoint, the shape in current model is torch.Size([1024]).
	size mismatch for model.decoder.block.2.layer.1.EncDecAttention.q.weight: copying a param with shape torch.Size([384, 512]) from checkpoint, the shape in current model is torch.Size([1024, 1024]).
	size mismatch for model.decoder.block.2.layer.1.EncDecAttention.k.weight: copying a param with shape torch.Size([384, 512]) from checkpoint, the shape in current model is torch.Size([1024, 1024]).
	size mismatch for model.decoder.block.2.layer.1.EncDecAttention.v.weight: copying a param with shape torch.Size([384, 512]) from checkpoint, the shape in current model is torch.Size([1024, 1024]).
	size mismatch for model.decoder.block.2.layer.1.EncDecAttention.o.weight: copying a param with shape torch.Size([512, 384]) from checkpoint, the shape in current model is torch.Size([1024, 1024]).
	size mismatch for model.decoder.block.2.layer.1.layer_norm.weight: copying a param with shape torch.Size([512]) from checkpoint, the shape in current model is torch.Size([1024]).
	size mismatch for model.decoder.block.2.layer.2.DenseReluDense.wo.weight: copying a param with shape torch.Size([512, 1024]) from checkpoint, the shape in current model is torch.Size([1024, 4096]).
	size mismatch for model.decoder.block.2.layer.2.layer_norm.weight: copying a param with shape torch.Size([512]) from checkpoint, the shape in current model is torch.Size([1024]).
	size mismatch for model.decoder.block.3.layer.0.SelfAttention.q.weight: copying a param with shape torch.Size([384, 512]) from checkpoint, the shape in current model is torch.Size([1024, 1024]).
	size mismatch for model.decoder.block.3.layer.0.SelfAttention.k.weight: copying a param with shape torch.Size([384, 512]) from checkpoint, the shape in current model is torch.Size([1024, 1024]).
	size mismatch for model.decoder.block.3.layer.0.SelfAttention.v.weight: copying a param with shape torch.Size([384, 512]) from checkpoint, the shape in current model is torch.Size([1024, 1024]).
	size mismatch for model.decoder.block.3.layer.0.SelfAttention.o.weight: copying a param with shape torch.Size([512, 384]) from checkpoint, the shape in current model is torch.Size([1024, 1024]).
	size mismatch for model.decoder.block.3.layer.0.layer_norm.weight: copying a param with shape torch.Size([512]) from checkpoint, the shape in current model is torch.Size([1024]).
	size mismatch for model.decoder.block.3.layer.1.EncDecAttention.q.weight: copying a param with shape torch.Size([384, 512]) from checkpoint, the shape in current model is torch.Size([1024, 1024]).
	size mismatch for model.decoder.block.3.layer.1.EncDecAttention.k.weight: copying a param with shape torch.Size([384, 512]) from checkpoint, the shape in current model is torch.Size([1024, 1024]).
	size mismatch for model.decoder.block.3.layer.1.EncDecAttention.v.weight: copying a param with shape torch.Size([384, 512]) from checkpoint, the shape in current model is torch.Size([1024, 1024]).
	size mismatch for model.decoder.block.3.layer.1.EncDecAttention.o.weight: copying a param with shape torch.Size([512, 384]) from checkpoint, the shape in current model is torch.Size([1024, 1024]).
	size mismatch for model.decoder.block.3.layer.1.layer_norm.weight: copying a param with shape torch.Size([512]) from checkpoint, the shape in current model is torch.Size([1024]).
	size mismatch for model.decoder.block.3.layer.2.DenseReluDense.wo.weight: copying a param with shape torch.Size([512, 1024]) from checkpoint, the shape in current model is torch.Size([1024, 4096]).
	size mismatch for model.decoder.block.3.layer.2.layer_norm.weight: copying a param with shape torch.Size([512]) from checkpoint, the shape in current model is torch.Size([1024]).
	size mismatch for model.decoder.block.4.layer.0.SelfAttention.q.weight: copying a param with shape torch.Size([384, 512]) from checkpoint, the shape in current model is torch.Size([1024, 1024]).
	size mismatch for model.decoder.block.4.layer.0.SelfAttention.k.weight: copying a param with shape torch.Size([384, 512]) from checkpoint, the shape in current model is torch.Size([1024, 1024]).
	size mismatch for model.decoder.block.4.layer.0.SelfAttention.v.weight: copying a param with shape torch.Size([384, 512]) from checkpoint, the shape in current model is torch.Size([1024, 1024]).
	size mismatch for model.decoder.block.4.layer.0.SelfAttention.o.weight: copying a param with shape torch.Size([512, 384]) from checkpoint, the shape in current model is torch.Size([1024, 1024]).
	size mismatch for model.decoder.block.4.layer.0.layer_norm.weight: copying a param with shape torch.Size([512]) from checkpoint, the shape in current model is torch.Size([1024]).
	size mismatch for model.decoder.block.4.layer.1.EncDecAttention.q.weight: copying a param with shape torch.Size([384, 512]) from checkpoint, the shape in current model is torch.Size([1024, 1024]).
	size mismatch for model.decoder.block.4.layer.1.EncDecAttention.k.weight: copying a param with shape torch.Size([384, 512]) from checkpoint, the shape in current model is torch.Size([1024, 1024]).
	size mismatch for model.decoder.block.4.layer.1.EncDecAttention.v.weight: copying a param with shape torch.Size([384, 512]) from checkpoint, the shape in current model is torch.Size([1024, 1024]).
	size mismatch for model.decoder.block.4.layer.1.EncDecAttention.o.weight: copying a param with shape torch.Size([512, 384]) from checkpoint, the shape in current model is torch.Size([1024, 1024]).
	size mismatch for model.decoder.block.4.layer.1.layer_norm.weight: copying a param with shape torch.Size([512]) from checkpoint, the shape in current model is torch.Size([1024]).
	size mismatch for model.decoder.block.4.layer.2.DenseReluDense.wo.weight: copying a param with shape torch.Size([512, 1024]) from checkpoint, the shape in current model is torch.Size([1024, 4096]).
	size mismatch for model.decoder.block.4.layer.2.layer_norm.weight: copying a param with shape torch.Size([512]) from checkpoint, the shape in current model is torch.Size([1024]).
	size mismatch for model.decoder.block.5.layer.0.SelfAttention.q.weight: copying a param with shape torch.Size([384, 512]) from checkpoint, the shape in current model is torch.Size([1024, 1024]).
	size mismatch for model.decoder.block.5.layer.0.SelfAttention.k.weight: copying a param with shape torch.Size([384, 512]) from checkpoint, the shape in current model is torch.Size([1024, 1024]).
	size mismatch for model.decoder.block.5.layer.0.SelfAttention.v.weight: copying a param with shape torch.Size([384, 512]) from checkpoint, the shape in current model is torch.Size([1024, 1024]).
	size mismatch for model.decoder.block.5.layer.0.SelfAttention.o.weight: copying a param with shape torch.Size([512, 384]) from checkpoint, the shape in current model is torch.Size([1024, 1024]).
	size mismatch for model.decoder.block.5.layer.0.layer_norm.weight: copying a param with shape torch.Size([512]) from checkpoint, the shape in current model is torch.Size([1024]).
	size mismatch for model.decoder.block.5.layer.1.EncDecAttention.q.weight: copying a param with shape torch.Size([384, 512]) from checkpoint, the shape in current model is torch.Size([1024, 1024]).
	size mismatch for model.decoder.block.5.layer.1.EncDecAttention.k.weight: copying a param with shape torch.Size([384, 512]) from checkpoint, the shape in current model is torch.Size([1024, 1024]).
	size mismatch for model.decoder.block.5.layer.1.EncDecAttention.v.weight: copying a param with shape torch.Size([384, 512]) from checkpoint, the shape in current model is torch.Size([1024, 1024]).
	size mismatch for model.decoder.block.5.layer.1.EncDecAttention.o.weight: copying a param with shape torch.Size([512, 384]) from checkpoint, the shape in current model is torch.Size([1024, 1024]).
	size mismatch for model.decoder.block.5.layer.1.layer_norm.weight: copying a param with shape torch.Size([512]) from checkpoint, the shape in current model is torch.Size([1024]).
	size mismatch for model.decoder.block.5.layer.2.DenseReluDense.wo.weight: copying a param with shape torch.Size([512, 1024]) from checkpoint, the shape in current model is torch.Size([1024, 4096]).
	size mismatch for model.decoder.block.5.layer.2.layer_norm.weight: copying a param with shape torch.Size([512]) from checkpoint, the shape in current model is torch.Size([1024]).
	size mismatch for model.decoder.block.6.layer.0.SelfAttention.q.weight: copying a param with shape torch.Size([384, 512]) from checkpoint, the shape in current model is torch.Size([1024, 1024]).
	size mismatch for model.decoder.block.6.layer.0.SelfAttention.k.weight: copying a param with shape torch.Size([384, 512]) from checkpoint, the shape in current model is torch.Size([1024, 1024]).
	size mismatch for model.decoder.block.6.layer.0.SelfAttention.v.weight: copying a param with shape torch.Size([384, 512]) from checkpoint, the shape in current model is torch.Size([1024, 1024]).
	size mismatch for model.decoder.block.6.layer.0.SelfAttention.o.weight: copying a param with shape torch.Size([512, 384]) from checkpoint, the shape in current model is torch.Size([1024, 1024]).
	size mismatch for model.decoder.block.6.layer.0.layer_norm.weight: copying a param with shape torch.Size([512]) from checkpoint, the shape in current model is torch.Size([1024]).
	size mismatch for model.decoder.block.6.layer.1.EncDecAttention.q.weight: copying a param with shape torch.Size([384, 512]) from checkpoint, the shape in current model is torch.Size([1024, 1024]).
	size mismatch for model.decoder.block.6.layer.1.EncDecAttention.k.weight: copying a param with shape torch.Size([384, 512]) from checkpoint, the shape in current model is torch.Size([1024, 1024]).
	size mismatch for model.decoder.block.6.layer.1.EncDecAttention.v.weight: copying a param with shape torch.Size([384, 512]) from checkpoint, the shape in current model is torch.Size([1024, 1024]).
	size mismatch for model.decoder.block.6.layer.1.EncDecAttention.o.weight: copying a param with shape torch.Size([512, 384]) from checkpoint, the shape in current model is torch.Size([1024, 1024]).
	size mismatch for model.decoder.block.6.layer.1.layer_norm.weight: copying a param with shape torch.Size([512]) from checkpoint, the shape in current model is torch.Size([1024]).
	size mismatch for model.decoder.block.6.layer.2.DenseReluDense.wo.weight: copying a param with shape torch.Size([512, 1024]) from checkpoint, the shape in current model is torch.Size([1024, 4096]).
	size mismatch for model.decoder.block.6.layer.2.layer_norm.weight: copying a param with shape torch.Size([512]) from checkpoint, the shape in current model is torch.Size([1024]).
	size mismatch for model.decoder.block.7.layer.0.SelfAttention.q.weight: copying a param with shape torch.Size([384, 512]) from checkpoint, the shape in current model is torch.Size([1024, 1024]).
	size mismatch for model.decoder.block.7.layer.0.SelfAttention.k.weight: copying a param with shape torch.Size([384, 512]) from checkpoint, the shape in current model is torch.Size([1024, 1024]).
	size mismatch for model.decoder.block.7.layer.0.SelfAttention.v.weight: copying a param with shape torch.Size([384, 512]) from checkpoint, the shape in current model is torch.Size([1024, 1024]).
	size mismatch for model.decoder.block.7.layer.0.SelfAttention.o.weight: copying a param with shape torch.Size([512, 384]) from checkpoint, the shape in current model is torch.Size([1024, 1024]).
	size mismatch for model.decoder.block.7.layer.0.layer_norm.weight: copying a param with shape torch.Size([512]) from checkpoint, the shape in current model is torch.Size([1024]).
	size mismatch for model.decoder.block.7.layer.1.EncDecAttention.q.weight: copying a param with shape torch.Size([384, 512]) from checkpoint, the shape in current model is torch.Size([1024, 1024]).
	size mismatch for model.decoder.block.7.layer.1.EncDecAttention.k.weight: copying a param with shape torch.Size([384, 512]) from checkpoint, the shape in current model is torch.Size([1024, 1024]).
	size mismatch for model.decoder.block.7.layer.1.EncDecAttention.v.weight: copying a param with shape torch.Size([384, 512]) from checkpoint, the shape in current model is torch.Size([1024, 1024]).
	size mismatch for model.decoder.block.7.layer.1.EncDecAttention.o.weight: copying a param with shape torch.Size([512, 384]) from checkpoint, the shape in current model is torch.Size([1024, 1024]).
	size mismatch for model.decoder.block.7.layer.1.layer_norm.weight: copying a param with shape torch.Size([512]) from checkpoint, the shape in current model is torch.Size([1024]).
	size mismatch for model.decoder.block.7.layer.2.DenseReluDense.wo.weight: copying a param with shape torch.Size([512, 1024]) from checkpoint, the shape in current model is torch.Size([1024, 4096]).
	size mismatch for model.decoder.block.7.layer.2.layer_norm.weight: copying a param with shape torch.Size([512]) from checkpoint, the shape in current model is torch.Size([1024]).
	size mismatch for model.decoder.final_layer_norm.weight: copying a param with shape torch.Size([512]) from checkpoint, the shape in current model is torch.Size([1024]).
	size mismatch for model.lm_head.weight: copying a param with shape torch.Size([32128, 512]) from checkpoint, the shape in current model is torch.Size([32128, 1024]).
