#!/bin/bash
#SBATCH --job-name=data-proc
#SBATCH --partition=gpu-a40
#SBATCH --account=cse
#SBATCH --nodes=1
#SBATCH --cpus-per-task=8
#SBATCH --mem=32G
#SBATCH --gres=gpu:1
#SBATCH --time=11:00:00
#SBATCH --mail-type=ALL
#SBATCH --mail-user=tjung2@uw.edu

# I use source to initialize conda into the right environment.
cat $0
echo "--------------------"

source ~/.bashrc
conda activate ckl

python run.py --config configs/templama/training/t5_kadapters_2010_1freeze.json
--------------------
/mmfs1/gscratch/ark/tjung2/miniconda3/envs/ckl/lib/python3.8/site-packages/pytorch_lightning/callbacks/model_checkpoint.py:396: LightningDeprecationWarning: Argument `period` in `ModelCheckpoint` is deprecated in v1.3 and will be removed in v1.5. Please use `every_n_val_epochs` instead.
  rank_zero_deprecation(
Namespace(accelerator='ddp', adam_epsilon=1e-08, adapter_config={'adapter_hidden_size': 128, 'adapter_list': [1, 5, 8]}, check_validation_only=False, checkpoint_dir='outputs/adapters_2010_2freeze', checkpoint_path='', dataset='templama', dataset_version='2010', early_stop_callback=False, eval_batch_size=32, freeze_embeds=False, freeze_encoder=False, freeze_level=1, learning_rate=0.001, max_grad_norm=0.5, max_input_length=50, max_output_length=25, method='kadapter', mode='pretrain', model_name_or_path='google/t5-small-ssm', n_gpu=1, n_test=-1, n_train=-1, n_val=-1, num_train_epochs=30, num_workers=4, opt_level='O1', output_dir='outputs/adapters_2010_1freeze', output_log=None, prefix=True, resume_from_checkpoint=None, seed=42, split=0, split_num=1, t5_learning_rate=1e-06, tokenizer_name_or_path='google/t5-small-ssm', train_batch_size=32, use_deepspeed=False, use_lr_scheduling=True, val_check_interval=1.0, wandb_log=False, warmup_steps=0, weight_decay=0.0)
Traceback (most recent call last):
  File "run.py", line 130, in <module>
    em = float(re.search(pattern, filename).group(0))
ValueError: could not convert string to float: 'em_score=0.027'
