#!/bin/bash
#SBATCH --job-name=data-proc
#SBATCH --partition=gpu-rtx6k
#SBATCH --account=cse
#SBATCH --nodes=1
#SBATCH --cpus-per-task=8
#SBATCH --mem=32G
#SBATCH --gres=gpu:1
#SBATCH --time=1-00:00:00 
#SBATCH --mail-type=ALL
#SBATCH --mail-user=tjung2@uw.edu

# I use source to initialize conda into the right environment.
cat $0
echo "--------------------"

source ~/.bashrc
conda activate ckl

# python run.py --config configs/templama/training/t5_kadapters_yearly_2freeze.json -checkpoint_path outputs/wmtbaseline_full/epoch=0-f1_score=0.151-em_score=0.000.ckpt

python preprocess_wmt_train_data.py 2007 -debug
--------------------
Tentative Deal Reached With Union at Dow Jones
{'entity': 'I-ORG', 'score': 0.4013518, 'index': 7, 'word': 'Union', 'start': 28, 'end': 33}
{'entity': 'B-LOC', 'score': 0.7216157, 'index': 9, 'word': 'Dow', 'start': 37, 'end': 40}
{'entity': 'I-MISC', 'score': 0.88687885, 'index': 10, 'word': 'Jones', 'start': 41, 'end': 46}
Traceback (most recent call last):
  File "preprocess_wmt_train_data.py", line 154, in <module>
    main()
  File "preprocess_wmt_train_data.py", line 65, in main
    sentence, answers = mask_sentence(sentences[i], mask_chance, bert_ner, spacy_ner)
  File "preprocess_wmt_train_data.py", line 122, in mask_sentence
    while sentence[ent['end']+1].isalpha():
IndexError: string index out of range
