#!/bin/bash
#SBATCH --job-name=data-proc
#SBATCH --partition=gpu-a40
#SBATCH --account=cse
#SBATCH --nodes=1
#SBATCH --cpus-per-task=8
#SBATCH --mem=32G
#SBATCH --gres=gpu:1
#SBATCH --time=04:59:00
#SBATCH --mail-type=ALL
#SBATCH --mail-user=tjung2@uw.edu

# I use source to initialize conda into the right environment.
cat $0
echo "--------------------"

source ~/.bashrc
conda activate ckl

python run.py --config configs/templama/training/t5_kadapters_debug.json
--------------------
/mmfs1/gscratch/ark/tjung2/miniconda3/envs/ckl/lib/python3.8/site-packages/pytorch_lightning/callbacks/model_checkpoint.py:396: LightningDeprecationWarning: Argument `period` in `ModelCheckpoint` is deprecated in v1.3 and will be removed in v1.5. Please use `every_n_val_epochs` instead.
  rank_zero_deprecation(
Some weights of T5ForConditionalGeneration were not initialized from the model checkpoint at google/t5-small-ssm and are newly initialized: ['kadapter.adapter.1.layer.0.layer_norm.weight', 'kadapter.adapter.0.layer.1.DenseReluDense.wi_1.weight', 'kadapter.adapter.1.layer.1.DenseReluDense.wo.weight', 'kadapter.adapter.1.layer.0.SelfAttention.v.weight', 'kadapter.adapter.1.layer.0.SelfAttention.q.weight', 'kadapter.adapter.0.layer.0.SelfAttention.k.weight', 'kadapter.adapter.1.layer.0.SelfAttention.o.weight', 'kadapter.adapter.0.layer.0.SelfAttention.q.weight', 'kadapter.adapter.0.layer.1.layer_norm.weight', 'kadapter.adapter.1.layer.1.DenseReluDense.wi_0.weight', 'kadapter.layer_norm.weight', 'kadapter.adapter.0.layer.0.layer_norm.weight', 'kadapter.adapter.0.layer.1.DenseReluDense.wi_0.weight', 'kadapter.adapter.1.layer.1.DenseReluDense.wi_1.weight', 'kadapter.adapter.0.layer.0.SelfAttention.o.weight', 'kadapter.adapter.0.layer.1.DenseReluDense.wo.weight', 'kadapter.adapter.1.layer.1.layer_norm.weight', 'kadapter.adapter.0.layer.0.SelfAttention.relative_attention_bias.weight', 'kadapter.adapter.0.layer.0.SelfAttention.v.weight', 'kadapter.adapter.1.layer.0.SelfAttention.k.weight']
You should probably TRAIN this model on a down-stream task to be able to use it for predictions and inference.
GPU available: True, used: True
TPU available: False, using: 0 TPU cores
initializing ddp: GLOBAL_RANK: 0, MEMBER: 1/1
----------------------------------------------------------------------------------------------------
distributed_backend=nccl
All DDP processes registered. Starting ddp with 1 processes
----------------------------------------------------------------------------------------------------

LOCAL_RANK: 0 - CUDA_VISIBLE_DEVICES: [0]
wandb: Currently logged in as: tjung2. Use `wandb login --relogin` to force relogin
split is 0
Length of dataset retrieving is.. 49
wandb: wandb version 0.13.0 is available!  To upgrade, please run:
wandb:  $ pip install wandb --upgrade
wandb: Tracking run with wandb version 0.12.21
wandb: Run data is saved locally in /mmfs1/gscratch/ark/tjung2/continual-knowledge-learning/wandb/run-20220805_023643-1lyycuru
wandb: Run `wandb offline` to turn off syncing.
wandb: Syncing run T5_small_templama(debug)_lr.001_adapters
wandb: ⭐️ View project at https://wandb.ai/tjung2/continual_learning_3
wandb: 🚀 View run at https://wandb.ai/tjung2/continual_learning_3/runs/1lyycuru
Set SLURM handle signals.

  | Name  | Type                       | Params
-----------------------------------------------------
0 | model | T5ForConditionalGeneration | 81.7 M
-----------------------------------------------------
46.3 M    Trainable params
35.3 M    Non-trainable params
81.7 M    Total params
326.730   Total estimated model params size (MB)
Restored states from the checkpoint file at outputs/T5_small_templama(debug)_lr.001_adapters/epoch=15-step=47.ckpt
Validation sanity check: 0it [00:00, ?it/s]                                           /mmfs1/gscratch/ark/tjung2/miniconda3/envs/ckl/lib/python3.8/site-packages/pytorch_lightning/trainer/data_loading.py:354: UserWarning: One of given dataloaders is None and it will be skipped.
  rank_zero_warn("One of given dataloaders is None and it will be skipped.")
split is 0
Length of dataset retrieving is.. 49
Training: 0it [00:00, ?it/s]wandb: Waiting for W&B process to finish... (success).
wandb: - 0.001 MB of 0.001 MB uploaded (0.000 MB deduped)wandb: \ 0.001 MB of 0.008 MB uploaded (0.000 MB deduped)wandb: | 0.006 MB of 0.008 MB uploaded (0.000 MB deduped)wandb: / 0.008 MB of 0.008 MB uploaded (0.000 MB deduped)wandb: - 0.008 MB of 0.008 MB uploaded (0.000 MB deduped)wandb: \ 0.008 MB of 0.008 MB uploaded (0.000 MB deduped)wandb: | 0.008 MB of 0.008 MB uploaded (0.000 MB deduped)wandb: / 0.008 MB of 0.008 MB uploaded (0.000 MB deduped)wandb: - 0.008 MB of 0.008 MB uploaded (0.000 MB deduped)wandb: \ 0.008 MB of 0.008 MB uploaded (0.000 MB deduped)wandb:                                                                                
wandb: Synced T5_small_templama(debug)_lr.001_adapters: https://wandb.ai/tjung2/continual_learning_3/runs/1lyycuru
wandb: Synced 6 W&B file(s), 0 media file(s), 0 artifact file(s) and 0 other file(s)
wandb: Find logs at: ./wandb/run-20220805_023643-1lyycuru/logs
