#!/bin/bash
#SBATCH --job-name=data-proc
#SBATCH --partition=gpu-2080ti
#SBATCH --account=ark
#SBATCH --nodes=1
#SBATCH --cpus-per-task=8
#SBATCH --mem=32G
#SBATCH --gres=gpu:1
#SBATCH --time=12:00:00 
#SBATCH --mail-type=ALL
#SBATCH --mail-user=tjung2@uw.edu

# I use source to initialize conda into the right environment.
cat $0
echo "--------------------"

source ~/.bashrc
conda activate ckl

# python run.py --config configs/templama/training/t5_kadapters_yearly_2freeze.json -checkpoint_path outputs/wmtbaseline_full/epoch=0-f1_score=0.151-em_score=0.000.ckpt

# python run.py --config configs/wmt/training/t5_kadapters_yearly_2freeze.json -checkpoint_path outputs/wmtkadapter_2010_2freeze_158_128/epoch=8-f1_score=0.084-em_score=0.000.ckpt

# python preprocess_wmt_train_data.py 2016
# python preprocess_wmt_train_data.py 2017
# python preprocess_wmt_train_data.py 2018

# python run.py --config configs/templama/training/t5_kadapters_soft_full.json -checkpoint_path outputs/wmtkadapter_2010_2freeze_158_128/epoch=8-f1_score=0.084-em_score=0.000.ckpt

# python run.py --config configs/templama/evaluation/t5_baseline_full.json -val_data 2010

# python run.py --config configs/templama/evaluation/t5_kadapters_soft_full.json -val_data 2010

python test.py
--------------------
Read csv: 3.6384792360000002 seconds
Create sentences: 0.05435924200000031 seconds
Traceback (most recent call last):
  File "test.py", line 38, in <module>
    spacy_ner = spacy.load("en_core_web_sm", enable=['ner'])
  File "/mmfs1/gscratch/ark/tjung2/miniconda3/envs/ckl/lib/python3.8/site-packages/spacy/__init__.py", line 54, in load
    return util.load_model(
  File "/mmfs1/gscratch/ark/tjung2/miniconda3/envs/ckl/lib/python3.8/site-packages/spacy/util.py", line 429, in load_model
    return load_model_from_package(name, **kwargs)  # type: ignore[arg-type]
  File "/mmfs1/gscratch/ark/tjung2/miniconda3/envs/ckl/lib/python3.8/site-packages/spacy/util.py", line 465, in load_model_from_package
    return cls.load(vocab=vocab, disable=disable, enable=enable, exclude=exclude, config=config)  # type: ignore[attr-defined]
  File "/mmfs1/gscratch/ark/tjung2/miniconda3/envs/ckl/lib/python3.8/site-packages/en_core_web_sm/__init__.py", line 10, in load
    return load_model_from_init_py(__file__, **overrides)
  File "/mmfs1/gscratch/ark/tjung2/miniconda3/envs/ckl/lib/python3.8/site-packages/spacy/util.py", line 646, in load_model_from_init_py
    return load_model_from_path(
  File "/mmfs1/gscratch/ark/tjung2/miniconda3/envs/ckl/lib/python3.8/site-packages/spacy/util.py", line 503, in load_model_from_path
    nlp = load_model_from_config(
  File "/mmfs1/gscratch/ark/tjung2/miniconda3/envs/ckl/lib/python3.8/site-packages/spacy/util.py", line 551, in load_model_from_config
    nlp = lang_cls.from_config(
  File "/mmfs1/gscratch/ark/tjung2/miniconda3/envs/ckl/lib/python3.8/site-packages/spacy/language.py", line 1869, in from_config
    disabled_pipes = cls._resolve_component_status(
  File "/mmfs1/gscratch/ark/tjung2/miniconda3/envs/ckl/lib/python3.8/site-packages/spacy/language.py", line 2052, in _resolve_component_status
    raise ValueError(
ValueError: [E1042] Function was called with `enable`=['ner'] and `disable`=['senter'] but these arguments are conflicting.
