#!/bin/bash
#SBATCH --job-name=data-proc
#SBATCH --partition=gpu-rtx6k
#SBATCH --account=cse
#SBATCH --nodes=1
#SBATCH --cpus-per-task=8
#SBATCH --mem=48G
#SBATCH --gres=gpu:1
#SBATCH --time=12:00:00
#SBATCH --mail-type=ALL
#SBATCH --mail-user=tjung2@uw.edu
#SBATCH --dependency=afterany:6700270

# I use source to initialize conda into the right environment.
cat $0
echo "--------------------"

source ~/.bashrc
conda activate ckl

python preprocess_utils/preprocess_streamqa_data.py train
python preprocess_utils/preprocess_streamqa_data.py val
python preprocess_utils/preprocess_streamqa_data.py test--------------------
Preprocessing streamqa split: train
max answer length = 32
max query length = 28
1796
7141
8239
5767
7782
7380
9695
9245
9368
7717
9668
7577
8027
Preprocessing streamqa split: val
max answer length = 13
max query length = 28
179
701
797
560
763
725
972
987
913
770
911
848
813
Preprocessing streamqa split: test
max answer length = 160
max query length = 58
36378
