#!/bin/bash
#SBATCH --job-name=data-proc
#SBATCH --partition=gpu-a40
#SBATCH --account=ark
#SBATCH --nodes=1
#SBATCH --cpus-per-task=8
#SBATCH --mem=32G
#SBATCH --gres=gpu:1
#SBATCH --time=04:59:00
#SBATCH --mail-type=ALL
#SBATCH --mail-user=tjung2@uw.edu

# I use source to initialize conda into the right environment.
cat $0
echo "--------------------"

source ~/.bashrc
conda activate ckl

python run.py --config configs/templama/training/t5_baseline_2010_prefixed_test.json
--------------------
wandb: Currently logged in as: tjung2. Use `wandb login --relogin` to force relogin
wandb: wandb version 0.13.1 is available!  To upgrade, please run:
wandb:  $ pip install wandb --upgrade
wandb: Tracking run with wandb version 0.12.21
wandb: Run data is saved locally in /mmfs1/gscratch/ark/tjung2/continual-knowledge-learning/wandb/run-20220817_234334-2l8tlumv
wandb: Run `wandb offline` to turn off syncing.
wandb: Syncing run T5_small_templama(2010)_lr.0001_baseline_prefixed
wandb: ⭐️ View project at https://wandb.ai/tjung2/temporal_questions_1
wandb: 🚀 View run at https://wandb.ai/tjung2/temporal_questions_1/runs/2l8tlumv
Traceback (most recent call last):
  File "run.py", line 87, in <module>
    gradient_accumulation_steps=hparam.gradient_accumulation_steps,
AttributeError: 'Namespace' object has no attribute 'gradient_accumulation_steps'
wandb: Waiting for W&B process to finish... (failed 1). Press Control-C to abort syncing.
wandb: - 0.001 MB of 0.001 MB uploaded (0.000 MB deduped)wandb: \ 0.001 MB of 0.001 MB uploaded (0.000 MB deduped)wandb: | 0.001 MB of 0.006 MB uploaded (0.000 MB deduped)wandb: / 0.005 MB of 0.006 MB uploaded (0.000 MB deduped)wandb: - 0.006 MB of 0.006 MB uploaded (0.000 MB deduped)wandb: \ 0.006 MB of 0.006 MB uploaded (0.000 MB deduped)wandb: | 0.006 MB of 0.006 MB uploaded (0.000 MB deduped)wandb: / 0.006 MB of 0.006 MB uploaded (0.000 MB deduped)wandb: - 0.006 MB of 0.006 MB uploaded (0.000 MB deduped)wandb: \ 0.006 MB of 0.006 MB uploaded (0.000 MB deduped)wandb:                                                                                
wandb: Synced T5_small_templama(2010)_lr.0001_baseline_prefixed: https://wandb.ai/tjung2/temporal_questions_1/runs/2l8tlumv
wandb: Synced 5 W&B file(s), 0 media file(s), 0 artifact file(s) and 0 other file(s)
wandb: Find logs at: ./wandb/run-20220817_234334-2l8tlumv/logs
