#!/bin/bash
#SBATCH --job-name=data-proc
#SBATCH --partition=gpu-rtx6k
#SBATCH --account=cse
#SBATCH --nodes=1
#SBATCH --cpus-per-task=8
#SBATCH --mem=32G
#SBATCH --gres=gpu:1
#SBATCH --time=11:00:00
#SBATCH --mail-type=ALL
#SBATCH --mail-user=tjung2@uw.edu

# I use source to initialize conda into the right environment.
cat $0
echo "--------------------"

source ~/.bashrc
conda activate ckl

wget https://data.statmt.org/news-crawl/doc/en/news-docs.2017.en.filtered.gz --user newscrawl --password acrawl4me
--------------------
--2022-09-16 01:00:03--  https://data.statmt.org/news-crawl/doc/en/news-docs.2017.en.filtered.gz
Resolving data.statmt.org (data.statmt.org)... 129.215.197.184
Connecting to data.statmt.org (data.statmt.org)|129.215.197.184|:443... connected.
HTTP request sent, awaiting response... 401 Unauthorized
Authentication selected: Basic realm="Document-split news crawl"
Reusing existing connection to data.statmt.org:443.
HTTP request sent, awaiting response... 200 OK
Length: 17436264379 (16G) [application/x-gzip]
Saving to: ‘news-docs.2017.en.filtered.gz’

     0K .......... .......... .......... .......... ..........  0%  107K 44h6m
    50K .......... .......... .......... .......... ..........  0% 27.8K 4d11h
   100K .......... .......... .......... .......... ..........  0%  142K 3d10h
   150K .......... .......... .......... .......... ..........  0%  117K 2d23h
   200K .......... .......... .......... .......... ..........  0%  129K 2d16h
   250K .......... .......... .......... .......... ..........  0% 86.6K 2d15h
   300K .......... .......... .......... .......... ..........  0% 88.9K 2d13h
   350K .......... .......... .......... .......... ..........  0%  109K 2d11h
   400K .......... .......... .......... .......... ..........  0% 53.5K 2d14h
   450K .......... .......... .......... .......... ..........  0% 56.5K 2d16h
   500K .......... .......... .......... .......... ..........  0% 74.4K 2d16h
   550K .......... .......... .......... .......... ..........  0% 87.9K 2d15h
   600K .......... .......... .......... .......... ..........  0% 50.9K 2d18h
   650K .......... .......... .......... .......... ..........  0% 75.7K 2d17h
   700K .......... .......... .......... .......... ..........  0% 80.8K 2d17h
   750K .......... .......... .......... .......... ..........  0% 87.6K 2d16h
   800K .......... .......... .......... .......... ..........  0% 60.9K 2d17h
   850K .......... .......... .......... .......... ..........  0% 80.4K 2d16h
   900K .......... .......... .......... .......... ..........  0% 46.2K 2d18h
   950K .......... .......... .......... .......... ..........  0% 64.3K 2d19h
  1000K .......... .......... .......... .......... ..........  0% 80.3K 2d18h
  1050K .......... .......... .......... .......... ..........  0% 99.2K 2d18h
  1100K .......... .......... .......... .......... ..........  0%  116K 2d16h
  1150K .......... .......... .......... .......... ..........  0%  120K 2d15h
  1200K .......... .......... .......... .......... ..........  0% 53.5K 2d16h
  1250K .......... .......... .......... .......... ..........  0% 58.4K 2d17h
  1300K .......... .......... .......... .......... ..........  0%  107K 2d16h
  1350K .......... .......... .......... .......... ..........  0% 68.3K 2d16h
  1400K .......... .......... .......... .......... ..........  0% 80.6K 2d16h
  1450K .......... .......... .......... .......... ..........  0%  107K 2d15h
  1500K .......... .......... .......... .......... ..........  0%  127K 2d15h
  1550K .......... .......... .......... .......... ..........  0%  131K 2d14h
  1600K .......... .......... .......... .......... ..........  0% 45.9K 2d15h
  1650K .......... .......... .......... .......... ..........  0%  107K 2d14h
  1700K .......... .......... .......... .......... ..........  0% 98.1K 2d14h
  1750K .......... .......... .......... .......... ..........  0%  107K 2d13h
  1800K .......... .......... .......... .......... ..........  0% 86.4K 2d13h
  1850K .......... .......... .......... .......... ..........  0% 75.0K 2d13h
  1900K .......... .......... .......... .......... ..........  0% 80.5K 2d13h
  1950K .......... .......... .......... .......... ..........  0% 99.2K 2d13h
  2000K .......... .......... .......... .......... ..........  0% 80.8K 2d13h
  2050K .......... .......... .......... .......... ..........  0%  117K 2d12h
  2100K .......... .......... .......... .......... ..........  0%  143K 2d12h
  2150K .......... .......... .......... .......... ..........  0%  141K 2d11h
  2200K .......... .......... .......... .......... ..........  0%  161K 2d10h
  2250K .......... .......... .......... .......... ..........  0%  190K 2d10h
  2300K .......... .......... .......... .......... ..........  0%  162K 2d9h
  2350K .......... .......... .......... .......... ..........  0% 90.4K 2d9h
  2400K .......... .......... .......... .......... ..........  0%  223K 2d8h
  2450K .......... .......... .......... .......... ..........  0%  162K 2d8h
  2500K .......... .......... .......... .......... ..........  0%  161K 2d7h
  2550K .......... .......... .......... .......... ..........  0%  125K 2d7h
  2600K .......... .......... .......... .......... ..........  0% 45.8K 2d8h
  2650K .......... .......... .......... .......... ..........  0%  108K 2d7h
  2700K .......... .......... .......... .......... ..........  0% 98.4K 2d7h
  2750K .......... .......... .......... .......... ..........  0%  118K 2d7h
  2800K .......... .......... .......... .......... ..........  0%  110K 2d7h
  2850K .......... .......... .......... .......... ..........  0%  139K 2d6h
  2900K .......... .......... .......... .......... ..........  0%  160K 2d6h
  2950K .......... .......... .......... .......... ..........  0%  161K 2d6h
  3000K .......... .......... .......... .......... ..........  0%  168K 2d5h
  3050K .......... .......... .......... .......... ..........  0%  235K 2d5h
  3100K .......... .......... .......... .......... ..........  0%  124K 2d4h
  3150K .......... .......... .......... .......... ..........  0%  235K 2d4h
  3200K .......... .......... .......... .......... ..........  0%  107K 2d4h
  3250K .......... .......... .......... .......... ..........  0%  163K 2d3h
  3300K .......... .......... .......... .......... ..........  0%  197K 2d3h
  3350K .......... .......... .......... .......... ..........  0%  107K 2d3h
  3400K .......... .......... .......... .......... ..........  0%  421K 2d2h
  3450K .......... .......... .......... .......... ..........  0%  146K 2d2h
  3500K .......... .......... .......... .......... ..........  0%  160K 2d2h
  3550K .......... .......... .......... .......... ..........  0%  136K 2d2h
  3600K .......... .......... .......... .......... ..........  0%  107K 2d1h
  3650K .......... .......... .......... .......... ..........  0%  140K 2d1h
  3700K .......... .......... .......... .......... ..........  0%  119K 2d1h
  3750K .......... .......... .......... .......... ..........  0% 81.0K 2d1h
  3800K .......... .......... .......... .......... ..........  0% 87.3K 2d1h
  3850K .......... .......... .......... .......... ..........  0% 80.6K 2d1h
  3900K .......... .......... .......... .......... ..........  0% 80.8K 2d1h
  3950K .......... .......... .......... .......... ..........  0% 64.5K 2d2h
  4000K .......... .......... .......... .......... ..........  0% 49.0K 2d2h
  4050K .......... .......... .......... .......... ..........  0% 72.3K 2d3h
  4100K .......... .......... .......... .......... ..........  0% 63.9K 2d3h
  4150K .......... .......... .......... .......... ..........  0% 33.6K 2d4h
  4200K .......... .......... .......... .......... ..........  0% 38.4K 2d5h
  4250K .......... .......... .......... .......... ..........  0% 51.5K 2d5h
  4300K .......... .......... .......... .......... ..........  0% 69.5K 2d5h
  4350K .......... .......... .......... .......... ..........  0% 68.4K 2d5h
  4400K .......... .......... .......... .......... ..........  0% 72.3K 2d6h
  4450K .......... .......... .......... .......... ..........  0% 80.5K 2d6h
  4500K .......... .......... .......... .......... ..........  0% 80.7K 2d6h
  4550K .......... .......... .......... .......... ..........  0% 97.3K 2d6h
  4600K .......... .......... .......... .......... ..........  0% 86.8K 2d6h
  4650K .......... .......... .......... .......... ..........  0% 89.7K 2d6h
  4700K .......... .......... .......... .......... ..........  0%  132K 2d5h
  4750K .......... .......... .......... .......... ..........  0%  108K 2d5h
  4800K .......... .......... .......... .......... ..........  0% 42.4K 2d6h
  4850K .......... .......... .......... .......... ..........  0% 91.2K 2d6h
  4900K .......... .......... .......... .......... ..........  0% 70.0K 2d6h
  4950K .......... .......... .......... .......... ..........  0% 83.7K 2d6h
  5000K .......... .......... .......... .......... ..........  0%  107K 2d6h
  5050K .......... .......... .......... .......... ..........  0% 61.6K 2d6h
  5100K .......... .......... .......... .......... ..........  0%  161K 2d6h
  5150K .......... .......... .......... .......... ..........  0% 86.7K 2d6h
  5200K .......... .......... .......... .......... ..........  0% 91.0K 2d6h
  5250K .......... .......... .......... .......... ..........  0% 92.6K 2d6h
  5300K .......... .......... .......... .......... ..........  0% 98.3K 2d6h
  5350K .......... .......... .......... .......... ..........  0%  117K 2d6h
  5400K .......... .......... .......... .......... ..........  0%  129K 2d6h
  5450K .......... .......... .......... .......... ..........  0%  107K 2d5h
  5500K .......... .......... .......... .......... ..........  0% 98.2K 2d5h
  5550K .......... .......... .......... .......... ..........  0%  126K 2d5h
  5600K .......... .......... .......... .......... ..........  0%  101K 2d5h
  5650K .......... .......... .......... .......... ..........  0%  127K 2d5h
  5700K .......... .......... .......... .......... ..........  0%  107K 2d5h
  5750K .......... .......... .......... .......... ..........  0%  132K 2d5h
  5800K .......... .......... .......... .......... ..........  0%  115K 2d5h
  5850K .......... .......... .......... .......... ..........  0%  149K 2d5h
  5900K .......... .......... .......... .......... ..........  0%  142K 2d4h
  5950K .......... .......... .......... .......... ..........  0%  126K 2d4h
  6000K .......... .......... .......... .......... ..........  0%  107K 2d4h
  6050K .......... .......... .......... .......... ..........  0%  163K 2d4h
  6100K .......... .......... .......... .......... ..........  0%  186K 2d4h
  6150K .......... .......... .......... .......... ..........  0%  187K 2d4h
  6200K .......... .......... .......... .......... ..........  0%  183K 2d3h
  6250K .......... .......... .......... .......... ..........  0%  114K 2d3h
  6300K .......... .......... .......... .......... ..........  0%  226K 2d3h
  6350K .......... .......... .......... .......... ..........  0%  161K 2d3h
  6400K .......... .......... .......... .......... ..........  0% 86.3K 2d3h
  6450K .......... .......... .......... .......... ..........  0%  142K 2d3h
  6500K .......... .......... .......... .......... ..........  0%  159K 2d3h
  6550K .......... .......... .......... .......... ..........  0%  161K 2d2h
  6600K .......... .......... .......... .......... ..........  0% 86.6K 2d2h
  6650K .......... .......... .......... .......... ..........  0% 91.3K 2d2h
  6700K .......... .......... .......... .......... ..........  0% 84.1K 2d2h
  6750K .......... .......... .......... .......... ..........  0%  108K 2d2h
  6800K .......... .......... .......... .......... ..........  0% 93.3K 2d2h
  6850K .......... .......... .......... .......... ..........  0%  121K 2d2h
  6900K .......... .......... .......... .......... ..........  0%  159K 2d2h
  6950K .......... .......... .......... .......... ..........  0%  114K 2d2h
  7000K .......... .......... .......... .......... ..........  0%  129K 2d2h
  7050K .......... .......... .......... .......... ..........  0%  128K 2d2h
  7100K .......... .......... .......... .......... ..........  0%  160K 2d2h
  7150K .......... .......... .......... .......... ..........  0%  151K 2d2h
  7200K .......... .......... .......... .......... ..........  0%  113K 2d2h
  7250K .......... .......... .......... .......... ..........  0%  162K 2d1h
  7300K .......... .......... .......... .......... ..........  0%  108K 2d1h
  7350K .......... .......... .......... .......... ..........  0%  160K 2d1h
  7400K .......... .......... .......... .......... ..........  0% 92.8K 2d1h
  7450K .......... .......... .......... .......... ..........  0% 80.0K 2d1h
  7500K .......... .......... .......... .......... ..........  0% 34.4K 2d2h
  7550K .......... .......... .......... .......... ..........  0% 61.6K 2d2h
  7600K .......... .......... .......... .......... ..........  0% 40.3K 2d2h
  7650K .......... .......... .......... .......... ..........  0% 80.7K 2d3h
  7700K .......... .......... .......... .......... ..........  0% 67.9K 2d3h
  7750K .......... .......... .......... .......... ..........  0% 99.2K 2d3h
  7800K .......... .......... .......... .......... ..........  0%  107K 2d3h
  7850K .......... .......... .......... .......... ..........  0% 80.1K 2d3h
  7900K .......... .......... .......... .......... ..........  0% 41.6K 2d3h
  7950K .......... .......... .......... .......... ..........  0% 53.4K 2d3h
  8000K .......... .......... .......... .......... ..........  0% 51.3K 2d4h
  8050K .......... .......... .......... .......... ..........  0% 99.2K 2d3h
  8100K .......... .......... .......... .......... ..........  0% 64.3K 2d4h
  8150K .......... .......... .......... .......... ..........  0% 89.1K 2d4h
  8200K .......... .......... .......... .......... ..........  0% 96.0K 2d4h
  8250K .......... .......... .......... .......... ..........  0% 97.6K 2d4h
  8300K .......... .......... .......... .......... ..........  0%  108K 2d4h
  8350K .......... .......... .......... .......... ..........  0%  128K 2d3h
  8400K .......... .......... .......... .......... ..........  0%  100K 2d3h
  8450K .......... .......... .......... .......... ..........  0%  160K 2d3h
  8500K .......... .......... .......... .......... ..........  0%  162K 2d3h
  8550K .......... .......... .......... .......... ..........  0%  161K 2d3h
  8600K .......... .......... .......... .......... ..........  0%  179K 2d3h
  8650K .......... .......... .......... .......... ..........  0%  145K 2d3h
  8700K .......... .......... .......... .......... ..........  0%  139K 2d3h
  8750K .......... .......... .......... .......... ..........  0% 87.2K 2d3h
  8800K .......... .......... .......... .......... ..........  0%  104K 2d3h
  8850K .......... .......... .......... .......... ..........  0%  160K 2d3h
  8900K .......... .......... .......... .......... ..........  0%  134K 2d2h
  8950K .......... .......... .......... .......... ..........  0% 49.5K 2d3h
  9000K .......... .......... .......... .......... ..........  0% 14.3K 2d4h
  9050K .......... .......... .......... .......... ..........  0% 35.7K 2d5h
  9100K .......... .......... .......... .......... ..........  0% 43.3K 2d5h
  9150K .......... .......... .......... .......... ..........  0% 49.0K 2d5h
  9200K .......... .......... .......... .......... ..........  0% 38.9K 2d6h
  9250K .......... .......... .......... .......... ..........  0% 64.3K 2d6h
  9300K .......... .......... .......... .......... ..........  0% 77.5K 2d6h
  9350K .......... .......... .......... .......... ..........  0% 98.6K 2d6h
  9400K .......... .......... .......... .......... ..........  0% 40.5K 2d6h
  9450K .......... .......... .......... .......... ..........  0% 48.3K 2d6h
  9500K .......... .......... .......... .......... ..........  0% 44.1K 2d7h
  9550K .......... .......... .......... .......... ..........  0% 64.3K 2d7h
  9600K .......... .......... .......... .......... ..........  0% 30.6K 2d7h
  9650K .......... .......... .......... .......... ..........  0% 25.9K 2d8h
  9700K .......... .......... .......... .......... ..........  0% 75.7K 2d8h
  9750K .......... .......... .......... .......... ..........  0% 80.5K 2d8h
  9800K .......... .......... .......... .......... ..........  0%  107K 2d8h
  9850K .......... .......... .......... .......... ..........  0%  118K 2d8h
  9900K .......... .......... .......... .......... ..........  0%  208K 2d8h
  9950K .......... .......... .......... .......... ..........  0%  186K 2d7h
 10000K .......... .......... .......... .......... ..........  0%  250K 2d7h
 10050K .......... .......... .......... .......... ..........  0%  226K 2d7h
 10100K .......... .......... .......... .......... ..........  0%  319K 2d7h
 10150K .......... .......... .......... .......... ..........  0%  573K 2d7h
 10200K .......... .......... .......... .......... ..........  0%  442K 2d6h
 10250K .......... .......... .......... .......... ..........  0%  192K 2d6h
 10300K .......... .......... .......... .......... ..........  0% 1.04M 2d6h
 10350K .......... .......... .......... .......... ..........  0%  320K 2d6h
 10400K .......... .......... .......... .......... ..........  0%  255K 2d6h
 10450K .......... .......... .......... .......... ..........  0%  321K 2d5h
 10500K .......... .......... .......... .......... ..........  0%  323K 2d5h
 10550K .......... .......... .......... .......... ..........  0%  437K 2d5h
 10600K .......... .......... .......... .......... ..........  0%  324K 2d5h
 10650K .......... .......... .......... .......... ..........  0%  141K 2d5h
 10700K .......... .......... .......... .......... ..........  0%  176M 2d5h
 10750K .......... .......... .......... .......... ..........  0%  322K 2d4h
 10800K .......... .......... .......... .......... ..........  0%  230K 2d4h
 10850K .......... .......... .......... .......... ..........  0%  139K 2d4h
 10900K .......... .......... .......... .......... ..........  0% 37.4M 2d4h
 10950K .......... .......... .......... .......... ..........  0%  141K 2d4h
 11000K .......... .......... .......... .......... ..........  0% 98.7K 2d4h
 11050K .......... .......... .......... .......... ..........  0%  117K 2d4h
 11100K .......... .......... .......... .......... ..........  0%  138K 2d4h
 11150K .......... .......... .......... .......... ..........  0%  123K 2d4h
 11200K .......... .......... .......... .......... ..........  0%  107K 2d4h
 11250K .......... .......... .......... .......... ..........  0%  108K 2d3h
 11300K .......... .......... .......... .......... ..........  0% 69.8K 2d4h
 11350K .......... .......... .......... .......... ..........  0% 75.4K 2d4h
 11400K .......... .......... .......... .......... ..........  0% 61.0K 2d4h
 11450K .......... .......... .......... .......... ..........  0% 46.1K 2d4h
 11500K .......... .......... .......... .......... ..........  0% 75.2K 2d4h
 11550K .......... .......... .......... .......... ..........  0% 80.5K 2d4h
 11600K .......... .......... .......... .......... ..........  0% 80.4K 2d4h
 11650K .......... .......... .......... .......... ..........  0%  117K 2d4h
 11700K .......... .......... .......... .......... ..........  0%  143K 2d4h
 11750K .......... .......... .......... .......... ..........  0%  107K 2d4h
 11800K .......... .......... .......... .......... ..........  0%  118K 2d4h
 11850K .......... .......... .......... .......... ..........  0%  141K 2d4h
 11900K .......... .......... .......... .......... ..........  0%  161K 2d4h
 11950K .......... .......... .......... .......... ..........  0%  144K 2d4h
 12000K .......... .......... .......... .......... ..........  0%  116K 2d4h
 12050K .......... .......... .......... .......... ..........  0%  161K 2d3h
 12100K .......... .......... .......... .......... ..........  0%  108K 2d3h
 12150K .......... .......... .......... .......... ..........  0%  143K 2d3h
 12200K .......... .......... .......... .......... ..........  0%  161K 2d3h
 12250K .......... .......... .......... .......... ..........  0%  162K 2d3h
 12300K .......... .......... .......... .......... ..........  0%  182K 2d3h
 12350K .......... .......... .......... .......... ..........  0%  206K 2d3h
 12400K .......... .......... .......... .......... ..........  0%  121K 2d3h
 12450K .......... .......... .......... .......... ..........  0%  182K 2d3h
 12500K .......... .......... .......... .......... ..........  0%  204K 2d3h
 12550K .......... .......... .......... .......... ..........  0%  168K 2d3h
 12600K .......... .......... .......... .......... ..........  0%  215K 2d2h
 12650K .......... .......... .......... .......... ..........  0%  221K 2d2h
 12700K .......... .......... .......... .......... ..........  0%  213K 2d2h
 12750K .......... .......... .......... .......... ..........  0%  215K 2d2h
 12800K .......... .......... .......... .......... ..........  0%  184K 2d2h
 12850K .......... .......... .......... .......... ..........  0%  258K 2d2h
 12900K .......... .......... .......... .......... ..........  0%  239K 2d2h
 12950K .......... .......... .......... .......... ..........  0%  274K 2d2h
 13000K .......... .......... .......... .......... ..........  0%  216K 2d2h
 13050K .......... .......... .......... .......... ..........  0%  324K 2d1h
 13100K .......... .......... .......... .......... ..........  0%  241K 2d1h
 13150K .......... .......... .......... .......... ..........  0%  274K 2d1h
 13200K .......... .......... .......... .......... ..........  0%  217K 2d1h
 13250K .......... .......... .......... .......... ..........  0%  320K 2d1h
 13300K .......... .......... .......... .......... ..........  0%  323K 2d1h
 13350K .......... .......... .......... .......... ..........  0%  322K 2d1h
 13400K .......... .......... .......... .......... ..........  0%  162K 2d1h
 13450K .......... .......... .......... .......... ..........  0%  930K 2d0h
 13500K .......... .......... .......... .......... ..........  0%  270K 2d0h
 13550K .......... .......... .......... .......... ..........  0%  280K 2d0h
 13600K .......... .......... .......... .......... ..........  0%  173K 2d0h
 13650K .......... .......... .......... .......... ..........  0%  216K 2d0h
 13700K .......... .......... .......... .......... ..........  0%  211K 2d0h
 13750K .......... .......... .......... .......... ..........  0%  130K 2d0h
 13800K .......... .......... .......... .......... ..........  0%  160K 2d0h
 13850K .......... .......... .......... .......... ..........  0%  174K 2d0h
 13900K .......... .......... .......... .......... ..........  0%  134K 2d0h
 13950K .......... .......... .......... .......... ..........  0%  161K 2d0h
 14000K .......... .......... .......... .......... ..........  0% 81.3K 2d0h
 14050K .......... .......... .......... .......... ..........  0%  143K 2d0h
 14100K .......... .......... .......... .......... ..........  0%  140K 2d0h
 14150K .......... .......... .......... .......... ..........  0%  141K 47h58m
 14200K .......... .......... .......... .......... ..........  0%  133K 47h56m
 14250K .......... .......... .......... .......... ..........  0%  161K 47h52m
 14300K .......... .......... .......... .......... ..........  0%  160K 47h48m
 14350K .......... .......... .......... .......... ..........  0%  107K 47h47m
 14400K .......... .......... .......... .......... ..........  0% 98.5K 47h47m
 14450K .......... .......... .......... .......... ..........  0% 98.4K 47h47m
 14500K .......... .......... .......... .......... ..........  0% 92.2K 47h48m
 14550K .......... .......... .......... .......... ..........  0% 80.8K 47h50m
 14600K .......... .......... .......... .......... ..........  0%  100K 47h50m
 14650K .......... .......... .......... .......... ..........  0%  108K 47h49m
 14700K .......... .......... .......... .......... ..........  0% 81.5K 47h51m
 14750K .......... .......... .......... .......... ..........  0%  108K 47h50m
 14800K .......... .......... .......... .......... ..........  0% 94.9K 47h51m
 14850K .......... .......... .......... .......... ..........  0%  122K 47h49m
 14900K .......... .......... .......... .......... ..........  0% 80.8K 47h51m
 14950K .......... .......... .......... .......... ..........  0%  107K 47h50m
 15000K .......... .......... .......... .......... ..........  0% 64.2K 47h56m
 15050K .......... .......... .......... .......... ..........  0% 97.4K 47h56m
 15100K .......... .......... .......... .......... ..........  0%  107K 47h55m
 15150K .......... .......... .......... .......... ..........  0% 98.3K 47h55m
 15200K .......... .......... .......... .......... ..........  0% 72.4K 47h58m
 15250K .......... .......... .......... .......... ..........  0%  126K 47h56m
 15300K .......... .......... .......... .......... ..........  0%  119K 47h55m
 15350K .......... .......... .......... .......... ..........  0%  118K 47h53m
 15400K .......... .......... .......... .......... ..........  0% 99.7K 47h53m
 15450K .......... .......... .......... .......... ..........  0% 89.1K 47h54m
 15500K .......... .......... .......... .......... ..........  0%  134K 47h51m
 15550K .......... .......... .......... .......... ..........  0% 85.9K 47h53m
 15600K .......... .......... .......... .......... ..........  0% 90.8K 47h54m
 15650K .......... .......... .......... .......... ..........  0% 80.0K 47h56m
 15700K .......... .......... .......... .......... ..........  0%  133K 47h53m
 15750K .......... .......... .......... .......... ..........  0% 75.5K 47h56m
 15800K .......... .......... .......... .......... ..........  0% 86.4K 47h57m
 15850K .......... .......... .......... .......... ..........  0%  108K 47h57m
 15900K .......... .......... .......... .......... ..........  0%  108K 47h56m
 15950K .......... .......... .......... .......... ..........  0%  139K 47h53m
 16000K .......... .......... .......... .......... ..........  0%  109K 47h52m
 16050K .......... .......... .......... .......... ..........  0%  161K 47h49m
 16100K .......... .......... .......... .......... ..........  0%  161K 47h45m
 16150K .......... .......... .......... .......... ..........  0%  160K 47h42m
 16200K .......... .......... .......... .......... ..........  0%  141K 47h39m
 16250K .......... .......... .......... .......... ..........  0% 86.5K 47h41m
 16300K .......... .......... .......... .......... ..........  0% 64.3K 47h45m
 16350K .......... .......... .......... .......... ..........  0% 91.1K 47h46m
 16400K .......... .......... .......... .......... ..........  0% 72.4K 47h49m
 16450K .......... .......... .......... .......... ..........  0%  107K 47h49m
 16500K .......... .......... .......... .......... ..........  0%  127K 47h47m
 16550K .......... .......... .......... .......... ..........  0% 86.8K 47h48m
 16600K .......... .......... .......... .......... ..........  0%  140K 47h45m
 16650K .......... .......... .......... .......... ..........  0%  108K 47h45m
 16700K .......... .......... .......... .......... ..........  0% 87.0K 47h46m
 16750K .......... .......... .......... .......... ..........  0%  140K 47h43m
 16800K .......... .......... .......... .......... ..........  0%  108K 47h43m
 16850K .......... .......... .......... .......... ..........  0%  119K 47h41m
 16900K .......... .......... .......... .......... ..........  0%  141K 47h39m
 16950K .......... .......... .......... .......... ..........  0%  160K 47h36m
 17000K .......... .......... .......... .......... ..........  0%  107K 47h35m
 17050K .......... .......... .......... .......... ..........  0%  107K 47h34m
 17100K .......... .......... .......... .......... ..........  0% 99.2K 47h34m
 17150K .......... .......... .......... .......... ..........  0%  161K 47h31m
 17200K .......... .......... .......... .......... ..........  0% 68.3K 47h35m
 17250K .......... .......... .......... .......... ..........  0%  177K 47h31m
 17300K .......... .......... .......... .......... ..........  0%  130K 47h29m
 17350K .......... .......... .......... .......... ..........  0% 60.3K 47h35m
 17400K .......... .......... .......... .......... ..........  0%  189K 47h31m
 17450K .......... .......... .......... .......... ..........  0% 80.7K 47h33m
 17500K .......... .......... .......... .......... ..........  0% 80.2K 47h35m
 17550K .......... .......... .......... .......... ..........  0% 98.1K 47h35m
 17600K .......... .......... .......... .......... ..........  0% 87.2K 47h36m
 17650K .......... .......... .......... .......... ..........  0%  140K 47h33m
 17700K .......... .......... .......... .......... ..........  0%  133K 47h31m
 17750K .......... .......... .......... .......... ..........  0% 91.0K 47h32m
 17800K .......... .......... .......... .......... ..........  0% 72.2K 47h35m
 17850K .......... .......... .......... .......... ..........  0% 51.4K 47h43m
 17900K .......... .......... .......... .......... ..........  0% 71.1K 47h46m
 17950K .......... .......... .......... .......... ..........  0% 85.6K 47h47m
 18000K .......... .......... .......... .......... ..........  0% 80.4K 47h49m
 18050K .......... .......... .......... .......... ..........  0%  109K 47h48m
 18100K .......... .......... .......... .......... ..........  0%  108K 47h47m
 18150K .......... .......... .......... .......... ..........  0%  106K 47h47m
 18200K .......... .......... .......... .......... ..........  0% 75.7K 47h49m
 18250K .......... .......... .......... .......... ..........  0% 60.8K 47h54m
 18300K .......... .......... .......... .......... ..........  0% 56.8K 2d0h
 18350K .......... .......... .......... .......... ..........  0% 37.1K 2d0h
 18400K .......... .......... .......... .......... ..........  0% 53.6K 2d0h
 18450K .......... .......... .......... .......... ..........  0% 80.2K 2d0h
 18500K .......... .......... .......... .......... ..........  0% 70.4K 2d0h
 18550K .......... .......... .......... .......... ..........  0% 87.9K 2d0h
 18600K .......... .......... .......... .......... ..........  0% 74.6K 2d0h
 18650K .......... .......... .......... .......... ..........  0% 88.1K 2d0h
 18700K .......... .......... .......... .......... ..........  0% 74.0K 2d0h
 18750K .......... .......... .......... .......... ..........  0% 98.8K 2d0h
 18800K .......... .......... .......... .......... ..........  0% 60.7K 2d0h
 18850K .......... .......... .......... .......... ..........  0% 50.2K 2d0h
 18900K .......... .......... .......... .......... ..........  0% 53.5K 2d0h
 18950K .......... .......... .......... .......... ..........  0% 71.6K 2d0h
 19000K .......... .......... .......... .......... ..........  0% 93.1K 2d0h
 19050K .......... .......... .......... .......... ..........  0%  111K 2d0h
 19100K .......... .......... .......... .......... ..........  0%  112K 2d0h
 19150K .......... .......... .......... .......... ..........  0%  153K 2d0h
 19200K .......... .......... .......... .......... ..........  0%  107K 2d0h
 19250K .......... .......... .......... .......... ..........  0%  134K 2d0h
 19300K .......... .......... .......... .......... ..........  0% 99.2K 2d0h
 19350K .......... .......... .......... .......... ..........  0%  183K 2d0h
 19400K .......... .......... .......... .......... ..........  0%  143K 2d0h
 19450K .......... .......... .......... .......... ..........  0%  161K 2d0h
 19500K .......... .......... .......... .......... ..........  0%  107K 2d0h
 19550K .......... .......... .......... .......... ..........  0%  260K 2d0h
 19600K .......... .......... .......... .......... ..........  0%  108K 2d0h
 19650K .......... .......... .......... .......... ..........  0%  160K 2d0h
 19700K .......... .......... .......... .......... ..........  0%  161K 2d0h
 19750K .......... .......... .......... .......... ..........  0%  116K 2d0h
 19800K .......... .......... .......... .......... ..........  0%  128K 2d0h
 19850K .......... .......... .......... .......... ..........  0%  130K 2d0h
 19900K .......... .......... .......... .......... ..........  0%  183K 2d0h
 19950K .......... .......... .......... .......... ..........  0%  182K 2d0h
 20000K .......... .......... .......... .......... ..........  0%  117K 2d0h
 20050K .......... .......... .......... .......... ..........  0%  160K 2d0h
 20100K .......... .......... .......... .......... ..........  0%  187K 2d0h
 20150K .......... .......... .......... .......... ..........  0% 79.3K 2d0h
 20200K .......... .......... .......... .......... ..........  0%  145K 2d0h
 20250K .......... .......... .......... .......... ..........  0% 59.5K 2d0h
 20300K .......... .......... .......... .......... ..........  0% 62.3K 2d0h
 20350K .......... .......... .......... .......... ..........  0% 81.3K 2d0h
 20400K .......... .......... .......... .......... ..........  0% 75.1K 2d0h
 20450K .......... .......... .......... .......... ..........  0% 80.7K 2d0h
 20500K .......... .......... .......... .......... ..........  0%  100K 2d0h
 20550K .......... .......... .......... .......... ..........  0% 80.6K 2d0h
 20600K .......... .......... .......... .......... ..........  0% 81.1K 2d0h
 20650K .......... .......... .......... .......... ..........  0% 68.9K 2d0h
 20700K .......... .......... .......... .......... ..........  0% 80.7K 2d0h
 20750K .......... .......... .......... .......... ..........  0% 87.3K 2d0h
 20800K .......... .......... .......... .......... ..........  0% 43.9K 2d0h
 20850K .......... .......... .......... .......... ..........  0% 75.3K 2d0h
 20900K .......... .......... .......... .......... ..........  0% 95.7K 2d0h
 20950K .......... .......... .......... .......... ..........  0% 96.9K 2d0h
 21000K .......... .......... .......... .......... ..........  0% 87.7K 2d0h
 21050K .......... .......... .......... .......... ..........  0%  136K 2d0h
 21100K .......... .......... .......... .......... ..........  0%  107K 2d0h
 21150K .......... .......... .......... .......... ..........  0%  111K 2d0h
 21200K .......... .......... .......... .......... ..........  0%  104K 2d0h
 21250K .......... .......... .......... .......... ..........  0%  162K 2d0h
 21300K .......... .......... .......... .......... ..........  0%  107K 2d0h
 21350K .......... .......... .......... .......... ..........  0%  112K 2d0h
 21400K .......... .......... .......... .......... ..........  0%  151K 2d0h
 21450K .......... .......... .......... .......... ..........  0%  160K 2d0h
 21500K .......... .......... .......... .......... ..........  0%  146K 2d0h
 21550K .......... .......... .......... .......... ..........  0%  121K 2d0h
 21600K .......... .......... .......... .......... ..........  0% 72.1K 2d0h
 21650K .......... .......... .......... .......... ..........  0%  132K 2d0h
 21700K .......... .......... .......... .......... ..........  0%  154K 2d0h
 21750K .......... .......... .......... .......... ..........  0%  144K 2d0h
 21800K .......... .......... .......... .......... ..........  0%  117K 2d0h
 21850K .......... .......... .......... .......... ..........  0%  143K 2d0h
 21900K .......... .......... .......... .......... ..........  0%  130K 2d0h
 21950K .......... .......... .......... .......... ..........  0%  118K 2d0h
 22000K .......... .......... .......... .......... ..........  0% 75.8K 2d0h
 22050K .......... .......... .......... .......... ..........  0% 86.7K 2d0h
 22100K .......... .......... .......... .......... ..........  0%  127K 2d0h
 22150K .......... .......... .......... .......... ..........  0%  129K 2d0h
 22200K .......... .......... .......... .......... ..........  0%  142K 2d0h
 22250K .......... .......... .......... .......... ..........  0% 75.7K 2d0h
 22300K .......... .......... .......... .......... ..........  0%  107K 2d0h
 22350K .......... .......... .......... .......... ..........  0%  129K 2d0h
 22400K .......... .......... .......... .......... ..........  0% 98.9K 2d0h
 22450K .......... .......... .......... .......... ..........  0%  107K 2d0h
 22500K .......... .......... .......... .......... ..........  0%  108K 2d0h
 22550K .......... .......... .......... .......... ..........  0%  141K 2d0h
 22600K .......... .......... .......... .......... ..........  0%  118K 2d0h
 22650K .......... .......... .......... .......... ..........  0%  139K 2d0h
 22700K .......... .......... .......... .......... ..........  0%  160K 47h59m
 22750K .......... .......... .......... .......... ..........  0%  142K 47h57m
 22800K .......... .......... .......... .......... ..........  0%  132K 47h55m
 22850K .......... .......... .......... .......... ..........  0%  139K 47h53m
 22900K .......... .......... .......... .......... ..........  0%  120K 47h52m
 22950K .......... .......... .......... .......... ..........  0%  160K 47h50m
 23000K .......... .......... .......... .......... ..........  0%  160K 47h47m
 23050K .......... .......... .......... .......... ..........  0%  205K 47h44m
 23100K .......... .......... .......... .......... ..........  0% 80.3K 47h46m
 23150K .......... .......... .......... .......... ..........  0% 93.6K 47h46m
 23200K .......... .......... .......... .......... ..........  0% 80.0K 47h47m
 23250K .......... .......... .......... .......... ..........  0%  107K 47h47m
 23300K .......... .......... .......... .......... ..........  0%  142K 47h45m
 23350K .......... .......... .......... .......... ..........  0% 99.3K 47h45m
 23400K .......... .......... .......... .......... ..........  0% 39.2K 47h54m
 23450K .......... .......... .......... .......... ..........  0% 50.3K 2d0h
 23500K .......... .......... .......... .......... ..........  0% 75.4K 2d0h
 23550K .......... .......... .......... .......... ..........  0% 68.4K 2d0h
 23600K .......... .......... .......... .......... ..........  0% 64.4K 2d0h
 23650K .......... .......... .......... .......... ..........  0% 98.9K 2d0h
 23700K .......... .......... .......... .......... ..........  0%  107K 2d0h
 23750K .......... .......... .......... .......... ..........  0% 86.9K 2d0h
 23800K .......... .......... .......... .......... ..........  0%  108K 2d0h
 23850K .......... .......... .......... .......... ..........  0% 80.5K 2d0h
 23900K .......... .......... .......... .......... ..........  0% 61.3K 2d0h
 23950K .......... .......... .......... .......... ..........  0% 46.1K 2d0h
 24000K .......... .......... .......... .......... ..........  0% 38.7K 2d0h
 24050K .......... .......... .......... .......... ..........  0% 51.0K 2d0h
 24100K .......... .......... .......... .......... ..........  0% 68.6K 2d0h
 24150K .......... .......... .......... .......... ..........  0% 65.6K 2d0h
 24200K .......... .......... .......... .......... ..........  0% 80.5K 2d0h
 24250K .......... .......... .......... .......... ..........  0%  104K 2d0h
 24300K .......... .......... .......... .......... ..........  0% 91.8K 2d0h
 24350K .......... .......... .......... .......... ..........  0%  119K 2d0h
 24400K .......... .......... .......... .......... ..........  0% 64.1K 2d0h
 24450K .......... .......... .......... .......... ..........  0% 42.3K 2d0h
 24500K .......... .......... .......... .......... ..........  0% 50.2K 2d0h
 24550K .......... .......... .......... .......... ..........  0% 64.8K 2d0h
 24600K .......... .......... .......... .......... ..........  0% 80.6K 2d1h
 24650K .......... .......... .......... .......... ..........  0% 46.2K 2d1h
 24700K .......... .......... .......... .......... ..........  0% 47.7K 2d1h
 24750K .......... .......... .......... .......... ..........  0% 53.8K 2d1h
 24800K .......... .......... .......... .......... ..........  0% 52.2K 2d1h
 24850K .......... .......... .......... .......... ..........  0% 89.9K 2d1h
 24900K .......... .......... .......... .......... ..........  0% 72.7K 2d1h
 24950K .......... .......... .......... .......... ..........  0% 96.6K 2d1h
 25000K .......... .......... .......... .......... ..........  0% 47.2K 2d1h
 25050K .......... .......... .......... .......... ..........  0% 67.8K 2d1h
 25100K .......... .......... .......... .......... ..........  0% 68.3K 2d1h
 25150K .......... .......... .......... .......... ..........  0% 99.2K 2d1h
 25200K .......... .......... .......... .......... ..........  0% 85.9K 2d1h
 25250K .......... .......... .......... .......... ..........  0%  147K 2d1h
 25300K .......... .......... .......... .......... ..........  0%  142K 2d1h
 25350K .......... .......... .......... .......... ..........  0%  161K 2d1h
 25400K .......... .......... .......... .......... ..........  0%  162K 2d1h
 25450K .......... .......... .......... .......... ..........  0%  161K 2d1h
 25500K .......... .......... .......... .......... ..........  0%  163K 2d1h
 25550K .......... .......... .......... .......... ..........  0%  187K 2d1h
 25600K .......... .......... .......... .......... ..........  0%  142K 2d1h
 25650K .......... .......... .......... .......... ..........  0% 97.4K 2d1h
 25700K .......... .......... .......... .......... ..........  0%  223K 2d1h
 25750K .......... .......... .......... .......... ..........  0%  143K 2d1h
 25800K .......... .......... .......... .......... ..........  0% 78.8K 2d1h
 25850K .......... .......... .......... .......... ..........  0%  130K 2d1h
 25900K .......... .......... .......... .......... ..........  0%  119K 2d1h
 25950K .......... .......... .......... .......... ..........  0%  161K 2d1h
 26000K .......... .......... .......... .......... ..........  0%  119K 2d1h
 26050K .......... .......... .......... .......... ..........  0%  161K 2d1h
 26100K .......... .......... .......... .......... ..........  0%  162K 2d1h
 26150K .......... .......... .......... .......... ..........  0%  205K 2d0h
 26200K .......... .......... .......... .......... ..........  0%  190K 2d0h
 26250K .......... .......... .......... .......... ..........  0%  108K 2d0h
 26300K .......... .......... .......... .......... ..........  0%  142K 2d0h
 26350K .......... .......... .......... .......... ..........  0%  160K 2d0h
 26400K .......... .......... .......... .......... ..........  0%  107K 2d0h
 26450K .......... .......... .......... .......... ..........  0%  157K 2d0h
 26500K .......... .......... .......... .......... ..........  0%  133K 2d0h
 26550K .......... .......... .......... .......... ..........  0%  127K 2d0h
 26600K .......... .......... .......... .......... ..........  0%  156K 2d0h
 26650K .......... .......... .......... .......... ..........  0%  109K 2d0h
 26700K .......... .......... .......... .......... ..........  0%  140K 2d0h
 26750K .......... .......... .......... .......... ..........  0%  120K 2d0h
 26800K .......... .......... .......... .......... ..........  0%  107K 2d0h
 26850K .......... .......... .......... .......... ..........  0%  107K 2d0h
 26900K .......... .......... .......... .......... ..........  0%  125K 2d0h
 26950K .......... .......... .......... .......... ..........  0% 98.7K 2d0h
 27000K .......... .......... .......... .......... ..........  0%  144K 2d0h
 27050K .......... .......... .......... .......... ..........  0% 61.3K 2d0h
 27100K .......... .......... .......... .......... ..........  0% 64.2K 2d0h
 27150K .......... .......... .......... .......... ..........  0% 64.3K 2d0h
 27200K .......... .......... .......... .......... ..........  0% 58.2K 2d0h
 27250K .......... .......... .......... .......... ..........  0% 93.4K 2d0h
 27300K .......... .......... .......... .......... ..........  0% 97.9K 2d0h
 27350K .......... .......... .......... .......... ..........  0% 80.8K 2d0h
 27400K .......... .......... .......... .......... ..........  0% 86.2K 2d0h
 27450K .......... .......... .......... .......... ..........  0% 57.1K 2d0h
 27500K .......... .......... .......... .......... ..........  0% 80.3K 2d0h
 27550K .......... .......... .......... .......... ..........  0% 81.1K 2d0h
 27600K .......... .......... .......... .......... ..........  0% 80.8K 2d0h
 27650K .......... .......... .......... .......... ..........  0% 80.5K 2d0h
 27700K .......... .......... .......... .......... ..........  0%  107K 2d0h
 27750K .......... .......... .......... .......... ..........  0%  143K 2d0h
 27800K .......... .......... .......... .......... ..........  0%  117K 2d0h
 27850K .......... .......... .......... .......... ..........  0%  108K 2d0h
 27900K .......... .......... .......... .......... ..........  0%  143K 2d0h
 27950K .......... .......... .......... .......... ..........  0%  160K 2d0h
 28000K .......... .......... .......... .......... ..........  0%  107K 2d0h
 28050K .......... .......... .......... .......... ..........  0%  183K 2d0h
 28100K .......... .......... .......... .......... ..........  0%  217K 2d0h
 28150K .......... .......... .......... .......... ..........  0%  182K 2d0h
 28200K .......... .......... .......... .......... ..........  0%  160K 2d0h
 28250K .......... .......... .......... .......... ..........  0%  144K 2d0h
 28300K .......... .......... .......... .......... ..........  0%  137K 2d0h
 28350K .......... .......... .......... .......... ..........  0%  196K 2d0h
 28400K .......... .......... .......... .......... ..........  0%  130K 2d0h
 28450K .......... .......... .......... .......... ..........  0%  212K 2d0h
 28500K .......... .......... .......... .......... ..........  0%  161K 2d0h
 28550K .......... .......... .......... .......... ..........  0%  287K 2d0h
 28600K .......... .......... .......... .......... ..........  0%  173K 2d0h
 28650K .......... .......... .......... .......... ..........  0%  230K 2d0h
 28700K .......... .......... .......... .......... ..........  0%  171K 2d0h
 28750K .......... .......... .......... .......... ..........  0%  222K 2d0h
 28800K .......... .......... .......... .......... ..........  0%  187K 2d0h
 28850K .......... .......... .......... .......... ..........  0%  245K 2d0h
 28900K .......... .......... .......... .......... ..........  0%  217K 2d0h
 28950K .......... .......... .......... .......... ..........  0%  218K 2d0h
 29000K .......... .......... .......... .......... ..........  0%  311K 2d0h
 29050K .......... .......... .......... .......... ..........  0%  218K 47h58m
 29100K .......... .......... .......... .......... ..........  0%  283K 47h55m
 29150K .......... .......... .......... .......... ..........  0%  242K 47h52m
 29200K .......... .......... .......... .......... ..........  0%  159K 47h50m
 29250K .......... .......... .......... .......... ..........  0%  253K 47h47m
 29300K .......... .......... .......... .......... ..........  0%  196K 47h45m
 29350K .......... .......... .......... .......... ..........  0%  237K 47h42m
 29400K .......... .......... .......... .......... ..........  0%  259K 47h39m
 29450K .......... .......... .......... .......... ..........  0%  319K 47h35m
 29500K .......... .......... .......... .......... ..........  0%  184K 47h33m
 29550K .......... .......... .......... .......... ..........  0%  256K 47h30m
 29600K .......... .......... .......... .......... ..........  0%  135K 47h29m
 29650K .......... .......... .......... .......... ..........  0%  108K 47h29m
 29700K .......... .......... .......... .......... ..........  0%  368K 47h25m
 29750K .......... .......... .......... .......... ..........  0% 86.0K 47h26m
 29800K .......... .......... .......... .......... ..........  0%  322K 47h22m
 29850K .......... .......... .......... .......... ..........  0%  142K 47h21m
 29900K .......... .......... .......... .......... ..........  0%  161K 47h19m
 29950K .......... .......... .......... .......... ..........  0%  107K 47h19m
 30000K .......... .......... .......... .......... ..........  0% 93.1K 47h19m
 30050K .......... .......... .......... .......... ..........  0%  141K 47h18m
 30100K .......... .......... .......... .......... ..........  0%  136K 47h17m
 30150K .......... .......... .......... .......... ..........  0%  155K 47h15m
 30200K .......... .......... .......... .......... ..........  0%  160K 47h13m
 30250K .......... .......... .......... .......... ..........  0%  127K 47h12m
 30300K .......... .......... .......... .......... ..........  0%  108K 47h12m
 30350K .......... .......... .......... .......... ..........  0%  134K 47h11m
 30400K .......... .......... .......... .......... ..........  0%  108K 47h10m
 30450K .......... .......... .......... .......... ..........  0%  161K 47h8m
 30500K .......... .......... .......... .......... ..........  0%  155K 47h7m
 30550K .......... .......... .......... .......... ..........  0%  163K 47h5m
 30600K .......... .......... .......... .......... ..........  0% 85.3K 47h6m
 30650K .......... .......... .......... .......... ..........  0% 80.4K 47h7m
 30700K .......... .......... .......... .......... ..........  0%  150K 47h5m
 30750K .......... .......... .......... .......... ..........  0%  107K 47h5m
 30800K .......... .......... .......... .......... ..........  0% 58.7K 47h8m
 30850K .......... .......... .......... .......... ..........  0%  107K 47h8m
 30900K .......... .......... .......... .......... ..........  0%  108K 47h8m
 30950K .......... .......... .......... .......... ..........  0% 64.2K 47h10m
 31000K .......... .......... .......... .......... ..........  0% 64.4K 47h13m
 31050K .......... .......... .......... .......... ..........  0% 62.6K 47h15m
 31100K .......... .......... .......... .......... ..........  0% 75.2K 47h17m
 31150K .......... .......... .......... .......... ..........  0% 60.8K 47h20m
 31200K .......... .......... .......... .......... ..........  0% 30.3K 47h30m
 31250K .......... .......... .......... .......... ..........  0% 53.9K 47h34m
 31300K .......... .......... .......... .......... ..........  0% 48.8K 47h39m
 31350K .......... .......... .......... .......... ..........  0% 69.9K 47h41m
 31400K .......... .......... .......... .......... ..........  0% 88.1K 47h41m
 31450K .......... .......... .......... .......... ..........  0% 69.5K 47h43m
 31500K .......... .......... .......... .......... ..........  0%  107K 47h43m
 31550K .......... .......... .......... .......... ..........  0% 80.2K 47h44m
 31600K .......... .......... .......... .......... ..........  0% 74.0K 47h45m
 31650K .......... .......... .......... .......... ..........  0% 46.1K 47h50m
 31700K .......... .......... .......... .......... ..........  0% 35.8K 47h58m
 31750K .......... .......... .......... .......... ..........  0% 61.6K 2d0h
 31800K .......... .......... .......... .......... ..........  0% 80.5K 2d0h
 31850K .......... .......... .......... .......... ..........  0%  108K 2d0h
 31900K .......... .......... .......... .......... ..........  0%  108K 2d0h
 31950K .......... .......... .......... .......... ..........  0%  119K 2d0h
 32000K .......... .......... .......... .......... ..........  0%  107K 2d0h
 32050K .......... .......... .......... .......... ..........  0%  154K 47h58m
 32100K .......... .......... .......... .......... ..........  0%  162K 47h57m
 32150K .......... .......... .......... .......... ..........  0%  167K 47h55m
 32200K .......... .......... .......... .......... ..........  0%  124K 47h54m
 32250K .......... .......... .......... .......... ..........  0%  188K 47h52m
 32300K .......... .......... .......... .......... ..........  0%  160K 47h50m
 32350K .......... .......... .......... .......... ..........  0%  162K 47h48m
 32400K .......... .......... .......... .......... ..........  0%  160K 47h47m
 32450K .......... .......... .......... .......... ..........  0%  163K 47h45m
 32500K .......... .......... .......... .......... ..........  0%  117K 47h44m
 32550K .......... .......... .......... .......... ..........  0%  162K 47h42m
 32600K .......... .......... .......... .......... ..........  0%  161K 47h41m
 32650K .......... .......... .......... .......... ..........  0%  179K 47h39m
 32700K .......... .......... .......... .......... ..........  0%  106K 47h39m
 32750K .......... .......... .......... .......... ..........  0%  218K 47h36m
 32800K .......... .......... .......... .......... ..........  0%  108K 47h36m
 32850K .......... .......... .......... .......... ..........  0%  206K 47h34m
 32900K .......... .......... .......... .......... ..........  0%  165K 47h32m
 32950K .......... .......... .......... .......... ..........  0%  185K 47h30m
 33000K .......... .......... .......... .......... ..........  0%  183K 47h28m
 33050K .......... .......... .......... .......... ..........  0%  213K 47h25m
 33100K .......... .......... .......... .......... ..........  0%  185K 47h24m
 33150K .......... .......... .......... .......... ..........  0%  160K 47h22m
 33200K .......... .......... .......... .......... ..........  0%  107K 47h22m
 33250K .......... .......... .......... .......... ..........  0%  188K 47h20m
 33300K .......... .......... .......... .......... ..........  0%  162K 47h18m
 33350K .......... .......... .......... .......... ..........  0%  208K 47h16m
 33400K .......... .......... .......... .......... ..........  0%  220K 47h13m
 33450K .......... .......... .......... .......... ..........  0%  162K 47h12m
 33500K .......... .......... .......... .......... ..........  0%  206K 47h10m
 33550K .......... .......... .......... .......... ..........  0%  220K 47h7m
 33600K .......... .......... .......... .......... ..........  0%  127K 47h6m
 33650K .......... .......... .......... .......... ..........  0%  224K 47h4m
 33700K .......... .......... .......... .......... ..........  0%  208K 47h2m
 33750K .......... .......... .......... .......... ..........  0%  223K 47h0m
 33800K .......... .......... .......... .......... ..........  0%  247K 46h57m
 33850K .......... .......... .......... .......... ..........  0%  119K 46h56m
 33900K .......... .......... .......... .......... ..........  0%  379K 46h53m
 33950K .......... .......... .......... .......... ..........  0%  188K 46h51m
 34000K .......... .......... .......... .......... ..........  0%  160K 46h50m
 34050K .......... .......... .......... .......... ..........  0%  191K 46h48m
 34100K .......... .......... .......... .......... ..........  0%  244K 46h46m
 34150K .......... .......... .......... .......... ..........  0%  225K 46h43m
 34200K .......... .......... .......... .......... ..........  0%  246K 46h41m
 34250K .......... .......... .......... .......... ..........  0%  254K 46h38m
 34300K .......... .......... .......... .......... ..........  0%  251K 46h36m
 34350K .......... .......... .......... .......... ..........  0%  188K 46h34m
 34400K .......... .......... .......... .......... ..........  0% 81.0K 46h35m
 34450K .......... .......... .......... .......... ..........  0%  141K 46h34m
 34500K .......... .......... .......... .......... ..........  0%  132K 46h33m
 34550K .......... .......... .......... .......... ..........  0%  126K 46h32m
 34600K .......... .......... .......... .......... ..........  0%  160K 46h31m
 34650K .......... .......... .......... .......... ..........  0%  161K 46h29m
 34700K .......... .......... .......... .......... ..........  0%  188K 46h27m
 34750K .......... .......... .......... .......... ..........  0%  161K 46h26m
 34800K .......... .......... .......... .......... ..........  0%  161K 46h24m
 34850K .......... .......... .......... .......... ..........  0%  191K 46h22m
 34900K .......... .......... .......... .......... ..........  0%  204K 46h20m
 34950K .......... .......... .......... .......... ..........  0%  141K 46h19m
 35000K .......... .......... .......... .......... ..........  0%  225K 46h17m
 35050K .......... .......... .......... .......... ..........  0%  163K 46h16m
 35100K .......... .......... .......... .......... ..........  0%  175K 46h14m
 35150K .......... .......... .......... .......... ..........  0%  280K 46h12m
 35200K .......... .......... .......... .......... ..........  0%  161K 46h10m
 35250K .......... .......... .......... .......... ..........  0%  164K 46h9m
 35300K .......... .......... .......... .......... ..........  0%  309K 46h6m
 35350K .......... .......... .......... .......... ..........  0%  108K 46h6m
 35400K .......... .......... .......... .......... ..........  0%  317K 46h3m
 35450K .......... .......... .......... .......... ..........  0%  162K 46h2m
 35500K .......... .......... .......... .......... ..........  0%  175K 46h0m
 35550K .......... .......... .......... .......... ..........  0%  277K 45h58m
 35600K .......... .......... .......... .......... ..........  0%  141K 45h57m
 35650K .......... .......... .......... .......... ..........  0%  185K 45h55m
 35700K .......... .......... .......... .......... ..........  0%  254K 45h53m
 35750K .......... .......... .......... .......... ..........  0% 80.1K 45h54m
 35800K .......... .......... .......... .......... ..........  0% 80.1K 45h55m
 35850K .......... .......... .......... .......... ..........  0% 75.8K 45h56m
 35900K .......... .......... .......... .......... ..........  0% 80.4K 45h57m
 35950K .......... .......... .......... .......... ..........  0% 80.7K 45h58m
 36000K .......... .......... .......... .......... ..........  0% 71.2K 46h0m
 36050K .......... .......... .......... .......... ..........  0%  107K 46h0m
 36100K .......... .......... .......... .......... ..........  0%  117K 45h59m
 36150K .......... .......... .......... .......... ..........  0%  143K 45h58m
 36200K .......... .......... .......... .......... ..........  0%  142K 45h57m
 36250K .......... .......... .......... .......... ..........  0% 96.0K 45h57m
 36300K .......... .......... .......... .......... ..........  0%  154K 45h56m
 36350K .......... .......... .......... .......... ..........  0%  128K 45h55m
 36400K .......... .......... .......... .......... ..........  0%  131K 45h54m
 36450K .......... .......... .......... .......... ..........  0%  162K 45h53m
 36500K .......... .......... .......... .......... ..........  0%  161K 45h52m
 36550K .......... .......... .......... .......... ..........  0%  182K 45h50m
 36600K .......... .......... .......... .......... ..........  0%  147K 45h49m
 36650K .......... .......... .......... .......... ..........  0%  105K 45h49m
 36700K .......... .......... .......... .......... ..........  0% 81.2K 45h50m
 36750K .......... .......... .......... .......... ..........  0%  108K 45h50m
 36800K .......... .......... .......... .......... ..........  0% 97.4K 45h50m
 36850K .......... .......... .......... .......... ..........  0%  120K 45h49m
 36900K .......... .......... .......... .......... ..........  0%  157K 45h48m
 36950K .......... .......... .......... .......... ..........  0%  141K 45h47m
 37000K .......... .......... .......... .......... ..........  0% 97.9K 45h47m
 37050K .......... .......... .......... .......... ..........  0%  134K 45h46m
 37100K .......... .......... .......... .......... ..........  0% 89.4K 45h47m
 37150K .......... .......... .......... .......... ..........  0%  230K 45h45m
 37200K .......... .......... .......... .......... ..........  0% 54.8K 45h48m
 37250K .......... .......... .......... .......... ..........  0%  105K 45h48m
 37300K .......... .......... .......... .......... ..........  0% 80.5K 45h49m
 37350K .......... .......... .......... .......... ..........  0% 96.6K 45h49m
 37400K .......... .......... .......... .......... ..........  0%  108K 45h49m
 37450K .......... .......... .......... .......... ..........  0%  110K 45h49m
 37500K .......... .......... .......... .......... ..........  0%  133K 45h48m
 37550K .......... .......... .......... .......... ..........  0%  125K 45h47m
 37600K .......... .......... .......... .......... ..........  0%  117K 45h47m
 37650K .......... .......... .......... .......... ..........  0%  161K 45h46m
 37700K .......... .......... .......... .......... ..........  0%  107K 45h45m
 37750K .......... .......... .......... .......... ..........  0%  162K 45h44m
 37800K .......... .......... ....slurmstepd: error: *** JOB 6158402 ON g3012 CANCELLED AT 2022-09-16T01:06:10 ***
