#!/bin/bash
#SBATCH --job-name=data-proc
#SBATCH --partition=gpu-a40
#SBATCH --account=cse
#SBATCH --nodes=1
#SBATCH --cpus-per-task=8
#SBATCH --mem=32G
#SBATCH --gres=gpu:1
#SBATCH --time=1-00:00:00 
#SBATCH --mail-type=ALL
#SBATCH --mail-user=tjung2@uw.edu

# I use source to initialize conda into the right environment.
cat $0
echo "--------------------"

source ~/.bashrc
conda activate ckl

# python run.py --config configs/templama/training/t5_kadapters_yearly_2freeze.json -checkpoint_path outputs/wmtbaseline_full/epoch=0-f1_score=0.151-em_score=0.000.ckpt

# python preprocess_wmt_train_data.py 2007 -debug

pip install -U pip setuptools wheel
pip install -U spacy
python -m spacy download en_core_web_sm--------------------
WARNING: Ignoring invalid distribution -umpy (/mmfs1/gscratch/ark/tjung2/miniconda3/envs/ckl/lib/python3.8/site-packages)
WARNING: Ignoring invalid distribution -umpy (/mmfs1/gscratch/ark/tjung2/miniconda3/envs/ckl/lib/python3.8/site-packages)
Requirement already satisfied: pip in /mmfs1/gscratch/ark/tjung2/miniconda3/envs/ckl/lib/python3.8/site-packages (22.1.2)
Collecting pip
  Downloading pip-22.2.2-py3-none-any.whl (2.0 MB)
     â”â”â”â”â”â”â”â”â”â”â”â”â”â”â”â”â”â”â”â”â”â”â”â”â”â”â”â”â”â”â”â”â”â”â”â”â”â”â”â” 2.0/2.0 MB 11.1 MB/s eta 0:00:00
Requirement already satisfied: setuptools in /mmfs1/gscratch/ark/tjung2/miniconda3/envs/ckl/lib/python3.8/site-packages (59.5.0)
Collecting setuptools
  Downloading setuptools-65.3.0-py3-none-any.whl (1.2 MB)
     â”â”â”â”â”â”â”â”â”â”â”â”â”â”â”â”â”â”â”â”â”â”â”â”â”â”â”â”â”â”â”â”â”â”â”â”â”â”â”â” 1.2/1.2 MB 1.6 MB/s eta 0:00:00
Requirement already satisfied: wheel in /mmfs1/gscratch/ark/tjung2/miniconda3/envs/ckl/lib/python3.8/site-packages (0.37.1)
WARNING: Ignoring invalid distribution -umpy (/mmfs1/gscratch/ark/tjung2/miniconda3/envs/ckl/lib/python3.8/site-packages)
Installing collected packages: setuptools, pip
  Attempting uninstall: setuptools
    WARNING: Ignoring invalid distribution -umpy (/mmfs1/gscratch/ark/tjung2/miniconda3/envs/ckl/lib/python3.8/site-packages)
    Found existing installation: setuptools 59.5.0
    Uninstalling setuptools-59.5.0:
      Successfully uninstalled setuptools-59.5.0
  Attempting uninstall: pip
    WARNING: Ignoring invalid distribution -umpy (/mmfs1/gscratch/ark/tjung2/miniconda3/envs/ckl/lib/python3.8/site-packages)
    Found existing installation: pip 22.1.2
    Uninstalling pip-22.1.2:
      Successfully uninstalled pip-22.1.2
WARNING: Ignoring invalid distribution -umpy (/mmfs1/gscratch/ark/tjung2/miniconda3/envs/ckl/lib/python3.8/site-packages)
WARNING: Ignoring invalid distribution -umpy (/mmfs1/gscratch/ark/tjung2/miniconda3/envs/ckl/lib/python3.8/site-packages)
ERROR: pip's dependency resolver does not currently take into account all the packages that are installed. This behaviour is the source of the following dependency conflicts.
pytorch-lightning 1.3.8 requires PyYAML<=5.4.1,>=5.1, but you have pyyaml 6.0 which is incompatible.
Successfully installed pip-22.2.2 setuptools-65.3.0
WARNING: Ignoring invalid distribution -umpy (/mmfs1/gscratch/ark/tjung2/miniconda3/envs/ckl/lib/python3.8/site-packages)
WARNING: Ignoring invalid distribution -umpy (/mmfs1/gscratch/ark/tjung2/miniconda3/envs/ckl/lib/python3.8/site-packages)
WARNING: Ignoring invalid distribution -umpy (/mmfs1/gscratch/ark/tjung2/miniconda3/envs/ckl/lib/python3.8/site-packages)
WARNING: Ignoring invalid distribution -umpy (/mmfs1/gscratch/ark/tjung2/miniconda3/envs/ckl/lib/python3.8/site-packages)
WARNING: Ignoring invalid distribution -umpy (/mmfs1/gscratch/ark/tjung2/miniconda3/envs/ckl/lib/python3.8/site-packages)
Requirement already satisfied: spacy in /mmfs1/gscratch/ark/tjung2/miniconda3/envs/ckl/lib/python3.8/site-packages (3.4.1)
Requirement already satisfied: tqdm<5.0.0,>=4.38.0 in /mmfs1/gscratch/ark/tjung2/miniconda3/envs/ckl/lib/python3.8/site-packages (from spacy) (4.64.0)
Requirement already satisfied: thinc<8.2.0,>=8.1.0 in /mmfs1/gscratch/ark/tjung2/miniconda3/envs/ckl/lib/python3.8/site-packages (from spacy) (8.1.1)
Requirement already satisfied: catalogue<2.1.0,>=2.0.6 in /mmfs1/gscratch/ark/tjung2/miniconda3/envs/ckl/lib/python3.8/site-packages (from spacy) (2.0.8)
Requirement already satisfied: preshed<3.1.0,>=3.0.2 in /mmfs1/gscratch/ark/tjung2/miniconda3/envs/ckl/lib/python3.8/site-packages (from spacy) (3.0.7)
Requirement already satisfied: packaging>=20.0 in /mmfs1/gscratch/ark/tjung2/miniconda3/envs/ckl/lib/python3.8/site-packages (from spacy) (21.3)
Requirement already satisfied: cymem<2.1.0,>=2.0.2 in /mmfs1/gscratch/ark/tjung2/miniconda3/envs/ckl/lib/python3.8/site-packages (from spacy) (2.0.6)
Requirement already satisfied: numpy>=1.15.0 in /mmfs1/gscratch/ark/tjung2/miniconda3/envs/ckl/lib/python3.8/site-packages (from spacy) (1.23.2)
Requirement already satisfied: langcodes<4.0.0,>=3.2.0 in /mmfs1/gscratch/ark/tjung2/miniconda3/envs/ckl/lib/python3.8/site-packages (from spacy) (3.3.0)
Requirement already satisfied: requests<3.0.0,>=2.13.0 in /mmfs1/gscratch/ark/tjung2/miniconda3/envs/ckl/lib/python3.8/site-packages (from spacy) (2.28.1)
Requirement already satisfied: jinja2 in /mmfs1/gscratch/ark/tjung2/miniconda3/envs/ckl/lib/python3.8/site-packages (from spacy) (3.1.2)
Requirement already satisfied: setuptools in /mmfs1/gscratch/ark/tjung2/miniconda3/envs/ckl/lib/python3.8/site-packages (from spacy) (65.3.0)
Requirement already satisfied: spacy-loggers<2.0.0,>=1.0.0 in /mmfs1/gscratch/ark/tjung2/miniconda3/envs/ckl/lib/python3.8/site-packages (from spacy) (1.0.3)
Requirement already satisfied: wasabi<1.1.0,>=0.9.1 in /mmfs1/gscratch/ark/tjung2/miniconda3/envs/ckl/lib/python3.8/site-packages (from spacy) (0.10.1)
Requirement already satisfied: typer<0.5.0,>=0.3.0 in /mmfs1/gscratch/ark/tjung2/miniconda3/envs/ckl/lib/python3.8/site-packages (from spacy) (0.4.2)
Requirement already satisfied: murmurhash<1.1.0,>=0.28.0 in /mmfs1/gscratch/ark/tjung2/miniconda3/envs/ckl/lib/python3.8/site-packages (from spacy) (1.0.8)
Requirement already satisfied: pathy>=0.3.5 in /mmfs1/gscratch/ark/tjung2/miniconda3/envs/ckl/lib/python3.8/site-packages (from spacy) (0.6.2)
Requirement already satisfied: pydantic!=1.8,!=1.8.1,<1.10.0,>=1.7.4 in /mmfs1/gscratch/ark/tjung2/miniconda3/envs/ckl/lib/python3.8/site-packages (from spacy) (1.9.1)
Requirement already satisfied: spacy-legacy<3.1.0,>=3.0.9 in /mmfs1/gscratch/ark/tjung2/miniconda3/envs/ckl/lib/python3.8/site-packages (from spacy) (3.0.10)
Requirement already satisfied: srsly<3.0.0,>=2.4.3 in /mmfs1/gscratch/ark/tjung2/miniconda3/envs/ckl/lib/python3.8/site-packages (from spacy) (2.4.4)
Requirement already satisfied: pyparsing!=3.0.5,>=2.0.2 in /mmfs1/gscratch/ark/tjung2/miniconda3/envs/ckl/lib/python3.8/site-packages (from packaging>=20.0->spacy) (3.0.9)
Requirement already satisfied: smart-open<6.0.0,>=5.2.1 in /mmfs1/gscratch/ark/tjung2/miniconda3/envs/ckl/lib/python3.8/site-packages (from pathy>=0.3.5->spacy) (5.2.1)
Requirement already satisfied: typing-extensions>=3.7.4.3 in /mmfs1/gscratch/ark/tjung2/miniconda3/envs/ckl/lib/python3.8/site-packages (from pydantic!=1.8,!=1.8.1,<1.10.0,>=1.7.4->spacy) (4.3.0)
Requirement already satisfied: charset-normalizer<3,>=2 in /mmfs1/gscratch/ark/tjung2/miniconda3/envs/ckl/lib/python3.8/site-packages (from requests<3.0.0,>=2.13.0->spacy) (2.1.1)
Requirement already satisfied: certifi>=2017.4.17 in /mmfs1/gscratch/ark/tjung2/miniconda3/envs/ckl/lib/python3.8/site-packages (from requests<3.0.0,>=2.13.0->spacy) (2022.6.15)
Requirement already satisfied: urllib3<1.27,>=1.21.1 in /mmfs1/gscratch/ark/tjung2/miniconda3/envs/ckl/lib/python3.8/site-packages (from requests<3.0.0,>=2.13.0->spacy) (1.26.12)
Requirement already satisfied: idna<4,>=2.5 in /mmfs1/gscratch/ark/tjung2/miniconda3/envs/ckl/lib/python3.8/site-packages (from requests<3.0.0,>=2.13.0->spacy) (3.3)
Requirement already satisfied: blis<0.10.0,>=0.7.8 in /mmfs1/gscratch/ark/tjung2/miniconda3/envs/ckl/lib/python3.8/site-packages (from thinc<8.2.0,>=8.1.0->spacy) (0.9.1)
Requirement already satisfied: confection<1.0.0,>=0.0.1 in /mmfs1/gscratch/ark/tjung2/miniconda3/envs/ckl/lib/python3.8/site-packages (from thinc<8.2.0,>=8.1.0->spacy) (0.0.1)
Requirement already satisfied: click<9.0.0,>=7.1.1 in /mmfs1/gscratch/ark/tjung2/miniconda3/envs/ckl/lib/python3.8/site-packages (from typer<0.5.0,>=0.3.0->spacy) (8.1.3)
Requirement already satisfied: MarkupSafe>=2.0 in /mmfs1/gscratch/ark/tjung2/miniconda3/envs/ckl/lib/python3.8/site-packages (from jinja2->spacy) (2.1.1)
WARNING: Ignoring invalid distribution -umpy (/mmfs1/gscratch/ark/tjung2/miniconda3/envs/ckl/lib/python3.8/site-packages)
WARNING: Ignoring invalid distribution -umpy (/mmfs1/gscratch/ark/tjung2/miniconda3/envs/ckl/lib/python3.8/site-packages)
WARNING: Ignoring invalid distribution -umpy (/mmfs1/gscratch/ark/tjung2/miniconda3/envs/ckl/lib/python3.8/site-packages)
WARNING: Ignoring invalid distribution -umpy (/mmfs1/gscratch/ark/tjung2/miniconda3/envs/ckl/lib/python3.8/site-packages)
WARNING: Ignoring invalid distribution -umpy (/mmfs1/gscratch/ark/tjung2/miniconda3/envs/ckl/lib/python3.8/site-packages)
WARNING: Ignoring invalid distribution -umpy (/mmfs1/gscratch/ark/tjung2/miniconda3/envs/ckl/lib/python3.8/site-packages)
Collecting en-core-web-sm==3.4.0
  Downloading https://github.com/explosion/spacy-models/releases/download/en_core_web_sm-3.4.0/en_core_web_sm-3.4.0-py3-none-any.whl (12.8 MB)
     â”â”â”â”â”â”â”â”â”â”â”â”â”â”â”â”â”â”â”â”â”â”â”â”â”â”â”â”â”â”â”â”â”â”â”â”â”â”â”â” 12.8/12.8 MB 23.5 MB/s eta 0:00:00
Requirement already satisfied: spacy<3.5.0,>=3.4.0 in /mmfs1/gscratch/ark/tjung2/miniconda3/envs/ckl/lib/python3.8/site-packages (from en-core-web-sm==3.4.0) (3.4.1)
Requirement already satisfied: srsly<3.0.0,>=2.4.3 in /mmfs1/gscratch/ark/tjung2/miniconda3/envs/ckl/lib/python3.8/site-packages (from spacy<3.5.0,>=3.4.0->en-core-web-sm==3.4.0) (2.4.4)
Requirement already satisfied: murmurhash<1.1.0,>=0.28.0 in /mmfs1/gscratch/ark/tjung2/miniconda3/envs/ckl/lib/python3.8/site-packages (from spacy<3.5.0,>=3.4.0->en-core-web-sm==3.4.0) (1.0.8)
Requirement already satisfied: pathy>=0.3.5 in /mmfs1/gscratch/ark/tjung2/miniconda3/envs/ckl/lib/python3.8/site-packages (from spacy<3.5.0,>=3.4.0->en-core-web-sm==3.4.0) (0.6.2)
Requirement already satisfied: spacy-loggers<2.0.0,>=1.0.0 in /mmfs1/gscratch/ark/tjung2/miniconda3/envs/ckl/lib/python3.8/site-packages (from spacy<3.5.0,>=3.4.0->en-core-web-sm==3.4.0) (1.0.3)
Requirement already satisfied: thinc<8.2.0,>=8.1.0 in /mmfs1/gscratch/ark/tjung2/miniconda3/envs/ckl/lib/python3.8/site-packages (from spacy<3.5.0,>=3.4.0->en-core-web-sm==3.4.0) (8.1.1)
Requirement already satisfied: setuptools in /mmfs1/gscratch/ark/tjung2/miniconda3/envs/ckl/lib/python3.8/site-packages (from spacy<3.5.0,>=3.4.0->en-core-web-sm==3.4.0) (65.3.0)
Requirement already satisfied: wasabi<1.1.0,>=0.9.1 in /mmfs1/gscratch/ark/tjung2/miniconda3/envs/ckl/lib/python3.8/site-packages (from spacy<3.5.0,>=3.4.0->en-core-web-sm==3.4.0) (0.10.1)
Requirement already satisfied: requests<3.0.0,>=2.13.0 in /mmfs1/gscratch/ark/tjung2/miniconda3/envs/ckl/lib/python3.8/site-packages (from spacy<3.5.0,>=3.4.0->en-core-web-sm==3.4.0) (2.28.1)
Requirement already satisfied: cymem<2.1.0,>=2.0.2 in /mmfs1/gscratch/ark/tjung2/miniconda3/envs/ckl/lib/python3.8/site-packages (from spacy<3.5.0,>=3.4.0->en-core-web-sm==3.4.0) (2.0.6)
Requirement already satisfied: langcodes<4.0.0,>=3.2.0 in /mmfs1/gscratch/ark/tjung2/miniconda3/envs/ckl/lib/python3.8/site-packages (from spacy<3.5.0,>=3.4.0->en-core-web-sm==3.4.0) (3.3.0)
Requirement already satisfied: pydantic!=1.8,!=1.8.1,<1.10.0,>=1.7.4 in /mmfs1/gscratch/ark/tjung2/miniconda3/envs/ckl/lib/python3.8/site-packages (from spacy<3.5.0,>=3.4.0->en-core-web-sm==3.4.0) (1.9.1)
Requirement already satisfied: tqdm<5.0.0,>=4.38.0 in /mmfs1/gscratch/ark/tjung2/miniconda3/envs/ckl/lib/python3.8/site-packages (from spacy<3.5.0,>=3.4.0->en-core-web-sm==3.4.0) (4.64.0)
Requirement already satisfied: spacy-legacy<3.1.0,>=3.0.9 in /mmfs1/gscratch/ark/tjung2/miniconda3/envs/ckl/lib/python3.8/site-packages (from spacy<3.5.0,>=3.4.0->en-core-web-sm==3.4.0) (3.0.10)
Requirement already satisfied: numpy>=1.15.0 in /mmfs1/gscratch/ark/tjung2/miniconda3/envs/ckl/lib/python3.8/site-packages (from spacy<3.5.0,>=3.4.0->en-core-web-sm==3.4.0) (1.23.2)
Requirement already satisfied: preshed<3.1.0,>=3.0.2 in /mmfs1/gscratch/ark/tjung2/miniconda3/envs/ckl/lib/python3.8/site-packages (from spacy<3.5.0,>=3.4.0->en-core-web-sm==3.4.0) (3.0.7)
Requirement already satisfied: jinja2 in /mmfs1/gscratch/ark/tjung2/miniconda3/envs/ckl/lib/python3.8/site-packages (from spacy<3.5.0,>=3.4.0->en-core-web-sm==3.4.0) (3.1.2)
Requirement already satisfied: catalogue<2.1.0,>=2.0.6 in /mmfs1/gscratch/ark/tjung2/miniconda3/envs/ckl/lib/python3.8/site-packages (from spacy<3.5.0,>=3.4.0->en-core-web-sm==3.4.0) (2.0.8)
Requirement already satisfied: typer<0.5.0,>=0.3.0 in /mmfs1/gscratch/ark/tjung2/miniconda3/envs/ckl/lib/python3.8/site-packages (from spacy<3.5.0,>=3.4.0->en-core-web-sm==3.4.0) (0.4.2)
Requirement already satisfied: packaging>=20.0 in /mmfs1/gscratch/ark/tjung2/miniconda3/envs/ckl/lib/python3.8/site-packages (from spacy<3.5.0,>=3.4.0->en-core-web-sm==3.4.0) (21.3)
Requirement already satisfied: pyparsing!=3.0.5,>=2.0.2 in /mmfs1/gscratch/ark/tjung2/miniconda3/envs/ckl/lib/python3.8/site-packages (from packaging>=20.0->spacy<3.5.0,>=3.4.0->en-core-web-sm==3.4.0) (3.0.9)
Requirement already satisfied: smart-open<6.0.0,>=5.2.1 in /mmfs1/gscratch/ark/tjung2/miniconda3/envs/ckl/lib/python3.8/site-packages (from pathy>=0.3.5->spacy<3.5.0,>=3.4.0->en-core-web-sm==3.4.0) (5.2.1)
Requirement already satisfied: typing-extensions>=3.7.4.3 in /mmfs1/gscratch/ark/tjung2/miniconda3/envs/ckl/lib/python3.8/site-packages (from pydantic!=1.8,!=1.8.1,<1.10.0,>=1.7.4->spacy<3.5.0,>=3.4.0->en-core-web-sm==3.4.0) (4.3.0)
Requirement already satisfied: urllib3<1.27,>=1.21.1 in /mmfs1/gscratch/ark/tjung2/miniconda3/envs/ckl/lib/python3.8/site-packages (from requests<3.0.0,>=2.13.0->spacy<3.5.0,>=3.4.0->en-core-web-sm==3.4.0) (1.26.12)
Requirement already satisfied: idna<4,>=2.5 in /mmfs1/gscratch/ark/tjung2/miniconda3/envs/ckl/lib/python3.8/site-packages (from requests<3.0.0,>=2.13.0->spacy<3.5.0,>=3.4.0->en-core-web-sm==3.4.0) (3.3)
Requirement already satisfied: certifi>=2017.4.17 in /mmfs1/gscratch/ark/tjung2/miniconda3/envs/ckl/lib/python3.8/site-packages (from requests<3.0.0,>=2.13.0->spacy<3.5.0,>=3.4.0->en-core-web-sm==3.4.0) (2022.6.15)
Requirement already satisfied: charset-normalizer<3,>=2 in /mmfs1/gscratch/ark/tjung2/miniconda3/envs/ckl/lib/python3.8/site-packages (from requests<3.0.0,>=2.13.0->spacy<3.5.0,>=3.4.0->en-core-web-sm==3.4.0) (2.1.1)
Requirement already satisfied: blis<0.10.0,>=0.7.8 in /mmfs1/gscratch/ark/tjung2/miniconda3/envs/ckl/lib/python3.8/site-packages (from thinc<8.2.0,>=8.1.0->spacy<3.5.0,>=3.4.0->en-core-web-sm==3.4.0) (0.9.1)
Requirement already satisfied: confection<1.0.0,>=0.0.1 in /mmfs1/gscratch/ark/tjung2/miniconda3/envs/ckl/lib/python3.8/site-packages (from thinc<8.2.0,>=8.1.0->spacy<3.5.0,>=3.4.0->en-core-web-sm==3.4.0) (0.0.1)
Requirement already satisfied: click<9.0.0,>=7.1.1 in /mmfs1/gscratch/ark/tjung2/miniconda3/envs/ckl/lib/python3.8/site-packages (from typer<0.5.0,>=0.3.0->spacy<3.5.0,>=3.4.0->en-core-web-sm==3.4.0) (8.1.3)
Requirement already satisfied: MarkupSafe>=2.0 in /mmfs1/gscratch/ark/tjung2/miniconda3/envs/ckl/lib/python3.8/site-packages (from jinja2->spacy<3.5.0,>=3.4.0->en-core-web-sm==3.4.0) (2.1.1)
WARNING: Ignoring invalid distribution -umpy (/mmfs1/gscratch/ark/tjung2/miniconda3/envs/ckl/lib/python3.8/site-packages)
Installing collected packages: en-core-web-sm
WARNING: Ignoring invalid distribution -umpy (/mmfs1/gscratch/ark/tjung2/miniconda3/envs/ckl/lib/python3.8/site-packages)
Successfully installed en-core-web-sm-3.4.0
WARNING: Ignoring invalid distribution -umpy (/mmfs1/gscratch/ark/tjung2/miniconda3/envs/ckl/lib/python3.8/site-packages)
WARNING: Ignoring invalid distribution -umpy (/mmfs1/gscratch/ark/tjung2/miniconda3/envs/ckl/lib/python3.8/site-packages)
WARNING: Ignoring invalid distribution -umpy (/mmfs1/gscratch/ark/tjung2/miniconda3/envs/ckl/lib/python3.8/site-packages)
[38;5;2mâœ” Download and installation successful[0m
You can now load the package via spacy.load('en_core_web_sm')
