#!/bin/bash
#SBATCH --job-name=data-proc
#SBATCH --partition=gpu-2080ti
#SBATCH --account=cse
#SBATCH --nodes=1
#SBATCH --cpus-per-task=8
#SBATCH --mem=32G
#SBATCH --gres=gpu:1
#SBATCH --time=1-00:00:00 
#SBATCH --mail-type=ALL
#SBATCH --mail-user=tjung2@uw.edu

# I use source to initialize conda into the right environment.
cat $0
echo "--------------------"

source ~/.bashrc
conda activate ckl

# WMT -> Templama
# python run.py --config configs/templama/training/t5_baseline_full.json -checkpoint_path outputs/wmtbaseline_full/epoch=0-f1_score=0.178-em_score=0.149.ckpt
# python run.py --config configs/templama/training/t5_kadapters_yearly_2freeze.json -checkpoint_path outputs/wmtkadapter_2010_2freeze_158_128/epoch=1-f1_score=0.127-em_score=0.105.ckpt
# python run.py --config configs/templama/training/t5_kadapters_soft_full.json -checkpoint_path outputs/wmtkadapter_soft_full_2freeze_158_128/epoch=0-f1_score=0.091-em_score=0.076.ckpt

# WMT baseline -> WMT adapters
# python run.py --config configs/wmt/training/t5_kadapters_soft_full.json -checkpoint_path outputs/wmtbaseline_full/epoch=0-f1_score=0.178-em_score=0.149.ckpt
# python run.py --config configs/wmt/training/t5_kadapters_yearly_2freeze.json -checkpoint_path outputs/wmtbaseline_full/epoch=0-f1_score=0.178-em_score=0.149.ckpt

# WMT -> SituatedQA
# python run.py --config configs/situatedqa/training/t5_baseline_full.json -checkpoint_path outputs/wmtbaseline_full/epoch=0-f1_score=0.178-em_score=0.149.ckpt
# python run.py --config configs/situatedqa/training/t5_kadapters_soft_yearly_2freeze.json -checkpoint_path outputs/wmtkadapter_soft_full_2freeze_158_128/epoch=0-f1_score=0.091-em_score=0.076.ckpt

# Preprocess data
# python preprocess_nyt_data.py 2010 -end_date=2020
python preprocess_nyt_data_full.py

# python run.py --config configs/wmt/training/t5_kadapters_soft_full.json -checkpoint_path outputs/wmtkadapter_soft_full_0freeze_158_128/epoch=0-f1_score=0.142-em_score=0.117.ckpt--------------------
1981
1982
1983
1984
1985
1986
1987
1988
1989
1990
1991
1992
1993
1994
1995
1996
1997
1998
1999
2000
2001
2002
2003
2004
2005
2006
2007
2008
2009
2010
2011
2012
2013
2014
2015
2016
2017
2018
2019
2020
