#!/bin/bash
#SBATCH --job-name=data-proc
#SBATCH --partition=gpu-a40
#SBATCH --account=cse
#SBATCH --nodes=1
#SBATCH --cpus-per-task=8
#SBATCH --mem=32G
#SBATCH --gres=gpu:1
#SBATCH --time=11:00:00 
#SBATCH --mail-type=ALL
#SBATCH --mail-user=tjung2@uw.edu

# I use source to initialize conda into the right environment.
cat $0
echo "--------------------"

source ~/.bashrc
conda activate ckl

python run.py --config configs/situatedqa/training/t5_kadapters_soft_yearly_2freeze.json--------------------
wandb: Currently logged in as: tjung2. Use `wandb login --relogin` to force relogin
wandb: wandb version 0.13.3 is available!  To upgrade, please run:
wandb:  $ pip install wandb --upgrade
wandb: Tracking run with wandb version 0.13.1
wandb: Run data is saved locally in /mmfs1/gscratch/ark/tjung2/continual-knowledge-learning/wandb/run-20220916_073845-dlhr5a07
wandb: Run `wandb offline` to turn off syncing.
wandb: Syncing run kadapter_soft_2018-
wandb: ⭐️ View project at https://wandb.ai/tjung2/temporal_questions
wandb: 🚀 View run at https://wandb.ai/tjung2/temporal_questions/runs/dlhr5a07
/mmfs1/gscratch/ark/tjung2/miniconda3/envs/ckl/lib/python3.8/site-packages/pytorch_lightning/callbacks/model_checkpoint.py:360: UserWarning: Checkpoint directory outputs/situatedqakadapter_soft_2018-_2freeze_158_128 exists and is not empty.
  rank_zero_warn(f"Checkpoint directory {dirpath} exists and is not empty.")
/mmfs1/gscratch/ark/tjung2/miniconda3/envs/ckl/lib/python3.8/site-packages/pytorch_lightning/callbacks/model_checkpoint.py:396: LightningDeprecationWarning: Argument `period` in `ModelCheckpoint` is deprecated in v1.3 and will be removed in v1.5. Please use `every_n_val_epochs` instead.
  rank_zero_deprecation(
checkpoint path = None
Namespace(accelerator='ddp', adam_epsilon=1e-08, adapter_config={'adapter_list': [1, 5, 8], 'adapter_hidden_size': 128, 'adapter_enc_dec': None}, adapter_enc_dec=None, adapter_hidden_size=128, adapter_list=[1, 5, 8], check_validation_only=False, checkpoint_dir='outputs/situatedqakadapter_soft_2018-_2freeze_158_128', checkpoint_path=None, dataset='situatedqa', dataset_version='2018-', early_stop_callback=False, eval_batch_size=64, freeze_embeds=False, freeze_encoder=False, freeze_level=2, learning_rate=0.001, max_grad_norm=0.5, max_input_length=50, max_output_length=25, method='kadapter_soft', mode='pretrain', model_name_or_path='google/t5-small-ssm', n_gpu=1, n_test=-1, n_train=-1, n_val=-1, num_train_epochs=60, num_workers=4, opt_level='O1', output_dir='outputs/situatedqakadapter_soft_2018-_2freeze_158_128', output_log=None, prefix=True, resume_from_checkpoint=None, seed=42, split=0, split_num=1, t5_learning_rate=None, tokenizer_name_or_path='google/t5-small-ssm', train_batch_size=64, use_deepspeed=False, use_lr_scheduling=True, val_check_interval=1.0, wandb_log=True, warmup_steps=0, weight_decay=0.0)
wandb: Waiting for W&B process to finish... (failed 1). Press Control-C to abort syncing.
wandb: - 0.000 MB of 0.000 MB uploaded (0.000 MB deduped)wandb: \ 0.000 MB of 0.001 MB uploaded (0.000 MB deduped)wandb: | 0.001 MB of 0.001 MB uploaded (0.000 MB deduped)wandb: / 0.001 MB of 0.001 MB uploaded (0.000 MB deduped)wandb: - 0.001 MB of 0.012 MB uploaded (0.000 MB deduped)wandb: \ 0.003 MB of 0.012 MB uploaded (0.000 MB deduped)wandb: | 0.008 MB of 0.012 MB uploaded (0.000 MB deduped)wandb: / 0.012 MB of 0.012 MB uploaded (0.000 MB deduped)wandb: - 0.012 MB of 0.012 MB uploaded (0.000 MB deduped)wandb: \ 0.012 MB of 0.012 MB uploaded (0.000 MB deduped)wandb: | 0.012 MB of 0.012 MB uploaded (0.000 MB deduped)wandb: / 0.012 MB of 0.012 MB uploaded (0.000 MB deduped)wandb: - 0.012 MB of 0.012 MB uploaded (0.000 MB deduped)wandb: \ 0.012 MB of 0.012 MB uploaded (0.000 MB deduped)wandb:                                                                                
wandb: Synced kadapter_soft_2018-: https://wandb.ai/tjung2/temporal_questions/runs/dlhr5a07
wandb: Synced 6 W&B file(s), 0 media file(s), 0 artifact file(s) and 0 other file(s)
wandb: Find logs at: ./wandb/run-20220916_073845-dlhr5a07/logs
Traceback (most recent call last):
  File "/mmfs1/gscratch/ark/tjung2/miniconda3/envs/ckl/lib/python3.8/site-packages/torch/serialization.py", line 308, in _check_seekable
    f.seek(f.tell())
AttributeError: 'NoneType' object has no attribute 'seek'

During handling of the above exception, another exception occurred:

Traceback (most recent call last):
  File "run.py", line 198, in <module>
    model = Model.load_from_checkpoint(checkpoint_path=args.checkpoint_path, hparams=args, strict=False)
  File "/mmfs1/gscratch/ark/tjung2/miniconda3/envs/ckl/lib/python3.8/site-packages/pytorch_lightning/core/saving.py", line 135, in load_from_checkpoint
    checkpoint = pl_load(checkpoint_path, map_location=lambda storage, loc: storage)
  File "/mmfs1/gscratch/ark/tjung2/miniconda3/envs/ckl/lib/python3.8/site-packages/pytorch_lightning/utilities/cloud_io.py", line 28, in load
    return torch.load(path_or_url, map_location=map_location)
  File "/mmfs1/gscratch/ark/tjung2/miniconda3/envs/ckl/lib/python3.8/site-packages/torch/serialization.py", line 594, in load
    with _open_file_like(f, 'rb') as opened_file:
  File "/mmfs1/gscratch/ark/tjung2/miniconda3/envs/ckl/lib/python3.8/site-packages/torch/serialization.py", line 235, in _open_file_like
    return _open_buffer_reader(name_or_buffer)
  File "/mmfs1/gscratch/ark/tjung2/miniconda3/envs/ckl/lib/python3.8/site-packages/torch/serialization.py", line 220, in __init__
    _check_seekable(buffer)
  File "/mmfs1/gscratch/ark/tjung2/miniconda3/envs/ckl/lib/python3.8/site-packages/torch/serialization.py", line 311, in _check_seekable
    raise_err_msg(["seek", "tell"], e)
  File "/mmfs1/gscratch/ark/tjung2/miniconda3/envs/ckl/lib/python3.8/site-packages/torch/serialization.py", line 304, in raise_err_msg
    raise type(e)(msg)
AttributeError: 'NoneType' object has no attribute 'seek'. You can only torch.load from a file that is seekable. Please pre-load the data into a buffer like io.BytesIO and try to load from it instead.
