#!/bin/bash
#SBATCH --job-name=data-proc
#SBATCH --partition=gpu-rtx6k
#SBATCH --account=cse
#SBATCH --nodes=1
#SBATCH --cpus-per-task=8
#SBATCH --mem=32G
#SBATCH --gres=gpu:1
#SBATCH --time=16:00:00
#SBATCH --mail-type=ALL
#SBATCH --mail-user=tjung2@uw.edu

# I use source to initialize conda into the right environment.
cat $0
echo "--------------------"
    
source ~/.bashrc
conda activate ckl

wandb agent --count 1 tjung2/temporal_questions/tuiw1njj
wandb agent --count 1 tjung2/temporal_questions/tuiw1njj
wandb agent --count 1 tjung2/temporal_questions/tuiw1njj
wandb agent --count 1 tjung2/temporal_questions/tuiw1njj
wandb agent --count 1 tjung2/temporal_questions/tuiw1njj
wandb agent --count 1 tjung2/temporal_questions/tuiw1njj
wandb agent --count 1 tjung2/temporal_questions/tuiw1njj
wandb agent --count 1 tjung2/temporal_questions/tuiw1njj
wandb agent --count 1 tjung2/temporal_questions/tuiw1njj
--------------------
slurmstepd: error: *** JOB 5986650 ON g3011 CANCELLED AT 2022-08-30T05:32:48 ***
