#!/bin/bash
#SBATCH --job-name=data-proc
#SBATCH --partition=gpu-a40
#SBATCH --account=cse
#SBATCH --nodes=1
#SBATCH --cpus-per-task=8
#SBATCH --mem=32G
#SBATCH --gres=gpu:1
#SBATCH --time=11:00:00 
#SBATCH --mail-type=ALL
#SBATCH --mail-user=tjung2@uw.edu

# I use source to initialize conda into the right environment.
cat $0
echo "--------------------"

source ~/.bashrc
conda activate ckl

python run.py --config configs/wmt/training/t5_baseline_yearly.json--------------------
wandb: Currently logged in as: tjung2. Use `wandb login --relogin` to force relogin
wandb: wandb version 0.13.3 is available!  To upgrade, please run:
wandb:  $ pip install wandb --upgrade
wandb: Tracking run with wandb version 0.13.1
wandb: Run data is saved locally in /mmfs1/gscratch/ark/tjung2/continual-knowledge-learning/wandb/run-20220916_063855-38qbia14
wandb: Run `wandb offline` to turn off syncing.
wandb: Syncing run baseline_full
wandb: ⭐️ View project at https://wandb.ai/tjung2/temporal_questions
wandb: 🚀 View run at https://wandb.ai/tjung2/temporal_questions/runs/38qbia14
Namespace(accelerator='ddp', adam_epsilon=1e-08, adapter_config={'adapter_list': None, 'adapter_hidden_size': None, 'adapter_enc_dec': None, 'pool_size': None}, adapter_enc_dec=None, adapter_hidden_size=None, adapter_list=None, check_validation_only=False, checkpoint_dir=None, checkpoint_path='', dataset='wmt', dataset_version='full', early_stop_callback=False, eval_batch_size=64, freeze_embeds=False, freeze_encoder=False, freeze_level=0, learning_rate=0.0001, max_grad_norm=0.5, max_input_length=50, max_output_length=25, method='baseline', mode='pretrain', model_name_or_path='google/t5-small-ssm', n_gpu=2, n_test=-1, n_train=-1, n_val=-1, num_train_epochs=30, num_workers=4, opt_level='O1', output_dir='outputs/wmtbaseline_full', output_log=None, pool_size=None, prefix=True, resume_from_checkpoint=None, seed=42, split=0, split_num=1, t5_learning_rate=None, tokenizer_name_or_path='google/t5-small-ssm', train_batch_size=64, use_deepspeed=False, use_lr_scheduling=True, val_check_interval=0.1, val_data='full', wandb_log=True, warmup_steps=0, weight_decay=0.0)
Not freezing any parameters!
wandb: Waiting for W&B process to finish... (failed 1). Press Control-C to abort syncing.
wandb: - 0.000 MB of 0.000 MB uploaded (0.000 MB deduped)wandb: \ 0.001 MB of 0.001 MB uploaded (0.000 MB deduped)wandb: | 0.001 MB of 0.001 MB uploaded (0.000 MB deduped)wandb: / 0.001 MB of 0.008 MB uploaded (0.000 MB deduped)wandb: - 0.001 MB of 0.011 MB uploaded (0.000 MB deduped)wandb: \ 0.011 MB of 0.011 MB uploaded (0.000 MB deduped)wandb: | 0.011 MB of 0.011 MB uploaded (0.000 MB deduped)wandb: / 0.011 MB of 0.011 MB uploaded (0.000 MB deduped)wandb: - 0.011 MB of 0.011 MB uploaded (0.000 MB deduped)wandb: \ 0.011 MB of 0.011 MB uploaded (0.000 MB deduped)wandb: | 0.011 MB of 0.011 MB uploaded (0.000 MB deduped)wandb: / 0.011 MB of 0.011 MB uploaded (0.000 MB deduped)wandb:                                                                                
wandb: Synced baseline_full: https://wandb.ai/tjung2/temporal_questions/runs/38qbia14
wandb: Synced 6 W&B file(s), 0 media file(s), 0 artifact file(s) and 0 other file(s)
wandb: Find logs at: ./wandb/run-20220916_063855-38qbia14/logs
Traceback (most recent call last):
  File "run.py", line 221, in <module>
    trainer = pl.Trainer(**train_params)
  File "/mmfs1/gscratch/ark/tjung2/miniconda3/envs/ckl/lib/python3.8/site-packages/pytorch_lightning/trainer/connectors/env_vars_connector.py", line 40, in insert_env_defaults
    return fn(self, **kwargs)
  File "/mmfs1/gscratch/ark/tjung2/miniconda3/envs/ckl/lib/python3.8/site-packages/pytorch_lightning/trainer/trainer.py", line 321, in __init__
    self.accelerator_connector = AcceleratorConnector(
  File "/mmfs1/gscratch/ark/tjung2/miniconda3/envs/ckl/lib/python3.8/site-packages/pytorch_lightning/trainer/connectors/accelerator_connector.py", line 131, in __init__
    self.parallel_device_ids = device_parser.parse_gpu_ids(self.gpus)
  File "/mmfs1/gscratch/ark/tjung2/miniconda3/envs/ckl/lib/python3.8/site-packages/pytorch_lightning/utilities/device_parser.py", line 87, in parse_gpu_ids
    gpus = _sanitize_gpu_ids(gpus)
  File "/mmfs1/gscratch/ark/tjung2/miniconda3/envs/ckl/lib/python3.8/site-packages/pytorch_lightning/utilities/device_parser.py", line 154, in _sanitize_gpu_ids
    raise MisconfigurationException(
pytorch_lightning.utilities.exceptions.MisconfigurationException: You requested GPUs: [0, 1]
 But your machine only has: [0]
