#!/bin/bash
#SBATCH --job-name=data-proc
#SBATCH --partition=gpu-a40
#SBATCH --account=ark
#SBATCH --nodes=1
#SBATCH --cpus-per-task=4
#SBATCH --mem=32G
#SBATCH --gres=gpu:1
#SBATCH --time=11:00:00
#SBATCH --mail-type=ALL
#SBATCH --mail-user=tjung2@uw.edu

# I use source to initialize conda into the right environment.
cat $0
echo "--------------------"

source ~/.bashrc
conda activate ckl

wget https://data.statmt.org/news-crawl/doc/en/news-docs.2017.en.filtered.gz --user newscrawl --password acrawl4me
wget https://data.statmt.org/news-crawl/doc/en/news-docs.2018.en.filtered.gz --user newscrawl --password acrawl4me--------------------
--2022-09-16 01:32:49--  https://data.statmt.org/news-crawl/doc/en/news-docs.2017.en.filtered.gz
Resolving data.statmt.org (data.statmt.org)... 129.215.197.184
Connecting to data.statmt.org (data.statmt.org)|129.215.197.184|:443... connected.
HTTP request sent, awaiting response... 401 Unauthorized
Authentication selected: Basic realm="Document-split news crawl"
Reusing existing connection to data.statmt.org:443.
HTTP request sent, awaiting response... 200 OK
Length: 17436264379 (16G) [application/x-gzip]
Saving to: ‘news-docs.2017.en.filtered.gz’

     0K .......... .......... .......... .......... ..........  0%  181K 26h4m
    50K .......... .......... .......... .......... ..........  0%  324K 20h19m
   100K .......... .......... .......... .......... ..........  0% 42.3M 13h35m
   150K .......... .......... .......... .......... ..........  0% 1.14M 11h12m
   200K .......... .......... .......... .......... ..........  0%  441K 11h6m
   250K .......... .......... .......... .......... ..........  0%  164K 14h4m
   300K .......... .......... .......... .......... ..........  0% 13.3M 12h6m
   350K .......... .......... .......... .......... ..........  0% 28.8M 10h36m
   400K .......... .......... .......... .......... ..........  0% 1.22M 9h51m
   450K .......... .......... .......... .......... ..........  0%  229M 8h52m
   500K .......... .......... .......... .......... ..........  0%  222M 8h4m
   550K .......... .......... .......... .......... ..........  0%  466K 8h14m
   600K .......... .......... .......... .......... ..........  0% 13.0M 7h38m
   650K .......... .......... .......... .......... ..........  0% 25.1M 7h6m
   700K .......... .......... .......... .......... ..........  0% 1.16M 6h53m
   750K .......... .......... .......... .......... ..........  0% 25.5M 6h28m
   800K .......... .......... .......... .......... ..........  0%  459K 6h42m
   850K .......... .......... .......... .......... ..........  0% 19.5M 6h20m
   900K .......... .......... .......... .......... ..........  0% 1.12M 6h13m
   950K .......... .......... .......... .......... ..........  0% 21.0M 5h55m
  1000K .......... .......... .......... .......... ..........  0%  481K 6h6m
  1050K .......... .......... .......... .......... ..........  0% 17.0M 5h50m
  1100K .......... .......... .......... .......... ..........  0% 1.08M 5h46m
  1150K .......... .......... .......... .......... ..........  0% 20.2M 5h32m
  1200K .......... .......... .......... .......... ..........  0%  190K 6h19m
  1250K .......... .......... .......... .......... ..........  0% 19.6M 6h5m
  1300K .......... .......... .......... .......... ..........  0%  242M 5h51m
  1350K .......... .......... .......... .......... ..........  0%  330K 6h9m
  1400K .......... .......... .......... .......... ..........  0% 16.9M 5h57m
  1450K .......... .......... .......... .......... ..........  0%  128M 5h45m
  1500K .......... .......... .......... .......... ..........  0% 10.4M 5h35m
  1550K .......... .......... .......... .......... ..........  0%  338K 5h51m
  1600K .......... .......... .......... .......... ..........  0% 12.6M 5h41m
  1650K .......... .......... .......... .......... ..........  0% 9.24M 5h32m
  1700K .......... .......... .......... .......... ..........  0%  340K 5h46m
  1750K .......... .......... .......... .......... ..........  0% 19.6M 5h37m
  1800K .......... .......... .......... .......... ..........  0% 8.93M 5h28m
  1850K .......... .......... .......... .......... ..........  0%  259K 5h49m
  1900K .......... .......... .......... .......... ..........  0%  224M 5h40m
  1950K .......... .......... .......... .......... ..........  0%  235M 5h31m
  2000K .......... .......... .......... .......... ..........  0%  446K 5h39m
  2050K .......... .......... .......... .......... ..........  0% 12.0M 5h31m
  2100K .......... .......... .......... .......... ..........  0%  338K 5h43m
  2150K .......... .......... .......... .......... ..........  0% 7.83M 5h36m
  2200K .......... .......... .......... .......... ..........  0% 1.24M 5h33m
  2250K .......... .......... .......... .......... ..........  0%  186K 5h59m
  2300K .......... .......... .......... .......... ..........  0% 7.95M 5h52m
  2350K .......... .......... .......... .......... ..........  0%  237M 5h45m
  2400K .......... .......... .......... .......... ..........  0%  330K 5h56m
  2450K .......... .......... .......... .......... ..........  0%  253K 6h11m
  2500K .......... .......... .......... .......... ..........  0% 1.22M 6h8m
  2550K .......... .......... .......... .......... ..........  0%  652K 6h9m
  2600K .......... .......... .......... .......... ..........  0%  330K 6h18m
  2650K .......... .......... .......... .......... ..........  0%  164K 6h44m
  2700K .......... .......... .......... .......... ..........  0% 10.9M 6h37m
  2750K .......... .......... .......... .......... ..........  0%  211K 6h54m
  2800K .......... .......... .......... .......... ..........  0%  215K 7h10m
  2850K .......... .......... .......... .......... ..........  0%  220K 7h24m
  2900K .......... .......... .......... .......... ..........  0%  213K 7h39m
  2950K .......... .......... .......... .......... ..........  0%  216K 7h54m
  3000K .......... .......... .......... .......... ..........  0%  211K 8h8m
  3050K .......... .......... .......... .......... ..........  0%  130K 8h35m
  3100K .......... .......... .......... .......... ..........  0%  314K 8h41m
  3150K .......... .......... .......... .......... ..........  0%  160K 9h1m
  3200K .......... .......... .......... .......... ..........  0%  108K 9h33m
  3250K .......... .......... .......... .......... ..........  0%  162K 9h51m
  3300K .......... .......... .......... .......... ..........  0%  162K 10h8m
  3350K .......... .......... .......... .......... ..........  0%  163K 10h25m
  3400K .......... .......... .......... .......... ..........  0%  163K 10h41m
  3450K .......... .......... .......... .......... ..........  0%  216K 10h51m
  3500K .......... .......... .......... .......... ..........  0%  210K 11h0m
  3550K .......... .......... .......... .......... ..........  0%  217K 11h9m
  3600K .......... .......... .......... .......... ..........  0%  166K 11h24m
  3650K .......... .......... .......... .......... ..........  0%  214K 11h32m
  3700K .......... .......... .......... .......... ..........  0%  222K 11h40m
  3750K .......... .......... .......... .......... ..........  0%  215K 11h48m
  3800K .......... .......... .......... .......... ..........  0%  158K 12h2m
  3850K .......... .......... .......... .......... ..........  0%  252K 12h8m
  3900K .......... .......... .......... .......... ..........  0%  147K 12h23m
  3950K .......... .......... .......... .......... ..........  0%  142K 12h38m
  4000K .......... .......... .......... .......... ..........  0%  117K 12h59m
  4050K .......... .......... .......... .......... ..........  0%  107K 13h22m
  4100K .......... .......... .......... .......... ..........  0%  107K 13h44m
  4150K .......... .......... .......... .......... ..........  0%  161K 13h55m
  4200K .......... .......... .......... .......... ..........  0%  162K 14h6m
  4250K .......... .......... .......... .......... ..........  0%  161K 14h17m
  4300K .......... .......... .......... .......... ..........  0%  126K 14h33m
  4350K .......... .......... .......... .......... ..........  0%  130K 14h47m
  4400K .......... .......... .......... .......... ..........  0%  107K 15h7m
  4450K .......... .......... .......... .......... ..........  0%  161K 15h17m
  4500K .......... .......... .......... .......... ..........  0%  163K 15h26m
  4550K .......... .......... .......... .......... ..........  0%  143K 15h37m
  4600K .......... .......... .......... .......... ..........  0%  161K 15h46m
  4650K .......... .......... .......... .......... ..........  0% 68.2K 16h20m
  4700K .......... .......... .......... .......... ..........  0% 11.5M 16h10m
  4750K .......... .......... .......... .......... ..........  0%  108K 16h28m
  4800K .......... .......... .......... .......... ..........  0%  108K 16h45m
  4850K .......... .......... .......... .......... ..........  0%  162K 16h52m
  4900K .......... .......... .......... .......... ..........  0%  163K 17h0m
  4950K .......... .......... .......... .......... ..........  0%  208K 17h3m
  5000K .......... .......... .......... .......... ..........  0%  160K 17h10m
  5050K .......... .......... .......... .......... ..........  0%  185K 17h15m
  5100K .......... .......... .......... .......... ..........  0%  185K 17h20m
  5150K .......... .......... .......... .......... ..........  0% 98.8K 17h38m
  5200K .......... .......... .......... .......... ..........  0%  117K 17h51m
  5250K .......... .......... .......... .......... ..........  0%  160K 17h57m
  5300K .......... .......... .......... .......... ..........  0%  161K 18h4m
  5350K .......... .......... .......... .......... ..........  0%  261K 18h4m
  5400K .......... .......... .......... .......... ..........  0%  160K 18h10m
  5450K .......... .......... .......... .......... ..........  0%  181K 18h14m
  5500K .......... .......... .......... .......... ..........  0%  146K 18h22m
  5550K .......... .......... .......... .......... ..........  0%  162K 18h28m
  5600K .......... .......... .......... .......... ..........  0% 98.6K 18h44m
  5650K .......... .......... .......... .......... ..........  0%  118K 18h55m
  5700K .......... .......... .......... .......... ..........  0% 98.1K 19h10m
  5750K .......... .......... .......... .......... ..........  0% 80.2K 19h31m
  5800K .......... .......... .......... .......... ..........  0%  107K 19h43m
  5850K .......... .......... .......... .......... ..........  0%  107K 19h56m
  5900K .......... .......... .......... .......... ..........  0%  119K 20h6m
  5950K .......... .......... .......... .......... ..........  0%  139K 20h13m
  6000K .......... .......... .......... .......... ..........  0% 88.1K 20h29m
  6050K .......... .......... .......... .......... ..........  0% 80.1K 20h48m
  6100K .......... .......... .......... .......... ..........  0%  107K 21h0m
  6150K .......... .......... .......... .......... ..........  0% 97.6K 21h13m
  6200K .......... .......... .......... .......... ..........  0% 75.1K 21h33m
  6250K .......... .......... .......... .......... ..........  0% 87.0K 21h49m
  6300K .......... .......... .......... .......... ..........  0% 98.0K 22h1m
  6350K .......... .......... .......... .......... ..........  0% 64.6K 22h25m
  6400K .......... .......... .......... .......... ..........  0% 46.1K 23h2m
  6450K .......... .......... .......... .......... ..........  0% 80.8K 23h19m
  6500K .......... .......... .......... .......... ..........  0%  106K 23h28m
  6550K .......... .......... .......... .......... ..........  0% 64.8K 23h51m
  6600K .......... .......... .......... .......... ..........  0%  107K 24h0m
  6650K .......... .......... .......... .......... ..........  0% 80.7K 24h16m
  6700K .......... .......... .......... .......... ..........  0%  107K 24h24m
  6750K .......... .......... .......... .......... ..........  0% 80.5K 24h40m
  6800K .......... .......... .......... .......... ..........  0% 80.2K 24h55m
  6850K .......... .......... .......... .......... ..........  0% 80.6K 25h9m
  6900K .......... .......... .......... .......... ..........  0% 81.0K 25h24m
  6950K .......... .......... .......... .......... ..........  0%  108K 25h31m
  7000K .......... .......... .......... .......... ..........  0%  107K 25h39m
  7050K .......... .......... .......... .......... ..........  0%  161K 25h41m
  7100K .......... .......... .......... .......... ..........  0%  125K 25h46m
  7150K .......... .......... .......... .......... ..........  0%  134K 25h50m
  7200K .......... .......... .......... .......... ..........  0%  109K 25h57m
  7250K .......... .......... .......... .......... ..........  0%  142K 26h0m
  7300K .......... .......... .......... .......... ..........  0%  160K 26h2m
  7350K .......... .......... .......... .......... ..........  0%  160K 26h3m
  7400K .......... .......... .......... .......... ..........  0%  161K 26h4m
  7450K .......... .......... .......... .......... ..........  0%  161K 26h6m
  7500K .......... .......... .......... .......... ..........  0%  160K 26h7m
  7550K .......... .......... .......... .......... ..........  0%  108K 26h14m
  7600K .......... .......... .......... .......... ..........  0%  142K 26h17m
  7650K .......... .......... .......... .......... ..........  0%  119K 26h22m
  7700K .......... .......... .......... .......... ..........  0%  140K 26h25m
  7750K .......... .......... .......... .......... ..........  0%  108K 26h31m
  7800K .......... .......... .......... .......... ..........  0%  142K 26h34m
  7850K .......... .......... .......... .......... ..........  0%  118K 26h39m
  7900K .......... .......... .......... .......... ..........  0%  161K 26h40m
  7950K .......... .......... .......... .......... ..........  0%  162K 26h41m
  8000K .......... .......... .......... .......... ..........  0%  119K 26h46m
  8050K .......... .......... .......... .......... ..........  0%  212K 26h44m
  8100K .......... .......... .......... .......... ..........  0%  185K 26h44m
  8150K .......... .......... .......... .......... ..........  0%  162K 26h45m
  8200K .......... .......... .......... .......... ..........  0%  251K 26h42m
  8250K .......... .......... .......... .......... ..........  0%  186K 26h41m
  8300K .......... .......... .......... .......... ..........  0%  161K 26h42m
  8350K .......... .......... .......... .......... ..........  0%  161K 26h43m
  8400K .......... .......... .......... .......... ..........  0%  160K 26h44m
  8450K .......... .......... .......... .......... ..........  0%  162K 26h45m
  8500K .......... .......... .......... .......... ..........  0%  184K 26h45m
  8550K .......... .......... .......... .......... ..........  0%  258K 26h42m
  8600K .......... .......... .......... .......... ..........  0%  182K 26h42m
  8650K .......... .......... .......... .......... ..........  0% 99.8K 26h49m
  8700K .......... .......... .......... .......... ..........  0% 6.19M 26h40m
  8750K .......... .......... .......... .......... ..........  0% 99.1K 26h47m
  8800K .......... .......... .......... .......... ..........  0% 70.7K 27h1m
  8850K .......... .......... .......... .......... ..........  0%  102K 27h7m
  8900K .......... .......... .......... .......... ..........  0%  108K 27h13m
  8950K .......... .......... .......... .......... ..........  0%  115K 27h17m
  9000K .......... .......... .......... .......... ..........  0%  107K 27h23m
  9050K .......... .......... .......... .......... ..........  0% 84.4K 27h32m
  9100K .......... .......... .......... .......... ..........  0% 68.8K 27h46m
  9150K .......... .......... .......... .......... ..........  0% 97.2K 27h53m
  9200K .......... .......... .......... .......... ..........  0% 80.4K 28h3m
  9250K .......... .......... .......... .......... ..........  0%  119K 28h6m
  9300K .......... .......... .......... .......... ..........  0%  127K 28h9m
  9350K .......... .......... .......... .......... ..........  0%  133K 28h12m
  9400K .......... .......... .......... .......... ..........  0%  160K 28h12m
  9450K .......... .......... .......... .......... ..........  0%  161K 28h12m
  9500K .......... .......... .......... .......... ..........  0%  161K 28h13m
  9550K .......... .......... .......... .......... ..........  0%  251K 28h10m
  9600K .......... .......... .......... .......... ..........  0%  144K 28h11m
  9650K .......... .......... .......... .......... ..........  0%  116K 28h15m
  9700K .......... .......... .......... .......... ..........  0%  317K 28h11m
  9750K .......... .......... .......... .......... ..........  0%  118K 28h15m
  9800K .......... .......... .......... .......... ..........  0% 98.0K 28h21m
  9850K .......... .......... .......... .......... ..........  0%  108K 28h25m
  9900K .......... .......... .......... .......... ..........  0%  106K 28h30m
  9950K .......... .......... .......... .......... ..........  0% 81.0K 28h39m
 10000K .......... .......... .......... .......... ..........  0% 68.5K 28h51m
 10050K .......... .......... .......... .......... ..........  0% 79.9K 29h0m
 10100K .......... .......... .......... .......... ..........  0% 40.3K 29h26m
 10150K .......... .......... .......... .......... ..........  0% 64.6K 29h39m
 10200K .......... .......... .......... .......... ..........  0% 65.0K 29h52m
 10250K .......... .......... .......... .......... ..........  0% 60.3K 30h6m
 10300K .......... .......... .......... .......... ..........  0% 87.4K 30h13m
 10350K .......... .......... .......... .......... ..........  0% 74.2K 30h23m
 10400K .......... .......... .......... .......... ..........  0% 56.6K 30h38m
 10450K .......... .......... .......... .......... ..........  0% 99.9K 30h43m
 10500K .......... .......... .......... .......... ..........  0%  118K 30h45m
 10550K .......... .......... .......... .......... ..........  0%  136K 30h46m
 10600K .......... .......... .......... .......... ..........  0%  111K 30h50m
 10650K .......... .......... .......... .......... ..........  0%  136K 30h51m
 10700K .......... .......... .......... .......... ..........  0% 86.4K 30h57m
 10750K .......... .......... .......... .......... ..........  0% 90.4K 31h3m
 10800K .......... .......... .......... .......... ..........  0% 24.5K 31h48m
 10850K .......... .......... .......... .......... ..........  0% 60.6K 32h1m
 10900K .......... .......... .......... .......... ..........  0% 59.9K 32h14m
 10950K .......... .......... .......... .......... ..........  0% 54.4K 32h29m
 11000K .......... .......... .......... .......... ..........  0% 80.4K 32h36m
 11050K .......... .......... .......... .......... ..........  0% 80.1K 32h43m
 11100K .......... .......... .......... .......... ..........  0%  107K 32h46m
 11150K .......... .......... .......... .......... ..........  0%  107K 32h49m
 11200K .......... .......... .......... .......... ..........  0%  107K 32h52m
 11250K .......... .......... .......... .......... ..........  0%  136K 32h52m
 11300K .......... .......... .......... .......... ..........  0%  142K 32h52m
 11350K .......... .......... .......... .......... ..........  0%  161K 32h52m
 11400K .......... .......... .......... .......... ..........  0%  130K 32h52m
 11450K .......... .......... .......... .......... ..........  0%  143K 32h52m
 11500K .......... .......... .......... .......... ..........  0%  163K 32h51m
 11550K .......... .......... .......... .......... ..........  0%  161K 32h51m
 11600K .......... .......... .......... .......... ..........  0%  121K 32h52m
 11650K .......... .......... .......... .......... ..........  0%  161K 32h51m
 11700K .......... .......... .......... .......... ..........  0%  237K 32h48m
 11750K .......... .......... .......... .......... ..........  0%  163K 32h47m
 11800K .......... .......... .......... .......... ..........  0%  184K 32h45m
 11850K .......... .......... .......... .......... ..........  0%  178K 32h44m
 11900K .......... .......... .......... .......... ..........  0%  220K 32h41m
 11950K .......... .......... .......... .......... ..........  0%  185K 32h39m
 12000K .......... .......... .......... .......... ..........  0%  162K 32h38m
 12050K .......... .......... .......... .......... ..........  0%  252K 32h35m
 12100K .......... .......... .......... .......... ..........  0%  161K 32h34m
 12150K .......... .......... .......... .......... ..........  0%  197K 32h32m
 12200K .......... .......... .......... .......... ..........  0%  193K 32h30m
 12250K .......... .......... .......... .......... ..........  0%  161K 32h29m
 12300K .......... .......... .......... .......... ..........  0%  161K 32h28m
 12350K .......... .......... .......... .......... ..........  0%  138K 32h29m
 12400K .......... .......... .......... .......... ..........  0%  134K 32h29m
 12450K .......... .......... .......... .......... ..........  0%  186K 32h28m
 12500K .......... .......... .......... .......... ..........  0%  127K 32h29m
 12550K .......... .......... .......... .......... ..........  0% 95.7K 32h33m
 12600K .......... .......... .......... .......... ..........  0% 79.9K 32h39m
 12650K .......... .......... .......... .......... ..........  0% 44.4K 32h56m
 12700K .......... .......... .......... .......... ..........  0% 54.0K 33h9m
 12750K .......... .......... .......... .......... ..........  0% 73.6K 33h16m
 12800K .......... .......... .......... .......... ..........  0% 54.1K 33h29m
 12850K .......... .......... .......... .......... ..........  0% 81.9K 33h35m
 12900K .......... .......... .......... .......... ..........  0%  105K 33h37m
 12950K .......... .......... .......... .......... ..........  0%  106K 33h40m
 13000K .......... .......... .......... .......... ..........  0%  136K 33h40m
 13050K .......... .......... .......... .......... ..........  0%  122K 33h41m
 13100K .......... .......... .......... .......... ..........  0%  155K 33h41m
 13150K .......... .......... .......... .......... ..........  0%  161K 33h40m
 13200K .......... .......... .......... .......... ..........  0% 70.8K 33h47m
 13250K .......... .......... .......... .......... ..........  0% 98.7K 33h50m
 13300K .......... .......... .......... .......... ..........  0% 92.4K 33h54m
 13350K .......... .......... .......... .......... ..........  0%  107K 33h56m
 13400K .......... .......... .......... .......... ..........  0%  107K 33h59m
 13450K .......... .......... .......... .......... ..........  0%  161K 33h58m
 13500K .......... .......... .......... .......... ..........  0%  129K 33h58m
 13550K .......... .......... .......... .......... ..........  0%  128K 33h59m
 13600K .......... .......... .......... .......... ..........  0% 31.6K 34h24m
 13650K .......... .......... .......... .......... ..........  0% 64.4K 34h33m
 13700K .......... .......... .......... .......... ..........  0% 75.2K 34h39m
 13750K .......... .......... .......... .......... ..........  0% 86.8K 34h43m
 13800K .......... .......... .......... .......... ..........  0%  107K 34h45m
 13850K .......... .......... .......... .......... ..........  0% 80.6K 34h50m
 13900K .......... .......... .......... .......... ..........  0% 74.9K 34h56m
 13950K .......... .......... .......... .......... ..........  0%  117K 34h57m
 14000K .......... .......... .......... .......... ..........  0% 71.2K 35h4m
 14050K .......... .......... .......... .......... ..........  0% 93.7K 35h7m
 14100K .......... .......... .......... .......... ..........  0%  115K 35h9m
 14150K .......... .......... .......... .......... ..........  0%  131K 35h9m
 14200K .......... .......... .......... .......... ..........  0%  119K 35h10m
 14250K .......... .......... .......... .......... ..........  0%  126K 35h10m
 14300K .......... .......... .......... .......... ..........  0%  143K 35h10m
 14350K .......... .......... .......... .......... ..........  0%  162K 35h9m
 14400K .......... .......... .......... .......... ..........  0%  131K 35h9m
 14450K .......... .......... .......... .......... ..........  0%  185K 35h7m
 14500K .......... .......... .......... .......... ..........  0%  178K 35h5m
 14550K .......... .......... .......... .......... ..........  0% 86.5K 35h9m
 14600K .......... .......... .......... .......... ..........  0%  140K 35h9m
 14650K .......... .......... .......... .......... ..........  0% 48.3K 35h22m
 14700K .......... .......... .......... .......... ..........  0%  108K 35h23m
 14750K .......... .......... .......... .......... ..........  0% 64.2K 35h31m
 14800K .......... .......... .......... .......... ..........  0% 46.1K 35h45m
 14850K .......... .......... .......... .......... ..........  0% 81.2K 35h49m
 14900K .......... .......... .......... .......... ..........  0% 60.4K 35h58m
 14950K .......... .......... .......... .......... ..........  0% 64.7K 36h5m
 15000K .......... .......... .......... .......... ..........  0% 42.6K 36h20m
 15050K .......... .......... .......... .......... ..........  0% 64.7K 36h27m
 15100K .......... .......... .......... .......... ..........  0% 80.6K 36h32m
 15150K .......... .......... .......... .......... ..........  0%  107K 36h33m
 15200K .......... .......... .......... .......... ..........  0% 85.5K 36h37m
 15250K .......... .......... .......... .......... ..........  0% 70.8K 36h43m
 15300K .......... .......... .......... .......... ..........  0%  138K 36h42m
 15350K .......... .......... .......... .......... ..........  0% 87.5K 36h45m
 15400K .......... .......... .......... .......... ..........  0% 46.0K 36h58m
 15450K .......... .......... .......... .......... ..........  0% 57.5K 37h7m
 15500K .......... .......... .......... .......... ..........  0% 53.6K 37h17m
 15550K .......... .......... .......... .......... ..........  0% 44.5K 37h30m
 15600K .......... .......... .......... .......... ..........  0% 50.9K 37h41m
 15650K .......... .......... .......... .......... ..........  0% 81.1K 37h45m
 15700K .......... .......... .......... .......... ..........  0%  108K 37h46m
 15750K .......... .......... .......... .......... ..........  0% 98.4K 37h48m
 15800K .......... .......... .......... .......... ..........  0% 86.1K 37h51m
 15850K .......... .......... .......... .......... ..........  0% 68.5K 37h57m
 15900K .......... .......... .......... .......... ..........  0% 74.5K 38h2m
 15950K .......... .......... .......... .......... ..........  0% 80.6K 38h5m
 16000K .......... .......... .......... .......... ..........  0% 54.4K 38h15m
 16050K .......... .......... .......... .......... ..........  0%  106K 38h16m
 16100K .......... .......... .......... .......... ..........  0% 58.4K 38h24m
 16150K .......... .......... .......... .......... ..........  0% 93.9K 38h26m
 16200K .......... .......... .......... .......... ..........  0% 70.5K 38h31m
 16250K .......... .......... .......... .......... ..........  0% 73.0K 38h36m
 16300K .......... .......... .......... .......... ..........  0% 96.4K 38h38m
 16350K .......... .......... .......... .......... ..........  0%  107K 38h39m
 16400K .......... .......... .......... .......... ..........  0% 81.1K 38h42m
 16450K .......... .......... .......... .......... ..........  0% 80.7K 38h46m
 16500K .......... .......... .......... .......... ..........  0%  160K 38h44m
 16550K .......... .......... .......... .......... ..........  0% 80.8K 38h48m
 16600K .......... .......... .......... .......... ..........  0%  106K 38h49m
 16650K .......... .......... .......... .......... ..........  0% 99.2K 38h50m
 16700K .......... .......... .......... .......... ..........  0%  117K 38h51m
 16750K .......... .......... .......... .......... ..........  0%  127K 38h50m
 16800K .......... .......... .......... .......... ..........  0% 72.7K 38h55m
 16850K .......... .......... .......... .......... ..........  0%  140K 38h54m
 16900K .......... .......... .......... .......... ..........  0%  118K 38h54m
 16950K .......... .......... .......... .......... ..........  0%  108K 38h55m
 17000K .......... .......... .......... .......... ..........  0%  140K 38h54m
 17050K .......... .......... .......... .......... ..........  0%  119K 38h54m
 17100K .......... .......... .......... .......... ..........  0%  142K 38h53m
 17150K .......... .......... .......... .......... ..........  0%  160K 38h52m
 17200K .......... .......... .......... .......... ..........  0%  108K 38h53m
 17250K .......... .......... .......... .......... ..........  0%  184K 38h50m
 17300K .......... .......... .......... .......... ..........  0%  162K 38h49m
 17350K .......... .......... .......... .......... ..........  0%  178K 38h47m
 17400K .......... .......... .......... .......... ..........  0% 85.2K 38h49m
 17450K .......... .......... .......... .......... ..........  0%  106K 38h50m
 17500K .......... .......... .......... .......... ..........  0%  107K 38h51m
 17550K .......... .......... .......... .......... ..........  0% 68.5K 38h56m
 17600K .......... .......... .......... .......... ..........  0% 80.4K 39h0m
 17650K .......... .......... .......... .......... ..........  0%  119K 39h0m
 17700K .......... .......... .......... .......... ..........  0%  108K 39h1m
 17750K .......... .......... .......... .......... ..........  0%  140K 39h0m
 17800K .......... .......... .......... .......... ..........  0% 87.2K 39h2m
 17850K .......... .......... .......... .......... ..........  0%  107K 39h3m
 17900K .......... .......... .......... .......... ..........  0%  106K 39h4m
 17950K .......... .......... .......... .......... ..........  0% 55.1K 39h12m
 18000K .......... .......... .......... .......... ..........  0% 36.8K 39h27m
 18050K .......... .......... .......... .......... ..........  0% 76.1K 39h30m
 18100K .......... .......... .......... .......... ..........  0% 75.6K 39h34m
 18150K .......... .......... .......... .......... ..........  0% 55.9K 39h42m
 18200K .......... .......... .......... .......... ..........  0% 95.3K 39h43m
 18250K .......... .......... .......... .......... ..........  0% 46.1K 39h54m
 18300K .......... .......... .......... .......... ..........  0% 64.6K 39h59m
 18350K .......... .......... .......... .......... ..........  0% 54.2K 40h7m
 18400K .......... .......... .......... .......... ..........  0% 21.0K 40h37m
 18450K .......... .......... .......... .......... ..........  0% 80.9K 40h39m
 18500K .......... .......... .......... .......... ..........  0% 80.1K 40h42m
 18550K .......... .......... .......... .......... ..........  0% 80.5K 40h45m
 18600K .......... .......... .......... .......... ..........  0%  107K 40h46m
 18650K .......... .......... .......... .......... ..........  0%  107K 40h46m
 18700K .......... .......... .......... .......... ..........  0%  108K 40h47m
 18750K .......... .......... .......... .......... ..........  0% 82.4K 40h49m
 18800K .......... .......... .......... .......... ..........  0% 37.2K 41h3m
 18850K .......... .......... .......... .......... ..........  0% 56.7K 41h10m
 18900K .......... .......... .......... .......... ..........  0% 80.7K 41h13m
 18950K .......... .......... .......... .......... ..........  0%  108K 41h13m
 19000K .......... .......... .......... .......... ..........  0%  108K 41h13m
 19050K .......... .......... .......... .......... ..........  0% 96.6K 41h15m
 19100K .......... .......... .......... .......... ..........  0%  107K 41h15m
 19150K .......... .......... .......... .......... ..........  0%  121K 41h15m
 19200K .......... .......... .......... .......... ..........  0% 75.0K 41h18m
 19250K .......... .......... .......... .......... ..........  0% 98.4K 41h19m
 19300K .......... .......... .......... .......... ..........  0% 93.9K 41h21m
 19350K .......... .......... .......... .......... ..........  0% 98.7K 41h22m
 19400K .......... .......... .......... .......... ..........  0%  107K 41h22m
 19450K .......... .......... .......... .......... ..........  0%  160K 41h20m
 19500K .......... .......... .......... .......... ..........  0% 48.8K 41h29m
 19550K .......... .......... .......... .......... ..........  0%  108K 41h29m
 19600K .......... .......... .......... .......... ..........  0% 80.7K 41h32m
 19650K .......... .......... .......... .......... ..........  0%  160K 41h30m
 19700K .......... .......... .......... .......... ..........  0%  107K 41h30m
 19750K .......... .......... .......... .......... ..........  0%  107K 41h31m
 19800K .......... .......... .......... .......... ..........  0%  107K 41h31m
 19850K .......... .......... .......... .......... ..........  0% 80.3K 41h34m
 19900K .......... .......... .......... .......... ..........  0% 86.8K 41h35m
 19950K .......... .......... .......... .......... ..........  0% 97.5K 41h36m
 20000K .......... .......... .......... .......... ..........  0% 53.5K 41h43m
 20050K .......... .......... .......... .......... ..........  0% 80.3K 41h46m
 20100K .......... .......... .......... .......... ..........  0% 42.5K 41h56m
 20150K .......... .......... .......... .......... ..........  0% 86.2K 41h58m
 20200K .......... .......... .......... .......... ..........  0% 99.0K 41h59m
 20250K .......... .......... .......... .......... ..........  0% 68.2K 42h3m
 20300K .......... .......... .......... .......... ..........  0% 91.4K 42h5m
 20350K .......... .......... .......... .......... ..........  0% 72.1K 42h8m
 20400K .......... .......... .......... .......... ..........  0% 75.4K 42h11m
 20450K .......... .......... .......... .......... ..........  0% 67.9K 42h15m
 20500K .......... .......... .......... .......... ..........  0%  106K 42h15m
 20550K .......... .......... .......... .......... ..........  0% 99.1K 42h16m
 20600K .......... .......... .......... .......... ..........  0% 85.9K 42h18m
 20650K .......... .......... .......... .......... ..........  0%  113K 42h18m
 20700K .......... .......... .......... .......... ..........  0%  136K 42h17m
 20750K .......... .......... .......... .......... ..........  0%  116K 42h17m
 20800K .......... .......... .......... .......... ..........  0%  113K 42h16m
 20850K .......... .......... .......... .......... ..........  0%  193K 42h14m
 20900K .......... .......... .......... .......... ..........  0%  162K 42h12m
 20950K .......... .......... .......... .......... ..........  0%  188K 42h10m
 21000K .......... .......... .......... .......... ..........  0%  181K 42h7m
 21050K .......... .......... .......... .......... ..........  0% 85.5K 42h9m
 21100K .......... .......... .......... .......... ..........  0% 99.3K 42h10m
 21150K .......... .......... .......... .......... ..........  0% 80.5K 42h12m
 21200K .......... .......... .......... .......... ..........  0% 41.7K 42h22m
 21250K .......... .......... .......... .......... ..........  0% 40.2K 42h33m
 21300K .......... .......... .......... .......... ....slurmstepd: error: *** JOB 6158453 ON g3066 CANCELLED AT 2022-09-16T01:36:03 ***
