#!/bin/bash
#SBATCH --job-name=data-proc
#SBATCH --partition=gpu-a40
#SBATCH --account=cse
#SBATCH --nodes=1
#SBATCH --cpus-per-task=8
#SBATCH --mem=32G
#SBATCH --gres=gpu:1
#SBATCH --time=11:00:00 
#SBATCH --mail-type=ALL
#SBATCH --mail-user=tjung2@uw.edu

# I use source to initialize conda into the right environment.
cat $0
echo "--------------------"

source ~/.bashrc
conda activate ckl

python preprocess_wmt_train_data.py 2008
python preprocess_wmt_train_data.py 2009
python preprocess_wmt_train_data.py 2010
--------------------
slurmstepd: error: *** JOB 6158716 ON g3042 CANCELLED AT 2022-09-16T04:38:15 ***
