#!/bin/bash
#SBATCH --job-name=data-proc
#SBATCH --partition=gpu-a40
#SBATCH --account=ark
#SBATCH --nodes=1
#SBATCH --cpus-per-task=4
#SBATCH --mem=32G
#SBATCH --gres=gpu:1
#SBATCH --time=11:00:00
#SBATCH --mail-type=ALL
#SBATCH --mail-user=tjung2@uw.edu

# I use source to initialize conda into the right environment.
cat $0
echo "--------------------"

source ~/.bashrc
conda activate ckl

python run.py --config configs/templama/training/t5_padapters_yearly_2freeze.json
--------------------
/mmfs1/gscratch/ark/tjung2/miniconda3/envs/ckl/lib/python3.8/site-packages/pytorch_lightning/callbacks/model_checkpoint.py:396: LightningDeprecationWarning: Argument `period` in `ModelCheckpoint` is deprecated in v1.3 and will be removed in v1.5. Please use `every_n_val_epochs` instead.
  rank_zero_deprecation(
Namespace(accelerator='ddp', adam_epsilon=1e-08, adapter_config={'adapter_list': None, 'adapter_hidden_size': 1024, 'adapter_enc_dec': None, 'pool_size': None}, adapter_enc_dec=None, adapter_hidden_size=1024, adapter_list=None, check_validation_only=False, checkpoint_dir=None, checkpoint_path='', dataset='templama', dataset_version='2010', early_stop_callback=False, eval_batch_size=32, freeze_embeds=False, freeze_encoder=False, freeze_level=2, learning_rate=0.003, max_grad_norm=0.5, max_input_length=50, max_output_length=25, method='padapter', mode='pretrain', model_name_or_path='google/t5-small-ssm', n_gpu=1, n_test=-1, n_train=-1, n_val=-1, num_train_epochs=120, num_workers=4, opt_level='O1', output_dir='outputs/padapter_2010', output_log=None, pool_size=None, prefix=True, resume_from_checkpoint=None, seed=42, split=0, split_num=1, t5_learning_rate=None, tokenizer_name_or_path='google/t5-small-ssm', train_batch_size=32, use_deepspeed=False, use_lr_scheduling=True, val_check_interval=1.0, wandb_log=False, warmup_steps=0, weight_decay=0.0)
T5Config {
  "_name_or_path": "google/t5-small-ssm",
  "adapter_enc_dec": null,
  "adapter_hidden_size": 1024,
  "adapter_list": null,
  "architectures": [
    "T5ForConditionalGeneration"
  ],
  "d_ff": 1024,
  "d_kv": 64,
  "d_model": 512,
  "decoder_start_token_id": 0,
  "dropout_rate": 0.1,
  "eos_token_id": 1,
  "feed_forward_proj": "gated-gelu",
  "initializer_factor": 1.0,
  "is_encoder_decoder": true,
  "layer_norm_epsilon": 1e-06,
  "model_type": "t5",
  "num_decoder_layers": 8,
  "num_heads": 6,
  "num_layers": 8,
  "output_past": true,
  "pad_token_id": 0,
  "pool_size": null,
  "relative_attention_num_buckets": 32,
  "tie_word_embeddings": false,
  "transformers_version": "4.12.3",
  "use_cache": false,
  "vocab_size": 32128
}

Traceback (most recent call last):
  File "run.py", line 211, in <module>
    model = Model(args)
  File "/mmfs1/gscratch/ark/tjung2/continual-knowledge-learning/models/T5_Model.py", line 57, in __init__
    self.model = T5_Padapter.from_pretrained(hparams.model_name_or_path, hparams.adapter_config, cache_dir = 'huggingface')
  File "/mmfs1/gscratch/ark/tjung2/miniconda3/envs/ckl/lib/python3.8/site-packages/transformers/modeling_utils.py", line 1402, in from_pretrained
    model = cls(config, *model_args, **model_kwargs)
  File "/mmfs1/gscratch/ark/tjung2/continual-knowledge-learning/models/Padapter_T5.py", line 1521, in __init__
    self.enc_kadapter = AdapterModel(encoder_config)
  File "/mmfs1/gscratch/ark/tjung2/continual-knowledge-learning/models/Padapter_T5.py", line 1837, in __init__
    self.adapter_num = len(self.adapter_list)
TypeError: object of type 'NoneType' has no len()
