#!/bin/bash
#SBATCH --job-name=data-proc
#SBATCH --partition=gpu-a40
#SBATCH --account=ark
#SBATCH --nodes=1
#SBATCH --cpus-per-task=8
#SBATCH --mem=32G
#SBATCH --gres=gpu:1
#SBATCH --time=04:59:00
#SBATCH --mail-type=ALL
#SBATCH --mail-user=tjung2@uw.edu

# I use source to initialize conda into the right environment.
cat $0
echo "--------------------"

source ~/.bashrc
conda activate ckl

python run.py --config configs/templama/training/t5_kadapters_2010_prefixed.json
 
--------------------
/mmfs1/gscratch/ark/tjung2/miniconda3/envs/ckl/lib/python3.8/site-packages/pytorch_lightning/callbacks/model_checkpoint.py:360: UserWarning: Checkpoint directory outputs/T5_small_templama(2010)_lr.001_adapters_prefixed exists and is not empty.
  rank_zero_warn(f"Checkpoint directory {dirpath} exists and is not empty.")
/mmfs1/gscratch/ark/tjung2/miniconda3/envs/ckl/lib/python3.8/site-packages/pytorch_lightning/callbacks/model_checkpoint.py:396: LightningDeprecationWarning: Argument `period` in `ModelCheckpoint` is deprecated in v1.3 and will be removed in v1.5. Please use `every_n_val_epochs` instead.
  rank_zero_deprecation(
Some weights of T5ForConditionalGeneration were not initialized from the model checkpoint at google/t5-small-ssm and are newly initialized: ['kadapter.adapter.1.layer.1.DenseReluDense.wo.weight', 'kadapter.adapter.0.layer.1.layer_norm.weight', 'kadapter.adapter.1.layer.0.SelfAttention.q.weight', 'kadapter.adapter.1.layer.0.layer_norm.weight', 'kadapter.adapter.1.layer.1.layer_norm.weight', 'kadapter.adapter.1.layer.1.DenseReluDense.wi_1.weight', 'kadapter.adapter.1.layer.0.SelfAttention.o.weight', 'kadapter.adapter.0.layer.1.DenseReluDense.wo.weight', 'kadapter.adapter.1.layer.1.DenseReluDense.wi_0.weight', 'kadapter.adapter.0.layer.0.SelfAttention.k.weight', 'kadapter.adapter.0.layer.0.SelfAttention.q.weight', 'kadapter.adapter.1.layer.0.SelfAttention.v.weight', 'kadapter.adapter.0.layer.0.SelfAttention.relative_attention_bias.weight', 'kadapter.adapter.0.layer.1.DenseReluDense.wi_0.weight', 'kadapter.layer_norm.weight', 'kadapter.adapter.1.layer.0.SelfAttention.k.weight', 'kadapter.adapter.0.layer.0.SelfAttention.o.weight', 'kadapter.adapter.0.layer.0.SelfAttention.v.weight', 'kadapter.adapter.0.layer.0.layer_norm.weight', 'kadapter.adapter.0.layer.1.DenseReluDense.wi_1.weight']
You should probably TRAIN this model on a down-stream task to be able to use it for predictions and inference.
GPU available: True, used: True
TPU available: False, using: 0 TPU cores
initializing ddp: GLOBAL_RANK: 0, MEMBER: 1/1
----------------------------------------------------------------------------------------------------
distributed_backend=nccl
All DDP processes registered. Starting ddp with 1 processes
----------------------------------------------------------------------------------------------------

LOCAL_RANK: 0 - CUDA_VISIBLE_DEVICES: [0]
Set SLURM handle signals.

  | Name  | Type                       | Params
-----------------------------------------------------
0 | model | T5ForConditionalGeneration | 81.7 M
-----------------------------------------------------
4.7 M     Trainable params
77.0 M    Non-trainable params
81.7 M    Total params
326.730   Total estimated model params size (MB)
Namespace(accelerator='ddp', adam_epsilon=1e-08, check_validation_only=False, checkpoint_path='', dataset='templama', dataset_version='2010', early_stop_callback=False, eval_batch_size=32, freeze_embeds=False, freeze_encoder=False, freeze_level=2, learning_rate=0.1, max_grad_norm=0.5, max_input_length=50, max_output_length=25, method='kadapter', mode='pretrain', model_name_or_path='google/t5-small-ssm', n_gpu=1, n_test=-1, n_train=-1, n_val=-1, num_train_epochs=30, num_workers=4, opt_level='O1', output_dir='outputs/T5_small_templama(2010)_lr.001_adapters_prefixed', output_log=None, prefix=True, resume_from_checkpoint=None, seed=42, split=0, split_num=1, tokenizer_name_or_path='google/t5-small-ssm', train_batch_size=32, use_deepspeed=False, use_lr_scheduling=True, val_check_interval=1.0, wandb_log=False, warmup_steps=0, weight_decay=0.0)
config.num_layers = 8
config.num_layers = 8
split is 0
Length of dataset retrieving is.. 2866
Validation sanity check: 0it [00:00, ?it/s]split is 0
Length of dataset retrieving is.. 410
Validation sanity check:   0%|          | 0/2 [00:00<?, ?it/s]output_hidden_states = False
output_hidden_states = True
i = 0, hidden_states size = torch.Size([32, 50, 512])
i = 0, hidden_states size = torch.Size([32, 50, 512])
i = 1, hidden_states size = torch.Size([32, 50, 512])
i = 1, hidden_states size = torch.Size([32, 50, 512])
i = 2, hidden_states size = torch.Size([32, 50, 512])
i = 2, hidden_states size = torch.Size([32, 50, 512])
i = 3, hidden_states size = torch.Size([32, 50, 512])
i = 3, hidden_states size = torch.Size([32, 50, 512])
i = 4, hidden_states size = torch.Size([32, 50, 512])
i = 4, hidden_states size = torch.Size([32, 50, 512])
i = 5, hidden_states size = torch.Size([32, 50, 512])
i = 5, hidden_states size = torch.Size([32, 50, 512])
i = 6, hidden_states size = torch.Size([32, 50, 512])
i = 6, hidden_states size = torch.Size([32, 50, 512])
i = 7, hidden_states size = torch.Size([32, 50, 512])
i = 7, hidden_states size = torch.Size([32, 50, 512])
hidden_states size = torch.Size([32, 50, 512])
encoder_outputs are None = False
last_hidden_state size = torch.Size([64, 50, 512])
Adapter forward()
sequence_output size = torch.Size([64, 50, 512])
hidden_states length = 9
hidden_states[1] size = torch.Size([32, 50, 512])
Traceback (most recent call last):
  File "run.py", line 165, in <module>
    trainer.fit(model)
  File "/mmfs1/gscratch/ark/tjung2/miniconda3/envs/ckl/lib/python3.8/site-packages/pytorch_lightning/trainer/trainer.py", line 460, in fit
    self._run(model)
  File "/mmfs1/gscratch/ark/tjung2/miniconda3/envs/ckl/lib/python3.8/site-packages/pytorch_lightning/trainer/trainer.py", line 758, in _run
    self.dispatch()
  File "/mmfs1/gscratch/ark/tjung2/miniconda3/envs/ckl/lib/python3.8/site-packages/pytorch_lightning/trainer/trainer.py", line 799, in dispatch
    self.accelerator.start_training(self)
  File "/mmfs1/gscratch/ark/tjung2/miniconda3/envs/ckl/lib/python3.8/site-packages/pytorch_lightning/accelerators/accelerator.py", line 96, in start_training
    self.training_type_plugin.start_training(trainer)
  File "/mmfs1/gscratch/ark/tjung2/miniconda3/envs/ckl/lib/python3.8/site-packages/pytorch_lightning/plugins/training_type/training_type_plugin.py", line 144, in start_training
    self._results = trainer.run_stage()
  File "/mmfs1/gscratch/ark/tjung2/miniconda3/envs/ckl/lib/python3.8/site-packages/pytorch_lightning/trainer/trainer.py", line 809, in run_stage
    return self.run_train()
  File "/mmfs1/gscratch/ark/tjung2/miniconda3/envs/ckl/lib/python3.8/site-packages/pytorch_lightning/trainer/trainer.py", line 844, in run_train
    self.run_sanity_check(self.lightning_module)
  File "/mmfs1/gscratch/ark/tjung2/miniconda3/envs/ckl/lib/python3.8/site-packages/pytorch_lightning/trainer/trainer.py", line 1112, in run_sanity_check
    self.run_evaluation()
  File "/mmfs1/gscratch/ark/tjung2/miniconda3/envs/ckl/lib/python3.8/site-packages/pytorch_lightning/trainer/trainer.py", line 967, in run_evaluation
    output = self.evaluation_loop.evaluation_step(batch, batch_idx, dataloader_idx)
  File "/mmfs1/gscratch/ark/tjung2/miniconda3/envs/ckl/lib/python3.8/site-packages/pytorch_lightning/trainer/evaluation_loop.py", line 174, in evaluation_step
    output = self.trainer.accelerator.validation_step(args)
  File "/mmfs1/gscratch/ark/tjung2/miniconda3/envs/ckl/lib/python3.8/site-packages/pytorch_lightning/accelerators/accelerator.py", line 226, in validation_step
    return self.training_type_plugin.validation_step(*args)
  File "/mmfs1/gscratch/ark/tjung2/miniconda3/envs/ckl/lib/python3.8/site-packages/pytorch_lightning/plugins/training_type/ddp.py", line 340, in validation_step
    return self.model(*args, **kwargs)
  File "/mmfs1/gscratch/ark/tjung2/miniconda3/envs/ckl/lib/python3.8/site-packages/torch/nn/modules/module.py", line 1051, in _call_impl
    return forward_call(*input, **kwargs)
  File "/mmfs1/gscratch/ark/tjung2/miniconda3/envs/ckl/lib/python3.8/site-packages/torch/nn/parallel/distributed.py", line 799, in forward
    output = self.module(*inputs[0], **kwargs[0])
  File "/mmfs1/gscratch/ark/tjung2/miniconda3/envs/ckl/lib/python3.8/site-packages/torch/nn/modules/module.py", line 1051, in _call_impl
    return forward_call(*input, **kwargs)
  File "/mmfs1/gscratch/ark/tjung2/miniconda3/envs/ckl/lib/python3.8/site-packages/pytorch_lightning/overrides/base.py", line 57, in forward
    output = self.module.validation_step(*inputs, **kwargs)
  File "/mmfs1/gscratch/ark/tjung2/continual-knowledge-learning/models/T5_Model.py", line 356, in validation_step
    preds = self._generative_step(batch)
  File "/mmfs1/gscratch/ark/tjung2/continual-knowledge-learning/models/T5_Model.py", line 317, in _generative_step
    generated_ids = self.model.generate(
  File "/mmfs1/gscratch/ark/tjung2/miniconda3/envs/ckl/lib/python3.8/site-packages/torch/autograd/grad_mode.py", line 28, in decorate_context
    return func(*args, **kwargs)
  File "/mmfs1/gscratch/ark/tjung2/miniconda3/envs/ckl/lib/python3.8/site-packages/transformers/generation_utils.py", line 1054, in generate
    return self.beam_search(
  File "/mmfs1/gscratch/ark/tjung2/miniconda3/envs/ckl/lib/python3.8/site-packages/transformers/generation_utils.py", line 1791, in beam_search
    outputs = self(
  File "/mmfs1/gscratch/ark/tjung2/miniconda3/envs/ckl/lib/python3.8/site-packages/torch/nn/modules/module.py", line 1051, in _call_impl
    return forward_call(*input, **kwargs)
  File "/mmfs1/gscratch/ark/tjung2/continual-knowledge-learning/models/Kadapter_T5.py", line 1592, in forward
    hidden_states = self.kadapter(encoder_outputs)
  File "/mmfs1/gscratch/ark/tjung2/miniconda3/envs/ckl/lib/python3.8/site-packages/torch/nn/modules/module.py", line 1051, in _call_impl
    return forward_call(*input, **kwargs)
  File "/mmfs1/gscratch/ark/tjung2/continual-knowledge-learning/models/Kadapter_T5.py", line 1759, in forward
    fusion_state = pretrained_hidden_state + hidden_states_last
RuntimeError: The size of tensor a (32) must match the size of tensor b (64) at non-singleton dimension 0
