#!/bin/bash
#SBATCH --job-name=data-proc
#SBATCH --partition=gpu-a40
#SBATCH --account=cse
#SBATCH --nodes=1
#SBATCH --cpus-per-task=8
#SBATCH --mem=32G
#SBATCH --gres=gpu:1
#SBATCH --time=11:00:00
#SBATCH --mail-type=ALL
#SBATCH --mail-user=tjung2@uw.edu

# I use source to initialize conda into the right environment.
cat $0
echo "--------------------"

source ~/.bashrc
conda activate ckl

python preprocess_wmt_train_data.py 2007
--------------------
Drop Foreseen in Median Price of U.S. Homes
[0, '2007', 'Drop Foreseen <extra_id_0> Median Price of U.S. Homes', '<extra_id_0> in <extra_id_1>']
The median price of American homes is expected to fall this year for the first time since federal housing agencies began keeping statistics in 1950.
[1, '2007', 'The <extra_id_0> price <extra_id_1> American homes is expected to fall this year for <extra_id_2> first time since federal housing agencies began <extra_id_3> statistics in 1950.', '<extra_id_0> median <extra_id_1> of <extra_id_2> the <extra_id_3> keeping <extra_id_4>']
Economists say the decline, which could be foreshadowed in a widely followed government price index to be released this week, will probably be modest  from 1 percent to 2 percent  but could continue in 2008 and 2009.
[2, '2007', 'Economists say the decline, <extra_id_0> could be <extra_id_1> in a widely followed government price index to <extra_id_2> released this week, will probably be modest \x97 from 1 percent to 2 percent \x97 but could <extra_id_3> in <extra_id_4> and 2009.', '<extra_id_0> which <extra_id_1> foreshadowed <extra_id_2> be <extra_id_3> continue <extra_id_4> 2008 <extra_id_5>']
Rather than being limited to the once-booming Northeast and California, price declines are also occurring in cities like Chicago, Minneapolis and Houston, where the increases of the last decade were modest by comparison.
[3, '2007', 'Rather than being limited to the once-booming Northeast <extra_id_0> California, price declines are also occurring in cities like <extra_id_1> Minneapolis and Houston, where <extra_id_2> increases of <extra_id_3> last decade <extra_id_4> modest by comparison.', '<extra_id_0> and <extra_id_1> Chicago, <extra_id_2> the <extra_id_3> the <extra_id_4> were <extra_id_5>']
The reversal is particularly striking because many government officials and housing-industry executives had said that a nationwide decline would never happen, even though prices had fallen in some coastal areas as recently as the early 1990s.
[4, '2007', 'The reversal is particularly striking because many <extra_id_0> officials and housing-industry <extra_id_1> <extra_id_2> said <extra_id_3> <extra_id_4> <extra_id_5> decline would never happen, even though prices had fallen in some coastal areas as recently <extra_id_6> the early 1990s.', '<extra_id_0> government <extra_id_1> executives <extra_id_2> had <extra_id_3> that <extra_id_4> a <extra_id_5> nationwide <extra_id_6> as <extra_id_7>']
While the housing slump has already rattled financial markets, it has so far had only a modest effect on consumer spending and economic growth.
[5, '2007', 'While the housing slump has already rattled financial markets, it has so far <extra_id_0> only <extra_id_1> modest effect on consumer spending and <extra_id_2> <extra_id_3>', '<extra_id_0> had <extra_id_1> a <extra_id_2> economic <extra_id_3> growth. <extra_id_4>']
But forecasters now believe that its impact will lead to a slowdown over the next year or two.
[6, '2007', 'But forecasters <extra_id_0> believe that its impact will lead to <extra_id_1> slowdown <extra_id_2> the next year or two.', '<extra_id_0> now <extra_id_1> a <extra_id_2> over <extra_id_3>']
For most people, this is not a disaster, said Nigel Gault, an economist with Global Insight, a research firm in Waltham, Mass. But its enough to cause them to pull back.
[7, '2007', '\x93For most <extra_id_0> this is not <extra_id_1> disaster,\x94 <extra_id_2> Nigel Gault, an <extra_id_3> with Global Insight, <extra_id_4> research firm <extra_id_5> Waltham, Mass. \x93But <extra_id_6> enough to cause <extra_id_7> to pull back.\x94', '<extra_id_0> people, <extra_id_1> a <extra_id_2> said <extra_id_3> economist <extra_id_4> a <extra_id_5> in <extra_id_6> it\x92s <extra_id_7> them <extra_id_8>']
In recent years, many families used their homes as a kind of piggy bank, borrowing against their equity and increasing their spending more rapidly than their income was rising.
[8, '2007', '<extra_id_0> recent years, many families used their homes <extra_id_1> a kind of <extra_id_2> bank, borrowing against their <extra_id_3> and increasing their spending more rapidly than <extra_id_4> <extra_id_5> was rising.', '<extra_id_0> In <extra_id_1> as <extra_id_2> piggy <extra_id_3> equity <extra_id_4> their <extra_id_5> income <extra_id_6>']
A recent research paper co-written by the vice chairman of the Federal Reserve said that the rise in home prices was the primary reason that consumer borrowing has soared since 2001.
[9, '2007', 'A recent research <extra_id_0> co-written <extra_id_1> the vice chairman of the Federal <extra_id_2> said <extra_id_3> <extra_id_4> rise in home prices was the primary reason that consumer <extra_id_5> <extra_id_6> <extra_id_7> since 2001.', '<extra_id_0> paper <extra_id_1> by <extra_id_2> Reserve <extra_id_3> that <extra_id_4> the <extra_id_5> borrowing <extra_id_6> has <extra_id_7> soared <extra_id_8>']
Now, however, that financial cushion is disappearing for many families. We are having to start from scratch and rebuild for a down payment, said Kenneth Schauf, who expects to lose money on a condominium in Chicago he and his wife bought in 2004 and have been trying to sell since last summer. We figured that a home is the place to build your wealth, and now its going on three years and we are back to square one.
[10, '2007', '<extra_id_0> <extra_id_1> that financial cushion is disappearing <extra_id_2> many <extra_id_3> \x93We are having to start from scratch and rebuild for a down payment,\x94 said Kenneth <extra_id_4> who expects to lose money on a <extra_id_5> <extra_id_6> Chicago he <extra_id_7> his wife bought in 2004 and have been <extra_id_8> <extra_id_9> <extra_id_10> since last <extra_id_11> <extra_id_12> figured that <extra_id_13> home is the place <extra_id_14> build your wealth, and now it\x92s going on three years and we are back to square one.\x94', '<extra_id_0> Now, <extra_id_1> however, <extra_id_2> for <extra_id_3> families. <extra_id_4> Schauf, <extra_id_5> condominium <extra_id_6> in <extra_id_7> and <extra_id_8> trying <extra_id_9> to <extra_id_10> sell <extra_id_11> summer. <extra_id_12> \x93We <extra_id_13> a <extra_id_14> to <extra_id_15>']
On an inflation-adjusted basis, the national median price  the level at which half of all homes are more expensive and half are less  is not likely to return to its 2007 peak for more than a decade, according to Moodys Economy.com, a research firm.
[11, '2007', 'On an inflation-adjusted basis, the national median price \x97 the level at which half of all <extra_id_0> are more expensive and half are less \x97 <extra_id_1> not likely to return to its 2007 peak for more than a decade, according to Moody\x92s Economy.com, a research firm.', '<extra_id_0> homes <extra_id_1> is <extra_id_2>']
Unless the real estate downturn is much worse than economists are expecting, the declines will not come close to erasing the increases of the last decade.
[12, '2007', 'Unless the real estate downturn is <extra_id_0> worse than economists are expecting, <extra_id_1> declines will not come close to erasing the <extra_id_2> of the last <extra_id_3>', '<extra_id_0> much <extra_id_1> the <extra_id_2> increases <extra_id_3> decade. <extra_id_4>']
And for many families who do not plan to move, the year-to-year value of their house matters little.
[13, '2007', 'And for many families who do <extra_id_0> plan to move, the year-to-year value of <extra_id_1> house matters <extra_id_2>', '<extra_id_0> not <extra_id_1> their <extra_id_2> little. <extra_id_3>']
The drop is, of course, good news for home buyers.
[14, '2007', 'The drop is, of course, good news <extra_id_0> home <extra_id_1>', '<extra_id_0> for <extra_id_1> buyers. <extra_id_2>']
It does, however, contradict the widely held notion that there is no such thing as a nationwide housing slump.
[15, '2007', 'It does, however, contradict the widely <extra_id_0> notion that there is no <extra_id_1> thing as a nationwide housing slump.', '<extra_id_0> held <extra_id_1> such <extra_id_2>']
A 2004 report jointly written by the top economists at five organizations  the industry groups for real estate agents, home builders and community bankers, as well as Fannie Mae and Freddie Mac, the large government-sponsored backers of home mortgages  was typical.
[16, '2007', 'A 2004 report jointly written by the top economists at five organizations \x97 the <extra_id_0> groups for real <extra_id_1> agents, home builders and community bankers, as well as Fannie Mae and Freddie Mac, the <extra_id_2> <extra_id_3> backers of home <extra_id_4> <extra_id_5> was typical.', '<extra_id_0> industry <extra_id_1> estate <extra_id_2> large <extra_id_3> government-sponsored <extra_id_4> mortgages <extra_id_5> \x97 <extra_id_6>']
It said that there is little possibility of a widespread national decline since there is no national housing market.
[17, '2007', '<extra_id_0> said that <extra_id_1> <extra_id_2> little possibility of a <extra_id_3> national decline since there is no national <extra_id_4> market.\x94', '<extra_id_0> It <extra_id_1> \x93there <extra_id_2> is <extra_id_3> widespread <extra_id_4> housing <extra_id_5>']
Top government officials were more circumspect but still doubted that the prices would decline nationally.
[18, '2007', 'Top <extra_id_0> officials were more <extra_id_1> but still doubted that the prices would decline nationally.', '<extra_id_0> government <extra_id_1> circumspect <extra_id_2>']
Alan Greenspan, the former Fed chairman, said the housing market was not susceptible to bubbles, in part because every local market is different.
[19, '2007', 'Alan Greenspan, the former Fed chairman, <extra_id_0> the housing market was not susceptible to <extra_id_1> in part because every local market is different.', '<extra_id_0> said <extra_id_1> bubbles, <extra_id_2>']
In 2005, Ben S. Bernanke, then an adviser to President Bush and now the Fed chairman, said strong fundamentals were the main force behind the rise in prices. Weve never had a decline in housing prices on a nationwide basis, he added.
[20, '2007', 'In 2005, <extra_id_0> S. Bernanke, then an adviser to <extra_id_1> Bush and <extra_id_2> the Fed chairman, <extra_id_3> \x93strong fundamentals\x94 <extra_id_4> the <extra_id_5> <extra_id_6> behind the <extra_id_7> in prices. \x93We\x92ve never had a decline in housing prices on a nationwide basis,\x94 he added.', '<extra_id_0> Ben <extra_id_1> President <extra_id_2> now <extra_id_3> said <extra_id_4> were <extra_id_5> main <extra_id_6> force <extra_id_7> rise <extra_id_8>']
But Global Insight, the research firm, estimates that the home-price index to be released Thursday by the Office of Federal Housing Enterprise Oversight, a regulatory agency, will show a decline of about 1 percent between the first and second quarter of this year.
[21, '2007', 'But Global Insight, the research firm, estimates that <extra_id_0> home-price index to be released <extra_id_1> by the Office of Federal <extra_id_2> Enterprise Oversight, <extra_id_3> <extra_id_4> agency, will show a decline of about <extra_id_5> percent between the first <extra_id_6> second <extra_id_7> of this year.', '<extra_id_0> the <extra_id_1> Thursday <extra_id_2> Housing <extra_id_3> a <extra_id_4> regulatory <extra_id_5> 1 <extra_id_6> and <extra_id_7> quarter <extra_id_8>']
Other forecasters predict that the index will rise slightly in the second quarter before falling later this year.
[22, '2007', 'Other forecasters predict <extra_id_0> the index will rise slightly in the second <extra_id_1> before falling later this <extra_id_2>', '<extra_id_0> that <extra_id_1> quarter <extra_id_2> year. <extra_id_3>']
In all, Global Insight expects a decline of 4 percent, or roughly 10 percent in inflation-adjusted terms, between the peak earlier this year and the projected low point in 2009.
[23, '2007', '<extra_id_0> all, <extra_id_1> Insight expects a decline of 4 percent, <extra_id_2> roughly 10 percent in <extra_id_3> terms, between the peak <extra_id_4> this year and the projected low <extra_id_5> in 2009.', '<extra_id_0> In <extra_id_1> Global <extra_id_2> or <extra_id_3> inflation-adjusted <extra_id_4> earlier <extra_id_5> point <extra_id_6>']
In California, prices are expected to decline 16 percent  or about 20 percent after taking inflation into account.
[24, '2007', 'In California, prices are <extra_id_0> to decline 16 percent \x97 or <extra_id_1> <extra_id_2> percent after taking inflation into account.', '<extra_id_0> expected <extra_id_1> about <extra_id_2> 20 <extra_id_3>']
The governments index, which compares the sales price of individual homes over time, is intended to describe the actual value of a typical house.
[25, '2007', '<extra_id_0> government\x92s index, which compares the sales price of <extra_id_1> <extra_id_2> over <extra_id_3> is intended to describe the actual value of a typical house.', '<extra_id_0> The <extra_id_1> individual <extra_id_2> homes <extra_id_3> time, <extra_id_4>']
Since the index began in 1975, it has slipped from one quarter to the next on a few occasions, but it has never fallen over a full year.
[26, '2007', 'Since the <extra_id_0> began in <extra_id_1> it has <extra_id_2> from one quarter to the next <extra_id_3> a few occasions, but it has never fallen over a full year.', '<extra_id_0> index <extra_id_1> 1975, <extra_id_2> slipped <extra_id_3> on <extra_id_4>']
Another index dating back to 1950, calculated by Freddie Mac, has also never shown an annual decline.
[27, '2007', 'Another <extra_id_0> <extra_id_1> <extra_id_2> to 1950, calculated by Freddie Mac, has <extra_id_3> <extra_id_4> <extra_id_5> an annual decline.', '<extra_id_0> index <extra_id_1> dating <extra_id_2> back <extra_id_3> also <extra_id_4> never <extra_id_5> shown <extra_id_6>']
Price data published by the National Association of Realtors, based on the prices of houses sold in a given year, have also never declined.
[28, '2007', 'Price data published <extra_id_0> the National Association of Realtors, based on the prices of <extra_id_1> <extra_id_2> in a <extra_id_3> year, have also never declined.', '<extra_id_0> by <extra_id_1> houses <extra_id_2> sold <extra_id_3> given <extra_id_4>']
According to the association, the median home price is now about $220,000.
[29, '2007', 'According to the association, the median <extra_id_0> price is now about <extra_id_1>', '<extra_id_0> home <extra_id_1> $220,000. <extra_id_2>']
Mr. Schauf and his wife, Leslie Suarez, put their condo in the Sheridan Park neighborhood of Chicago up for sale shortly before moving to Texas last year so he could take a new job.
[30, '2007', 'Mr. Schauf <extra_id_0> his wife, Leslie Suarez, <extra_id_1> their condo in the Sheridan Park neighborhood of Chicago up for sale shortly before moving to <extra_id_2> last <extra_id_3> so he could take a new job.', '<extra_id_0> and <extra_id_1> put <extra_id_2> Texas <extra_id_3> year <extra_id_4>']
They bought the two-bedroom unit in September 2004 for $255,000, with a 5 percent down payment.
[31, '2007', 'They bought the two-bedroom unit in <extra_id_0> 2004 for $255,000, with a 5 percent <extra_id_1> payment.', '<extra_id_0> September <extra_id_1> down <extra_id_2>']
They redid the floors, installed new window treatments and repainted the walls.
[32, '2007', 'They <extra_id_0> the floors, installed <extra_id_1> window treatments and <extra_id_2> <extra_id_3> walls.', '<extra_id_0> redid <extra_id_1> new <extra_id_2> repainted <extra_id_3> the <extra_id_4>']
They said they expected the condo to sell quickly.
[33, '2007', 'They said they expected <extra_id_0> condo to sell quickly.', '<extra_id_0> the <extra_id_1>']
Instead, they have cut the price several times and have yet to receive an offer.
[34, '2007', '<extra_id_0> they have cut the price several times and have <extra_id_1> to receive an <extra_id_2>', '<extra_id_0> Instead, <extra_id_1> yet <extra_id_2> offer. <extra_id_3>']
The current list price is $279,000, though they expect to settle for less.
[35, '2007', 'The current list price is $279,000, though they expect to settle <extra_id_0> less.', '<extra_id_0> for <extra_id_1>']
Without the money for a new down payment, they are renting an apartment in Austin.
[36, '2007', 'Without the <extra_id_0> for a new down payment, they are renting an apartment in Austin.', '<extra_id_0> money <extra_id_1>']
They also expect the monthly payment on their adjustable-rate mortgage to go up $200 in October.
[37, '2007', 'They also expect the monthly payment on <extra_id_0> adjustable-rate mortgage to <extra_id_1> up $200 in October.', '<extra_id_0> their <extra_id_1> go <extra_id_2>']
Ms. Suarez, who grew up in the Dallas-Fort Worth area, says she is not as surprised because she remembers home prices falling after the oil bust in the late 1980s. Growing up in Texas, real estate has never been a windfall, she said. For me, I always just wanted to break even.
[38, '2007', 'Ms. <extra_id_0> who <extra_id_1> up in the Dallas-Fort Worth area, says she <extra_id_2> not <extra_id_3> <extra_id_4> because she remembers home prices falling after the <extra_id_5> bust in the late 1980s. \x93Growing up in Texas, real estate has <extra_id_6> been a windfall,\x94 she said. \x93For me, <extra_id_7> always just wanted to break even.\x94', '<extra_id_0> Suarez, <extra_id_1> grew <extra_id_2> is <extra_id_3> as <extra_id_4> surprised <extra_id_5> oil <extra_id_6> never <extra_id_7> I <extra_id_8>']
Housing prices have previously declined for long stretches in various regions.
[39, '2007', 'Housing prices <extra_id_0> previously declined <extra_id_1> long stretches <extra_id_2> various regions.', '<extra_id_0> have <extra_id_1> for <extra_id_2> in <extra_id_3>']
Most recently, prices fell in California and in the Northeast during the recession of the early 1990s.
[40, '2007', 'Most recently, <extra_id_0> fell in California and in the Northeast <extra_id_1> the <extra_id_2> of <extra_id_3> <extra_id_4> <extra_id_5>', '<extra_id_0> prices <extra_id_1> during <extra_id_2> recession <extra_id_3> the <extra_id_4> early <extra_id_5> 1990s. <extra_id_6>']
The current slump is different from that one, though, in both depth and breadth.
[41, '2007', 'The current slump is different from that one, though, <extra_id_0> <extra_id_1> depth <extra_id_2> breadth.', '<extra_id_0> in <extra_id_1> both <extra_id_2> and <extra_id_3>']
In fact, the national median price rose only slightly faster than inflation from 1950 to the mid-1990s.
[42, '2007', 'In fact, the national median price rose only slightly faster than <extra_id_0> from 1950 <extra_id_1> the mid-1990s.', '<extra_id_0> inflation <extra_id_1> to <extra_id_2>']
But as interest rates fell and lending standards became looser, prices started rising rapidly in the late 1990s, even in places like Chicago, which had rarely seen a real estate boom.
[43, '2007', 'But as interest rates fell and lending standards became looser, prices started rising rapidly in the late 1990s, even in places <extra_id_0> Chicago, which <extra_id_1> rarely seen a real estate boom.', '<extra_id_0> like <extra_id_1> had <extra_id_2>']
The result was a euphoric popular delusion that real estate was a cant-miss investment, said Edward W. Gjertsen II, president of the Financial Planners Association of Illinois. Thats just human nature.
[44, '2007', 'The result was a \x93euphoric <extra_id_0> delusion\x94 that <extra_id_1> estate was a <extra_id_2> investment, said Edward W. Gjertsen II, <extra_id_3> of <extra_id_4> Financial Planners Association of Illinois. \x93That\x92s just human nature.\x94', '<extra_id_0> popular <extra_id_1> real <extra_id_2> can\x92t-miss <extra_id_3> president <extra_id_4> the <extra_id_5>']
Many families are clearly richer because of the boom.
[45, '2007', 'Many families are clearly richer <extra_id_0> of the boom.', '<extra_id_0> because <extra_id_1>']
In the Old Town neighborhood of Chicago, the town house that Ian R. Perschke, a technology consultant, and Jennifer Worstell, a lawyer, bought in late 2004 has appreciated more than 30 percent, they estimated.
[46, '2007', 'In the <extra_id_0> Town neighborhood <extra_id_1> Chicago, <extra_id_2> town house that Ian R. Perschke, <extra_id_3> technology consultant, and Jennifer Worstell, a lawyer, bought in late 2004 has appreciated <extra_id_4> than 30 percent, they <extra_id_5>', '<extra_id_0> Old <extra_id_1> of <extra_id_2> the <extra_id_3> a <extra_id_4> more <extra_id_5> estimated. <extra_id_6>']
The gain was big enough to allow them to take out a larger mortgage and renovate two rental units in the house.
[47, '2007', 'The gain was <extra_id_0> enough to allow them to <extra_id_1> <extra_id_2> a larger mortgage and <extra_id_3> two rental units in the house.', '<extra_id_0> big <extra_id_1> take <extra_id_2> out <extra_id_3> renovate <extra_id_4>']
But Mr. Perschke said he understood that he was not going to see that appreciation over the next three years.
[48, '2007', 'But Mr. Perschke <extra_id_0> he understood that he was <extra_id_1> going to see that appreciation over the next three years.\x94', '<extra_id_0> said <extra_id_1> \x93not <extra_id_2>']
Prices in Chicago peaked in September 2006 and have since dipped 1.7 percent, according to the Case-Shiller home-price index, which is tabulated by MacroMarkets, a research firm.
[49, '2007', 'Prices in Chicago peaked in September <extra_id_0> and <extra_id_1> <extra_id_2> dipped 1.7 <extra_id_3> according <extra_id_4> <extra_id_5> Case-Shiller home-price index, which is tabulated by <extra_id_6> a research firm.', '<extra_id_0> 2006 <extra_id_1> have <extra_id_2> since <extra_id_3> percent, <extra_id_4> to <extra_id_5> the <extra_id_6> MacroMarkets, <extra_id_7>']
For all the attention that the uninterrupted growth in national house prices received, some economists argue that it was misplaced.
[50, '2007', '<extra_id_0> all the attention that the uninterrupted growth in national house prices received, some economists argue that it was misplaced.', '<extra_id_0> For <extra_id_1>']
The Case-Shiller index, which many experts consider more accurate than the government measure, did show a drop in prices in the early 1990s.
[51, '2007', 'The Case-Shiller <extra_id_0> which many <extra_id_1> consider <extra_id_2> accurate than the government measure, did <extra_id_3> a drop <extra_id_4> prices <extra_id_5> the early <extra_id_6>', '<extra_id_0> index, <extra_id_1> experts <extra_id_2> more <extra_id_3> show <extra_id_4> in <extra_id_5> in <extra_id_6> 1990s. <extra_id_7>']
Unlike the governments measure, it includes mortgages of more than $417,000, which are not held by Fannie Mae or Freddie Mac.
[52, '2007', 'Unlike the government\x92s measure, it includes mortgages of more than <extra_id_0> which are not held by Fannie Mae or <extra_id_1> <extra_id_2>', '<extra_id_0> $417,000, <extra_id_1> Freddie <extra_id_2> Mac. <extra_id_3>']
After adjusting for inflation  the most meaningful way to look at any price, economists say  even the governments index fell in the early 1990s.
[53, '2007', 'After adjusting <extra_id_0> inflation \x97 the most meaningful way to look at any price, economists <extra_id_1> \x97 even <extra_id_2> government\x92s <extra_id_3> fell in the early 1990s.', '<extra_id_0> for <extra_id_1> say <extra_id_2> the <extra_id_3> index <extra_id_4>']
Dean Baker, an economist in Washington who has been arguing for the last five years that houses were overvalued, said the idea that house prices could go only up had fed the bubble.
[54, '2007', 'Dean Baker, an <extra_id_0> in Washington who has been arguing for the last five years that houses were overvalued, said the <extra_id_1> that house prices could go only up had fed the <extra_id_2>', '<extra_id_0> economist <extra_id_1> idea <extra_id_2> bubble. <extra_id_3>']
It was very misleading, said Mr. Baker, co-director of the Center for Economic and Policy Research, a liberal research group.
[55, '2007', '<extra_id_0> was <extra_id_1> misleading,\x94 said Mr. <extra_id_2> co-director of the Center <extra_id_3> Economic and Policy Research, a <extra_id_4> research group.', '<extra_id_0> \x93It <extra_id_1> very <extra_id_2> Baker, <extra_id_3> for <extra_id_4> liberal <extra_id_5>']
There are a lot of people, he said, who bought homes at hugely inflated prices who are going to take a hit.
[56, '2007', 'There <extra_id_0> a <extra_id_1> of people, he said, who bought \x93homes at hugely <extra_id_2> prices who <extra_id_3> going to <extra_id_4> a <extra_id_5>', '<extra_id_0> are <extra_id_1> lot <extra_id_2> inflated <extra_id_3> are <extra_id_4> take <extra_id_5> hit. <extra_id_6>']
You also have a lot of people who borrowed against those inflated prices.
[57, '2007', 'You <extra_id_0> have <extra_id_1> lot <extra_id_2> people who borrowed against those inflated <extra_id_3>', '<extra_id_0> also <extra_id_1> a <extra_id_2> of <extra_id_3> prices.\x94 <extra_id_4>']
Perhaps the most prominent housing booster was David Lereah, the chief economist at the National Association of Realtors until April.
[58, '2007', 'Perhaps the <extra_id_0> prominent housing booster was <extra_id_1> Lereah, the chief economist <extra_id_2> the National Association of Realtors until April.', '<extra_id_0> most <extra_id_1> David <extra_id_2> at <extra_id_3>']
In 2005, he published a book titled, Are You Missing the Real Estate Boom? In 2006, it was updated and rereleased as Why the Real Estate Boom Will Not Bust. This year, Mr. Lereah published a new book, All Real Estate Is Local.
[59, '2007', 'In 2005, <extra_id_0> published a book <extra_id_1> <extra_id_2> You Missing the Real Estate Boom?\x94 In <extra_id_3> it <extra_id_4> updated and rereleased as \x93Why the Real Estate Boom Will Not Bust.\x94 This year, Mr. Lereah published <extra_id_5> new book, <extra_id_6> Real Estate Is Local.\x94', '<extra_id_0> he <extra_id_1> titled, <extra_id_2> \x93Are <extra_id_3> 2006, <extra_id_4> was <extra_id_5> a <extra_id_6> \x93All <extra_id_7>']
In an interview, Mr. Lereah, now an executive at Move Inc., which operates a real estate Web site, acknowledged he had gotten it wrong, saying he did not fully realize how loose lending standards had become and how quickly they would tighten up again this summer.
[60, '2007', 'In <extra_id_0> interview, Mr. Lereah, now an executive <extra_id_1> <extra_id_2> Inc., which operates a real estate Web <extra_id_3> <extra_id_4> he had gotten it wrong, saying he did not <extra_id_5> realize how loose lending standards had become and how quickly <extra_id_6> would tighten up again <extra_id_7> summer.', '<extra_id_0> an <extra_id_1> at <extra_id_2> Move <extra_id_3> site, <extra_id_4> acknowledged <extra_id_5> fully <extra_id_6> they <extra_id_7> this <extra_id_8>']
But he argued that many of his critics have also been proved wrong, because they were bearish as early as 2002.
[61, '2007', 'But <extra_id_0> argued that many of <extra_id_1> critics have <extra_id_2> been proved wrong, because they were bearish as early as 2002.', '<extra_id_0> he <extra_id_1> his <extra_id_2> also <extra_id_3>']
The bears were bears way too early, and the bulls were bulls too late, he said. You need to know when you are straying from fundamentals.
[62, '2007', '\x93The bears were bears way too early, and the bulls were bulls <extra_id_0> late,\x94 <extra_id_1> <extra_id_2> <extra_id_3> need to know when <extra_id_4> are straying from fundamentals.', '<extra_id_0> too <extra_id_1> he <extra_id_2> said. <extra_id_3> \x93You <extra_id_4> you <extra_id_5>']
Its hard, when you are in the middle of the storm, to know.
[63, '2007', 'It\x92s hard, when you are in the middle <extra_id_0> the storm, to know.\x94', '<extra_id_0> of <extra_id_1>']


Inside the Countrywide Lending Spree
[64, '2007', 'Inside <extra_id_0> Countrywide Lending Spree', '<extra_id_0> the <extra_id_1>']
ON its way to becoming the nations largest mortgage lender, the Countrywide Financial Corporation encouraged its sales force to court customers over the telephone with a seductive pitch that seldom varied. I want to be sure you are getting the best loan possible, the sales representatives would say.
[65, '2007', '<extra_id_0> its way <extra_id_1> becoming the nation\x92s largest mortgage lender, the Countrywide Financial Corporation encouraged its sales <extra_id_2> to court customers over the telephone with a seductive pitch that seldom varied. \x93I want to be sure you are getting the best loan possible,\x94 the sales <extra_id_3> would say.', '<extra_id_0> ON <extra_id_1> to <extra_id_2> force <extra_id_3> representatives <extra_id_4>']
But providing the best loan possible to customers wasnt always the banks main goal, say some former employees.
[66, '2007', 'But providing \x93the best loan possible\x94 to customers wasn\x92t <extra_id_0> the bank\x92s main goal, say some former employees.', '<extra_id_0> always <extra_id_1>']
Instead, potential borrowers were often led to high-cost and sometimes unfavorable loans that resulted in richer commissions for Countrywides smooth-talking sales force, outsize fees to company affiliates providing services on the loans, and a roaring stock price that made Countrywide executives among the highest paid in America.
[67, '2007', 'Instead, potential borrowers were often <extra_id_0> to <extra_id_1> and <extra_id_2> unfavorable loans <extra_id_3> <extra_id_4> <extra_id_5> richer commissions for Countrywide\x92s smooth-talking sales force, outsize fees to company affiliates providing services on the loans, <extra_id_6> <extra_id_7> roaring <extra_id_8> price that made Countrywide executives among the highest paid in America.', '<extra_id_0> led <extra_id_1> high-cost <extra_id_2> sometimes <extra_id_3> that <extra_id_4> resulted <extra_id_5> in <extra_id_6> and <extra_id_7> a <extra_id_8> stock <extra_id_9>']
Countrywides entire operation, from its computer system to its incentive pay structure and financing arrangements, is intended to wring maximum profits out of the mortgage lending boom no matter what it costs borrowers, according to interviews with former employees and brokers who worked in different units of the company and internal documents they provided.
[68, '2007', 'Countrywide\x92s entire operation, from its <extra_id_0> system to its incentive pay structure and financing arrangements, is intended to wring maximum profits out of the mortgage lending boom no matter what it <extra_id_1> borrowers, according to interviews <extra_id_2> former employees and brokers who worked in different units of the company and internal documents they <extra_id_3>', '<extra_id_0> computer <extra_id_1> costs <extra_id_2> with <extra_id_3> provided. <extra_id_4>']
One document, for instance, shows that until last September the computer system in the companys subprime unit excluded borrowers cash reserves, which had the effect of steering them away from lower-cost loans to those that were more expensive to homeowners and more profitable to Countrywide.
[69, '2007', 'One document, for instance, shows that until last September the computer <extra_id_0> in the company\x92s subprime unit excluded borrowers\x92 cash reserves, which had the effect of steering them away from lower-cost loans to those that were more expensive to <extra_id_1> <extra_id_2> more profitable to Countrywide.', '<extra_id_0> system <extra_id_1> homeowners <extra_id_2> and <extra_id_3>']
Now, with the entire mortgage business on tenterhooks and industry practices under scrutiny by securities regulators and banking industry overseers, Countrywides money machine is sputtering.
[70, '2007', 'Now, with the entire mortgage business on tenterhooks and <extra_id_0> practices under <extra_id_1> <extra_id_2> securities <extra_id_3> and banking industry <extra_id_4> Countrywide\x92s money machine is sputtering.', '<extra_id_0> industry <extra_id_1> scrutiny <extra_id_2> by <extra_id_3> regulators <extra_id_4> overseers, <extra_id_5>']
So far this year, fearful investors have cut its stock in half.
[71, '2007', 'So <extra_id_0> this year, fearful investors <extra_id_1> cut its stock in half.', '<extra_id_0> far <extra_id_1> have <extra_id_2>']
About two weeks ago, the company was forced to draw down its entire $11.5 billion credit line from a consortium of banks because it could no longer sell or borrow against home loans it has made.
[72, '2007', 'About <extra_id_0> weeks ago, the <extra_id_1> was <extra_id_2> to draw down its entire $11.5 billion credit <extra_id_3> from a consortium of banks because it could no longer sell or borrow against home loans it has made.', '<extra_id_0> two <extra_id_1> company <extra_id_2> forced <extra_id_3> line <extra_id_4>']
And last week, Bank of America invested $2 billion for a 16 percent stake in Countrywide, a move that came amid speculation that Countrywides survival was in question and that it had become a takeover target  notions that Countrywide publicly disputed.
[73, '2007', 'And last week, <extra_id_0> of America invested $2 billion for a 16 <extra_id_1> stake in Countrywide, <extra_id_2> move that came amid speculation that Countrywide\x92s survival was in <extra_id_3> <extra_id_4> that <extra_id_5> had <extra_id_6> <extra_id_7> takeover target \x97 notions <extra_id_8> Countrywide <extra_id_9> disputed.', '<extra_id_0> Bank <extra_id_1> percent <extra_id_2> a <extra_id_3> question <extra_id_4> and <extra_id_5> it <extra_id_6> become <extra_id_7> a <extra_id_8> that <extra_id_9> publicly <extra_id_10>']
Homeowners, meanwhile, drawn in by Countrywide sales scripts assuring the best loan possible, are behind on their mortgages in record numbers.
[74, '2007', 'Homeowners, meanwhile, drawn in by Countrywide sales scripts assuring \x93the <extra_id_0> loan possible,\x94 <extra_id_1> <extra_id_2> on their mortgages in record <extra_id_3>', '<extra_id_0> best <extra_id_1> are <extra_id_2> behind <extra_id_3> numbers. <extra_id_4>']
As of June 30, almost one in four subprime loans that Countrywide services was delinquent, up from 15 percent in the same period last year, according to company filings.
[75, '2007', 'As of <extra_id_0> 30, almost one in four subprime loans <extra_id_1> Countrywide services was delinquent, <extra_id_2> from 15 percent <extra_id_3> the same period last year, according to company filings.', '<extra_id_0> June <extra_id_1> that <extra_id_2> up <extra_id_3> in <extra_id_4>']
Almost 10 percent were delinquent by 90 days or more, compared with last years rate of 5.35 percent.
[76, '2007', '<extra_id_0> 10 <extra_id_1> were delinquent by 90 days or <extra_id_2> compared with last year\x92s rate of 5.35 percent.', '<extra_id_0> Almost <extra_id_1> percent <extra_id_2> more, <extra_id_3>']
Many of these loans had interest rates that recently reset from low teaser levels to double digits; others carry prohibitive prepayment penalties that have made refinancing impossibly expensive, even before this months upheaval in the mortgage markets.
[77, '2007', '<extra_id_0> of these loans had interest rates that recently reset from low teaser levels <extra_id_1> double digits; others carry prohibitive prepayment penalties that have made refinancing impossibly expensive, <extra_id_2> before this month\x92s upheaval <extra_id_3> <extra_id_4> mortgage markets.', '<extra_id_0> Many <extra_id_1> to <extra_id_2> even <extra_id_3> in <extra_id_4> the <extra_id_5>']
To be sure, Countrywide was not the only lender that sold questionable loans with enormous fees during the housing bubble.
[78, '2007', 'To be <extra_id_0> <extra_id_1> <extra_id_2> not the only lender that sold questionable loans with enormous fees during the housing bubble.', '<extra_id_0> sure, <extra_id_1> Countrywide <extra_id_2> was <extra_id_3>']
And as real estate prices soared, borrowers themselves proved all too eager to participate, even if it meant paying high costs or signing up for a loan with an interest rate that would jump in coming years.
[79, '2007', 'And as real estate prices soared, borrowers <extra_id_0> proved all too eager to participate, even if it meant <extra_id_1> high costs <extra_id_2> signing up for <extra_id_3> loan with an interest rate that would jump in <extra_id_4> years.', '<extra_id_0> themselves <extra_id_1> paying <extra_id_2> or <extra_id_3> a <extra_id_4> coming <extra_id_5>']
But few companies benefited more from the mortgage mania than Countrywide, among the most aggressive home lenders in the nation.
[80, '2007', 'But few companies benefited more from the mortgage mania than Countrywide, among the most aggressive <extra_id_0> lenders in <extra_id_1> <extra_id_2>', '<extra_id_0> home <extra_id_1> the <extra_id_2> nation. <extra_id_3>']
As such, the company is Exhibit A for the lax and, until recently, highly lucrative lending that has turned a once-hot business ice cold and has touched off a housing crisis of historic proportions.
[81, '2007', 'As <extra_id_0> the company is Exhibit A for the lax <extra_id_1> until recently, highly lucrative lending that has turned <extra_id_2> once-hot business ice cold and has touched off a housing <extra_id_3> <extra_id_4> historic proportions.', '<extra_id_0> such, <extra_id_1> and, <extra_id_2> a <extra_id_3> crisis <extra_id_4> of <extra_id_5>']
In terms of being unresponsive to what was happening, to sticking it out the longest, and continuing to justify the garbage they were selling, Countrywide was the worst lender, said Ira Rheingold, executive director of the National Association of Consumer Advocates. And anytime states tried to pass responsible lending laws, Countrywide was fighting it tooth and nail.
[82, '2007', '\x93In terms of being unresponsive to what was happening, to sticking it out the longest, and continuing to justify the garbage they were selling, Countrywide was the worst lender,\x94 <extra_id_0> <extra_id_1> Rheingold, executive director of <extra_id_2> National Association of Consumer Advocates. \x93And anytime states tried to pass responsible lending <extra_id_3> <extra_id_4> <extra_id_5> fighting it tooth and nail.\x94', '<extra_id_0> said <extra_id_1> Ira <extra_id_2> the <extra_id_3> laws, <extra_id_4> Countrywide <extra_id_5> was <extra_id_6>']
Started as Countrywide Credit Industries in New York 38 years ago by Angelo R. Mozilo, a butchers son from the Bronx, and David Loeb, a founder of a mortgage banking firm in New York, who died in 2003, the company has become a $500 billion home loan machine with 62,000 employees, 900 offices and assets of $200 billion.
[83, '2007', 'Started <extra_id_0> <extra_id_1> Credit Industries in New York 38 years ago by Angelo R. Mozilo, a butcher\x92s <extra_id_2> from the <extra_id_3> and <extra_id_4> Loeb, a founder <extra_id_5> a mortgage banking firm <extra_id_6> New York, who died in 2003, <extra_id_7> company has become a $500 billion home <extra_id_8> machine with 62,000 <extra_id_9> <extra_id_10> offices and assets of $200 billion.', '<extra_id_0> as <extra_id_1> Countrywide <extra_id_2> son <extra_id_3> Bronx, <extra_id_4> David <extra_id_5> of <extra_id_6> in <extra_id_7> the <extra_id_8> loan <extra_id_9> employees, <extra_id_10> 900 <extra_id_11>']
Countrywides stock price was up 561 percent over the 10 years ended last December.
[84, '2007', 'Countrywide\x92s stock price was up <extra_id_0> <extra_id_1> over the 10 <extra_id_2> <extra_id_3> <extra_id_4> December.', '<extra_id_0> 561 <extra_id_1> percent <extra_id_2> years <extra_id_3> ended <extra_id_4> last <extra_id_5>']
Mr. Mozilo has ridden this remarkable wave to immense riches, thanks to generous annual stock option grants.
[85, '2007', 'Mr. Mozilo <extra_id_0> ridden this remarkable <extra_id_1> to immense <extra_id_2> thanks to <extra_id_3> annual stock option grants.', '<extra_id_0> has <extra_id_1> wave <extra_id_2> riches, <extra_id_3> generous <extra_id_4>']
Rarely a buyer of Countrywide shares  he has not bought a share since 1987, according to Securities and Exchange Commission filings  he has been a huge seller in recent years.
[86, '2007', 'Rarely a <extra_id_0> of Countrywide shares \x97 he <extra_id_1> not bought a share since 1987, according to Securities and Exchange Commission filings <extra_id_2> <extra_id_3> has <extra_id_4> a huge <extra_id_5> in recent years.', '<extra_id_0> buyer <extra_id_1> has <extra_id_2> \x97 <extra_id_3> he <extra_id_4> been <extra_id_5> seller <extra_id_6>']
Since the company listed its shares on the New York Stock Exchange in 1984, he has reaped $406 million selling Countrywide stock.
[87, '2007', 'Since the company listed its shares on <extra_id_0> New York Stock <extra_id_1> in <extra_id_2> he has reaped $406 million <extra_id_3> Countrywide stock.', '<extra_id_0> the <extra_id_1> Exchange <extra_id_2> 1984, <extra_id_3> selling <extra_id_4>']
As the subprime mortgage debacle began to unfold this year, Mr. Mozilos selling accelerated.
[88, '2007', 'As the <extra_id_0> mortgage <extra_id_1> began to unfold this year, Mr. Mozilo\x92s selling <extra_id_2>', '<extra_id_0> subprime <extra_id_1> debacle <extra_id_2> accelerated. <extra_id_3>']
Filings show that he made $129 million from stock sales during the last 12 months, or almost one-third of the entire amount he has reaped over the last 23 years.
[89, '2007', 'Filings show that he made $129 million <extra_id_0> stock sales during the last <extra_id_1> <extra_id_2> or almost one-third of <extra_id_3> entire amount he has reaped over the last 23 years.', '<extra_id_0> from <extra_id_1> 12 <extra_id_2> months, <extra_id_3> the <extra_id_4>']
He still holds 1.4 million shares in Countrywide, a 0.24 percent stake that is worth $29.4 million.
[90, '2007', 'He still holds 1.4 <extra_id_0> shares in Countrywide, <extra_id_1> 0.24 percent stake that is worth $29.4 million.', '<extra_id_0> million <extra_id_1> a <extra_id_2>']
Mr. Mozilo has stated publicly that his current plan recognizes his personal need to diversify some of his assets as he approaches retirement, said Rick Simon, a Countrywide spokesman. His personal wealth remains heavily weighted in Countrywide shares, and he is, by far, the leading individual shareholder in the company.
[91, '2007', '\x93Mr. Mozilo has stated publicly that <extra_id_0> <extra_id_1> plan <extra_id_2> his personal need to diversify some of his assets as he approaches retirement,\x94 said Rick Simon, a Countrywide spokesman. \x93His personal <extra_id_3> remains heavily weighted in Countrywide shares, and he is, by far, the leading individual shareholder in the company.\x94', '<extra_id_0> his <extra_id_1> current <extra_id_2> recognizes <extra_id_3> wealth <extra_id_4>']
Mr. Simon said that Mr. Mozilo and other top Countrywide executives were not available for interviews.
[92, '2007', '<extra_id_0> Simon said that Mr. Mozilo and other top Countrywide executives were not available for interviews.', '<extra_id_0> Mr. <extra_id_1>']
The spokesman declined to answer a list of questions, saying that he and his staff were too busy.
[93, '2007', 'The <extra_id_0> declined to answer <extra_id_1> list of questions, saying that he and <extra_id_2> staff were <extra_id_3> busy.', '<extra_id_0> spokesman <extra_id_1> a <extra_id_2> his <extra_id_3> too <extra_id_4>']
A former sales representative and several brokers interviewed for this article were granted anonymity because they feared retribution from Countrywide.
[94, '2007', 'A former sales representative and several brokers interviewed for this article were granted anonymity because they feared retribution from <extra_id_0>', '<extra_id_0> Countrywide. <extra_id_1>']
AMONG Countrywides operations are a bank, overseen by the Office of Thrift Supervision; a broker-dealer that trades United States government securities and sells mortgage-backed securities; a mortgage servicing arm; a real estate closing services company; an insurance company; and three special-purpose vehicles that issue short-term commercial paper backed by Countrywide mortgages.
[95, '2007', 'AMONG Countrywide\x92s operations are a bank, overseen <extra_id_0> <extra_id_1> Office of Thrift <extra_id_2> a broker-dealer <extra_id_3> trades United States government securities and sells mortgage-backed securities; <extra_id_4> mortgage servicing <extra_id_5> a real estate closing services <extra_id_6> an insurance company; and three <extra_id_7> vehicles that <extra_id_8> short-term commercial paper backed by Countrywide mortgages.', '<extra_id_0> by <extra_id_1> the <extra_id_2> Supervision; <extra_id_3> that <extra_id_4> a <extra_id_5> arm; <extra_id_6> company; <extra_id_7> special-purpose <extra_id_8> issue <extra_id_9>']
Last year, Countrywide had revenue of $11.4 billion and pretax income of $4.3 billion.
[96, '2007', 'Last <extra_id_0> Countrywide had revenue <extra_id_1> $11.4 billion and <extra_id_2> <extra_id_3> of $4.3 billion.', '<extra_id_0> year, <extra_id_1> of <extra_id_2> pretax <extra_id_3> income <extra_id_4>']
Mortgage banking contributed mightily in 2006, generating $2.06 billion before taxes.
[97, '2007', 'Mortgage banking contributed mightily in <extra_id_0> generating $2.06 billion before taxes.', '<extra_id_0> 2006, <extra_id_1>']
In the last 12 months, Countrywide financed almost $500 billion in loans, or around $41 billion a month.
[98, '2007', 'In the last 12 months, Countrywide financed almost $500 billion in loans, or around <extra_id_0> <extra_id_1> a month.', '<extra_id_0> $41 <extra_id_1> billion <extra_id_2>']
It financed 177,000 to 240,000 loans a month during the last 12 months.
[99, '2007', '<extra_id_0> financed 177,000 to 240,000 loans a month during the <extra_id_1> 12 months.', '<extra_id_0> It <extra_id_1> last <extra_id_2>']
Countrywide lends to both prime borrowers  those with sterling credit  and so-called subprime, or riskier, borrowers.
[100, '2007', 'Countrywide lends <extra_id_0> both prime borrowers \x97 <extra_id_1> with <extra_id_2> <extra_id_3> \x97 <extra_id_4> so-called subprime, or <extra_id_5> borrowers.', '<extra_id_0> to <extra_id_1> those <extra_id_2> sterling <extra_id_3> credit <extra_id_4> and <extra_id_5> riskier, <extra_id_6>']
Among the $470 billion in loans that Countrywide made last year, 45 percent were conventional nonconforming loans, those that are too big to be sold to government-sponsored enterprises like Fannie Mae or Freddie Mac.
[101, '2007', '<extra_id_0> the $470 billion in loans that Countrywide made last <extra_id_1> 45 percent were conventional nonconforming loans, those that are too big to be sold to <extra_id_2> enterprises like Fannie Mae or Freddie <extra_id_3>', '<extra_id_0> Among <extra_id_1> year, <extra_id_2> government-sponsored <extra_id_3> Mac. <extra_id_4>']
Home equity lines of credit given to prime borrowers accounted for 10.2 percent of the total, while subprime loans were 8.7 percent.
[102, '2007', 'Home equity lines <extra_id_0> credit given to prime borrowers accounted for 10.2 percent of <extra_id_1> total, while subprime loans were 8.7 percent.', '<extra_id_0> of <extra_id_1> the <extra_id_2>']
Regulatory filings show that, as of last year, 45 percent of Countrywides loans carried adjustable rates  the kind of loans that are set to reprice this fall and later, and which are causing so much anxiety among borrowers and investors alike.
[103, '2007', 'Regulatory filings show that, <extra_id_0> of last year, 45 percent <extra_id_1> Countrywide\x92s loans carried <extra_id_2> rates \x97 the kind of loans that are set <extra_id_3> reprice this fall and later, and which are <extra_id_4> so much anxiety among <extra_id_5> and investors alike.', '<extra_id_0> as <extra_id_1> of <extra_id_2> adjustable <extra_id_3> to <extra_id_4> causing <extra_id_5> borrowers <extra_id_6>']
Countrywide has a huge presence in California: 46 percent of the loans it holds on its books were made there, and 28 percent of the loans it services are there.
[104, '2007', 'Countrywide has a huge <extra_id_0> in California: 46 percent of the loans it holds on its books were made there, and <extra_id_1> percent <extra_id_2> the loans it services are there.', '<extra_id_0> presence <extra_id_1> 28 <extra_id_2> of <extra_id_3>']
Countrywide packages most of its loans into securities pools that it sells to investors.
[105, '2007', 'Countrywide packages most <extra_id_0> its loans into securities pools that it sells to investors.', '<extra_id_0> of <extra_id_1>']
Another big business for Countrywide is loan servicing, the collection of monthly principal and interest payments from borrowers and the disbursement of them to investors.
[106, '2007', 'Another big business for <extra_id_0> <extra_id_1> loan servicing, <extra_id_2> collection of monthly principal and interest payments <extra_id_3> <extra_id_4> and the disbursement of them to <extra_id_5>', '<extra_id_0> Countrywide <extra_id_1> is <extra_id_2> the <extra_id_3> from <extra_id_4> borrowers <extra_id_5> investors. <extra_id_6>']
Countrywide serviced 8.2 million loans as of the end of the year; in June the portfolio totaled $1.4 trillion.
[107, '2007', 'Countrywide serviced 8.2 million <extra_id_0> <extra_id_1> of the end of the year; in June the <extra_id_2> totaled $1.4 trillion.', '<extra_id_0> loans <extra_id_1> as <extra_id_2> portfolio <extra_id_3>']
In addition to the enormous profits this business generates  $660 million in 2006, or 25 percent of its overall earnings  customers of the Countrywide servicing unit are a huge source of leads for its mortgage sales staff, say former employees.
[108, '2007', 'In addition to the enormous profits <extra_id_0> business <extra_id_1> <extra_id_2> $660 <extra_id_3> in 2006, or 25 percent of <extra_id_4> overall <extra_id_5> \x97 customers of <extra_id_6> Countrywide <extra_id_7> unit are a <extra_id_8> source of leads for its mortgage sales staff, say former employees.', '<extra_id_0> this <extra_id_1> generates <extra_id_2> \x97 <extra_id_3> million <extra_id_4> its <extra_id_5> earnings <extra_id_6> the <extra_id_7> servicing <extra_id_8> huge <extra_id_9>']
In a mid-March interview on CNBC, Mr. Mozilo said Countrywide was poised to benefit from the spreading crisis in the mortgage lending industry. This will be great for Countrywide, he said, because at the end of the day, all of the irrational competitors will be gone.
[109, '2007', '<extra_id_0> a mid-March interview on <extra_id_1> <extra_id_2> Mozilo <extra_id_3> <extra_id_4> was poised <extra_id_5> benefit from <extra_id_6> spreading crisis in the <extra_id_7> <extra_id_8> industry. <extra_id_9> <extra_id_10> be great for Countrywide,\x94 he said, <extra_id_11> at the end of the day, all of the irrational competitors will be gone.\x94', '<extra_id_0> In <extra_id_1> CNBC, <extra_id_2> Mr. <extra_id_3> said <extra_id_4> Countrywide <extra_id_5> to <extra_id_6> the <extra_id_7> mortgage <extra_id_8> lending <extra_id_9> \x93This <extra_id_10> will <extra_id_11> \x93because <extra_id_12>']
But Countrywide documents show that it, too, was a lax lender.
[110, '2007', '<extra_id_0> Countrywide documents show that it, too, was a lax lender.', '<extra_id_0> But <extra_id_1>']
For example, it wasnt until March 16 that Countrywide eliminated so-called piggyback loans from its product list, loans that permitted borrowers to buy a house without putting down any of their own money.
[111, '2007', 'For <extra_id_0> <extra_id_1> wasn\x92t until March 16 that <extra_id_2> eliminated so-called piggyback loans from its product list, loans that permitted borrowers to buy a house <extra_id_3> putting down any <extra_id_4> their own money.', '<extra_id_0> example, <extra_id_1> it <extra_id_2> Countrywide <extra_id_3> without <extra_id_4> of <extra_id_5>']
And Countrywide waited until Feb. 23 to stop peddling another risky product, loans that were worth more than 95 percent of a homes appraised value and required no documentation of a borrowers income.
[112, '2007', 'And Countrywide waited until Feb. 23 to stop peddling another risky product, loans that were worth more than 95 percent of a <extra_id_0> appraised value and required no documentation <extra_id_1> <extra_id_2> <extra_id_3> income.', '<extra_id_0> home\x92s <extra_id_1> of <extra_id_2> a <extra_id_3> borrower\x92s <extra_id_4>']
As recently as July 27, Countrywides product list showed that it would lend $500,000 to a borrower rated C-minus, the second-riskiest grade.
[113, '2007', 'As recently as July 27, Countrywide\x92s product list showed <extra_id_0> it would lend $500,000 to <extra_id_1> borrower <extra_id_2> <extra_id_3> the second-riskiest grade.', '<extra_id_0> that <extra_id_1> a <extra_id_2> rated <extra_id_3> C-minus, <extra_id_4>']
As long as the loan represented no more than 70 percent of the underlying propertys value, Countrywide would lend to a borrower even if the person had a credit score as low as 500.
[114, '2007', 'As long as the loan <extra_id_0> no more than 70 percent of the underlying property\x92s value, Countrywide <extra_id_1> lend to a borrower even if the person had a credit score <extra_id_2> low as <extra_id_3>', '<extra_id_0> represented <extra_id_1> would <extra_id_2> as <extra_id_3> 500. <extra_id_4>']
The top score is 850.
[115, '2007', 'The top score <extra_id_0> 850.', '<extra_id_0> is <extra_id_1>']
The company would lend even if the borrower had been 90 days late on a current mortgage payment twice in the last 12 months, if the borrower had filed for personal bankruptcy protection, or if the borrower had faced foreclosure or default notices on his or her property.
[116, '2007', 'The company would lend even if the borrower had been 90 days late on a current mortgage payment twice in the last 12 <extra_id_0> if <extra_id_1> borrower had filed for <extra_id_2> bankruptcy protection, or if the borrower had faced foreclosure <extra_id_3> default notices on his or her property.', '<extra_id_0> months, <extra_id_1> the <extra_id_2> personal <extra_id_3> or <extra_id_4>']
Such loans were made, former employees say, because they were so lucrative  to Countrywide.
[117, '2007', 'Such loans were made, former employees say, because <extra_id_0> were so lucrative <extra_id_1> to Countrywide.', '<extra_id_0> they <extra_id_1> \x97 <extra_id_2>']
The company harvested a steady stream of fees or payments on such loans and busily repackaged them as securities to sell to investors.
[118, '2007', 'The company harvested a steady <extra_id_0> of fees or <extra_id_1> on such loans and <extra_id_2> repackaged them as securities to sell to <extra_id_3>', '<extra_id_0> stream <extra_id_1> payments <extra_id_2> busily <extra_id_3> investors. <extra_id_4>']
As long as housing prices kept rising, everyone  borrowers, lenders and investors  appeared to be winners.
[119, '2007', 'As long as <extra_id_0> prices kept rising, everyone \x97 borrowers, lenders and investors <extra_id_1> appeared to be winners.', '<extra_id_0> housing <extra_id_1> \x97 <extra_id_2>']
One former employee provided documents indicating Countrywides minimum profit margins on subprime loans of different sizes.
[120, '2007', '<extra_id_0> former employee <extra_id_1> documents indicating Countrywide\x92s minimum profit margins on subprime loans of different sizes.', '<extra_id_0> One <extra_id_1> provided <extra_id_2>']
These ranged from 5 percent on small loans of $100,000 to $200,000 to 3 percent on loans of $350,000 to $500,000.
[121, '2007', 'These ranged <extra_id_0> <extra_id_1> percent on small loans of $100,000 to $200,000 to 3 percent on <extra_id_2> <extra_id_3> $350,000 to <extra_id_4>', '<extra_id_0> from <extra_id_1> 5 <extra_id_2> loans <extra_id_3> of <extra_id_4> $500,000. <extra_id_5>']
But on subprime loans that imposed heavy burdens on borrowers, like high prepayment penalties that persisted for three years, Countrywides margins could reach 15 percent of the loan, the former employee said.
[122, '2007', 'But on subprime loans that imposed heavy burdens on borrowers, like high prepayment penalties that persisted for three years, Countrywide\x92s margins could reach 15 percent of <extra_id_0> <extra_id_1> the former employee said.', '<extra_id_0> the <extra_id_1> loan, <extra_id_2>']
Regulatory filings show how much more profitable subprime loans are for Countrywide than higher-quality prime loans.
[123, '2007', 'Regulatory filings show how much more profitable subprime <extra_id_0> are for Countrywide than <extra_id_1> <extra_id_2> <extra_id_3>', '<extra_id_0> loans <extra_id_1> higher-quality <extra_id_2> prime <extra_id_3> loans. <extra_id_4>']
Last year, for example, the profit margins Countrywide generated on subprime loans that it sold to investors were 1.84 percent, versus 1.07 percent on prime loans.
[124, '2007', '<extra_id_0> year, for example, the <extra_id_1> margins Countrywide generated on subprime loans <extra_id_2> it sold to investors were 1.84 percent, versus 1.07 percent on prime loans.', '<extra_id_0> Last <extra_id_1> profit <extra_id_2> that <extra_id_3>']
A year earlier, when the subprime machine was really cranking, sales of these mortgages produced profits of 2 percent, versus 0.82 percent from prime mortgages.
[125, '2007', 'A year earlier, when the subprime machine was really cranking, sales of these <extra_id_0> produced <extra_id_1> of 2 percent, <extra_id_2> 0.82 percent from prime mortgages.', '<extra_id_0> mortgages <extra_id_1> profits <extra_id_2> versus <extra_id_3>']
And in 2004, subprime loans produced gains of 3.64 percent, versus 0.93 percent for prime loans.
[126, '2007', 'And <extra_id_0> 2004, subprime loans produced gains of 3.64 percent, versus 0.93 <extra_id_1> for prime loans.', '<extra_id_0> in <extra_id_1> percent <extra_id_2>']
One reason these loans were so lucrative for Countrywide is that investors who bought securities backed by the mortgages were willing to pay more for loans with prepayment penalties and those whose interest rates were going to reset at higher levels.
[127, '2007', '<extra_id_0> reason these loans were <extra_id_1> lucrative <extra_id_2> Countrywide is that investors <extra_id_3> bought securities backed by the mortgages were willing to <extra_id_4> more for loans with prepayment penalties and those whose interest rates were going to reset at higher levels.', '<extra_id_0> One <extra_id_1> so <extra_id_2> for <extra_id_3> who <extra_id_4> pay <extra_id_5>']
Investors ponied up because pools of subprime loans were likely to generate a larger cash flow than prime loans that carried lower fixed rates.
[128, '2007', 'Investors ponied up because pools of subprime loans were likely to <extra_id_0> a larger cash flow <extra_id_1> prime loans that carried lower fixed <extra_id_2>', '<extra_id_0> generate <extra_id_1> than <extra_id_2> rates. <extra_id_3>']
As a result, former employees said, the companys commission structure rewarded sales representatives for making risky, high-cost loans.
[129, '2007', 'As a result, former employees said, the company\x92s commission structure rewarded sales representatives for making <extra_id_0> <extra_id_1> loans.', '<extra_id_0> risky, <extra_id_1> high-cost <extra_id_2>']
For example, according to another mortgage sales representative affiliated with Countrywide, adding a three-year prepayment penalty to a loan would generate an extra 1 percent of the loans value in a commission.
[130, '2007', 'For example, according to another mortgage sales representative affiliated with <extra_id_0> adding a three-year prepayment penalty to a loan would generate an extra 1 percent of the loan\x92s value in a commission.', '<extra_id_0> Countrywide, <extra_id_1>']
While mortgage brokers commissions would vary on loans that reset after a short period with a low teaser rate, the higher the rate at reset, the greater the commission earned, these people said.
[131, '2007', 'While mortgage brokers\x92 commissions would vary on loans that reset after a short period <extra_id_0> a low teaser rate, the higher the rate <extra_id_1> <extra_id_2> the greater the commission earned, these people said.', '<extra_id_0> with <extra_id_1> at <extra_id_2> reset, <extra_id_3>']
Persuading someone to add a home equity line of credit to a loan carried extra commissions of 0.25 percent, according to a former sales representative.
[132, '2007', 'Persuading someone <extra_id_0> add a home equity line of credit to a loan carried extra commissions of 0.25 <extra_id_1> according to a former sales <extra_id_2>', '<extra_id_0> to <extra_id_1> percent, <extra_id_2> representative. <extra_id_3>']
The whole commission structure in both prime and subprime was designed to reward salespeople for pushing whatever programs Countrywide made the most money on in the secondary market, the former sales representative said.
[133, '2007', '\x93The whole commission structure in both prime and subprime was designed to reward salespeople for <extra_id_0> whatever programs <extra_id_1> made the most money on in the secondary market,\x94 the former <extra_id_2> representative said.', '<extra_id_0> pushing <extra_id_1> Countrywide <extra_id_2> sales <extra_id_3>']
CONSIDER an example provided by a former mortgage broker.
[134, '2007', '<extra_id_0> an example provided by a former <extra_id_1> broker.', '<extra_id_0> CONSIDER <extra_id_1> mortgage <extra_id_2>']
Say that a borrower was persuaded to take on a $1 million adjustable-rate loan that required the person to pay only a tiny fraction of the real interest rate and no principal during the first year  a loan known in the trade as a pay option adjustable-rate mortgage.
[135, '2007', 'Say that a borrower was persuaded to <extra_id_0> <extra_id_1> a $1 million adjustable-rate loan that required the person to pay only a <extra_id_2> fraction of the <extra_id_3> <extra_id_4> rate and no principal <extra_id_5> the first year \x97 a loan known in the <extra_id_6> as a pay option adjustable-rate <extra_id_7>', '<extra_id_0> take <extra_id_1> on <extra_id_2> tiny <extra_id_3> real <extra_id_4> interest <extra_id_5> during <extra_id_6> trade <extra_id_7> mortgage. <extra_id_8>']
If the loan carried a three-year prepayment penalty requiring the borrower to pay six months worth of interest at the much higher reset rate of 3 percentage points over the prevailing market rate, Countrywide would pay the broker a $30,000 commission.
[136, '2007', 'If the loan carried a three-year prepayment penalty requiring the <extra_id_0> to pay six months\x92 worth of interest at <extra_id_1> much higher reset rate of 3 percentage points over the prevailing market rate, <extra_id_2> would pay the broker <extra_id_3> $30,000 commission.', '<extra_id_0> borrower <extra_id_1> the <extra_id_2> Countrywide <extra_id_3> a <extra_id_4>']
When borrowers tried to reduce their mortgage debt, Countrywide cashed in: prepayment penalties generated significant revenue for the company  $268 million last year, up from $212 million in 2005.
[137, '2007', 'When borrowers tried to reduce <extra_id_0> mortgage debt, Countrywide cashed <extra_id_1> prepayment penalties generated significant revenue for the <extra_id_2> <extra_id_3> $268 <extra_id_4> last year, up <extra_id_5> $212 million in 2005.', '<extra_id_0> their <extra_id_1> in: <extra_id_2> company <extra_id_3> \x97 <extra_id_4> million <extra_id_5> from <extra_id_6>']
When borrowers had difficulty making payments, Countrywide cashed in again: late charges produced even more in 2006  some $285 million.
[138, '2007', 'When borrowers had difficulty making payments, Countrywide cashed <extra_id_0> again: <extra_id_1> charges <extra_id_2> even more <extra_id_3> 2006 \x97 some $285 million.', '<extra_id_0> in <extra_id_1> late <extra_id_2> produced <extra_id_3> in <extra_id_4>']
The companys incentive system also encouraged brokers and sales representatives to move borrowers into the subprime category, even if their financial position meant that they belonged higher up the loan spectrum.
[139, '2007', 'The company\x92s incentive <extra_id_0> <extra_id_1> encouraged brokers and sales representatives to move <extra_id_2> into the subprime category, even if their financial position <extra_id_3> that they belonged higher <extra_id_4> the <extra_id_5> spectrum.', '<extra_id_0> system <extra_id_1> also <extra_id_2> borrowers <extra_id_3> meant <extra_id_4> up <extra_id_5> loan <extra_id_6>']
Brokers who peddled subprime loans received commissions of 0.50 percent of the loans value, versus 0.20 percent on loans one step up the quality ladder, known as Alternate-A, former brokers said.
[140, '2007', 'Brokers <extra_id_0> peddled <extra_id_1> loans <extra_id_2> <extra_id_3> of 0.50 percent of the loan\x92s value, versus 0.20 percent on loans one step <extra_id_4> the quality ladder, known <extra_id_5> Alternate-A, former brokers said.', '<extra_id_0> who <extra_id_1> subprime <extra_id_2> received <extra_id_3> commissions <extra_id_4> up <extra_id_5> as <extra_id_6>']
For years, a software system in Countrywides subprime unit that sales representatives used to calculate the loan type that a borrower qualified for did not allow the input of a borrowers cash reserves, a former employee said.
[141, '2007', 'For years, <extra_id_0> software system in Countrywide\x92s subprime unit that sales representatives used to calculate the loan type that <extra_id_1> borrower qualified <extra_id_2> did not allow the input of <extra_id_3> borrower\x92s cash reserves, a former <extra_id_4> <extra_id_5>', '<extra_id_0> a <extra_id_1> a <extra_id_2> for <extra_id_3> a <extra_id_4> employee <extra_id_5> said. <extra_id_6>']
A borrower who has more assets poses less risk to a lender, and will typically get a better rate on a loan as a result.
[142, '2007', 'A <extra_id_0> <extra_id_1> has more assets poses less risk to a lender, and will typically get <extra_id_2> better rate on a loan as a <extra_id_3>', '<extra_id_0> borrower <extra_id_1> who <extra_id_2> a <extra_id_3> result. <extra_id_4>']
But, this sales representative said, Countrywides software prevented the input of cash reserves so borrowers would have to be pitched on pricier loans.
[143, '2007', '<extra_id_0> <extra_id_1> sales representative said, Countrywide\x92s software prevented the input of cash <extra_id_2> so borrowers would have to be pitched on <extra_id_3> loans.', '<extra_id_0> But, <extra_id_1> this <extra_id_2> reserves <extra_id_3> pricier <extra_id_4>']
It was not until last September that the company changed this practice, as part of what was called in an internal memo the Do the Right Thing campaign.
[144, '2007', 'It was not until last September that the company changed this practice, as part of what was called in <extra_id_0> <extra_id_1> <extra_id_2> the \x93Do <extra_id_3> Right Thing\x94 campaign.', '<extra_id_0> an <extra_id_1> internal <extra_id_2> memo <extra_id_3> the <extra_id_4>']
According to the former sales representative, Countrywides big subprime unit also avoided offering borrowers Federal Housing Administration loans, which are backed by the United States government and are less risky.
[145, '2007', 'According to the <extra_id_0> sales representative, Countrywide\x92s big <extra_id_1> unit also avoided offering borrowers Federal Housing Administration loans, which are backed by the United States government and are less risky.', '<extra_id_0> former <extra_id_1> subprime <extra_id_2>']
But these loans, well suited to low-income or first-time home buyers, do not generate the high fees that Countrywide encouraged its sales force to pursue.
[146, '2007', 'But these loans, well suited <extra_id_0> <extra_id_1> or first-time home buyers, do not generate the high fees that Countrywide encouraged its sales <extra_id_2> <extra_id_3> pursue.', '<extra_id_0> to <extra_id_1> low-income <extra_id_2> force <extra_id_3> to <extra_id_4>']
A few weeks ago, the former sales representative priced a $275,000 loan with a 30-year term and a fixed rate for a borrower putting down 10 percent, with fully documented income, and a credit score of 620.
[147, '2007', 'A few weeks ago, the former sales representative priced a $275,000 loan with a 30-year term and <extra_id_0> fixed rate for a borrower putting down 10 percent, with fully documented <extra_id_1> and a credit score <extra_id_2> 620.', '<extra_id_0> a <extra_id_1> income, <extra_id_2> of <extra_id_3>']
While a F.H.A. loan on the same terms would have carried a 7 percent rate and 0.125 percentage points, Countrywides subprime loan for the same borrower carried a rate of 9.875 percent and three additional percentage points.
[148, '2007', 'While a F.H.A. loan <extra_id_0> <extra_id_1> <extra_id_2> terms <extra_id_3> have carried a 7 percent rate and 0.125 <extra_id_4> points, Countrywide\x92s <extra_id_5> loan for the same borrower carried a rate of 9.875 percent and <extra_id_6> additional <extra_id_7> <extra_id_8>', '<extra_id_0> on <extra_id_1> the <extra_id_2> same <extra_id_3> would <extra_id_4> percentage <extra_id_5> subprime <extra_id_6> three <extra_id_7> percentage <extra_id_8> points. <extra_id_9>']
The monthly payment on the F.H.A. loan would have been $1,829, while Countrywides subprime loan generated a $2,387 monthly payment.
[149, '2007', 'The monthly payment on the <extra_id_0> loan <extra_id_1> have been $1,829, while Countrywide\x92s subprime loan generated a <extra_id_2> monthly payment.', '<extra_id_0> F.H.A. <extra_id_1> would <extra_id_2> $2,387 <extra_id_3>']
That amounts to a difference of $558 a month, or $6,696 a year  no small sum for a low-income homeowner.
[150, '2007', 'That <extra_id_0> to <extra_id_1> difference of $558 <extra_id_2> <extra_id_3> <extra_id_4> $6,696 a year \x97 no <extra_id_5> <extra_id_6> for a low-income homeowner.', '<extra_id_0> amounts <extra_id_1> a <extra_id_2> a <extra_id_3> month, <extra_id_4> or <extra_id_5> small <extra_id_6> sum <extra_id_7>']
F.H.A. loans are the best source of financing for low-income borrowers, the former sales representative said.
[151, '2007', '<extra_id_0> loans <extra_id_1> the best source of financing for <extra_id_2> borrowers,\x94 the former sales representative said.', '<extra_id_0> \x93F.H.A. <extra_id_1> are <extra_id_2> low-income <extra_id_3>']
So Countrywides subprime lending program is not living up to the promise of providing the best loan programs to its clients, he said.
[152, '2007', '<extra_id_0> Countrywide\x92s subprime lending program \x93is not living up <extra_id_1> the promise <extra_id_2> <extra_id_3> the best <extra_id_4> <extra_id_5> <extra_id_6> <extra_id_7> clients,\x94 he <extra_id_8>', '<extra_id_0> So <extra_id_1> to <extra_id_2> of <extra_id_3> providing <extra_id_4> loan <extra_id_5> programs <extra_id_6> to <extra_id_7> its <extra_id_8> said. <extra_id_9>']
Mr. Simon of Countrywide said that Federal Housing Administration loans were becoming a bigger part of the companys business.
[153, '2007', 'Mr. Simon <extra_id_0> Countrywide <extra_id_1> that Federal Housing Administration <extra_id_2> were becoming <extra_id_3> bigger part of <extra_id_4> company\x92s business.', '<extra_id_0> of <extra_id_1> said <extra_id_2> loans <extra_id_3> a <extra_id_4> the <extra_id_5>']
While they are very useful to some borrowers, F.H.A./V.A. mortgages are extremely difficult to originate in markets with above-average home prices, because the maximum loan amount is so low, he said. Countrywide believes F.H.A./V.A. loans are an increasingly important part of its product menu, particularly for the homeownership hopes of low- to moderate-income and minority borrowers we have concentrated on reaching and serving.
[154, '2007', '<extra_id_0> they are very useful to some borrowers, F.H.A./V.A. mortgages are extremely difficult to originate in markets with <extra_id_1> home prices, because the <extra_id_2> loan amount is so low,\x94 he said. <extra_id_3> <extra_id_4> F.H.A./V.A. loans are an <extra_id_5> important <extra_id_6> of its <extra_id_7> menu, particularly for <extra_id_8> homeownership hopes of low- to moderate-income and <extra_id_9> <extra_id_10> we have concentrated on reaching and serving.\x94', '<extra_id_0> \x93While <extra_id_1> above-average <extra_id_2> maximum <extra_id_3> \x93Countrywide <extra_id_4> believes <extra_id_5> increasingly <extra_id_6> part <extra_id_7> product <extra_id_8> the <extra_id_9> minority <extra_id_10> borrowers <extra_id_11>']
WORKDAYS at Countrywides mortgage lending units centered on an intense telemarketing effort, former employees said.
[155, '2007', 'WORKDAYS at Countrywide\x92s mortgage lending units centered on an intense telemarketing effort, former <extra_id_0> said.', '<extra_id_0> employees <extra_id_1>']
It involved chasing down sales leads and hewing to carefully prepared scripts during telephone calls with prospects.
[156, '2007', 'It involved chasing down sales leads <extra_id_0> <extra_id_1> to carefully <extra_id_2> scripts during telephone calls with prospects.', '<extra_id_0> and <extra_id_1> hewing <extra_id_2> prepared <extra_id_3>']
One marketing manual used in Countrywides subprime unit during 2005, for example, walks sales representatives through the steps of a successful call. Step 3, Borrower Information, is where the Account Executive gets on the Oasis of Rapport, the manual states. The Oasis of Rapport is the time spent with the client building rapport and gathering information.
[157, '2007', 'One marketing <extra_id_0> used in Countrywide\x92s <extra_id_1> unit during 2005, for example, <extra_id_2> sales representatives through the steps of <extra_id_3> successful call. \x93Step 3, Borrower Information, is <extra_id_4> the Account <extra_id_5> gets <extra_id_6> the Oasis of Rapport,\x94 the <extra_id_7> states. \x93The Oasis of Rapport is the time spent <extra_id_8> <extra_id_9> client <extra_id_10> rapport and gathering information.', '<extra_id_0> manual <extra_id_1> subprime <extra_id_2> walks <extra_id_3> a <extra_id_4> where <extra_id_5> Executive <extra_id_6> on <extra_id_7> manual <extra_id_8> with <extra_id_9> the <extra_id_10> building <extra_id_11>']
At this point in the sales cycle, rates, points, and fees are not discussed.
[158, '2007', 'At this <extra_id_0> in the sales cycle, rates, points, and fees are not discussed.', '<extra_id_0> point <extra_id_1>']
The immediate objective is for the Account Executive to get to know the client and look for points of common interest.
[159, '2007', 'The immediate objective is for the Account Executive to get to know <extra_id_0> client and <extra_id_1> <extra_id_2> points of common <extra_id_3>', '<extra_id_0> the <extra_id_1> look <extra_id_2> for <extra_id_3> interest. <extra_id_4>']
Use first names with clients as it facilitates a friendly, helpful tone.
[160, '2007', 'Use first names <extra_id_0> clients as it facilitates a friendly, helpful tone.\x94', '<extra_id_0> with <extra_id_1>']
If clients proved to be uninterested, the script provided ways for sales representatives to be more persuasive.
[161, '2007', 'If clients proved <extra_id_0> be uninterested, the script <extra_id_1> ways <extra_id_2> <extra_id_3> <extra_id_4> to <extra_id_5> <extra_id_6> persuasive.', '<extra_id_0> to <extra_id_1> provided <extra_id_2> for <extra_id_3> sales <extra_id_4> representatives <extra_id_5> be <extra_id_6> more <extra_id_7>']
Account executives encountering prospective customers who said their mortgage had been paid off, for instance, were advised to ask about a home equity loan. Dont you want the equity in your home to work for you? the script said. You can use your equity for your advantage and pay bills or get cash out.
[162, '2007', 'Account executives encountering prospective customers who said <extra_id_0> mortgage had been paid off, <extra_id_1> instance, <extra_id_2> <extra_id_3> to ask about a <extra_id_4> equity loan. \x93Don\x92t you want the equity <extra_id_5> your home to work for you?\x94 the script said. \x93You can use your equity for your advantage and pay bills or get cash out.', '<extra_id_0> their <extra_id_1> for <extra_id_2> were <extra_id_3> advised <extra_id_4> home <extra_id_5> in <extra_id_6>']
How does that sound?
[163, '2007', '<extra_id_0> does <extra_id_1> sound?\x94', '<extra_id_0> How <extra_id_1> that <extra_id_2>']
Other documents from the subprime unit also show that Countrywide was willing to underwrite loans that left little disposable income for borrowers food, clothing and other living expenses.
[164, '2007', 'Other <extra_id_0> from the subprime unit also show that Countrywide was <extra_id_1> to <extra_id_2> <extra_id_3> that left little disposable income for borrowers\x92 <extra_id_4> clothing <extra_id_5> other living expenses.', '<extra_id_0> documents <extra_id_1> willing <extra_id_2> underwrite <extra_id_3> loans <extra_id_4> food, <extra_id_5> and <extra_id_6>']
A different manual states that loans could be written for borrowers even if, in a family of four, they had just $1,000 in disposable income after paying their mortgage bill.
[165, '2007', 'A different manual states that <extra_id_0> could be written for borrowers even if, in a family <extra_id_1> four, they had just $1,000 <extra_id_2> disposable <extra_id_3> after <extra_id_4> their mortgage bill.', '<extra_id_0> loans <extra_id_1> of <extra_id_2> in <extra_id_3> income <extra_id_4> paying <extra_id_5>']
A loan to a single borrower could be made even if the person had just $550 left each month to live on, the manual said.
[166, '2007', 'A loan to a single borrower could <extra_id_0> <extra_id_1> even if the person had just $550 left each month to <extra_id_2> on, the manual said.', '<extra_id_0> be <extra_id_1> made <extra_id_2> live <extra_id_3>']
Independent brokers who have worked with Countrywide also say the company does not provide records of their compensation to the Internal Revenue Service on a Form 1099, as the law requires.
[167, '2007', 'Independent brokers who have worked with Countrywide also <extra_id_0> the company does not <extra_id_1> records of their compensation <extra_id_2> the Internal Revenue Service <extra_id_3> a Form 1099, as the law requires.', '<extra_id_0> say <extra_id_1> provide <extra_id_2> to <extra_id_3> on <extra_id_4>']
These brokers say that all other home lenders they have worked with submitted 1099s disclosing income earned from their associations.
[168, '2007', 'These brokers <extra_id_0> that all other <extra_id_1> lenders they <extra_id_2> worked <extra_id_3> submitted 1099s disclosing income earned from their associations.', '<extra_id_0> say <extra_id_1> home <extra_id_2> have <extra_id_3> with <extra_id_4>']
One broker who worked with Countrywide for seven years said she never got a 1099.
[169, '2007', 'One broker who worked <extra_id_0> Countrywide for seven years said she never got a 1099.', '<extra_id_0> with <extra_id_1>']
When I got ready to do my first years taxes I had received 1099s from everybody but Countrywide, she said. I called my rep and he said, Were too big.
[170, '2007', '\x93When I got ready to <extra_id_0> my first year\x92s taxes I had received 1099s from <extra_id_1> <extra_id_2> Countrywide,\x94 <extra_id_3> <extra_id_4> \x93I called <extra_id_5> rep and he said, \x91We\x92re too big.', '<extra_id_0> do <extra_id_1> everybody <extra_id_2> but <extra_id_3> she <extra_id_4> said. <extra_id_5> my <extra_id_6>']
Theres too many.
[171, '2007', 'There\x92s too <extra_id_0>', '<extra_id_0> many. <extra_id_1>']
We dont do it. 
[172, '2007', 'We don\x92t do it.\x92 <extra_id_0>', '<extra_id_0> \x94 <extra_id_1>']
A different broker supplied an e-mail message from a Countrywide official stating that it was not company practice to submit 1099s.
[173, '2007', 'A different <extra_id_0> supplied an e-mail message from <extra_id_1> Countrywide official <extra_id_2> that it was not <extra_id_3> practice to submit 1099s.', '<extra_id_0> broker <extra_id_1> a <extra_id_2> stating <extra_id_3> company <extra_id_4>']
It is unclear why Countrywide apparently chooses not to provide the documents.
[174, '2007', 'It is unclear why Countrywide apparently chooses not to provide <extra_id_0> documents.', '<extra_id_0> the <extra_id_1>']
Countrywide boasts that it is the No.
[175, '2007', 'Countrywide <extra_id_0> that it is the <extra_id_1>', '<extra_id_0> boasts <extra_id_1> No. <extra_id_2>']
1 lender to minorities, providing those borrowers with their piece of the American homeownership dream.
[176, '2007', '1 lender to minorities, providing <extra_id_0> borrowers with their piece of the American homeownership dream.', '<extra_id_0> those <extra_id_1>']
But it has run into problems with state regulators in New York, who contended that the company overcharged such borrowers for loans.
[177, '2007', 'But it has run into problems with state regulators in New <extra_id_0> who contended that the company overcharged such borrowers for loans.', '<extra_id_0> York, <extra_id_1>']
Last December, Countrywide struck an agreement with Eliot Spitzer, then the state attorney general, to compensate black and Latino borrowers to whom it had improperly given high-cost loans in 2004.
[178, '2007', 'Last <extra_id_0> Countrywide <extra_id_1> an agreement with Eliot Spitzer, then <extra_id_2> state attorney general, to compensate black and <extra_id_3> borrowers to whom it <extra_id_4> improperly given high-cost <extra_id_5> in 2004.', '<extra_id_0> December, <extra_id_1> struck <extra_id_2> the <extra_id_3> Latino <extra_id_4> had <extra_id_5> loans <extra_id_6>']
Under the agreement, Countrywide, which cooperated with the attorney general, agreed to improve its fair-lending monitoring activities and set up a $3 million consumer education program.
[179, '2007', 'Under the agreement, Countrywide, which cooperated with the attorney general, agreed to improve its fair-lending monitoring activities <extra_id_0> <extra_id_1> up a $3 million consumer education program.', '<extra_id_0> and <extra_id_1> set <extra_id_2>']
But few borrowers of any sort, even the most creditworthy, appear to escape Countrywides fee machine.
[180, '2007', 'But few <extra_id_0> of any sort, even the <extra_id_1> <extra_id_2> appear to escape Countrywide\x92s fee machine.', '<extra_id_0> borrowers <extra_id_1> most <extra_id_2> creditworthy, <extra_id_3>']
When borrowers close on their loans, they pay fees for flood and tax certifications, appraisals, document preparation, even charges associated with e-mailing documents or using FedEx to send or receive paperwork, according to Countrywide documents.
[181, '2007', 'When <extra_id_0> <extra_id_1> <extra_id_2> their loans, they <extra_id_3> fees for flood and tax certifications, <extra_id_4> <extra_id_5> preparation, <extra_id_6> charges associated with e-mailing documents or using FedEx <extra_id_7> send <extra_id_8> <extra_id_9> paperwork, <extra_id_10> to Countrywide documents.', '<extra_id_0> borrowers <extra_id_1> close <extra_id_2> on <extra_id_3> pay <extra_id_4> appraisals, <extra_id_5> document <extra_id_6> even <extra_id_7> to <extra_id_8> or <extra_id_9> receive <extra_id_10> according <extra_id_11>']
Its a big business: During the last 12 months, Countrywide did 3.5 million flood certifications, conducted 10.8 million credit checks and 1.3 million appraisals, its filings show.
[182, '2007', '<extra_id_0> a big business: During the <extra_id_1> 12 months, Countrywide did 3.5 million flood certifications, <extra_id_2> 10.8 <extra_id_3> <extra_id_4> checks and 1.3 million <extra_id_5> its filings show.', '<extra_id_0> It\x92s <extra_id_1> last <extra_id_2> conducted <extra_id_3> million <extra_id_4> credit <extra_id_5> appraisals, <extra_id_6>']
Many of the fees go to its loan closing services subsidiary, LandSafe Inc.
[183, '2007', 'Many of <extra_id_0> fees <extra_id_1> to its loan closing services subsidiary, LandSafe Inc.', '<extra_id_0> the <extra_id_1> go <extra_id_2>']
According to dozens of loan documents, LandSafe routinely charges tax service fees of $60, far above what other lenders charge, for information about any outstanding tax obligations of the borrowers.
[184, '2007', 'According to dozens <extra_id_0> loan documents, LandSafe <extra_id_1> charges tax service fees <extra_id_2> <extra_id_3> far above what other lenders charge, for information about any <extra_id_4> tax obligations of <extra_id_5> borrowers.', '<extra_id_0> of <extra_id_1> routinely <extra_id_2> of <extra_id_3> $60, <extra_id_4> outstanding <extra_id_5> the <extra_id_6>']
Credit checks can cost $36 at LandSafe, double what others levy.
[185, '2007', 'Credit checks can cost <extra_id_0> at LandSafe, double <extra_id_1> others levy.', '<extra_id_0> $36 <extra_id_1> what <extra_id_2>']
Some Countrywide loans even included fees of $100 to e-mail documents or $45 to ship them overnight.
[186, '2007', 'Some Countrywide loans even included fees of $100 to e-mail documents or $45 to <extra_id_0> them overnight.', '<extra_id_0> ship <extra_id_1>']
LandSafe also charges borrowers $26 for flood certifications, for which other companies typically charge $12 to $14, according to sales representatives and brokers familiar with the fees.
[187, '2007', 'LandSafe also charges borrowers $26 for <extra_id_0> certifications, for which other companies typically <extra_id_1> $12 to $14, according to sales representatives and brokers familiar with <extra_id_2> fees.', '<extra_id_0> flood <extra_id_1> charge <extra_id_2> the <extra_id_3>']
LAST April, Countrywide customers in Los Angeles filed suit against the company in California state court, contending that it overcharged borrowers by collecting unearned fees in relation to tax service fees and flood certification charges.
[188, '2007', 'LAST April, <extra_id_0> customers in Los Angeles filed suit against the company in California state court, contending that it <extra_id_1> <extra_id_2> by collecting unearned fees in relation to <extra_id_3> service fees and <extra_id_4> certification charges.', '<extra_id_0> Countrywide <extra_id_1> overcharged <extra_id_2> borrowers <extra_id_3> tax <extra_id_4> flood <extra_id_5>']
These markups were not disclosed to borrowers, the lawsuit said.
[189, '2007', '<extra_id_0> <extra_id_1> were not disclosed to borrowers, the lawsuit said.', '<extra_id_0> These <extra_id_1> markups <extra_id_2>']
Appraisals are another profit center for Countrywide, brokers said, because it often requires more than one appraisal on properties, especially if borrowers initially choose not to use the companys own internal firm.
[190, '2007', 'Appraisals are <extra_id_0> profit <extra_id_1> <extra_id_2> Countrywide, brokers <extra_id_3> because it often requires <extra_id_4> than one appraisal on <extra_id_5> especially <extra_id_6> borrowers initially choose not to use the company\x92s own internal <extra_id_7>', '<extra_id_0> another <extra_id_1> center <extra_id_2> for <extra_id_3> said, <extra_id_4> more <extra_id_5> properties, <extra_id_6> if <extra_id_7> firm. <extra_id_8>']
Appraisal fees at Countrywide totaled $137 million in 2006, up from $110 million in the previous year.
[191, '2007', '<extra_id_0> fees <extra_id_1> Countrywide totaled $137 <extra_id_2> in <extra_id_3> up from $110 million in the <extra_id_4> year.', '<extra_id_0> Appraisal <extra_id_1> at <extra_id_2> million <extra_id_3> 2006, <extra_id_4> previous <extra_id_5>']
Credit report fees were $74 million last year, down slightly from 2005.
[192, '2007', '<extra_id_0> report fees were $74 million <extra_id_1> year, down slightly from <extra_id_2>', '<extra_id_0> Credit <extra_id_1> last <extra_id_2> 2005. <extra_id_3>']
All of those fees may soon be part of what Countrywide comes to consider the good old days.
[193, '2007', 'All of those fees may soon <extra_id_0> part of what Countrywide comes to consider the good old days.', '<extra_id_0> be <extra_id_1>']
The mortgage market has cooled, and so have the companys fortunes.
[194, '2007', 'The mortgage market has cooled, and so have <extra_id_0> company\x92s fortunes.', '<extra_id_0> the <extra_id_1>']
Mr. Mozilo remains undaunted, however.
[195, '2007', '<extra_id_0> Mozilo <extra_id_1> undaunted, however.', '<extra_id_0> Mr. <extra_id_1> remains <extra_id_2>']
In an interview with CNBC on Thursday, he conceded that Countrywides balance sheet had to be strengthened. But at the end of the day we could be doing very substantial volumes for high-quality loans, he said, because there is nobody else in town.
[196, '2007', 'In an interview <extra_id_0> CNBC on <extra_id_1> he conceded that Countrywide\x92s balance sheet had to be strengthened. \x93But at the end of the day we could be doing very <extra_id_2> <extra_id_3> for high-quality <extra_id_4> he said, \x93because there is nobody else <extra_id_5> town.\x94', '<extra_id_0> with <extra_id_1> Thursday, <extra_id_2> substantial <extra_id_3> volumes <extra_id_4> loans,\x94 <extra_id_5> in <extra_id_6>']

max input length = 78
max output length = 16
