#!/bin/bash
#SBATCH --job-name=data-proc
#SBATCH --partition=gpu-a40
#SBATCH --account=cse
#SBATCH --nodes=1
#SBATCH --cpus-per-task=8
#SBATCH --mem=32G
#SBATCH --gres=gpu:1
#SBATCH --time=11:00:00
#SBATCH --mail-type=ALL
#SBATCH --mail-user=tjung2@uw.edu

# I use source to initialize conda into the right environment.
cat $0
echo "--------------------"

source ~/.bashrc
conda activate ckl

wandb agent --count 1 tjung2/temporal_questions_1/uxdxy8vp
wandb agent --count 1 tjung2/temporal_questions_1/uxdxy8vp
wandb agent --count 1 tjung2/temporal_questions_1/uxdxy8vp
wandb agent --count 1 tjung2/temporal_questions_1/uxdxy8vp
wandb agent --count 1 tjung2/temporal_questions_1/uxdxy8vp
wandb agent --count 1 tjung2/temporal_questions_1/uxdxy8vp
wandb agent --count 1 tjung2/temporal_questions_1/uxdxy8vp
wandb agent --count 1 tjung2/temporal_questions_1/uxdxy8vp
wandb agent --count 1 tjung2/temporal_questions_1/uxdxy8vp
--------------------
wandb: Starting wandb agent 🕵️
wandb: ERROR Find detailed error logs at: /mmfs1/gscratch/ark/tjung2/continual-knowledge-learning/wandb/debug-cli.log
Error: Sweep tjung2/temporal_questions_1/uxdxy8vp not found
wandb: Starting wandb agent 🕵️
wandb: ERROR Find detailed error logs at: /mmfs1/gscratch/ark/tjung2/continual-knowledge-learning/wandb/debug-cli.log
Error: Sweep tjung2/temporal_questions_1/uxdxy8vp not found
wandb: Starting wandb agent 🕵️
wandb: ERROR Find detailed error logs at: /mmfs1/gscratch/ark/tjung2/continual-knowledge-learning/wandb/debug-cli.log
Error: Sweep tjung2/temporal_questions_1/uxdxy8vp not found
wandb: Starting wandb agent 🕵️
wandb: ERROR Find detailed error logs at: /mmfs1/gscratch/ark/tjung2/continual-knowledge-learning/wandb/debug-cli.log
Error: Sweep tjung2/temporal_questions_1/uxdxy8vp not found
wandb: Starting wandb agent 🕵️
wandb: ERROR Find detailed error logs at: /mmfs1/gscratch/ark/tjung2/continual-knowledge-learning/wandb/debug-cli.log
Error: Sweep tjung2/temporal_questions_1/uxdxy8vp not found
wandb: Starting wandb agent 🕵️
wandb: ERROR Find detailed error logs at: /mmfs1/gscratch/ark/tjung2/continual-knowledge-learning/wandb/debug-cli.log
Error: Sweep tjung2/temporal_questions_1/uxdxy8vp not found
wandb: Starting wandb agent 🕵️
wandb: ERROR Find detailed error logs at: /mmfs1/gscratch/ark/tjung2/continual-knowledge-learning/wandb/debug-cli.log
Error: Sweep tjung2/temporal_questions_1/uxdxy8vp not found
wandb: Starting wandb agent 🕵️
wandb: ERROR Find detailed error logs at: /mmfs1/gscratch/ark/tjung2/continual-knowledge-learning/wandb/debug-cli.log
Error: Sweep tjung2/temporal_questions_1/uxdxy8vp not found
wandb: Starting wandb agent 🕵️
wandb: ERROR Find detailed error logs at: /mmfs1/gscratch/ark/tjung2/continual-knowledge-learning/wandb/debug-cli.log
Error: Sweep tjung2/temporal_questions_1/uxdxy8vp not found
