#!/bin/bash
#SBATCH --job-name=data-proc
#SBATCH --partition=gpu-a40
#SBATCH --account=cse
#SBATCH --nodes=1
#SBATCH --cpus-per-task=8
#SBATCH --mem=32G
#SBATCH --gres=gpu:1
#SBATCH --time=11:00:00
#SBATCH --mail-type=ALL
#SBATCH --mail-user=tjung2@uw.edu

# I use source to initialize conda into the right environment.
cat $0
echo "--------------------"

source ~/.bashrc
conda activate ckl

python run.py configs/wmt/training/t5_baseline_yearly.json--------------------
usage: run.py [-h] [--config CONFIG] [-datav DATAV] [-val_data VAL_DATA]
              [-checkpoint_path CHECKPOINT_PATH]
run.py: error: unrecognized arguments: configs/wmt/training/t5_baseline_yearly.json
