#!/bin/bash
#SBATCH --job-name=data-proc
#SBATCH --partition=gpu-a40
#SBATCH --account=cse
#SBATCH --nodes=1
#SBATCH --cpus-per-task=4
#SBATCH --mem=32G
#SBATCH --gres=gpu:1
#SBATCH --time=11:00:00
#SBATCH --mail-type=ALL
#SBATCH --mail-user=tjung2@uw.edu

# I use source to initialize conda into the right environment.
cat $0
echo "--------------------"

source ~/.bashrc
conda activate ckl

python run.py --config configs/templama/training/t5_padapters2_yearly_2freeze.json -davav 2011
python run.py --config configs/templama/training/t5_padapters2_yearly_2freeze.json -davav 2012
python run.py --config configs/templama/training/t5_padapters2_yearly_2freeze.json -davav 2013
python run.py --config configs/templama/training/t5_padapters2_yearly_2freeze.json -davav 2014--------------------
usage: run.py [-h] [--config CONFIG] [-datav DATAV] [-val_data VAL_DATA]
run.py: error: unrecognized arguments: -davav 2011
usage: run.py [-h] [--config CONFIG] [-datav DATAV] [-val_data VAL_DATA]
run.py: error: unrecognized arguments: -davav 2012
usage: run.py [-h] [--config CONFIG] [-datav DATAV] [-val_data VAL_DATA]
run.py: error: unrecognized arguments: -davav 2013
usage: run.py [-h] [--config CONFIG] [-datav DATAV] [-val_data VAL_DATA]
run.py: error: unrecognized arguments: -davav 2014
