#!/bin/bash
#SBATCH --job-name=data-proc
#SBATCH --partition=gpu-a40
#SBATCH --account=ark
#SBATCH --nodes=1
#SBATCH --cpus-per-task=8
#SBATCH --mem=32G
#SBATCH --gres=gpu:1
#SBATCH --time=04:59:00
#SBATCH --mail-type=ALL
#SBATCH --mail-user=tjung2@uw.edu

# I use source to initialize conda into the right environment.
cat $0
echo "--------------------"

source ~/.bashrc
conda activate ckl

python run.py --config configs/templama/training/t5_baseline_2010_prefixed_test.json
--------------------
wandb: Currently logged in as: tjung2. Use `wandb login --relogin` to force relogin
wandb: Tracking run with wandb version 0.13.1
wandb: Run data is saved locally in /mmfs1/gscratch/ark/tjung2/continual-knowledge-learning/wandb/run-20220818_180515-1jqerfpp
wandb: Run `wandb offline` to turn off syncing.
wandb: Syncing run T5_small_templama(2010)_lr.0001_baseline_prefixed
wandb: ⭐️ View project at https://wandb.ai/tjung2/temporal_questions_1
wandb: 🚀 View run at https://wandb.ai/tjung2/temporal_questions_1/runs/1jqerfpp
wandb: Waiting for W&B process to finish... (failed 1). Press Control-C to abort syncing.
wandb: - 0.000 MB of 0.000 MB uploaded (0.000 MB deduped)wandb: \ 0.001 MB of 0.001 MB uploaded (0.000 MB deduped)wandb: | 0.001 MB of 0.001 MB uploaded (0.000 MB deduped)wandb: / 0.001 MB of 0.008 MB uploaded (0.000 MB deduped)wandb: - 0.003 MB of 0.008 MB uploaded (0.000 MB deduped)wandb: \ 0.008 MB of 0.008 MB uploaded (0.000 MB deduped)wandb: | 0.008 MB of 0.008 MB uploaded (0.000 MB deduped)wandb: / 0.008 MB of 0.008 MB uploaded (0.000 MB deduped)wandb: - 0.008 MB of 0.008 MB uploaded (0.000 MB deduped)wandb: \ 0.008 MB of 0.008 MB uploaded (0.000 MB deduped)wandb: | 0.008 MB of 0.008 MB uploaded (0.000 MB deduped)wandb:                                                                                
wandb: Synced T5_small_templama(2010)_lr.0001_baseline_prefixed: https://wandb.ai/tjung2/temporal_questions_1/runs/1jqerfpp
wandb: Synced 6 W&B file(s), 0 media file(s), 0 artifact file(s) and 0 other file(s)
wandb: Find logs at: ./wandb/run-20220818_180515-1jqerfpp/logs
Traceback (most recent call last):
  File "run.py", line 104, in <module>
    callbacks = [ModelCheckpoint(dirpath = args.output_dir, filename = '{epoch}-{f1_score:.2f}-{em_score:.2f}', save_top_k=1, period=1, mode="max", monitor="f1_score")]
AttributeError: 'dict' object has no attribute 'output_dir'
