#!/bin/bash
#SBATCH --job-name=data-proc
#SBATCH --partition=gpu-rtx6k
#SBATCH --account=cse
#SBATCH --nodes=1
#SBATCH --cpus-per-task=8
#SBATCH --mem=32G
#SBATCH --gres=gpu:1
#SBATCH --time=11:00:00
#SBATCH --mail-type=ALL
#SBATCH --mail-user=tjung2@uw.edu

# I use source to initialize conda into the right environment.
cat $0
echo "--------------------"

source ~/.bashrc
conda activate ckl

wget https://data.statmt.org/news-crawl/doc/en/news-docs.2018.en.filtered.gz --user newscrawl --password acrawl4me
--------------------
--2022-09-16 01:00:35--  https://data.statmt.org/news-crawl/doc/en/news-docs.2018.en.filtered.gz
Resolving data.statmt.org (data.statmt.org)... 129.215.197.184
Connecting to data.statmt.org (data.statmt.org)|129.215.197.184|:443... connected.
HTTP request sent, awaiting response... 401 Unauthorized
Authentication selected: Basic realm="Document-split news crawl"
Reusing existing connection to data.statmt.org:443.
HTTP request sent, awaiting response... 200 OK
Length: 7444476274 (6.9G) [application/x-gzip]
Saving to: ‘news-docs.2018.en.filtered.gz’

     0K .......... .......... .......... .......... ..........  0%  161K 12h33m
    50K .......... .......... .......... .......... ..........  0%  321K 9h25m
   100K .......... .......... .......... .......... ..........  0% 43.4M 6h18m
   150K .......... .......... .......... .......... ..........  0% 1.24M 5h7m
   200K .......... .......... .......... .......... ..........  0%  445K 5h0m
   250K .......... .......... .......... .......... ..........  0% 38.0M 4h10m
   300K .......... .......... .......... .......... ..........  0% 27.5M 3h35m
   350K .......... .......... .......... .......... ..........  0% 25.9M 3h9m
   400K .......... .......... .......... .......... ..........  0%  334K 3h28m
   450K .......... .......... .......... .......... ..........  0% 26.9M 3h8m
   500K .......... .......... .......... .......... ..........  0% 36.1M 2h51m
   550K .......... .......... .......... .......... ..........  0% 40.0M 2h37m
   600K .......... .......... .......... .......... ..........  0% 40.2M 2h25m
   650K .......... .......... .......... .......... ..........  0% 39.6M 2h15m
   700K .......... .......... .......... .......... ..........  0%  243K 2h39m
   750K .......... .......... .......... .......... ..........  0% 47.2M 2h29m
   800K .......... .......... .......... .......... ..........  0% 54.4M 2h21m
   850K .......... .......... .......... .......... ..........  0%  206M 2h13m
   900K .......... .......... .......... .......... ..........  0%  213M 2h6m
   950K .......... .......... .......... .......... ..........  0%  215M 1h59m
  1000K .......... .......... .......... .......... ..........  0%  188M 1h54m
  1050K .......... .......... .......... .......... ..........  0%  197M 1h49m
  1100K .......... .......... .......... .......... ..........  0%  214M 1h44m
  1150K .......... .......... .......... .......... ..........  0%  218M 1h40m
  1200K .......... .......... .......... .......... ..........  0%  181M 96m4s
  1250K .......... .......... .......... .......... ..........  0%  200M 92m23s
  1300K .......... .......... .......... .......... ..........  0%  214M 88m59s
  1350K .......... .......... .......... .......... ..........  0%  210M 85m50s
  1400K .......... .......... .......... .......... ..........  0%  555K 90m24s
  1450K .......... .......... .......... .......... ..........  0% 32.3M 87m30s
  1500K .......... .......... .......... .......... ..........  0% 31.9M 84m48s
  1550K .......... .......... .......... .......... ..........  0% 27.0M 82m17s
  1600K .......... .......... .......... .......... ..........  0% 34.0M 79m54s
  1650K .......... .......... .......... .......... ..........  0% 47.9M 77m37s
  1700K .......... .......... .......... .......... ..........  0% 55.1M 75m28s
  1750K .......... .......... .......... .......... ..........  0% 1023K 76m39s
  1800K .......... .......... .......... .......... ..........  0% 44.0M 74m39s
  1850K .......... .......... .......... .......... ..........  0% 30.7M 72m48s
  1900K .......... .......... .......... .......... ..........  0%  541K 76m40s
  1950K .......... .......... .......... .......... ..........  0% 22.0M 74m53s
  2000K .......... .......... .......... .......... ..........  0% 14.1M 73m16s
  2050K .......... .......... .......... .......... ..........  0% 26.1M 71m37s
  2100K .......... .......... .......... .......... ..........  0% 27.8M 70m3s
  2150K .......... .......... .......... .......... ..........  0% 34.9M 68m32s
  2200K .......... .......... .......... .......... ..........  0% 33.9M 67m6s
  2250K .......... .......... .......... .......... ..........  0% 1.02M 68m10s
  2300K .......... .......... .......... .......... ..........  0% 21.3M 66m50s
  2350K .......... .......... .......... .......... ..........  0% 21.6M 65m33s
  2400K .......... .......... .......... .......... ..........  0%  563K 68m36s
  2450K .......... .......... .......... .......... ..........  0% 19.1M 67m21s
  2500K .......... .......... .......... .......... ..........  0% 17.4M 66m10s
  2550K .......... .......... .......... .......... ..........  0% 16.7M 65m2s
  2600K .......... .......... .......... .......... ..........  0% 21.8M 63m54s
  2650K .......... .......... .......... .......... ..........  0% 23.7M 62m49s
  2700K .......... .......... .......... .......... ..........  0% 21.9M 61m46s
  2750K .......... .......... .......... .......... ..........  0% 1.50M 62m4s
  2800K .......... .......... .......... .......... ..........  0% 3.05M 61m40s
  2850K .......... .......... .......... .......... ..........  0% 20.8M 60m42s
  2900K .......... .......... .......... .......... ..........  0% 19.0M 59m46s
  2950K .......... .......... .......... .......... ..........  0%  583K 62m14s
  3000K .......... .......... .......... .......... ..........  0% 15.8M 61m21s
  3050K .......... .......... .......... .......... ..........  0% 13.1M 60m30s
  3100K .......... .......... .......... .......... ..........  0% 19.1M 59m38s
  3150K .......... .......... .......... .......... ..........  0% 17.1M 58m49s
  3200K .......... .......... .......... .......... ..........  0% 15.9M 58m1s
  3250K .......... .......... .......... .......... ..........  0% 19.6M 57m14s
  3300K .......... .......... .......... .......... ..........  0%  172K 66m55s
  3350K .......... .......... .......... .......... ..........  0% 13.1M 66m4s
  3400K .......... .......... .......... .......... ..........  0%  186M 65m7s
  3450K .......... .......... .......... .......... ..........  0%  214M 64m11s
  3500K .......... .......... .......... .......... ..........  0%  209M 63m17s
  3550K .......... .......... .......... .......... ..........  0%  213M 62m25s
  3600K .......... .......... .......... .......... ..........  0%  179M 61m34s
  3650K .......... .......... .......... .......... ..........  0%  217M 60m45s
  3700K .......... .......... .......... .......... ..........  0%  212M 59m57s
  3750K .......... .......... .......... .......... ..........  0%  754K 61m16s
  3800K .......... .......... .......... .......... ..........  0% 1.21M 61m45s
  3850K .......... .......... .......... .......... ..........  0% 94.1M 60m58s
  3900K .......... .......... .......... .......... ..........  0%  156M 60m12s
  3950K .......... .......... .......... .......... ..........  0% 72.7M 59m28s
  4000K .......... .......... .......... .......... ..........  0%  155M 58m45s
  4050K .......... .......... .......... .......... ..........  0%  203M 58m2s
  4100K .......... .......... .......... .......... ..........  0%  198M 57m21s
  4150K .......... .......... .......... .......... ..........  0% 1.17M 57m52s
  4200K .......... .......... .......... .......... ..........  0%  218K 63m42s
  4250K .......... .......... .......... .......... ..........  0%  182M 62m58s
  4300K .......... .......... .......... .......... ..........  0%  198M 62m15s
  4350K .......... .......... .......... .......... ..........  0%  203M 61m33s
  4400K .......... .......... .......... .......... ..........  0% 1.22M 61m57s
  4450K .......... .......... .......... .......... ..........  0%  131M 61m16s
  4500K .......... .......... .......... .......... ..........  0%  161M 60m36s
  4550K .......... .......... .......... .......... ..........  0%  191M 59m57s
  4600K .......... .......... .......... .......... ..........  0%  526K 61m47s
  4650K .......... .......... .......... .......... ..........  0% 90.5M 61m8s
  4700K .......... .......... .......... .......... ..........  0%  133M 60m30s
  4750K .......... .......... .......... .......... ..........  0%  169M 59m53s
  4800K .......... .......... .......... .......... ..........  0%  147M 59m16s
  4850K .......... .......... .......... .......... ..........  0%  186M 58m40s
  4900K .......... .......... .......... .......... ..........  0% 2.80M 58m30s
  4950K .......... .......... .......... .......... ..........  0% 1.12M 58m59s
  5000K .......... .......... .......... .......... ..........  0%  968K 59m38s
  5050K .......... .......... .......... .......... ..........  0% 6.51M 59m14s
  5100K .......... .......... .......... .......... ..........  0%  240K 63m32s
  5150K .......... .......... .......... .......... ..........  0%  178M 62m56s
  5200K .......... .......... .......... .......... ..........  0%  158M 62m20s
  5250K .......... .......... .......... .......... ..........  0%  171K 68m25s
  5300K .......... .......... .......... .......... ..........  0%  179M 67m47s
  5350K .......... .......... .......... .......... ..........  0%  185M 67m10s
  5400K .......... .......... .......... .......... ..........  0%  176M 66m33s
  5450K .......... .......... .......... .......... ..........  0%  201M 65m57s
  5500K .......... .......... .......... .......... ..........  0%  191M 65m22s
  5550K .......... .......... .......... .......... ..........  0%  196M 64m47s
  5600K .......... .......... .......... .......... ..........  0%  107M 64m13s
  5650K .......... .......... .......... .......... ..........  0%  183M 63m40s
  5700K .......... .......... .......... .......... ..........  0%  187M 63m7s
  5750K .......... .......... .......... .......... ..........  0%  844K 63m48s
  5800K .......... .......... .......... .......... ..........  0%  844K 64m29s
  5850K .......... .......... .......... .......... ..........  0% 1.47M 64m37s
  5900K .......... .......... .......... .......... ..........  0% 7.43M 64m13s
  5950K .......... .......... .......... .......... ..........  0%  454K 65m54s
  6000K .......... .......... .......... .......... ..........  0% 1.25M 66m8s
  6050K .......... .......... .......... .......... ..........  0%  814K 66m48s
  6100K .......... .......... .......... .......... ..........  0%  547K 68m4s
  6150K .......... .......... .......... .......... ..........  0% 12.2M 67m35s
  6200K .......... .......... .......... .......... ..........  0%  847K 68m12s
  6250K .......... .......... .......... .......... ..........  0%  540K 69m26s
  6300K .......... .......... .......... .......... ..........  0% 10.9M 68m58s
  6350K .......... .......... .......... .......... ..........  0%  232K 72m30s
  6400K .......... .......... .......... .......... ..........  0%  489K 73m51s
  6450K .......... .......... .......... .......... ..........  0%  149M 73m17s
  6500K .......... .......... .......... .......... ..........  0%  157M 72m44s
  6550K .......... .......... .......... .......... ..........  0% 1.13M 72m59s
  6600K .......... .......... .......... .......... ..........  0%  193K 77m9s
  6650K .......... .......... .......... .......... ..........  0%  185M 76m34s
  6700K .......... .......... .......... .......... ..........  0%  303K 78m58s
  6750K .......... .......... .......... .......... ..........  0%  175M 78m23s
  6800K .......... .......... .......... .......... ..........  0%  510K 79m33s
  6850K .......... .......... .......... .......... ..........  0%  247K 82m32s
  6900K .......... .......... .......... .......... ..........  0% 2.11M 82m20s
  6950K .......... .......... .......... .......... ..........  0%  141K 87m52s
  7000K .......... .......... .......... .......... ..........  0%  120M 87m15s
  7050K .......... .......... .......... .......... ..........  0%  143K 92m35s
  7100K .......... .......... .......... .......... ..........  0%  160K 97m13s
  7150K .......... .......... .......... .......... ..........  0%  120K 1h43m
  7200K .......... .......... .......... .......... ..........  0%  107K 1h50m
  7250K .......... .......... .......... .......... ..........  0%  108K 1h57m
  7300K .......... .......... .......... .......... ..........  0%  106K 2h4m
  7350K .......... .......... .......... .......... ..........  0%  153K 2h9m
  7400K .......... .......... .......... .......... ..........  0%  113K 2h15m
  7450K .......... .......... .......... .......... ..........  0%  120K 2h21m
  7500K .......... .......... .......... .......... ..........  0%  120K 2h26m
  7550K .......... .......... .......... .......... ..........  0% 33.7K 2h49m
  7600K .......... .......... .......... .......... ..........  0% 64.1K 3h0m
  7650K .......... .......... .......... .......... ..........  0%  107K 3h6m
  7700K .......... .......... .......... .......... ..........  0%  129K 3h11m
  7750K .......... .......... .......... .......... ..........  0%  128K 3h16m
  7800K .......... .......... .......... .......... ..........  0%  161K 3h20m
  7850K .......... .......... .......... .......... ..........  0%  161K 3h23m
  7900K .......... .......... .......... .......... ..........  0%  214K 3h25m
  7950K .......... .......... .......... .......... ..........  0% 67.6K 3h35m
  8000K .......... .......... .......... .......... ..........  0% 53.8K 3h48m
  8050K .......... .......... .......... .......... ..........  0%  108K 3h54m
  8100K .......... .......... .......... .......... ..........  0% 75.2K 4h2m
  8150K .......... .......... .......... .......... ..........  0% 61.3K 4h13m
  8200K .......... .......... .......... .......... ..........  0% 71.7K 4h21m
  8250K .......... .......... .......... .......... ..........  0% 57.6K 4h32m
  8300K .......... .......... .......... .......... ..........  0% 53.5K 4h44m
  8350K .......... .......... .......... .......... ..........  0% 80.7K 4h51m
  8400K .......... .......... .......... .......... ..........  0% 51.7K 5h4m
  8450K .......... .......... .......... .......... ..........  0% 80.3K 5h11m
  8500K .......... .......... .......... .......... ..........  0% 84.7K 5h17m
  8550K .......... .......... .......... .......... ..........  0% 72.1K 5h25m
  8600K .......... .......... .......... .......... ..........  0% 80.1K 5h32m
  8650K .......... .......... .......... .......... ..........  0%  108K 5h36m
  8700K .......... .......... .......... .......... ..........  0%  107K 5h41m
  8750K .......... .......... .......... .......... ..........  0%  143K 5h44m
  8800K .......... .......... .......... .......... ..........  0% 86.9K 5h50m
  8850K .......... .......... .......... .......... ..........  0%  161K 5h52m
  8900K .......... .......... .......... .......... ..........  0%  141K 5h55m
  8950K .......... .......... .......... .......... ..........  0%  107K 5h59m
  9000K .......... .......... .......... .......... ..........  0%  159K 6h1m
  9050K .......... .......... .......... .......... ..........  0% 75.2K 6h8m
  9100K .......... .......... .......... .......... ..........  0%  118K 6h12m
  9150K .......... .......... .......... .......... ..........  0%  141K 6h14m
  9200K .......... .......... .......... .......... ..........  0%  109K 6h18m
  9250K .......... .......... .......... .......... ..........  0%  160K 6h20m
  9300K .......... .......... .......... .......... ..........  0%  161K 6h22m
  9350K .......... .......... .......... .......... ..........  0%  161K 6h24m
  9400K .......... .......... .......... .......... ..........  0% 85.9K 6h30m
  9450K .......... .......... .......... .......... ..........  0%  316K 6h30m
  9500K .......... .......... .......... .......... ..........  0%  144K 6h32m
  9550K .......... .......... .......... .......... ..........  0%  160K 6h34m
  9600K .......... .......... .......... .......... ..........  0%  124K 6h37m
  9650K .......... .......... .......... .......... ..........  0%  185K 6h38m
  9700K .......... .......... .......... .......... ..........  0%  189K 6h40m
  9750K .......... .......... .......... .......... ..........  0%  161K 6h41m
  9800K .......... .......... .......... .......... ..........  0%  161K 6h43m
  9850K .......... .......... .......... .......... ..........  0%  189K 6h44m
  9900K .......... .......... .......... .......... ..........  0%  142K 6h47m
  9950K .......... .......... .......... .......... ..........  0%  208K 6h47m
 10000K .......... .......... .......... .......... ..........  0%  129K 6h50m
 10050K .......... .......... .......... .......... ..........  0%  166K 6h52m
 10100K .......... .......... .......... .......... ..........  0%  206K 6h52m
 10150K .......... .......... .......... .......... ..........  0%  220K 6h53m
 10200K .......... .......... .......... .......... ..........  0%  162K 6h55m
 10250K .......... .......... .......... .......... ..........  0%  162K 6h56m
 10300K .......... .......... .......... .......... ..........  0%  160K 6h58m
 10350K .......... .......... .......... .......... ..........  0%  163K 7h0m
 10400K .......... .......... .......... .......... ..........  0% 82.3K 7h5m
 10450K .......... .......... .......... .......... ..........  0%  161K 7h6m
 10500K .......... .......... .......... .......... ..........  0%  161K 7h8m
 10550K .......... .......... .......... .......... ..........  0%  107K 7h11m
 10600K .......... .......... .......... .......... ..........  0%  108K 7h14m
 10650K .......... .......... .......... .......... ..........  0%  107K 7h17m
 10700K .......... .......... .......... .......... ..........  0%  133K 7h20m
 10750K .......... .......... .......... .......... ..........  0%  125K 7h22m
 10800K .......... .......... .......... .......... ..........  0% 94.5K 7h26m
 10850K .......... .......... .......... .......... ..........  0%  143K 7h28m
 10900K .......... .......... .......... .......... ..........  0%  141K 7h30m
 10950K .......... .......... .......... .......... ..........  0%  163K 7h31m
 11000K .......... .......... .......... .......... ..........  0%  187K 7h32m
 11050K .......... .......... .......... .......... ..........  0%  163K 7h33m
 11100K .......... .......... .......... .......... ..........  0%  206K 7h34m
 11150K .......... .......... .......... .......... ..........  0%  190K 7h35m
 11200K .......... .......... .......... .......... ..........  0%  160K 7h36m
 11250K .......... .......... .......... .......... ..........  0%  123K 7h38m
 11300K .......... .......... .......... .......... ..........  0%  161K 7h40m
 11350K .......... .......... .......... .......... ..........  0%  161K 7h41m
 11400K .......... .......... .......... .......... ..........  0%  231K 7h41m
 11450K .......... .......... .......... .......... ..........  0%  200K 7h42m
 11500K .......... .......... .......... .......... ..........  0%  192K 7h42m
 11550K .......... .......... .......... .......... ..........  0%  241K 7h43m
 11600K .......... .......... .......... .......... ..........  0% 88.5K 7h46m
 11650K .......... .......... .......... .......... ..........  0%  142K 7h48m
 11700K .......... .......... .......... .......... ..........  0%  160K 7h49m
 11750K .......... .......... .......... .......... ..........  0% 92.8K 7h53m
 11800K .......... .......... .......... .......... ..........  0% 75.5K 7h58m
 11850K .......... .......... .......... .......... ..........  0% 56.2K 8h5m
 11900K .......... .......... .......... .......... ..........  0% 64.5K 8h10m
 11950K .......... .......... .......... .......... ..........  0% 82.9K 8h14m
 12000K .......... .......... .......... .......... ..........  0% 73.6K 8h19m
 12050K .......... .......... .......... .......... ..........  0%  119K 8h21m
 12100K .......... .......... .......... .......... ..........  0% 80.7K 8h25m
 12150K .......... .......... .......... .......... ..........  0%  111K 8h28m
 12200K .......... .......... .......... .......... ..........  0% 42.1K 8h38m
 12250K .......... .......... .......... .......... ..........  0% 45.8K 8h46m
 12300K .......... .......... .......... .......... ..........  0% 64.3K 8h52m
 12350K .......... .......... .......... .......... ..........  0% 80.2K 8h56m
 12400K .......... .......... .......... .......... ..........  0% 64.8K 9h1m
 12450K .......... .......... .......... .......... ..........  0%  125K 9h3m
 12500K .......... .......... .......... .......... ..........  0% 72.6K 9h7m
 12550K .......... .......... .......... .......... ..........  0% 74.6K 9h11m
 12600K .......... .......... .......... .......... ..........  0% 68.0K 9h16m
 12650K .......... .......... .......... .......... ..........  0% 99.1K 9h19m
 12700K .......... .......... .......... .......... ..........  0%  108K 9h21m
 12750K .......... .......... .......... .......... ..........  0% 80.3K 9h25m
 12800K .......... .......... .......... .......... ..........  0% 98.0K 9h27m
 12850K .......... .......... .......... .......... ..........  0%  109K 9h29m
 12900K .......... .......... .......... .......... ..........  0% 79.6K 9h33m
 12950K .......... .......... .......... .......... ..........  0%  107K 9h35m
 13000K .......... .......... .......... .......... ..........  0%  107K 9h37m
 13050K .......... .......... .......... .......... ..........  0%  123K 9h39m
 13100K .......... .......... .......... .......... ..........  0%  134K 9h40m
 13150K .......... .......... .......... .......... ..........  0%  125K 9h41m
 13200K .......... .......... .......... .......... ..........  0% 80.5K 9h45m
 13250K .......... .......... .......... .......... ..........  0% 87.7K 9h48m
 13300K .......... .......... .......... .......... ..........  0%  107K 9h50m
 13350K .......... .......... .......... .......... ..........  0% 86.8K 9h53m
 13400K .......... .......... .......... .......... ..........  0% 81.2K 9h56m
 13450K .......... .......... .......... .......... ..........  0%  141K 9h57m
 13500K .......... .......... .......... .......... ..........  0%  108K 9h59m
 13550K .......... .......... .......... .......... ..........  0%  119K 10h1m
 13600K .......... .......... .......... .......... ..........  0% 99.2K 10h3m
 13650K .......... .......... .......... .......... ..........  0%  118K 10h4m
 13700K .......... .......... .......... .......... ..........  0%  143K 10h5m
 13750K .......... .......... .......... .......... ..........  0%  162K 10h6m
 13800K .......... .......... .......... .......... ..........  0%  162K 10h6m
 13850K .......... .......... .......... .......... ..........  0%  185K 10h7m
 13900K .......... .......... .......... .......... ..........  0%  178K 10h7m
 13950K .......... .......... .......... .......... ..........  0%  135K 10h8m
 14000K .......... .......... .......... .......... ..........  0%  118K 10h9m
 14050K .......... .......... .......... .......... ..........  0% 98.9K 10h11m
 14100K .......... .......... .......... .......... ..........  0%  106K 10h13m
 14150K .......... .......... .......... .......... ..........  0% 80.4K 10h16m
 14200K .......... .......... .......... .......... ..........  0% 80.3K 10h20m
 14250K .......... .......... .......... .......... ..........  0% 98.7K 10h22m
 14300K .......... .......... .......... .......... ..........  0%  107K 10h23m
 14350K .......... .......... .......... .......... ..........  0%  117K 10h25m
 14400K .......... .......... .......... .......... ..........  0% 99.1K 10h27m
 14450K .......... .......... .......... .......... ..........  0%  160K 10h27m
 14500K .......... .......... .......... .......... ..........  0%  107K 10h29m
 14550K .......... .......... .......... .......... ..........  0% 91.4K 10h31m
 14600K .......... .......... .......... .......... ..........  0% 96.8K 10h34m
 14650K .......... .......... .......... .......... ..........  0% 77.0K 10h37m
 14700K .......... .......... .......... .......... ..........  0% 87.6K 10h39m
 14750K .......... .......... .......... .......... ..........  0% 74.5K 10h43m
 14800K .......... .......... .......... .......... ..........  0% 64.5K 10h47m
 14850K .......... .......... .......... .......... ..........  0% 89.3K 10h49m
 14900K .......... .......... .......... .......... ..........  0% 69.1K 10h53m
 14950K .......... .......... .......... .......... ..........  0% 53.9K 10h58m
 15000K .......... .......... .......... .......... ..........  0% 53.1K 11h3m
 15050K .......... .......... .......... .......... ..........  0% 76.7K 11h6m
 15100K .......... .......... .......... .......... ..........  0% 80.8K 11h9m
 15150K .......... .......... .......... .......... ..........  0%  108K 11h11m
 15200K .......... .......... .......... .......... ..........  0% 44.2K 11h17m
 15250K .......... .......... .......... .......... ..........  0% 98.9K 11h19m
 15300K .......... .......... .......... .......... ..........  0% 85.5K 11h22m
 15350K .......... .......... .......... .......... ..........  0%  100K 11h23m
 15400K .......... .......... .......... .......... ..........  0%  117K 11h24m
 15450K .......... .......... .......... .......... ..........  0% 80.5K 11h27m
 15500K .......... .......... .......... .......... ..........  0%  100K 11h29m
 15550K .......... .......... .......... .......... ..........  0%  127K 11h30m
 15600K .......... .......... .......... .......... ..........  0% 55.8K 11h34m
 15650K .......... .......... .......... .......... ..........  0% 91.7K 11h36m
 15700K .......... .......... .......... .......... ..........  0%  108K 11h38m
 15750K .......... .......... .......... .......... ..........  0%  108K 11h39m
 15800K .......... .......... .......... .......... ..........  0%  115K 11h40m
 15850K .......... .......... .......... .......... ..........  0%  137K 11h41m
 15900K .......... .......... .......... .......... ..........  0%  143K 11h41m
 15950K .......... .......... .......... .......... ..........  0%  125K 11h42m
 16000K .......... .......... .......... .......... ..........  0% 64.5K 11h45m
 16050K .......... .......... .......... .......... ..........  0%  162K 11h46m
 16100K .......... .......... .......... .......... ..........  0% 94.2K 11h47m
 16150K .......... .......... .......... .......... ..........  0%  108K 11h49m
 16200K .......... .......... .......... .......... ..........  0% 75.1K 11h51m
 16250K .......... .......... .......... .......... ..........  0% 97.4K 11h53m
 16300K .......... .......... .......... .......... ..........  0%  120K 11h54m
 16350K .......... .......... .......... .......... ..........  0% 53.6K 11h59m
 16400K .......... .......... .......... .......... ..........  0% 53.5K 12h3m
 16450K .......... .......... .......... .......... ..........  0% 64.1K 12h7m
 16500K .......... .......... .......... .......... ..........  0% 75.7K 12h9m
 16550K .......... .......... .......... .......... ..........  0% 75.5K 12h12m
 16600K .......... .......... .......... .......... ..........  0%  108K 12h13m
 16650K .......... .......... .......... .......... ..........  0%  107K 12h14m
 16700K .......... .......... .......... .......... ..........  0%  118K 12h15m
 16750K .......... .......... .......... .......... ..........  0%  143K 12h16m
 16800K .......... .......... .......... .......... ..........  0%  107K 12h17m
 16850K .......... .......... .......... .......... ..........  0%  162K 12h17m
 16900K .......... .......... .......... .......... ..........  0%  130K 12h17m
 16950K .......... .......... .......... .......... ..........  0%  107K 12h18m
 17000K .......... .......... .......... .......... ..........  0% 92.3K 12h20m
 17050K .......... .......... .......... .......... ..........  0%  133K 12h21m
 17100K .......... .......... .......... .......... ..........  0%  124K 12h21m
 17150K .......... .......... .......... .......... ..........  0%  134K 12h22m
 17200K .......... .......... .......... .......... ..........  0% 80.5K 12h24m
 17250K .......... .......... .......... .......... ..........  0%  107K 12h25m
 17300K .......... .......... .......... .......... ..........  0%  161K 12h25m
 17350K .......... .......... .......... .......... ..........  0%  111K 12h26m
 17400K .......... .......... .......... .......... ..........  0%  154K 12h26m
 17450K .......... .......... .......... .......... ..........  0%  107K 12h27m
 17500K .......... .......... .......... .......... ..........  0% 33.5K 12h35m
 17550K .......... .......... .......... .......... ..........  0% 76.2K 12h38m
 17600K .......... .......... .......... .......... ..........  0% 81.2K 12h40m
 17650K .......... .......... .......... .......... ..........  0%  108K 12h41m
 17700K .......... .......... .......... .......... ..........  0%  116K 12h42m
 17750K .......... .......... .......... .......... ..........  0%  161K 12h42m
 17800K .......... .......... .......... .......... ..........  0%  103K 12h43m
 17850K .......... .......... .......... .......... ..........  0% 77.7K 12h45m
 17900K .......... .......... .......... .......... ..........  0% 98.8K 12h46m
 17950K .......... .......... .......... .......... ..........  0%  107K 12h47m
 18000K .......... .......... .......... .......... ..........  0% 86.3K 12h49m
 18050K .......... .......... .......... .......... ..........  0%  142K 12h49m
 18100K .......... .......... .......... .......... ..........  0%  144K 12h49m
 18150K .......... .......... .......... .......... ..........  0%  143K 12h50m
 18200K .......... .......... .......... .......... ..........  0%  184K 12h49m
 18250K .......... .......... .......... .......... ..........  0%  188K 12h49m
 18300K .......... .......... .......... .......... ..........  0%  163K 12h49m
 18350K .......... .......... .......... .......... ..........  0%  126K 12h49m
 18400K .......... .......... .......... .......... ..........  0%  148K 12h49m
 18450K .......... .......... .......... .......... ..........  0%  177K 12h49m
 18500K .......... .......... .......... .......... ..........  0%  161K 12h49m
 18550K .......... .......... .......... .......... ..........  0%  226K 12h49m
 18600K .......... .......... .......... .......... ..........  0%  182K 12h48m
 18650K .......... .......... .......... .......... ..........  0%  179K 12h48m
 18700K .......... .......... .......... .......... ..........  0%  119K 12h49m
 18750K .......... .......... .......... .......... ..........  0%  122K 12h49m
 18800K .......... .......... .......... .......... ..........  0%  135K 12h50m
 18850K .......... .......... .......... .......... ..........  0%  161K 12h49m
 18900K .......... .......... .......... .......... ..........  0%  197K 12h49m
 18950K .......... .......... .......... .......... ..........  0%  199K 12h49m
 19000K .......... .......... .......... .......... ..........  0%  183K 12h48m
 19050K .......... .......... .......... .......... ..........  0% 91.4K 12h50m
 19100K .......... .......... .......... .......... ..........  0%  160K 12h50m
 19150K .......... .......... .......... .......... ..........  0% 80.7K 12h52m
 19200K .......... .......... .......... .......... ..........  0% 80.2K 12h54m
 19250K .......... .......... .......... .......... ..........  0%  118K 12h54m
 19300K .......... .......... .......... .......... ..........  0%  119K 12h55m
 19350K .......... .......... .......... .......... ..........  0% 80.5K 12h57m
 19400K .......... .......... .......... .......... ..........  0%  142K 12h57m
 19450K .......... .......... .......... .......... ..........  0%  117K 12h57m
 19500K .......... .......... .......... .......... ..........  0%  142K 12h58m
 19550K .......... .......... .......... .......... ..........  0% 81.3K 12h59m
 19600K .......... .......... .......... .......... ..........  0% 74.8K 13h2m
 19650K .......... .......... .......... .......... ..........  0% 86.6K 13h3m
 19700K .......... .......... .......... .......... ..........  0% 98.8K 13h4m
 19750K .......... .......... .......... .......... ..........  0%  117K 13h5m
 19800K .......... .......... .......... .......... ..........  0%  144K 13h5m
 19850K .......... .......... .......... .......... ..........  0%  117K 13h6m
 19900K .......... .......... .......... .......... ..........  0% 80.3K 13h7m
 19950K .......... .......... .......... .......... ..........  0% 45.7K 13h12m
 20000K .......... .......... .......... .......... ..........  0% 30.8K 13h20m
 20050K .......... .......... .......... .......... ..........  0% 80.8K 13h22m
 20100K .......... .......... .......... .......... ..........  0%  107K 13h22m
 20150K .......... .......... .......... .......... ..........  0%  126K 13h23m
 20200K .......... .......... .......... .......... ..........  0%  133K 13h23m
 20250K .......... .......... .......... .......... ..........  0%  161K 13h23m
 20300K .......... .......... .......... .......... ..........  0%  160K 13h23m
 20350K .......... .......... .......... .......... ..........  0%  160K 13h23m
 20400K .......... .......... .......... .......... ..........  0%  128K 13h23m
 20450K .......... .......... .......... .......... ..........  0%  162K 13h23m
 20500K .......... .......... .......... .......... ..........  0%  219K 13h22m
 20550K .......... .......... .......... .......... ..........  0%  162K 13h22m
 20600K .......... .......... .......... .......... ..........  0%  143K 13h22m
 20650K .......... .......... .......... .......... ..........  0%  183K 13h22m
 20700K .......... .......... .......... .......... ..........  0%  161K 13h22m
 20750K .......... .......... .......... .......... ..........  0%  209K 13h21m
 20800K .......... .......... .......... .......... ..........  0%  132K 13h21m
 20850K .......... .......... .......... .......... ..........  0%  115K 13h22m
 20900K .......... .......... .......... .......... ..........  0%  267K 13h21m
 20950K .......... .......... .......... .......... ..........  0%  159K 13h21m
 21000K .......... .......... .......... .......... ..........  0%  160K 13h21m
 21050K .......... .......... .......... .......... ..........  0%  214K 13h20m
 21100K .......... .......... .......... .......... ..........  0%  186K 13h20m
 21150K .......... .......... .......... .......... ..........  0%  207K 13h19m
 21200K .......... .......... .......... .......... ..........  0%  146K 13h20m
 21250K .......... .......... .......... .......... ..........  0%  161K 13h19m
 21300K .......... .......... .......... .......... ..........  0%  183K 13h19m
 21350K .......... .......... .......... .......... ..........  0%  160K 13h19m
 21400K .......... .......... .......... .......... ..........  0%  161K 13h19m
 21450K .......... .......... .......... .......... ..........  0%  258K 13h18m
 21500K .......... .......... .......... .......... ..........  0%  183K 13h18m
 21550K .......... .......... .......... .......... ..........  0%  186K 13h17m
 21600K .......... .......... .......... .......... ..........  0%  142K 13h18m
 21650K .......... .......... .......... .......... ..........  0%  255K 13h17m
 21700K .......... .......... .......... .......... ..........  0%  186K 13h16m
 21750K .......... .......... .......... .......... ..........  0%  259K 13h16m
 21800K .......... .......... .......... .......... ..........  0%  185K 13h15m
 21850K .......... .......... .......... .......... ..........  0%  254K 13h15m
 21900K .......... .......... .......... .......... ..........  0%  187K 13h14m
 21950K .......... .......... .......... .......... ..........  0%  141K 13h14m
 22000K .......... .......... .......... .......... ..........  0%  162K 13h14m
 22050K .......... .......... .......... .......... ..........  0%  312K 13h13m
 22100K .......... .......... .......... .......... ..........  0%  165K 13h13m
 22150K .......... .......... .......... .......... ..........  0%  310K 13h12m
 22200K .......... .......... .......... .......... ..........  0%  165K 13h12m
 22250K .......... .......... .......... .......... ..........  0%  324K 13h11m
 22300K .......... .......... .......... .......... ..........  0%  314K 13h10m
 22350K .......... .......... .......... .......... ..........  0%  165K 13h10m
 22400K .......... .......... .......... .......... ..........  0%  108K 13h11m
 22450K .......... .......... .......... .......... ..........  0%  322K 13h10m
 22500K .......... .......... .......... .......... ..........  0%  251K 13h9m
 22550K .......... .......... .......... .......... ..........  0%  185K 13h9m
 22600K .......... .......... .......... .......... ..........  0%  118K 13h9m
 22650K .......... .......... .......... .......... ..........  0%  327K 13h9m
 22700K .......... .......... .......... .......... ..........  0%  162K 13h8m
 22750K .......... .......... .......... .......... ..........  0%  176K 13h8m
 22800K .......... .......... .......... .......... ..........  0% 93.9K 13h9m
 22850K .......... .......... .......... .......... ..........  0%  162K 13h9m
 22900K .......... .......... .......... .......... ..........  0%  105K 13h10m
 22950K .......... .......... .......... .......... ..........  0%  141K 13h10m
 23000K .......... .......... .......... .......... ..........  0%  108K 13h11m
 23050K .......... .......... .......... .......... ..........  0%  107K 13h12m
 23100K .......... .......... .......... .......... ..........  0% 71.1K 13h13m
 23150K .......... .......... .......... .......... ..........  0% 74.5K 13h15m
 23200K .......... .......... .......... .......... ..........  0% 52.4K 13h18m
 23250K .......... .......... .......... .......... ..........  0% 40.5K 13h23m
 23300K .......... .......... .......... .......... ..........  0% 64.3K 13h25m
 23350K .......... .......... .......... .......... ..........  0% 40.4K 13h30m
 23400K .......... .......... .......... .......... ..........  0% 67.5K 13h32m
 23450K .......... .......... .......... .......... ..........  0% 80.3K 13h34m
 23500K .......... .......... .......... .......... ..........  0% 92.0K 13h35m
 23550K .......... .......... .......... .......... ..........  0%  107K 13h35m
 23600K .......... .......... .......... .......... ..........  0% 71.7K 13h37m
 23650K .......... .......... .......... .......... ..........  0%  107K 13h38m
 23700K .......... .......... .......... .......... ..........  0%  115K 13h38m
 23750K .......... .......... .......... .......... ..........  0%  145K 13h38m
 23800K .......... .......... .......... .......... ..........  0% 99.0K 13h39m
 23850K .......... .......... .......... .......... ..........  0% 80.4K 13h41m
 23900K .......... .......... .......... .......... ..........  0% 86.2K 13h42m
 23950K .......... .......... .......... .......... ..........  0% 99.4K 13h43m
 24000K .......... .......... .......... .......... ..........  0% 68.1K 13h45m
 24050K .......... .......... .......... .......... ..........  0% 47.4K 13h48m
 24100K .......... .......... .......... .......... ..........  0% 61.9K 13h50m
 24150K .......... .......... .......... .......... ..........  0% 60.8K 13h53m
 24200K .......... .......... .......... .......... ..........  0% 98.0K 13h54m
 24250K .......... .......... .......... .......... ..........  0% 86.2K 13h55m
 24300K .......... .......... .......... .......... ..........  0%  110K 13h55m
 24350K .......... .......... .......... .......... ..........  0%  138K 13h55m
 24400K .......... .......... .......... .......... ..........  0%  108K 13h56m
 24450K .......... .......... .......... .......... ..........  0%  161K 13h56m
 24500K .......... .......... .......... .......... ..........  0% 98.8K 13h57m
 24550K .......... .......... .......... .......... ..........  0%  128K 13h57m
 24600K .......... .......... .......... .......... ..........  0%  129K 13h57m
 24650K .......... .......... .......... .......... ..........  0%  160K 13h57m
 24700K .......... .......... .......... .......... ..........  0%  215K 13h56m
 24750K .......... .......... .......... .......... ..........  0%  160K 13h56m
 24800K .......... .......... .......... .......... ..........  0%  116K 13h57m
 24850K .......... .......... .......... .......... ..........  0%  130K 13h57m
 24900K .......... .......... .......... .......... ..........  0%  117K 13h57m
 24950K .......... .......... .......... .......... ..........  0%  162K 13h57m
 25000K .......... .......... .......... .......... ..........  0%  161K 13h57m
 25050K .......... .......... .......... .......... ..........  0%  181K 13h56m
 25100K .......... .......... .......... .......... ..........  0% 98.6K 13h57m
 25150K .......... .......... .......... .......... ..........  0%  146K 13h57m
 25200K .......... .......... .......... .......... ..........  0%  115K 13h58m
 25250K .......... .......... .......... .......... ..........  0%  253K 13h57m
 25300K .......... .......... .......... .......... ..........  0%  161K 13h57m
 25350K .......... .......... .......... .......... ..........  0%  121K 13h57m
 25400K .......... .......... .......... .......... ..........  0%  162K 13h57m
 25450K .......... .......... .......... .......... ..........  0%  107K 13h57m
 25500K .......... .......... .......... .......... ..........  0%  101K 13h58m
 25550K .......... .......... .......... .......... ..........  0% 85.5K 13h59m
 25600K .......... .......... .......... .......... ..........  0% 56.6K 14h2m
 25650K .......... .......... .......... .......... ..........  0% 86.4K 14h3m
 25700K .......... .......... .......... .......... ..........  0%  107K 14h3m
 25750K .......... .......... .......... .......... ..........  0%  108K 14h4m
 25800K .......... .......... .......... .......... ..........  0%  127K 14h4m
 25850K .......... .......... .......... .......... ..........  0%  130K 14h4m
 25900K .......... .......... .......... .......... ..........  0%  127K 14h4m
 25950K .......... .......... .......... .......... ..........  0%  161K 14h4m
 26000K .......... .......... .......... .......... ..........  0%  121K 14h4m
 26050K .......... .......... .......... .......... ..........  0% 97.9K 14h5m
 26100K .......... .......... .......... .......... ..........  0%  179K 14h5m
 26150K .......... .......... .......... .......... ..........  0%  146K 14h5m
 26200K .......... .......... .......... .......... ..........  0%  163K 14h5m
 26250K .......... .......... .......... .......... ..........  0% 72.0K 14h6m
 26300K .......... .......... .......... .......... ..........  0%  176M 14h5m
 26350K .......... .......... .......... .......... ..........  0%  206K 14h4m
 26400K .......... .......... .......... .......... ..........  0%  107K 14h5m
 26450K .......... .......... .......... .......... ..........  0%  161K 14h4m
 26500K .......... .......... .......... .......... ..........  0%  189K 14h4m
 26550K .......... .......... .......... .......... ..........  0%  250K 14h3m
 26600K .......... .......... .......... .......... ..........  0% 75.4K 14h5m
 26650K .......... .......... .......... .......... ..........  0%  133K 14h5m
 26700K .......... .......... .......... .......... ..........  0%  161K 14h5m
 26750K .......... .......... .......... .......... ..........  0%  204K 14h4m
 26800K .......... .......... .......... .......... ..........  0%  133K 14h4m
 26850K .......... .......... .......... .......... ..........  0%  202K 14h4m
 26900K .......... .......... .......... .......... ..........  0% 72.7K 14h5m
 26950K .......... .......... .......... .......... ..........  0% 28.0M 14h4m
 27000K .......... .......... .......... .......... ..........  0%  125K 14h4m
 27050K .......... .......... .......... .......... ..........  0%  161K 14h4m
 27100K .......... .......... .......... .......... ..........  0%  189K 14h3m
 27150K .......... .......... .......... .......... ..........  0% 98.2K 14h4m
 27200K .......... .......... .......... .......... ..........  0% 80.6K 14h5m
 27250K .......... .......... .......... .......... ..........  0% 94.0K 14h6m
 27300K .......... .......... .......... .......... ..........  0% 75.7K 14h7m
 27350K .......... .......... .......... .......... ..........  0% 75.1K 14h9m
 27400K .......... .......... .......... .......... ..........  0% 56.6K 14h11m
 27450K .......... .......... .......... .......... ..........  0% 61.0K 14h13m
 27500K .......... .......... .......... .......... ..........  0% 53.6K 14h16m
 27550K .......... .......... .......... .......... ..........  0% 69.6K 14h17m
 27600K .......... .......... .......... .......... ..........  0% 61.1K 14h19m
 27650K .......... .......... .......... .......... ..........  0% 77.7K 14h21m
 27700K .......... .......... .......... .......... ..........  0% 83.2K 14h22m
 27750K .......... .......... .......... .......... ..........  0% 59.0K 14h24m
 27800K .......... .......... .......... .......... ..........  0% 60.1K 14h26m
 27850K .......... .......... .......... .......... ..........  0% 59.8K 14h28m
 27900K .......... .......... .......... .......... ..........  0% 75.5K 14h29m
 27950K .......... .......... .......... .......... ..........  0% 75.4K 14h30m
 28000K .......... .......... .......... .......... ..........  0% 68.0K 14h32m
 28050K .......... .......... .......... .......... ..........  0% 85.3K 14h33m
 28100K .......... .......... .......... .......... ..........  0% 91.4K 14h34m
 28150K .......... .......... .......... .......... ..........  0% 46.0K 14h37m
 28200K .......... .......... .......... .......... ..........  0%  107K 14h37m
 28250K .......... .......... .......... .......... ..........  0%  108K 14h38m
 28300K .......... .......... .......... .......... ..........  0% 47.5K 14h41m
 28350K .......... .......... .......... .......... ..........  0% 79.8K 14h42m
 28400K .......... .......... .......... .......... ..........  0% 65.0K 14h44m
 28450K .......... .......... .......... .......... ..........  0%  107K 14h44m
 28500K .......... .......... .......... .......... ..........  0%  118K 14h44m
 28550K .......... .......... .......... .......... ..........  0%  125K 14h44m
 28600K .......... .......... .......... .......... ..........  0%  132K 14h44m
 28650K .......... .......... .......... .......... ..........  0% 83.7K 14h45m
 28700K .......... .......... .......... .......... ..........  0% 93.3K 14h46m
 28750K .......... .......... .......... .......... ..........  0% 17.4K 14h57m
 28800K .......... .......... .......... .......... ..........  0% 29.2K 15h2m
 28850K .......... .......... .......... .......... ..........  0% 64.1K 15h4m
 28900K .......... .......... .......... .......... ..........  0% 68.1K 15h5m
 28950K .......... .......... .......... .......... ..........  0% 98.6K 15h6m
 29000K .......... .......... .......... .......... ..........  0%  108K 15h6m
 29050K .......... .......... .......... .......... ..........  0% 49.6K 15h9m
 29100K .......... .......... .......... .......... ..........  0%  107K 15h9m
 29150K .......... .......... .......... .......... ..........  0%  143K 15h9m
 29200K .......... .......... .......... .......... ..........  0% 67.5K 15h11m
 29250K .......... .......... .......... .......... ..........  0%  107K 15h11m
 29300K .......... .......... .......... .......... ..........  0%  128K 15h11m
 29350K .......... .......... .......... .......... ..........  0% 92.2K 15h12m
 29400K .......... .......... .......... .......... ..........  0%  129K 15h12m
 29450K .......... .......... .......... .......... ..........  0%  107K 15h12m
 29500K .......... .......... .......... .......... ..........  0%  107K 15h12m
 29550K .......... .......... .......... .......... ..........  0%  107K 15h13m
 29600K .......... .......... .......... .......... ..........  0% 88.8K 15h13m
 29650K .......... .......... .......... .......... ..........  0%  136K 15h13m
 29700K .......... .......... .......... .......... ..........  0%  127K 15h13m
 29750K .......... .......... .......... .......... ..........  0%  107K 15h14m
 29800K .......... .......... .......... .......... ..........  0% 48.2K 15h17m
 29850K .......... .......... .......... .......... ..........  0% 86.4K 15h17m
 29900K .......... .......... .......... .......... ..........  0% 83.7K 15h18m
 29950K .......... .......... .......... .......... ..........  0%  102K 15h19m
 30000K .......... .......... .......... .......... ..........  0% 98.4K 15h19m
 30050K .......... .......... .......... .......... ..........  0% 80.6K 15h20m
 30100K .......... .......... .......... .......... ..........  0% 80.5K 15h21m
 30150K .......... .......... .......... .......... ..........  0%  124K 15h21m
 30200K .......... .......... .......... .......... ..........  0% 72.4K 15h22m
 30250K .......... .......... .......... .......... ..........  0% 80.8K 15h23m
 30300K .......... .......... .......... .......... ..........  0% 90.5K 15h24m
 30350K .......... .......... .......... .......... ..........  0% 60.8K 15h26m
 30400K .......... .......... .......... .......... ..........  0% 31.5K 15h30m
 30450K .......... .......... .......... .......... ..........  0% 56.4K 15h32m
 30500K .......... .......... .......... .......... ..........  0% 70.5K 15h34m
 30550K .......... .......... .......... .......... ..........  0% 92.9K 15h34m
 30600K .......... .......... .......... .......... ..........  0% 76.2K 15h35m
 30650K .......... .......... .......... .......... ..........  0%  108K 15h36m
 30700K .......... .......... .......... .......... ..........  0%  138K 15h35m
 30750K .......... .......... .......... .......... ..........  0% 56.8K 15h37m
 30800K .......... .......... .......... .......... ..........  0% 70.6K 15h39m
 30850K .......... .......... .......... .......... ..........  0%  132K 15h39m
 30900K .......... .......... .......... .......... ..........  0%  126K 15h39m
 30950K .......... .......... .......... .......... ..........  0%  132K 15h39m
 31000K .......... .......... .......... .......... ..........  0%  125K 15h39m
 31050K .......... .......... .......... .......... ..........  0%  163K 15h38m
 31100K .......... .......... .......... .......... ..........  0%  161K 15h38m
 31150K .......... .......... .......... .......... ..........  0%  160K 15h38m
 31200K .......... .......... .......... .......... ..........  0%  159K 15h37m
 31250K .......... .......... .......... .......... ..........  0%  108K 15h38m
 31300K .......... .......... .......... .......... ..........  0%  313K 15h37m
 31350K .......... .......... .......... .......... ..........  0%  140K 15h37m
 31400K .......... .......... .......... .......... ..........  0%  191K 15h36m
 31450K .......... .......... .......... .......... ..........  0%  161K 15h36m
 31500K .......... .......... .......... .......... ..........  0%  187K 15h35m
 31550K .......... .......... .......... .......... ..........  0%  248K 15h35m
 31600K .......... .......... .......... .......... ..........  0% 74.5K 15h36m
 31650K .......... .......... .......... .......... ..........  0%  161K 15h35m
 31700K .......... .......... .......... .......... ..........  0%  160K 15h35m
 31750K .......... .......... .......... .......... ..........  0%  161K 15h35m
 31800K .......... .......... .......... .......... ..........  0%  278K 15h34m
 31850K .......... .......... .......... .......... ..........  0%  175K 15h34m
 31900K .......... .......... .......... .......... ..........  0%  192K 15h33m
 31950K .......... .......... .......... .......... ..........  0%  219K 15h33m
 32000K .......... .......... .......... .......... ..........  0%  142K 15h32m
 32050K .......... .......... .......... .......... ..........  0%  186K 15h32m
 32100K .......... .......... .......... .......... ..........  0%  174K 15h32m
 32150K .......... .......... .......... .......... ..........  0%  280K 15h31m
 32200K .......... .......... .......... .......... ..........  0%  212K 15h30m
 32250K .......... .......... .......... .......... ..........  0%  218K 15h30m
 32300K .......... .......... .......... .......... ..........  0%  253K 15h29m
 32350K .......... .......... .......... .......... ..........  0%  200K 15h28m
 32400K .......... .......... .......... .......... ..........  0%  152K 15h28m
 32450K .......... .......... .......... .......... ..........  0%  107K 15h29m
 32500K .......... .......... .......... .......... ..........  0%  140K 15h28m
 32550K .......... .......... .......... .......... ..........  0% 71.6K 15h30m
 32600K .......... .......... .......... .......... ..........  0%  321K 15h29m
 32650K .......... .......... .......... .......... ..........  0% 99.3K 15h29m
 32700K .......... .......... .......... .......... ..........  0% 97.3K 15h30m
 32750K .......... .......... .......... .......... ..........  0% 80.5K 15h30m
 32800K .......... .......... .......... .......... ..........  0% 64.8K 15h32m
 32850K .......... .......... .......... .......... ..........  0%  107K 15h32m
 32900K .......... .......... .......... .......... ..........  0%  108K 15h32m
 32950K .......... .......... .......... .......... ..........  0%  120K 15h33m
 33000K .......... .......... .......... .......... ..........  0%  140K 15h32m
 33050K .......... .......... .......... .......... ..........  0%  141K 15h32m
 33100K .......... .......... .......... .......... ..........  0%  117K 15h32m
 33150K .......... .......... .......... .......... ..........  0% 80.4K 15h33m
 33200K .......... .......... .......... .......... ..........  0% 53.6K 15h35m
 33250K .......... .......... .......... .......... ..........  0% 30.2K 15h40m
 33300K .......... .......... .......... .......... ..........  0% 40.3K 15h43m
 33350K .......... .......... .......... .......... ..........  0% 64.8K 15h44m
 33400K .......... .......... .......... .......... ..........  0% 81.0K 15h45m
 33450K .......... .......... .......... .......... ..........  0% 80.4K 15h46m
 33500K .......... .......... .......... .......... ..........  0%  128K 15h46m
 33550K .......... .......... .......... .......... ..........  0%  107K 15h46m
 33600K .......... .......... .......... .......... ..........  0% 85.9K 15h47m
 33650K .......... .......... .......... .......... ..........  0%  118K 15h47m
 33700K .......... .......... .......... .......... ..........  0%  142K 15h47m
 33750K .......... .......... .......... .......... ..........  0%  118K 15h47m
 33800K .......... .......... .......... .......... ..........  0%  142K 15h47m
 33850K .......... .......... .......... .......... ..........  0%  143K 15h47m
 33900K .......... .......... .......... .......... ..........  0%  163K 15h46m
 33950K .......... .......... .......... .......... ..........  0%  161K 15h46m
 34000K .......... .......... .......... .......... ..........  0%  119K 15h46m
 34050K .......... .......... .......... .......... ..........  0%  186K 15h46m
 34100K .......... .......... .......... .......... ..........  0%  248K 15h45m
 34150K .......... .......... .......... .......... ..........  0%  119K 15h45m
 34200K .......... .......... .......... .......... ..........  0% 97.1K 15h45m
 34250K .......... .......... .......... .......... ..........  0% 80.4K 15h46m
 34300K .......... .......... .......... .......... ..........  0%  318K 15h45m
 34350K .......... .......... .......... .......... ..........  0% 53.3K 15h47m
 34400K .......... .......... .......... .......... ..........  0% 49.8K 15h49m
 34450K .......... .......... .......... .......... ..........  0% 64.5K 15h51m
 34500K .......... .......... .......... .......... ..........  0% 44.1K 15h53m
 34550K .......... .......... .......... .......... ..........  0% 63.9K 15h55m
 34600K .......... .......... .......... .......... ..........  0% 80.3K 15h55m
 34650K .......... .......... .......... .......... ..........  0% 98.7K 15h56m
 34700K .......... .......... .......... .......... ..........  0%  119K 15h56m
 34750K .......... .......... .......... .......... ..........  0%  140K 15h56m
 34800K .......... .......... .......... .......... ..........  0%  107K 15h56m
 34850K .......... .......... .......... .......... ..........  0%  144K 15h56m
 34900K .......... .......... .......... .......... ..........  0%  160K 15h56m
 34950K .......... .......... .......... .......... ..........  0%  161K 15h55m
 35000K .......... .......... .......... .......... ..........  0%  160K 15h55m
 35050K .......... .......... .......... .......... ..........  0% 63.6K 15h56m
 35100K .......... .......... .......... .......... ..........  0% 36.7K 16h0m
 35150K .......... .......... .......... .......... ..........  0% 28.7K 16h4m
 35200K .......... .......... .......... .......... ..........  0% 41.8K 16h7m
 35250K .......... .......... .......... .......... ..........  0% 53.8K 16h9m
 35300K .......... .......... .......... .......... ..........  0% 76.3K 16h10m
 35350K .......... .......... .......... .......... ..........  0% 81.2K 16h10m
 35400K .......... .......... .......... .......... ..........  0% 99.0K 16h11m
 35450K .......... .......... .......... .......... ..........  0%  118K 16h11m
 35500K .......... .......... .......... .......... ..........  0%  103K 16h11m
 35550K .......... .......... .......... .......... ..........  0%  103K 16h11m
 35600K .......... .......... .......... .......... ..........  0% 67.8K 16h12m
 35650K .......... .......... .......... .......... ..........  0% 55.5K 16h14m
 35700K .......... .......... .......... .......... ..........  0% 86.0K 16h15m
 35750K .......... .......... .......... .......... ..........  0% 92.6K 16h15m
 35800K .......... .......... .......... .......... ..........  0%  107K 16h15m
 35850K .......... .......... .......... .......... ..........  0%  128K 16h15m
 35900K .......... .......... .......... .......... ..........  0%  131K 16h15m
 35950K .......... .......... .......... .......... ..........  0%  142K 16h15m
 36000K .......... .......... .......... .......... ..........  0%  117K 16h15m
 36050K .......... .......... .......... .......... ..........  0%  183K 16h15m
 36100K .......... .......... .......... .......... ..........  0%  118K 16h15m
 36150K .......... .......... .......... .......... ..........  0%  221K 16h14m
 36200K .......... .......... .......... .......... ..........  0%  161K 16h14m
 36250K .......... .......... .......... .......... ..........  0%  160K 16h13m
 36300K .......... .......... .......... .......... ..........  0%  161K 16h13m
 36350K .......... .......... .......... .......... ..........  0%  180K 16h13m
 36400K .......... .......... .......... .......... ..........  0%  146K 16h12m
 36450K .......... .......... .......... .......... ..........  0%  181K 16h12m
 36500K .......... .......... .......... .......... ..........  0%  108K 16h12m
 36550K .......... .......... .......... .......... ..........  0%  179K 16h12m
 36600K .......... .......... .......... .......... ..........  0%  160K 16h12m
 36650K .......... .......... .......... .......... ..........  0%  220K 16h11m
 36700K .......... .......... .......... .......... ..........  0%  184K 16h10m
 36750K .......... .......... .......... .......... ..........  0%  116K 16h11m
 36800K .......... .......... .......... .......... ..........  0%  146K 16h10m
 36850K .......... .......... .......... .......... ..........  0%  162K 16h10m
 36900K .......... .......... .......... .......... ..........  0%  174K 16h10m
 36950K .......... .......... .......... .......... ..........  0%  224K 16h9m
 37000K .......... .......... .......... .......... ..........  0%  163K 16h9m
 37050K .......... .......... .......... .......... ..........  0%  200K 16h8m
 37100K .......... .......... .......... .......... ..........  0%  222K 16h8m
 37150K .......... .......... .......... .......... ..........  0%  163K 16h7m
 37200K .......... .......... .......... .......... ..........  0%  160K 16h7m
 37250K .......... .......... .......... .......... ..........  0%  188K 16h7m
 37300K .......... .......... .......... .......... ..........  0%  142K 16h6m
 37350K .......... .......... .......... .......... ..........  0%  160K 16h6m
 37400K .......... .......... .......... .......... ..........  0%  118K 16h6m
 37450K .......... .......... .......... .......... ..........  0%  141K 16h6m
 37500K .......... .......... .......... .......... ..........  0% 99.0K 16h6m
 37550K .......... .......... .......... .......... ..........  0% 80.4K 16h7m
 37600K .......... .......... .......... .......... ..........  0% 53.8K 16h9m
 37650K .......... .......... .......... .......... ..........  0% 97.8K 16h9m
 37700K .......... .......... .......... .......... ..........  0%  107K 16h9m
 37750K .......... .......... .......... .......... ..........  0%  118K 16h9m
 37800K .......... .......... .......... .......... ..........  0%  121K 16h9m
 37850K .......... .......... .......... .......... ..........  0%  137K 16h9m
 37900K .......... .......... .......... .......... ..........  0%  162K 16h9m
 37950K .......... .......... .......... .......... ..........  0%  160K 16h9m
 38000K .......... .......... .......... .......... ..........  0%  121K 16h9m
 38050K .......... .......... .......... .......... ..........  0% 64.3K 16h10m
 38100K .......... .......... .......... .......... ..........  0% 90.1K 16h10m
 38150K .......... .......... .......... .......... ..........  0% 56.6K 16h12m
 38200K .......... .......... .......... .......... ..........  0% 60.8K 16h13m
 38250K .......... .......... .......... .......... ..........  0% 80.2K 16h14m
 38300K .......... .......... .......... .......... ..........  0%  104K 16h14m
 38350K .......... .......... .......... .......... ..........  0%  108K 16h14m
 38400K .......... .......... .......... .......... ..........  0% 91.9K 16h15m
 38450K .......... .......... .......... .......... ..........  0%  136K 16h15m
 38500K .......... .......... .......... .......... ..........  0%  163K 16h14m
 38550K .......... .......... .......... .......... ..........  0%  161K 16h14m
 38600K .......... .......... .......... .......... ..........  0%  161K 16h14m
 38650K .......... .......... .......... .......... ..........  0%  202K 16h13m
 38700K .......... .......... .......... .......... ..........  0%  185K 16h13m
 38750K .......... .......... .......... .......... ..........  0%  213K 16h12m
 38800K .......... .......... .......... .......... ..........  0%  145K 16h12m
 38850K .......... .......... .......... .......... ..........  0% 92.3K 16h12m
 38900K .......... .......... .......... .......... ..........  0%  160K 16h12m
 38950K .......... .......... .......... .......... ..........  0%  160K 16h12m
 39000K .......... .......... .......... .......... ..........  0%  142K 16h12m
 39050K .......... .......... .......... .......... ..........  0%  161K 16h11m
 39100K .......... .......... .......... .......... ..........  0% 85.2K 16h12m
 39150K .......... .......... .......... .......... ..........  0%  107K 16h12m
 39200K .......... .......... .......... .......... ..........  0%  129K 16h12m
 39250K .......... .......... .......... .......... ..........  0%  143K 16h12m
 39300K .......... .......... .......... .......... ..........  0% 67.9K 16h13m
 39350K .......... .......... .......... .......... ..........  0%  143K 16h13m
 39400K .......... .......... .......... .......... ..........  0%  162K 16h13m
 39450K .......... .......... .......... .......... ..........  0%  162K 16h12m
 39500K .......... .......... .......... .......... ..........  0%  104K 16h12m
 39550K .......... .......... .......... .......... ..........  0%  110K 16h13m
 39600K .......... .......... .......... .......... ..........  0%  107K 16h13m
 39650K .......... .......... .......... .......... ..........  0%  161K 16h13m
 39700K .......... .......... .......... .......... ..........  0%  170K 16h12m
 39750K .......... .......... .......... .......... ..........  0%  217K 16h12m
 39800K .......... .......... .......... .......... ..........  0%  162K 16h11m
 39850K .......... .......... .......... .......... ..........  0%  163K 16h11m
 39900K .......... .......... .......... .......... ..........  0%  187K 16h11m
 39950K .......... .......... .......... .......... ..........  0%  168K 16h10m
 40000K .......... .......... .......... .......... ..........  0%  113K 16h10m
 40050K .......... .......... .......... .......... ..........  0%  179K 16h10m
 40100K .......... .......... .......... .......... ..........  0%  146K 16h10m
 40150K .......... .......... .......... .......... ..........  0%  179K 16h9m
 40200K .......... .......... .......... .......... ..........  0%  231K 16h9m
 40250K .......... .......... .......... .......... ..........  0% 88.7K 16h9m
 40300K .......... .......... .......... .......... ..........  0%  870K 16h8m
 40350K .......... .......... .......... .......... ..........  0%  160K 16h8m
 40400K .......... .......... .......... .......... ..........  0%  123K 16h8m
 40450K .......... .......... .......... .......... ..........  0%  123K 16h8m
 40500K .......... .......... .......... .......... ..........  0%  205K 16h8m
 40550K .......... .......... .......... .......... ..........  0%  102K 16h8m
 40600K .......... .......... .......... .......... ..........  0%  107K 16h8m
 40650K .......... .......... .......... .......... ..........  0%  124K 16h8m
 40700K .......... .......... .......... .......... ..........  0% 88.7K 16h9m
 40750K .......... .......... .......... .......... ..........  0% 75.3K 16h9m
 40800K .......... .......... .......... .......... ..........  0% 56.5K 16h11m
 40850K .......... .......... .......... .......... ..........  0% 97.7K 16h11m
 40900K .......... ..slurmstepd: error: *** JOB 6158403 ON g3025 CANCELLED AT 2022-09-16T01:06:06 ***
