#!/bin/bash
#SBATCH --job-name=data-proc
#SBATCH --partition=gpu-rtx6k
#SBATCH --account=cse
#SBATCH --nodes=1
#SBATCH --cpus-per-task=1
#SBATCH --mem=48G
#SBATCH --gres=gpu:1
#SBATCH --time=1-0:00:00
#SBATCH --mail-type=ALL
#SBATCH --mail-user=tjung2@uw.edu
#SBATCH --dependency=afterany:6700270

# I use source to initialize conda into the right environment.
cat $0
echo "--------------------"

source ~/.bashrc
conda activate ckl

# python run.py --config configs/wmt/training/t5_baseline_full.json
# python run.py --config configs/wmt/training/t5_kadapters_soft_full.json
# python run.py --config configs/templama/training/t5_baseline_full.json -lr 0.000003 -checkpoint_path outputs/templamabaseline_full/epoch=4-f1_score=0.209-em_score=0.074.ckpt
# python run.py --config configs/templama/training/t5_kadapters_yearly_large.json -lr 0.001
# python run.py --config configs/templama/training/t5_kadapters_yearly_large.json -lr 0.0005
# python run.py --config configs/templama/training/t5_kadapters_yearly_large.json -lr 0.00001
# python run.py --config configs/templama/training/t5_kadapters_yearly_large_256.json -lr 0.0003
# python run.py --config configs/wmt/training/t5_baseline_full.json -val_data 2010

# python run.py --config configs/wmt/training/t5_kadapters_yearly_small.json -datav 2020
# python run.py --config configs/wmt/training/t5_kadapters_yearly_small.json -datav 2009
# python run.py --config configs/wmt/training/t5_baseline_full.json -datav 2020

python run.py --config configs/templama/training/t5_kadapters_load.json

# WMT -> Templama
# python run.py --config configs/templama/training/t5_baseline_full.json -checkpoint_path outputs/wmtbaseline_full/epoch=0-f1_score=0.2127-em_score=0.1783.ckpt -lr 0.0001
# python run.py --config configs/templama/training/t5_kadapters_yearly_2freeze.json -checkpoint_path outputs/wmtkadapter_2010_0freeze_158_128/epoch=1-f1_score=0.2236-em_score=0.1878.ckpt -lr 0.003
# python run.py --config configs/templama/training/t5_kadapters_yearly_2freeze.json -checkpoint_path outputs/wmtkadapter_2010_2freeze_158_128/epoch=1-f1_score=0.208-em_score=0.173.ckpt -lr 0.003
# python run.py --config configs/templama/training/t5_kadapters_soft_full.json -checkpoint_path outputs/wmtkadapter_soft_full_0freeze_158_128/epoch=0-f1_score=0.1717-em_score=0.1419.ckpt
# python run.py --config configs/templama/training/t5_kadapters_soft_full.json -checkpoint_path outputs/wmtkadapter_soft_full_2freeze_158_128/epoch=0-f1_score=0.185-em_score=0.154.ckpt

# WMT baseline -> WMT adapters
# python run.py --config configs/wmt/training/t5_kadapters_soft_full.json -checkpoint_path outputs/wmtbaseline_full/epoch=0-f1_score=0.178-em_score=0.149.ckpt
# python run.py --config configs/wmt/training/t5_kadapters_yearly_2freeze.json -checkpoint_path outputs/wmtbaseline_full/epoch=0-f1_score=0.178-em_score=0.149.ckpt

# WMT -> SituatedQA
# python run.py --config configs/situatedqa/training/t5_baseline_full.json -checkpoint_path outputs/wmtbaseline_full/epoch=0-f1_score=0.2127-em_score=0.1783.ckpt -lr 0.00001
# python run.py --config configs/situatedqa/training/t5_kadapters_soft_yearly_2freeze.json -checkpoint_path outputs/wmtkadapter_soft_full_2freeze_158_128/epoch=0-f1_score=0.185-em_score=0.154.ckpt

# Preprocess data
# python preprocess_nyt_data.py 2010 -end_date=2020
# python preprocess_nyt_data_full.py

# NYT -> Templama
# python run.py --config configs/templama/training/t5_kadapters_yearly_2freeze.json -checkpoint_path outputs/nytkadapter_2010_0freeze_158_128/epoch=8-f1_score=0.140-em_score=0.100.ckpt

# NYT -> SituatedQA
# python run.py --config configs/situatedqa/training/t5_kadapters_yearly2freeze.json -checkpoint_path outputs/nytkadapter_2010_0freeze_158_128/epoch=8-f1_score=0.140-em_score=0.100.ckpt

# python run.py --config configs/wmt/training/t5_kadapters_yearly.json -datav 2010
# python run.py --config configs/templama/evaluation/t5_baseline_full.json -val_data 2020--------------------
/mmfs1/gscratch/ark/tjung2/miniconda3/envs/ckl/lib/python3.8/site-packages/pytorch_lightning/callbacks/model_checkpoint.py:360: UserWarning: Checkpoint directory outputs/templamakadapter_full_2freeze_158_128 exists and is not empty.
  rank_zero_warn(f"Checkpoint directory {dirpath} exists and is not empty.")
/mmfs1/gscratch/ark/tjung2/miniconda3/envs/ckl/lib/python3.8/site-packages/pytorch_lightning/callbacks/model_checkpoint.py:396: LightningDeprecationWarning: Argument `period` in `ModelCheckpoint` is deprecated in v1.3 and will be removed in v1.5. Please use `every_n_val_epochs` instead.
  rank_zero_deprecation(
Some weights of T5ForConditionalGeneration were not initialized from the model checkpoint at google/t5-large-ssm and are newly initialized: ['enc_kadapter.adapter.0.up_project.weight', 'enc_kadapter.adapter.0.encoder.layer.0.SelfAttention.relative_attention_bias.weight', 'enc_kadapter.adapter.1.encoder.layer.1.DenseReluDense.wo.weight', 'enc_kadapter.adapter.2.down_project.bias', 'enc_kadapter.layer_norm.weight', 'enc_kadapter.pool.bias', 'enc_kadapter.adapter.2.encoder.layer.1.DenseReluDense.wo.weight', 'enc_kadapter.adapter.0.down_project.bias', 'enc_kadapter.adapter.1.down_project.bias', 'enc_kadapter.adapter.0.encoder.layer.0.SelfAttention.q.weight', 'enc_kadapter.adapter.1.encoder.layer.1.layer_norm.weight', 'enc_kadapter.adapter.0.encoder.layer.1.DenseReluDense.wo.weight', 'enc_kadapter.adapter.0.encoder.layer.0.SelfAttention.k.weight', 'enc_kadapter.adapter.2.up_project.bias', 'enc_kadapter.adapter.1.encoder.layer.0.SelfAttention.o.weight', 'enc_kadapter.adapter.2.encoder.layer.0.SelfAttention.relative_attention_bias.weight', 'enc_kadapter.adapter.2.encoder.layer.0.SelfAttention.o.weight', 'enc_kadapter.adapter.2.encoder.layer.0.SelfAttention.v.weight', 'enc_kadapter.adapter.2.encoder.layer.0.SelfAttention.k.weight', 'enc_kadapter.adapter.1.down_project.weight', 'enc_kadapter.adapter.1.encoder.layer.0.SelfAttention.k.weight', 'enc_kadapter.adapter.0.encoder.layer.0.SelfAttention.o.weight', 'enc_kadapter.adapter.0.up_project.bias', 'enc_kadapter.adapter.1.up_project.weight', 'enc_kadapter.adapter.0.encoder.layer.0.layer_norm.weight', 'enc_kadapter.adapter.1.encoder.layer.1.DenseReluDense.wi.weight', 'enc_kadapter.adapter.2.encoder.layer.0.SelfAttention.q.weight', 'enc_kadapter.adapter.1.up_project.bias', 'enc_kadapter.adapter.2.up_project.weight', 'enc_kadapter.adapter.1.encoder.layer.0.layer_norm.weight', 'enc_kadapter.adapter.2.down_project.weight', 'enc_kadapter.adapter.0.encoder.layer.1.layer_norm.weight', 'enc_kadapter.adapter.2.encoder.layer.0.layer_norm.weight', 'enc_kadapter.adapter.1.encoder.layer.0.SelfAttention.relative_attention_bias.weight', 'enc_kadapter.adapter.1.encoder.layer.0.SelfAttention.v.weight', 'enc_kadapter.adapter.0.encoder.layer.0.SelfAttention.v.weight', 'enc_kadapter.adapter.1.encoder.layer.0.SelfAttention.q.weight', 'enc_kadapter.adapter.2.encoder.layer.1.layer_norm.weight', 'enc_kadapter.adapter.2.encoder.layer.1.DenseReluDense.wi.weight', 'enc_kadapter.pool.weight', 'enc_kadapter.adapter.0.down_project.weight', 'enc_kadapter.adapter.0.encoder.layer.1.DenseReluDense.wi.weight']
You should probably TRAIN this model on a down-stream task to be able to use it for predictions and inference.
GPU available: True, used: True
TPU available: False, using: 0 TPU cores
LOCAL_RANK: 0 - CUDA_VISIBLE_DEVICES: [0]
Set SLURM handle signals.

  | Name  | Type                       | Params
-----------------------------------------------------
0 | model | T5ForConditionalGeneration | 743 M 
-----------------------------------------------------
5.5 M     Trainable params
737 M     Non-trainable params
743 M     Total params
2,972.720 Total estimated model params size (MB)
Namespace(accelerator='ddp', adam_epsilon=1e-08, adapter_config={'adapter_list': [1, 5, 8], 'adapter_hidden_size': 128, 'adapter_enc_dec': None, 'pool_size': None}, adapter_enc_dec=None, adapter_hidden_size=128, adapter_list=[1, 5, 8], check_validation_only=False, checkpoint_dir=None, checkpoint_path='', dataset='templama', dataset_version='full', early_stop_callback=False, eval_batch_size=32, find_lr=False, freeze_embeds=False, freeze_encoder=False, freeze_level=2, learning_rate=0.003, max_grad_norm=0.5, max_input_length=50, max_output_length=25, method='kadapter', mode='pretrain', model_name_or_path='google/t5-large-ssm', n_gpu=1, n_test=-1, n_train=-1, n_val=-1, num_train_epochs=30, num_workers=0, opt_level='O1', output_dir='outputs/templamakadapter_full_2freeze_158_128', output_log=None, pool_size=None, prefix=True, resume_from_checkpoint=False, seed=42, split=0, split_num=1, t5_learning_rate=None, tokenizer_name_or_path='google/t5-large-ssm', train_batch_size=32, use_deepspeed=False, use_lr_scheduling=False, val_check_interval=1.0, val_data='full', wandb_log=False, warmup_steps=0, weight_decay=0.0)
T5Config {
  "_name_or_path": "google/t5-large-ssm",
  "architectures": [
    "T5ForConditionalGeneration"
  ],
  "d_ff": 4096,
  "d_kv": 64,
  "d_model": 1024,
  "decoder_start_token_id": 0,
  "dropout_rate": 0.1,
  "eos_token_id": 1,
  "feed_forward_proj": "relu",
  "initializer_factor": 1.0,
  "is_encoder_decoder": true,
  "layer_norm_epsilon": 1e-06,
  "model_type": "t5",
  "num_decoder_layers": 24,
  "num_heads": 16,
  "num_layers": 24,
  "output_past": true,
  "pad_token_id": 0,
  "relative_attention_num_buckets": 32,
  "transformers_version": "4.12.3",
  "use_cache": true,
  "vocab_size": 32128
}

T5Config {
  "_name_or_path": "google/t5-large-ssm",
  "adapter_enc_dec": null,
  "adapter_hidden_size": 128,
  "adapter_list": [
    1,
    5,
    8
  ],
  "architectures": [
    "T5ForConditionalGeneration"
  ],
  "d_ff": 4096,
  "d_kv": 64,
  "d_model": 1024,
  "decoder_start_token_id": 0,
  "dropout_rate": 0.1,
  "eos_token_id": 1,
  "feed_forward_proj": "relu",
  "initializer_factor": 1.0,
  "is_encoder_decoder": true,
  "layer_norm_epsilon": 1e-06,
  "model_type": "t5",
  "num_decoder_layers": 24,
  "num_heads": 16,
  "num_layers": 24,
  "output_past": true,
  "pad_token_id": 0,
  "pool_size": null,
  "relative_attention_num_buckets": 32,
  "transformers_version": "4.12.3",
  "use_cache": false,
  "vocab_size": 32128
}

enc_kadapter.layer_norm.weight
enc_kadapter.adapter.0.down_project.weight
enc_kadapter.adapter.0.down_project.bias
enc_kadapter.adapter.0.encoder.layer.0.SelfAttention.q.weight
enc_kadapter.adapter.0.encoder.layer.0.SelfAttention.k.weight
enc_kadapter.adapter.0.encoder.layer.0.SelfAttention.v.weight
enc_kadapter.adapter.0.encoder.layer.0.SelfAttention.o.weight
enc_kadapter.adapter.0.encoder.layer.0.SelfAttention.relative_attention_bias.weight
enc_kadapter.adapter.0.encoder.layer.0.layer_norm.weight
enc_kadapter.adapter.0.encoder.layer.1.DenseReluDense.wi.weight
enc_kadapter.adapter.0.encoder.layer.1.DenseReluDense.wo.weight
enc_kadapter.adapter.0.encoder.layer.1.layer_norm.weight
enc_kadapter.adapter.0.up_project.weight
enc_kadapter.adapter.0.up_project.bias
enc_kadapter.adapter.1.down_project.weight
enc_kadapter.adapter.1.down_project.bias
enc_kadapter.adapter.1.encoder.layer.0.SelfAttention.q.weight
enc_kadapter.adapter.1.encoder.layer.0.SelfAttention.k.weight
enc_kadapter.adapter.1.encoder.layer.0.SelfAttention.v.weight
enc_kadapter.adapter.1.encoder.layer.0.SelfAttention.o.weight
enc_kadapter.adapter.1.encoder.layer.0.SelfAttention.relative_attention_bias.weight
enc_kadapter.adapter.1.encoder.layer.0.layer_norm.weight
enc_kadapter.adapter.1.encoder.layer.1.DenseReluDense.wi.weight
enc_kadapter.adapter.1.encoder.layer.1.DenseReluDense.wo.weight
enc_kadapter.adapter.1.encoder.layer.1.layer_norm.weight
enc_kadapter.adapter.1.up_project.weight
enc_kadapter.adapter.1.up_project.bias
enc_kadapter.adapter.2.down_project.weight
enc_kadapter.adapter.2.down_project.bias
enc_kadapter.adapter.2.encoder.layer.0.SelfAttention.q.weight
enc_kadapter.adapter.2.encoder.layer.0.SelfAttention.k.weight
enc_kadapter.adapter.2.encoder.layer.0.SelfAttention.v.weight
enc_kadapter.adapter.2.encoder.layer.0.SelfAttention.o.weight
enc_kadapter.adapter.2.encoder.layer.0.SelfAttention.relative_attention_bias.weight
enc_kadapter.adapter.2.encoder.layer.0.layer_norm.weight
enc_kadapter.adapter.2.encoder.layer.1.DenseReluDense.wi.weight
enc_kadapter.adapter.2.encoder.layer.1.DenseReluDense.wo.weight
enc_kadapter.adapter.2.encoder.layer.1.layer_norm.weight
enc_kadapter.adapter.2.up_project.weight
enc_kadapter.adapter.2.up_project.bias
enc_kadapter.pool.weight
enc_kadapter.pool.bias
odict_keys(['model.shared.weight', 'model.encoder.embed_tokens.weight', 'model.encoder.block.0.layer.0.SelfAttention.q.weight', 'model.encoder.block.0.layer.0.SelfAttention.k.weight', 'model.encoder.block.0.layer.0.SelfAttention.v.weight', 'model.encoder.block.0.layer.0.SelfAttention.o.weight', 'model.encoder.block.0.layer.0.SelfAttention.relative_attention_bias.weight', 'model.encoder.block.0.layer.0.layer_norm.weight', 'model.encoder.block.0.layer.1.DenseReluDense.wi.weight', 'model.encoder.block.0.layer.1.DenseReluDense.wo.weight', 'model.encoder.block.0.layer.1.layer_norm.weight', 'model.encoder.block.1.layer.0.SelfAttention.q.weight', 'model.encoder.block.1.layer.0.SelfAttention.k.weight', 'model.encoder.block.1.layer.0.SelfAttention.v.weight', 'model.encoder.block.1.layer.0.SelfAttention.o.weight', 'model.encoder.block.1.layer.0.layer_norm.weight', 'model.encoder.block.1.layer.1.DenseReluDense.wi.weight', 'model.encoder.block.1.layer.1.DenseReluDense.wo.weight', 'model.encoder.block.1.layer.1.layer_norm.weight', 'model.encoder.block.2.layer.0.SelfAttention.q.weight', 'model.encoder.block.2.layer.0.SelfAttention.k.weight', 'model.encoder.block.2.layer.0.SelfAttention.v.weight', 'model.encoder.block.2.layer.0.SelfAttention.o.weight', 'model.encoder.block.2.layer.0.layer_norm.weight', 'model.encoder.block.2.layer.1.DenseReluDense.wi.weight', 'model.encoder.block.2.layer.1.DenseReluDense.wo.weight', 'model.encoder.block.2.layer.1.layer_norm.weight', 'model.encoder.block.3.layer.0.SelfAttention.q.weight', 'model.encoder.block.3.layer.0.SelfAttention.k.weight', 'model.encoder.block.3.layer.0.SelfAttention.v.weight', 'model.encoder.block.3.layer.0.SelfAttention.o.weight', 'model.encoder.block.3.layer.0.layer_norm.weight', 'model.encoder.block.3.layer.1.DenseReluDense.wi.weight', 'model.encoder.block.3.layer.1.DenseReluDense.wo.weight', 'model.encoder.block.3.layer.1.layer_norm.weight', 'model.encoder.block.4.layer.0.SelfAttention.q.weight', 'model.encoder.block.4.layer.0.SelfAttention.k.weight', 'model.encoder.block.4.layer.0.SelfAttention.v.weight', 'model.encoder.block.4.layer.0.SelfAttention.o.weight', 'model.encoder.block.4.layer.0.layer_norm.weight', 'model.encoder.block.4.layer.1.DenseReluDense.wi.weight', 'model.encoder.block.4.layer.1.DenseReluDense.wo.weight', 'model.encoder.block.4.layer.1.layer_norm.weight', 'model.encoder.block.5.layer.0.SelfAttention.q.weight', 'model.encoder.block.5.layer.0.SelfAttention.k.weight', 'model.encoder.block.5.layer.0.SelfAttention.v.weight', 'model.encoder.block.5.layer.0.SelfAttention.o.weight', 'model.encoder.block.5.layer.0.layer_norm.weight', 'model.encoder.block.5.layer.1.DenseReluDense.wi.weight', 'model.encoder.block.5.layer.1.DenseReluDense.wo.weight', 'model.encoder.block.5.layer.1.layer_norm.weight', 'model.encoder.block.6.layer.0.SelfAttention.q.weight', 'model.encoder.block.6.layer.0.SelfAttention.k.weight', 'model.encoder.block.6.layer.0.SelfAttention.v.weight', 'model.encoder.block.6.layer.0.SelfAttention.o.weight', 'model.encoder.block.6.layer.0.layer_norm.weight', 'model.encoder.block.6.layer.1.DenseReluDense.wi.weight', 'model.encoder.block.6.layer.1.DenseReluDense.wo.weight', 'model.encoder.block.6.layer.1.layer_norm.weight', 'model.encoder.block.7.layer.0.SelfAttention.q.weight', 'model.encoder.block.7.layer.0.SelfAttention.k.weight', 'model.encoder.block.7.layer.0.SelfAttention.v.weight', 'model.encoder.block.7.layer.0.SelfAttention.o.weight', 'model.encoder.block.7.layer.0.layer_norm.weight', 'model.encoder.block.7.layer.1.DenseReluDense.wi.weight', 'model.encoder.block.7.layer.1.DenseReluDense.wo.weight', 'model.encoder.block.7.layer.1.layer_norm.weight', 'model.encoder.block.8.layer.0.SelfAttention.q.weight', 'model.encoder.block.8.layer.0.SelfAttention.k.weight', 'model.encoder.block.8.layer.0.SelfAttention.v.weight', 'model.encoder.block.8.layer.0.SelfAttention.o.weight', 'model.encoder.block.8.layer.0.layer_norm.weight', 'model.encoder.block.8.layer.1.DenseReluDense.wi.weight', 'model.encoder.block.8.layer.1.DenseReluDense.wo.weight', 'model.encoder.block.8.layer.1.layer_norm.weight', 'model.encoder.block.9.layer.0.SelfAttention.q.weight', 'model.encoder.block.9.layer.0.SelfAttention.k.weight', 'model.encoder.block.9.layer.0.SelfAttention.v.weight', 'model.encoder.block.9.layer.0.SelfAttention.o.weight', 'model.encoder.block.9.layer.0.layer_norm.weight', 'model.encoder.block.9.layer.1.DenseReluDense.wi.weight', 'model.encoder.block.9.layer.1.DenseReluDense.wo.weight', 'model.encoder.block.9.layer.1.layer_norm.weight', 'model.encoder.block.10.layer.0.SelfAttention.q.weight', 'model.encoder.block.10.layer.0.SelfAttention.k.weight', 'model.encoder.block.10.layer.0.SelfAttention.v.weight', 'model.encoder.block.10.layer.0.SelfAttention.o.weight', 'model.encoder.block.10.layer.0.layer_norm.weight', 'model.encoder.block.10.layer.1.DenseReluDense.wi.weight', 'model.encoder.block.10.layer.1.DenseReluDense.wo.weight', 'model.encoder.block.10.layer.1.layer_norm.weight', 'model.encoder.block.11.layer.0.SelfAttention.q.weight', 'model.encoder.block.11.layer.0.SelfAttention.k.weight', 'model.encoder.block.11.layer.0.SelfAttention.v.weight', 'model.encoder.block.11.layer.0.SelfAttention.o.weight', 'model.encoder.block.11.layer.0.layer_norm.weight', 'model.encoder.block.11.layer.1.DenseReluDense.wi.weight', 'model.encoder.block.11.layer.1.DenseReluDense.wo.weight', 'model.encoder.block.11.layer.1.layer_norm.weight', 'model.encoder.block.12.layer.0.SelfAttention.q.weight', 'model.encoder.block.12.layer.0.SelfAttention.k.weight', 'model.encoder.block.12.layer.0.SelfAttention.v.weight', 'model.encoder.block.12.layer.0.SelfAttention.o.weight', 'model.encoder.block.12.layer.0.layer_norm.weight', 'model.encoder.block.12.layer.1.DenseReluDense.wi.weight', 'model.encoder.block.12.layer.1.DenseReluDense.wo.weight', 'model.encoder.block.12.layer.1.layer_norm.weight', 'model.encoder.block.13.layer.0.SelfAttention.q.weight', 'model.encoder.block.13.layer.0.SelfAttention.k.weight', 'model.encoder.block.13.layer.0.SelfAttention.v.weight', 'model.encoder.block.13.layer.0.SelfAttention.o.weight', 'model.encoder.block.13.layer.0.layer_norm.weight', 'model.encoder.block.13.layer.1.DenseReluDense.wi.weight', 'model.encoder.block.13.layer.1.DenseReluDense.wo.weight', 'model.encoder.block.13.layer.1.layer_norm.weight', 'model.encoder.block.14.layer.0.SelfAttention.q.weight', 'model.encoder.block.14.layer.0.SelfAttention.k.weight', 'model.encoder.block.14.layer.0.SelfAttention.v.weight', 'model.encoder.block.14.layer.0.SelfAttention.o.weight', 'model.encoder.block.14.layer.0.layer_norm.weight', 'model.encoder.block.14.layer.1.DenseReluDense.wi.weight', 'model.encoder.block.14.layer.1.DenseReluDense.wo.weight', 'model.encoder.block.14.layer.1.layer_norm.weight', 'model.encoder.block.15.layer.0.SelfAttention.q.weight', 'model.encoder.block.15.layer.0.SelfAttention.k.weight', 'model.encoder.block.15.layer.0.SelfAttention.v.weight', 'model.encoder.block.15.layer.0.SelfAttention.o.weight', 'model.encoder.block.15.layer.0.layer_norm.weight', 'model.encoder.block.15.layer.1.DenseReluDense.wi.weight', 'model.encoder.block.15.layer.1.DenseReluDense.wo.weight', 'model.encoder.block.15.layer.1.layer_norm.weight', 'model.encoder.block.16.layer.0.SelfAttention.q.weight', 'model.encoder.block.16.layer.0.SelfAttention.k.weight', 'model.encoder.block.16.layer.0.SelfAttention.v.weight', 'model.encoder.block.16.layer.0.SelfAttention.o.weight', 'model.encoder.block.16.layer.0.layer_norm.weight', 'model.encoder.block.16.layer.1.DenseReluDense.wi.weight', 'model.encoder.block.16.layer.1.DenseReluDense.wo.weight', 'model.encoder.block.16.layer.1.layer_norm.weight', 'model.encoder.block.17.layer.0.SelfAttention.q.weight', 'model.encoder.block.17.layer.0.SelfAttention.k.weight', 'model.encoder.block.17.layer.0.SelfAttention.v.weight', 'model.encoder.block.17.layer.0.SelfAttention.o.weight', 'model.encoder.block.17.layer.0.layer_norm.weight', 'model.encoder.block.17.layer.1.DenseReluDense.wi.weight', 'model.encoder.block.17.layer.1.DenseReluDense.wo.weight', 'model.encoder.block.17.layer.1.layer_norm.weight', 'model.encoder.block.18.layer.0.SelfAttention.q.weight', 'model.encoder.block.18.layer.0.SelfAttention.k.weight', 'model.encoder.block.18.layer.0.SelfAttention.v.weight', 'model.encoder.block.18.layer.0.SelfAttention.o.weight', 'model.encoder.block.18.layer.0.layer_norm.weight', 'model.encoder.block.18.layer.1.DenseReluDense.wi.weight', 'model.encoder.block.18.layer.1.DenseReluDense.wo.weight', 'model.encoder.block.18.layer.1.layer_norm.weight', 'model.encoder.block.19.layer.0.SelfAttention.q.weight', 'model.encoder.block.19.layer.0.SelfAttention.k.weight', 'model.encoder.block.19.layer.0.SelfAttention.v.weight', 'model.encoder.block.19.layer.0.SelfAttention.o.weight', 'model.encoder.block.19.layer.0.layer_norm.weight', 'model.encoder.block.19.layer.1.DenseReluDense.wi.weight', 'model.encoder.block.19.layer.1.DenseReluDense.wo.weight', 'model.encoder.block.19.layer.1.layer_norm.weight', 'model.encoder.block.20.layer.0.SelfAttention.q.weight', 'model.encoder.block.20.layer.0.SelfAttention.k.weight', 'model.encoder.block.20.layer.0.SelfAttention.v.weight', 'model.encoder.block.20.layer.0.SelfAttention.o.weight', 'model.encoder.block.20.layer.0.layer_norm.weight', 'model.encoder.block.20.layer.1.DenseReluDense.wi.weight', 'model.encoder.block.20.layer.1.DenseReluDense.wo.weight', 'model.encoder.block.20.layer.1.layer_norm.weight', 'model.encoder.block.21.layer.0.SelfAttention.q.weight', 'model.encoder.block.21.layer.0.SelfAttention.k.weight', 'model.encoder.block.21.layer.0.SelfAttention.v.weight', 'model.encoder.block.21.layer.0.SelfAttention.o.weight', 'model.encoder.block.21.layer.0.layer_norm.weight', 'model.encoder.block.21.layer.1.DenseReluDense.wi.weight', 'model.encoder.block.21.layer.1.DenseReluDense.wo.weight', 'model.encoder.block.21.layer.1.layer_norm.weight', 'model.encoder.block.22.layer.0.SelfAttention.q.weight', 'model.encoder.block.22.layer.0.SelfAttention.k.weight', 'model.encoder.block.22.layer.0.SelfAttention.v.weight', 'model.encoder.block.22.layer.0.SelfAttention.o.weight', 'model.encoder.block.22.layer.0.layer_norm.weight', 'model.encoder.block.22.layer.1.DenseReluDense.wi.weight', 'model.encoder.block.22.layer.1.DenseReluDense.wo.weight', 'model.encoder.block.22.layer.1.layer_norm.weight', 'model.encoder.block.23.layer.0.SelfAttention.q.weight', 'model.encoder.block.23.layer.0.SelfAttention.k.weight', 'model.encoder.block.23.layer.0.SelfAttention.v.weight', 'model.encoder.block.23.layer.0.SelfAttention.o.weight', 'model.encoder.block.23.layer.0.layer_norm.weight', 'model.encoder.block.23.layer.1.DenseReluDense.wi.weight', 'model.encoder.block.23.layer.1.DenseReluDense.wo.weight', 'model.encoder.block.23.layer.1.layer_norm.weight', 'model.encoder.final_layer_norm.weight', 'model.enc_kadapter.layer_norm.weight', 'model.enc_kadapter.adapter.0.down_project.weight', 'model.enc_kadapter.adapter.0.down_project.bias', 'model.enc_kadapter.adapter.0.encoder.layer.0.SelfAttention.q.weight', 'model.enc_kadapter.adapter.0.encoder.layer.0.SelfAttention.k.weight', 'model.enc_kadapter.adapter.0.encoder.layer.0.SelfAttention.v.weight', 'model.enc_kadapter.adapter.0.encoder.layer.0.SelfAttention.o.weight', 'model.enc_kadapter.adapter.0.encoder.layer.0.SelfAttention.relative_attention_bias.weight', 'model.enc_kadapter.adapter.0.encoder.layer.0.layer_norm.weight', 'model.enc_kadapter.adapter.0.encoder.layer.1.DenseReluDense.wi.weight', 'model.enc_kadapter.adapter.0.encoder.layer.1.DenseReluDense.wo.weight', 'model.enc_kadapter.adapter.0.encoder.layer.1.layer_norm.weight', 'model.enc_kadapter.adapter.0.up_project.weight', 'model.enc_kadapter.adapter.0.up_project.bias', 'model.enc_kadapter.adapter.1.down_project.weight', 'model.enc_kadapter.adapter.1.down_project.bias', 'model.enc_kadapter.adapter.1.encoder.layer.0.SelfAttention.q.weight', 'model.enc_kadapter.adapter.1.encoder.layer.0.SelfAttention.k.weight', 'model.enc_kadapter.adapter.1.encoder.layer.0.SelfAttention.v.weight', 'model.enc_kadapter.adapter.1.encoder.layer.0.SelfAttention.o.weight', 'model.enc_kadapter.adapter.1.encoder.layer.0.SelfAttention.relative_attention_bias.weight', 'model.enc_kadapter.adapter.1.encoder.layer.0.layer_norm.weight', 'model.enc_kadapter.adapter.1.encoder.layer.1.DenseReluDense.wi.weight', 'model.enc_kadapter.adapter.1.encoder.layer.1.DenseReluDense.wo.weight', 'model.enc_kadapter.adapter.1.encoder.layer.1.layer_norm.weight', 'model.enc_kadapter.adapter.1.up_project.weight', 'model.enc_kadapter.adapter.1.up_project.bias', 'model.enc_kadapter.adapter.2.down_project.weight', 'model.enc_kadapter.adapter.2.down_project.bias', 'model.enc_kadapter.adapter.2.encoder.layer.0.SelfAttention.q.weight', 'model.enc_kadapter.adapter.2.encoder.layer.0.SelfAttention.k.weight', 'model.enc_kadapter.adapter.2.encoder.layer.0.SelfAttention.v.weight', 'model.enc_kadapter.adapter.2.encoder.layer.0.SelfAttention.o.weight', 'model.enc_kadapter.adapter.2.encoder.layer.0.SelfAttention.relative_attention_bias.weight', 'model.enc_kadapter.adapter.2.encoder.layer.0.layer_norm.weight', 'model.enc_kadapter.adapter.2.encoder.layer.1.DenseReluDense.wi.weight', 'model.enc_kadapter.adapter.2.encoder.layer.1.DenseReluDense.wo.weight', 'model.enc_kadapter.adapter.2.encoder.layer.1.layer_norm.weight', 'model.enc_kadapter.adapter.2.up_project.weight', 'model.enc_kadapter.adapter.2.up_project.bias', 'model.enc_kadapter.pool.weight', 'model.enc_kadapter.pool.bias', 'model.decoder.embed_tokens.weight', 'model.decoder.block.0.layer.0.SelfAttention.q.weight', 'model.decoder.block.0.layer.0.SelfAttention.k.weight', 'model.decoder.block.0.layer.0.SelfAttention.v.weight', 'model.decoder.block.0.layer.0.SelfAttention.o.weight', 'model.decoder.block.0.layer.0.SelfAttention.relative_attention_bias.weight', 'model.decoder.block.0.layer.0.layer_norm.weight', 'model.decoder.block.0.layer.1.EncDecAttention.q.weight', 'model.decoder.block.0.layer.1.EncDecAttention.k.weight', 'model.decoder.block.0.layer.1.EncDecAttention.v.weight', 'model.decoder.block.0.layer.1.EncDecAttention.o.weight', 'model.decoder.block.0.layer.1.layer_norm.weight', 'model.decoder.block.0.layer.2.DenseReluDense.wi.weight', 'model.decoder.block.0.layer.2.DenseReluDense.wo.weight', 'model.decoder.block.0.layer.2.layer_norm.weight', 'model.decoder.block.1.layer.0.SelfAttention.q.weight', 'model.decoder.block.1.layer.0.SelfAttention.k.weight', 'model.decoder.block.1.layer.0.SelfAttention.v.weight', 'model.decoder.block.1.layer.0.SelfAttention.o.weight', 'model.decoder.block.1.layer.0.layer_norm.weight', 'model.decoder.block.1.layer.1.EncDecAttention.q.weight', 'model.decoder.block.1.layer.1.EncDecAttention.k.weight', 'model.decoder.block.1.layer.1.EncDecAttention.v.weight', 'model.decoder.block.1.layer.1.EncDecAttention.o.weight', 'model.decoder.block.1.layer.1.layer_norm.weight', 'model.decoder.block.1.layer.2.DenseReluDense.wi.weight', 'model.decoder.block.1.layer.2.DenseReluDense.wo.weight', 'model.decoder.block.1.layer.2.layer_norm.weight', 'model.decoder.block.2.layer.0.SelfAttention.q.weight', 'model.decoder.block.2.layer.0.SelfAttention.k.weight', 'model.decoder.block.2.layer.0.SelfAttention.v.weight', 'model.decoder.block.2.layer.0.SelfAttention.o.weight', 'model.decoder.block.2.layer.0.layer_norm.weight', 'model.decoder.block.2.layer.1.EncDecAttention.q.weight', 'model.decoder.block.2.layer.1.EncDecAttention.k.weight', 'model.decoder.block.2.layer.1.EncDecAttention.v.weight', 'model.decoder.block.2.layer.1.EncDecAttention.o.weight', 'model.decoder.block.2.layer.1.layer_norm.weight', 'model.decoder.block.2.layer.2.DenseReluDense.wi.weight', 'model.decoder.block.2.layer.2.DenseReluDense.wo.weight', 'model.decoder.block.2.layer.2.layer_norm.weight', 'model.decoder.block.3.layer.0.SelfAttention.q.weight', 'model.decoder.block.3.layer.0.SelfAttention.k.weight', 'model.decoder.block.3.layer.0.SelfAttention.v.weight', 'model.decoder.block.3.layer.0.SelfAttention.o.weight', 'model.decoder.block.3.layer.0.layer_norm.weight', 'model.decoder.block.3.layer.1.EncDecAttention.q.weight', 'model.decoder.block.3.layer.1.EncDecAttention.k.weight', 'model.decoder.block.3.layer.1.EncDecAttention.v.weight', 'model.decoder.block.3.layer.1.EncDecAttention.o.weight', 'model.decoder.block.3.layer.1.layer_norm.weight', 'model.decoder.block.3.layer.2.DenseReluDense.wi.weight', 'model.decoder.block.3.layer.2.DenseReluDense.wo.weight', 'model.decoder.block.3.layer.2.layer_norm.weight', 'model.decoder.block.4.layer.0.SelfAttention.q.weight', 'model.decoder.block.4.layer.0.SelfAttention.k.weight', 'model.decoder.block.4.layer.0.SelfAttention.v.weight', 'model.decoder.block.4.layer.0.SelfAttention.o.weight', 'model.decoder.block.4.layer.0.layer_norm.weight', 'model.decoder.block.4.layer.1.EncDecAttention.q.weight', 'model.decoder.block.4.layer.1.EncDecAttention.k.weight', 'model.decoder.block.4.layer.1.EncDecAttention.v.weight', 'model.decoder.block.4.layer.1.EncDecAttention.o.weight', 'model.decoder.block.4.layer.1.layer_norm.weight', 'model.decoder.block.4.layer.2.DenseReluDense.wi.weight', 'model.decoder.block.4.layer.2.DenseReluDense.wo.weight', 'model.decoder.block.4.layer.2.layer_norm.weight', 'model.decoder.block.5.layer.0.SelfAttention.q.weight', 'model.decoder.block.5.layer.0.SelfAttention.k.weight', 'model.decoder.block.5.layer.0.SelfAttention.v.weight', 'model.decoder.block.5.layer.0.SelfAttention.o.weight', 'model.decoder.block.5.layer.0.layer_norm.weight', 'model.decoder.block.5.layer.1.EncDecAttention.q.weight', 'model.decoder.block.5.layer.1.EncDecAttention.k.weight', 'model.decoder.block.5.layer.1.EncDecAttention.v.weight', 'model.decoder.block.5.layer.1.EncDecAttention.o.weight', 'model.decoder.block.5.layer.1.layer_norm.weight', 'model.decoder.block.5.layer.2.DenseReluDense.wi.weight', 'model.decoder.block.5.layer.2.DenseReluDense.wo.weight', 'model.decoder.block.5.layer.2.layer_norm.weight', 'model.decoder.block.6.layer.0.SelfAttention.q.weight', 'model.decoder.block.6.layer.0.SelfAttention.k.weight', 'model.decoder.block.6.layer.0.SelfAttention.v.weight', 'model.decoder.block.6.layer.0.SelfAttention.o.weight', 'model.decoder.block.6.layer.0.layer_norm.weight', 'model.decoder.block.6.layer.1.EncDecAttention.q.weight', 'model.decoder.block.6.layer.1.EncDecAttention.k.weight', 'model.decoder.block.6.layer.1.EncDecAttention.v.weight', 'model.decoder.block.6.layer.1.EncDecAttention.o.weight', 'model.decoder.block.6.layer.1.layer_norm.weight', 'model.decoder.block.6.layer.2.DenseReluDense.wi.weight', 'model.decoder.block.6.layer.2.DenseReluDense.wo.weight', 'model.decoder.block.6.layer.2.layer_norm.weight', 'model.decoder.block.7.layer.0.SelfAttention.q.weight', 'model.decoder.block.7.layer.0.SelfAttention.k.weight', 'model.decoder.block.7.layer.0.SelfAttention.v.weight', 'model.decoder.block.7.layer.0.SelfAttention.o.weight', 'model.decoder.block.7.layer.0.layer_norm.weight', 'model.decoder.block.7.layer.1.EncDecAttention.q.weight', 'model.decoder.block.7.layer.1.EncDecAttention.k.weight', 'model.decoder.block.7.layer.1.EncDecAttention.v.weight', 'model.decoder.block.7.layer.1.EncDecAttention.o.weight', 'model.decoder.block.7.layer.1.layer_norm.weight', 'model.decoder.block.7.layer.2.DenseReluDense.wi.weight', 'model.decoder.block.7.layer.2.DenseReluDense.wo.weight', 'model.decoder.block.7.layer.2.layer_norm.weight', 'model.decoder.block.8.layer.0.SelfAttention.q.weight', 'model.decoder.block.8.layer.0.SelfAttention.k.weight', 'model.decoder.block.8.layer.0.SelfAttention.v.weight', 'model.decoder.block.8.layer.0.SelfAttention.o.weight', 'model.decoder.block.8.layer.0.layer_norm.weight', 'model.decoder.block.8.layer.1.EncDecAttention.q.weight', 'model.decoder.block.8.layer.1.EncDecAttention.k.weight', 'model.decoder.block.8.layer.1.EncDecAttention.v.weight', 'model.decoder.block.8.layer.1.EncDecAttention.o.weight', 'model.decoder.block.8.layer.1.layer_norm.weight', 'model.decoder.block.8.layer.2.DenseReluDense.wi.weight', 'model.decoder.block.8.layer.2.DenseReluDense.wo.weight', 'model.decoder.block.8.layer.2.layer_norm.weight', 'model.decoder.block.9.layer.0.SelfAttention.q.weight', 'model.decoder.block.9.layer.0.SelfAttention.k.weight', 'model.decoder.block.9.layer.0.SelfAttention.v.weight', 'model.decoder.block.9.layer.0.SelfAttention.o.weight', 'model.decoder.block.9.layer.0.layer_norm.weight', 'model.decoder.block.9.layer.1.EncDecAttention.q.weight', 'model.decoder.block.9.layer.1.EncDecAttention.k.weight', 'model.decoder.block.9.layer.1.EncDecAttention.v.weight', 'model.decoder.block.9.layer.1.EncDecAttention.o.weight', 'model.decoder.block.9.layer.1.layer_norm.weight', 'model.decoder.block.9.layer.2.DenseReluDense.wi.weight', 'model.decoder.block.9.layer.2.DenseReluDense.wo.weight', 'model.decoder.block.9.layer.2.layer_norm.weight', 'model.decoder.block.10.layer.0.SelfAttention.q.weight', 'model.decoder.block.10.layer.0.SelfAttention.k.weight', 'model.decoder.block.10.layer.0.SelfAttention.v.weight', 'model.decoder.block.10.layer.0.SelfAttention.o.weight', 'model.decoder.block.10.layer.0.layer_norm.weight', 'model.decoder.block.10.layer.1.EncDecAttention.q.weight', 'model.decoder.block.10.layer.1.EncDecAttention.k.weight', 'model.decoder.block.10.layer.1.EncDecAttention.v.weight', 'model.decoder.block.10.layer.1.EncDecAttention.o.weight', 'model.decoder.block.10.layer.1.layer_norm.weight', 'model.decoder.block.10.layer.2.DenseReluDense.wi.weight', 'model.decoder.block.10.layer.2.DenseReluDense.wo.weight', 'model.decoder.block.10.layer.2.layer_norm.weight', 'model.decoder.block.11.layer.0.SelfAttention.q.weight', 'model.decoder.block.11.layer.0.SelfAttention.k.weight', 'model.decoder.block.11.layer.0.SelfAttention.v.weight', 'model.decoder.block.11.layer.0.SelfAttention.o.weight', 'model.decoder.block.11.layer.0.layer_norm.weight', 'model.decoder.block.11.layer.1.EncDecAttention.q.weight', 'model.decoder.block.11.layer.1.EncDecAttention.k.weight', 'model.decoder.block.11.layer.1.EncDecAttention.v.weight', 'model.decoder.block.11.layer.1.EncDecAttention.o.weight', 'model.decoder.block.11.layer.1.layer_norm.weight', 'model.decoder.block.11.layer.2.DenseReluDense.wi.weight', 'model.decoder.block.11.layer.2.DenseReluDense.wo.weight', 'model.decoder.block.11.layer.2.layer_norm.weight', 'model.decoder.block.12.layer.0.SelfAttention.q.weight', 'model.decoder.block.12.layer.0.SelfAttention.k.weight', 'model.decoder.block.12.layer.0.SelfAttention.v.weight', 'model.decoder.block.12.layer.0.SelfAttention.o.weight', 'model.decoder.block.12.layer.0.layer_norm.weight', 'model.decoder.block.12.layer.1.EncDecAttention.q.weight', 'model.decoder.block.12.layer.1.EncDecAttention.k.weight', 'model.decoder.block.12.layer.1.EncDecAttention.v.weight', 'model.decoder.block.12.layer.1.EncDecAttention.o.weight', 'model.decoder.block.12.layer.1.layer_norm.weight', 'model.decoder.block.12.layer.2.DenseReluDense.wi.weight', 'model.decoder.block.12.layer.2.DenseReluDense.wo.weight', 'model.decoder.block.12.layer.2.layer_norm.weight', 'model.decoder.block.13.layer.0.SelfAttention.q.weight', 'model.decoder.block.13.layer.0.SelfAttention.k.weight', 'model.decoder.block.13.layer.0.SelfAttention.v.weight', 'model.decoder.block.13.layer.0.SelfAttention.o.weight', 'model.decoder.block.13.layer.0.layer_norm.weight', 'model.decoder.block.13.layer.1.EncDecAttention.q.weight', 'model.decoder.block.13.layer.1.EncDecAttention.k.weight', 'model.decoder.block.13.layer.1.EncDecAttention.v.weight', 'model.decoder.block.13.layer.1.EncDecAttention.o.weight', 'model.decoder.block.13.layer.1.layer_norm.weight', 'model.decoder.block.13.layer.2.DenseReluDense.wi.weight', 'model.decoder.block.13.layer.2.DenseReluDense.wo.weight', 'model.decoder.block.13.layer.2.layer_norm.weight', 'model.decoder.block.14.layer.0.SelfAttention.q.weight', 'model.decoder.block.14.layer.0.SelfAttention.k.weight', 'model.decoder.block.14.layer.0.SelfAttention.v.weight', 'model.decoder.block.14.layer.0.SelfAttention.o.weight', 'model.decoder.block.14.layer.0.layer_norm.weight', 'model.decoder.block.14.layer.1.EncDecAttention.q.weight', 'model.decoder.block.14.layer.1.EncDecAttention.k.weight', 'model.decoder.block.14.layer.1.EncDecAttention.v.weight', 'model.decoder.block.14.layer.1.EncDecAttention.o.weight', 'model.decoder.block.14.layer.1.layer_norm.weight', 'model.decoder.block.14.layer.2.DenseReluDense.wi.weight', 'model.decoder.block.14.layer.2.DenseReluDense.wo.weight', 'model.decoder.block.14.layer.2.layer_norm.weight', 'model.decoder.block.15.layer.0.SelfAttention.q.weight', 'model.decoder.block.15.layer.0.SelfAttention.k.weight', 'model.decoder.block.15.layer.0.SelfAttention.v.weight', 'model.decoder.block.15.layer.0.SelfAttention.o.weight', 'model.decoder.block.15.layer.0.layer_norm.weight', 'model.decoder.block.15.layer.1.EncDecAttention.q.weight', 'model.decoder.block.15.layer.1.EncDecAttention.k.weight', 'model.decoder.block.15.layer.1.EncDecAttention.v.weight', 'model.decoder.block.15.layer.1.EncDecAttention.o.weight', 'model.decoder.block.15.layer.1.layer_norm.weight', 'model.decoder.block.15.layer.2.DenseReluDense.wi.weight', 'model.decoder.block.15.layer.2.DenseReluDense.wo.weight', 'model.decoder.block.15.layer.2.layer_norm.weight', 'model.decoder.block.16.layer.0.SelfAttention.q.weight', 'model.decoder.block.16.layer.0.SelfAttention.k.weight', 'model.decoder.block.16.layer.0.SelfAttention.v.weight', 'model.decoder.block.16.layer.0.SelfAttention.o.weight', 'model.decoder.block.16.layer.0.layer_norm.weight', 'model.decoder.block.16.layer.1.EncDecAttention.q.weight', 'model.decoder.block.16.layer.1.EncDecAttention.k.weight', 'model.decoder.block.16.layer.1.EncDecAttention.v.weight', 'model.decoder.block.16.layer.1.EncDecAttention.o.weight', 'model.decoder.block.16.layer.1.layer_norm.weight', 'model.decoder.block.16.layer.2.DenseReluDense.wi.weight', 'model.decoder.block.16.layer.2.DenseReluDense.wo.weight', 'model.decoder.block.16.layer.2.layer_norm.weight', 'model.decoder.block.17.layer.0.SelfAttention.q.weight', 'model.decoder.block.17.layer.0.SelfAttention.k.weight', 'model.decoder.block.17.layer.0.SelfAttention.v.weight', 'model.decoder.block.17.layer.0.SelfAttention.o.weight', 'model.decoder.block.17.layer.0.layer_norm.weight', 'model.decoder.block.17.layer.1.EncDecAttention.q.weight', 'model.decoder.block.17.layer.1.EncDecAttention.k.weight', 'model.decoder.block.17.layer.1.EncDecAttention.v.weight', 'model.decoder.block.17.layer.1.EncDecAttention.o.weight', 'model.decoder.block.17.layer.1.layer_norm.weight', 'model.decoder.block.17.layer.2.DenseReluDense.wi.weight', 'model.decoder.block.17.layer.2.DenseReluDense.wo.weight', 'model.decoder.block.17.layer.2.layer_norm.weight', 'model.decoder.block.18.layer.0.SelfAttention.q.weight', 'model.decoder.block.18.layer.0.SelfAttention.k.weight', 'model.decoder.block.18.layer.0.SelfAttention.v.weight', 'model.decoder.block.18.layer.0.SelfAttention.o.weight', 'model.decoder.block.18.layer.0.layer_norm.weight', 'model.decoder.block.18.layer.1.EncDecAttention.q.weight', 'model.decoder.block.18.layer.1.EncDecAttention.k.weight', 'model.decoder.block.18.layer.1.EncDecAttention.v.weight', 'model.decoder.block.18.layer.1.EncDecAttention.o.weight', 'model.decoder.block.18.layer.1.layer_norm.weight', 'model.decoder.block.18.layer.2.DenseReluDense.wi.weight', 'model.decoder.block.18.layer.2.DenseReluDense.wo.weight', 'model.decoder.block.18.layer.2.layer_norm.weight', 'model.decoder.block.19.layer.0.SelfAttention.q.weight', 'model.decoder.block.19.layer.0.SelfAttention.k.weight', 'model.decoder.block.19.layer.0.SelfAttention.v.weight', 'model.decoder.block.19.layer.0.SelfAttention.o.weight', 'model.decoder.block.19.layer.0.layer_norm.weight', 'model.decoder.block.19.layer.1.EncDecAttention.q.weight', 'model.decoder.block.19.layer.1.EncDecAttention.k.weight', 'model.decoder.block.19.layer.1.EncDecAttention.v.weight', 'model.decoder.block.19.layer.1.EncDecAttention.o.weight', 'model.decoder.block.19.layer.1.layer_norm.weight', 'model.decoder.block.19.layer.2.DenseReluDense.wi.weight', 'model.decoder.block.19.layer.2.DenseReluDense.wo.weight', 'model.decoder.block.19.layer.2.layer_norm.weight', 'model.decoder.block.20.layer.0.SelfAttention.q.weight', 'model.decoder.block.20.layer.0.SelfAttention.k.weight', 'model.decoder.block.20.layer.0.SelfAttention.v.weight', 'model.decoder.block.20.layer.0.SelfAttention.o.weight', 'model.decoder.block.20.layer.0.layer_norm.weight', 'model.decoder.block.20.layer.1.EncDecAttention.q.weight', 'model.decoder.block.20.layer.1.EncDecAttention.k.weight', 'model.decoder.block.20.layer.1.EncDecAttention.v.weight', 'model.decoder.block.20.layer.1.EncDecAttention.o.weight', 'model.decoder.block.20.layer.1.layer_norm.weight', 'model.decoder.block.20.layer.2.DenseReluDense.wi.weight', 'model.decoder.block.20.layer.2.DenseReluDense.wo.weight', 'model.decoder.block.20.layer.2.layer_norm.weight', 'model.decoder.block.21.layer.0.SelfAttention.q.weight', 'model.decoder.block.21.layer.0.SelfAttention.k.weight', 'model.decoder.block.21.layer.0.SelfAttention.v.weight', 'model.decoder.block.21.layer.0.SelfAttention.o.weight', 'model.decoder.block.21.layer.0.layer_norm.weight', 'model.decoder.block.21.layer.1.EncDecAttention.q.weight', 'model.decoder.block.21.layer.1.EncDecAttention.k.weight', 'model.decoder.block.21.layer.1.EncDecAttention.v.weight', 'model.decoder.block.21.layer.1.EncDecAttention.o.weight', 'model.decoder.block.21.layer.1.layer_norm.weight', 'model.decoder.block.21.layer.2.DenseReluDense.wi.weight', 'model.decoder.block.21.layer.2.DenseReluDense.wo.weight', 'model.decoder.block.21.layer.2.layer_norm.weight', 'model.decoder.block.22.layer.0.SelfAttention.q.weight', 'model.decoder.block.22.layer.0.SelfAttention.k.weight', 'model.decoder.block.22.layer.0.SelfAttention.v.weight', 'model.decoder.block.22.layer.0.SelfAttention.o.weight', 'model.decoder.block.22.layer.0.layer_norm.weight', 'model.decoder.block.22.layer.1.EncDecAttention.q.weight', 'model.decoder.block.22.layer.1.EncDecAttention.k.weight', 'model.decoder.block.22.layer.1.EncDecAttention.v.weight', 'model.decoder.block.22.layer.1.EncDecAttention.o.weight', 'model.decoder.block.22.layer.1.layer_norm.weight', 'model.decoder.block.22.layer.2.DenseReluDense.wi.weight', 'model.decoder.block.22.layer.2.DenseReluDense.wo.weight', 'model.decoder.block.22.layer.2.layer_norm.weight', 'model.decoder.block.23.layer.0.SelfAttention.q.weight', 'model.decoder.block.23.layer.0.SelfAttention.k.weight', 'model.decoder.block.23.layer.0.SelfAttention.v.weight', 'model.decoder.block.23.layer.0.SelfAttention.o.weight', 'model.decoder.block.23.layer.0.layer_norm.weight', 'model.decoder.block.23.layer.1.EncDecAttention.q.weight', 'model.decoder.block.23.layer.1.EncDecAttention.k.weight', 'model.decoder.block.23.layer.1.EncDecAttention.v.weight', 'model.decoder.block.23.layer.1.EncDecAttention.o.weight', 'model.decoder.block.23.layer.1.layer_norm.weight', 'model.decoder.block.23.layer.2.DenseReluDense.wi.weight', 'model.decoder.block.23.layer.2.DenseReluDense.wo.weight', 'model.decoder.block.23.layer.2.layer_norm.weight', 'model.decoder.final_layer_norm.weight', 'model.lm_head.weight'])
hparams.learning_rate = 0.003
Validation sanity check: 0it [00:00, ?it/s]split is 0
Length of dataset retrieving is.. 4572
Index(['id', 'date', 'input', 'output'], dtype='object')
Validation sanity check:   0%|          | 0/2 [00:00<?, ?it/s]Validation sanity check:  50%|█████     | 1/2 [00:02<00:02,  2.74s/it]Validation sanity check: 100%|██████████| 2/2 [00:04<00:00,  2.14s/it]                                                                      /mmfs1/gscratch/ark/tjung2/miniconda3/envs/ckl/lib/python3.8/site-packages/pytorch_lightning/trainer/data_loading.py:102: UserWarning: The dataloader, val dataloader 0, does not have many workers which may be a bottleneck. Consider increasing the value of the `num_workers` argument` (try 40 which is the number of cpus on this machine) in the `DataLoader` init to improve performance.
  rank_zero_warn(
/mmfs1/gscratch/ark/tjung2/miniconda3/envs/ckl/lib/python3.8/site-packages/pytorch_lightning/trainer/data_loading.py:102: UserWarning: The dataloader, train dataloader, does not have many workers which may be a bottleneck. Consider increasing the value of the `num_workers` argument` (try 40 which is the number of cpus on this machine) in the `DataLoader` init to improve performance.
  rank_zero_warn(
split is 0
Length of dataset retrieving is.. 9141
Index(['id', 'date', 'input', 'output'], dtype='object')
----------Sampler init----------
mid epoch = False
Training: 0it [00:00, ?it/s]Training:   0%|          | 0/428 [00:00<?, ?it/s]Epoch 0:   0%|          | 0/428 [00:00<?, ?it/s] cuda memory allocated: 5351174144
----------Sampler iter----------
_____not mid epoch_____
Epoch 0:   0%|          | 1/428 [00:00<03:42,  1.92it/s]Epoch 0:   0%|          | 1/428 [00:00<03:42,  1.92it/s, loss=13.2, em_score=0.000, f1_score=0.00195]Epoch 0:   0%|          | 2/428 [00:00<02:52,  2.47it/s, loss=13.2, em_score=0.000, f1_score=0.00195]Epoch 0:   0%|          | 2/428 [00:00<02:52,  2.47it/s, loss=11.9, em_score=0.000, f1_score=0.00195]Epoch 0:   1%|          | 3/428 [00:01<02:35,  2.73it/s, loss=11.9, em_score=0.000, f1_score=0.00195]Epoch 0:   1%|          | 3/428 [00:01<02:35,  2.73it/s, loss=11.1, em_score=0.000, f1_score=0.00195]Epoch 0:   1%|          | 4/428 [00:01<02:27,  2.87it/s, loss=11.1, em_score=0.000, f1_score=0.00195]Epoch 0:   1%|          | 4/428 [00:01<02:27,  2.87it/s, loss=10.4, em_score=0.000, f1_score=0.00195]Epoch 0:   1%|          | 5/428 [00:01<02:22,  2.97it/s, loss=10.4, em_score=0.000, f1_score=0.00195]Epoch 0:   1%|          | 5/428 [00:01<02:22,  2.97it/s, loss=9.8, em_score=0.000, f1_score=0.00195] Epoch 0:   1%|▏         | 6/428 [00:01<02:18,  3.04it/s, loss=9.8, em_score=0.000, f1_score=0.00195]Epoch 0:   1%|▏         | 6/428 [00:01<02:18,  3.04it/s, loss=9.39, em_score=0.000, f1_score=0.00195]Epoch 0:   2%|▏         | 7/428 [00:02<02:16,  3.09it/s, loss=9.39, em_score=0.000, f1_score=0.00195]Epoch 0:   2%|▏         | 7/428 [00:02<02:16,  3.09it/s, loss=9.05, em_score=0.000, f1_score=0.00195]Epoch 0:   2%|▏         | 8/428 [00:02<02:14,  3.13it/s, loss=9.05, em_score=0.000, f1_score=0.00195]Epoch 0:   2%|▏         | 8/428 [00:02<02:14,  3.13it/s, loss=8.78, em_score=0.000, f1_score=0.00195]Epoch 0:   2%|▏         | 9/428 [00:02<02:12,  3.16it/s, loss=8.78, em_score=0.000, f1_score=0.00195]Epoch 0:   2%|▏         | 9/428 [00:02<02:12,  3.16it/s, loss=8.5, em_score=0.000, f1_score=0.00195] Epoch 0:   2%|▏         | 10/428 [00:03<02:11,  3.18it/s, loss=8.5, em_score=0.000, f1_score=0.00195]Epoch 0:   2%|▏         | 10/428 [00:03<02:11,  3.18it/s, loss=8.3, em_score=0.000, f1_score=0.00195]Epoch 0:   3%|▎         | 11/428 [00:03<02:10,  3.20it/s, loss=8.3, em_score=0.000, f1_score=0.00195]Epoch 0:   3%|▎         | 11/428 [00:03<02:10,  3.20it/s, loss=8.1, em_score=0.000, f1_score=0.00195]Epoch 0:   3%|▎         | 12/428 [00:03<02:09,  3.22it/s, loss=8.1, em_score=0.000, f1_score=0.00195]Epoch 0:   3%|▎         | 12/428 [00:03<02:09,  3.22it/s, loss=7.94, em_score=0.000, f1_score=0.00195]Epoch 0:   3%|▎         | 13/428 [00:04<02:08,  3.23it/s, loss=7.94, em_score=0.000, f1_score=0.00195]Epoch 0:   3%|▎         | 13/428 [00:04<02:08,  3.23it/s, loss=7.8, em_score=0.000, f1_score=0.00195] Epoch 0:   3%|▎         | 14/428 [00:04<02:07,  3.25it/s, loss=7.8, em_score=0.000, f1_score=0.00195]Epoch 0:   3%|▎         | 14/428 [00:04<02:07,  3.25it/s, loss=7.69, em_score=0.000, f1_score=0.00195]Epoch 0:   4%|▎         | 15/428 [00:04<02:06,  3.26it/s, loss=7.69, em_score=0.000, f1_score=0.00195]Epoch 0:   4%|▎         | 15/428 [00:04<02:06,  3.26it/s, loss=7.61, em_score=0.000, f1_score=0.00195]Epoch 0:   4%|▎         | 16/428 [00:04<02:06,  3.27it/s, loss=7.61, em_score=0.000, f1_score=0.00195]Epoch 0:   4%|▎         | 16/428 [00:04<02:06,  3.27it/s, loss=7.51, em_score=0.000, f1_score=0.00195]Epoch 0:   4%|▍         | 17/428 [00:05<02:05,  3.28it/s, loss=7.51, em_score=0.000, f1_score=0.00195]Epoch 0:   4%|▍         | 17/428 [00:05<02:05,  3.27it/s, loss=7.41, em_score=0.000, f1_score=0.00195]Epoch 0:   4%|▍         | 18/428 [00:05<02:04,  3.28it/s, loss=7.41, em_score=0.000, f1_score=0.00195]Epoch 0:   4%|▍         | 18/428 [00:05<02:04,  3.28it/s, loss=7.33, em_score=0.000, f1_score=0.00195]Epoch 0:   4%|▍         | 19/428 [00:05<02:04,  3.29it/s, loss=7.33, em_score=0.000, f1_score=0.00195]Epoch 0:   4%|▍         | 19/428 [00:05<02:04,  3.29it/s, loss=7.26, em_score=0.000, f1_score=0.00195]Epoch 0:   5%|▍         | 20/428 [00:06<02:03,  3.30it/s, loss=7.26, em_score=0.000, f1_score=0.00195]Epoch 0:   5%|▍         | 20/428 [00:06<02:03,  3.30it/s, loss=7.2, em_score=0.000, f1_score=0.00195] Epoch 0:   5%|▍         | 21/428 [00:06<02:03,  3.30it/s, loss=7.2, em_score=0.000, f1_score=0.00195]Epoch 0:   5%|▍         | 21/428 [00:06<02:03,  3.30it/s, loss=6.85, em_score=0.000, f1_score=0.00195]Epoch 0:   5%|▌         | 22/428 [00:06<02:02,  3.31it/s, loss=6.85, em_score=0.000, f1_score=0.00195]Epoch 0:   5%|▌         | 22/428 [00:06<02:02,  3.31it/s, loss=6.62, em_score=0.000, f1_score=0.00195]Epoch 0:   5%|▌         | 23/428 [00:06<02:02,  3.31it/s, loss=6.62, em_score=0.000, f1_score=0.00195]Epoch 0:   5%|▌         | 23/428 [00:06<02:02,  3.31it/s, loss=6.44, em_score=0.000, f1_score=0.00195]Epoch 0:   6%|▌         | 24/428 [00:07<02:01,  3.32it/s, loss=6.44, em_score=0.000, f1_score=0.00195]Epoch 0:   6%|▌         | 24/428 [00:07<02:01,  3.32it/s, loss=6.32, em_score=0.000, f1_score=0.00195]Epoch 0:   6%|▌         | 25/428 [00:07<02:01,  3.32it/s, loss=6.32, em_score=0.000, f1_score=0.00195]Epoch 0:   6%|▌         | 25/428 [00:07<02:01,  3.32it/s, loss=6.23, em_score=0.000, f1_score=0.00195]Epoch 0:   6%|▌         | 26/428 [00:07<02:00,  3.32it/s, loss=6.23, em_score=0.000, f1_score=0.00195]Epoch 0:   6%|▌         | 26/428 [00:07<02:00,  3.32it/s, loss=6.16, em_score=0.000, f1_score=0.00195]Epoch 0:   6%|▋         | 27/428 [00:08<02:00,  3.33it/s, loss=6.16, em_score=0.000, f1_score=0.00195]Epoch 0:   6%|▋         | 27/428 [00:08<02:00,  3.33it/s, loss=6.11, em_score=0.000, f1_score=0.00195]Epoch 0:   7%|▋         | 28/428 [00:08<02:00,  3.33it/s, loss=6.11, em_score=0.000, f1_score=0.00195]Epoch 0:   7%|▋         | 28/428 [00:08<02:00,  3.33it/s, loss=6.06, em_score=0.000, f1_score=0.00195]Epoch 0:   7%|▋         | 29/428 [00:08<01:59,  3.33it/s, loss=6.06, em_score=0.000, f1_score=0.00195]Epoch 0:   7%|▋         | 29/428 [00:08<01:59,  3.33it/s, loss=6.04, em_score=0.000, f1_score=0.00195]Epoch 0:   7%|▋         | 30/428 [00:08<01:59,  3.34it/s, loss=6.04, em_score=0.000, f1_score=0.00195]Epoch 0:   7%|▋         | 30/428 [00:08<01:59,  3.33it/s, loss=6.02, em_score=0.000, f1_score=0.00195]Epoch 0:   7%|▋         | 31/428 [00:09<01:58,  3.34it/s, loss=6.02, em_score=0.000, f1_score=0.00195]Epoch 0:   7%|▋         | 31/428 [00:09<01:58,  3.34it/s, loss=6, em_score=0.000, f1_score=0.00195]   Epoch 0:   7%|▋         | 32/428 [00:09<01:58,  3.34it/s, loss=6, em_score=0.000, f1_score=0.00195]Epoch 0:   7%|▋         | 32/428 [00:09<01:58,  3.34it/s, loss=5.97, em_score=0.000, f1_score=0.00195]Epoch 0:   8%|▊         | 33/428 [00:09<01:58,  3.34it/s, loss=5.97, em_score=0.000, f1_score=0.00195]Epoch 0:   8%|▊         | 33/428 [00:09<01:58,  3.34it/s, loss=5.96, em_score=0.000, f1_score=0.00195]Epoch 0:   8%|▊         | 34/428 [00:10<01:57,  3.34it/s, loss=5.96, em_score=0.000, f1_score=0.00195]Epoch 0:   8%|▊         | 34/428 [00:10<01:57,  3.34it/s, loss=5.94, em_score=0.000, f1_score=0.00195]Epoch 0:   8%|▊         | 35/428 [00:10<01:57,  3.35it/s, loss=5.94, em_score=0.000, f1_score=0.00195]Epoch 0:   8%|▊         | 35/428 [00:10<01:57,  3.35it/s, loss=5.91, em_score=0.000, f1_score=0.00195]Epoch 0:   8%|▊         | 36/428 [00:10<01:57,  3.35it/s, loss=5.91, em_score=0.000, f1_score=0.00195]Epoch 0:   8%|▊         | 36/428 [00:10<01:57,  3.35it/s, loss=5.9, em_score=0.000, f1_score=0.00195] Epoch 0:   9%|▊         | 37/428 [00:11<01:56,  3.35it/s, loss=5.9, em_score=0.000, f1_score=0.00195]Epoch 0:   9%|▊         | 37/428 [00:11<01:56,  3.35it/s, loss=5.91, em_score=0.000, f1_score=0.00195]Epoch 0:   9%|▉         | 38/428 [00:11<01:56,  3.35it/s, loss=5.91, em_score=0.000, f1_score=0.00195]Epoch 0:   9%|▉         | 38/428 [00:11<01:56,  3.35it/s, loss=5.9, em_score=0.000, f1_score=0.00195] Epoch 0:   9%|▉         | 39/428 [00:11<01:56,  3.35it/s, loss=5.9, em_score=0.000, f1_score=0.00195]Epoch 0:   9%|▉         | 39/428 [00:11<01:56,  3.35it/s, loss=5.88, em_score=0.000, f1_score=0.00195]Epoch 0:   9%|▉         | 40/428 [00:11<01:55,  3.35it/s, loss=5.88, em_score=0.000, f1_score=0.00195]Epoch 0:   9%|▉         | 40/428 [00:11<01:55,  3.35it/s, loss=5.85, em_score=0.000, f1_score=0.00195]Epoch 0:  10%|▉         | 41/428 [00:12<01:55,  3.35it/s, loss=5.85, em_score=0.000, f1_score=0.00195]Epoch 0:  10%|▉         | 41/428 [00:12<01:55,  3.35it/s, loss=5.83, em_score=0.000, f1_score=0.00195]Epoch 0:  10%|▉         | 42/428 [00:12<01:55,  3.35it/s, loss=5.83, em_score=0.000, f1_score=0.00195]Epoch 0:  10%|▉         | 42/428 [00:12<01:55,  3.35it/s, loss=5.82, em_score=0.000, f1_score=0.00195]Epoch 0:  10%|█         | 43/428 [00:12<01:54,  3.36it/s, loss=5.82, em_score=0.000, f1_score=0.00195]Epoch 0:  10%|█         | 43/428 [00:12<01:54,  3.36it/s, loss=5.8, em_score=0.000, f1_score=0.00195] Epoch 0:  10%|█         | 44/428 [00:13<01:54,  3.36it/s, loss=5.8, em_score=0.000, f1_score=0.00195]Epoch 0:  10%|█         | 44/428 [00:13<01:54,  3.36it/s, loss=5.78, em_score=0.000, f1_score=0.00195]Epoch 0:  11%|█         | 45/428 [00:13<01:54,  3.36it/s, loss=5.78, em_score=0.000, f1_score=0.00195]Epoch 0:  11%|█         | 45/428 [00:13<01:54,  3.36it/s, loss=5.77, em_score=0.000, f1_score=0.00195]Epoch 0:  11%|█         | 46/428 [00:13<01:53,  3.36it/s, loss=5.77, em_score=0.000, f1_score=0.00195]Epoch 0:  11%|█         | 46/428 [00:13<01:53,  3.36it/s, loss=5.74, em_score=0.000, f1_score=0.00195]Epoch 0:  11%|█         | 47/428 [00:13<01:53,  3.36it/s, loss=5.74, em_score=0.000, f1_score=0.00195]Epoch 0:  11%|█         | 47/428 [00:13<01:53,  3.36it/s, loss=5.72, em_score=0.000, f1_score=0.00195]Epoch 0:  11%|█         | 48/428 [00:14<01:53,  3.36it/s, loss=5.72, em_score=0.000, f1_score=0.00195]Epoch 0:  11%|█         | 48/428 [00:14<01:53,  3.36it/s, loss=5.68, em_score=0.000, f1_score=0.00195]Epoch 0:  11%|█▏        | 49/428 [00:14<01:52,  3.36it/s, loss=5.68, em_score=0.000, f1_score=0.00195]Epoch 0:  11%|█▏        | 49/428 [00:14<01:52,  3.36it/s, loss=5.64, em_score=0.000, f1_score=0.00195]Epoch 0:  12%|█▏        | 50/428 [00:14<01:52,  3.36it/s, loss=5.64, em_score=0.000, f1_score=0.00195]Epoch 0:  12%|█▏        | 50/428 [00:14<01:52,  3.36it/s, loss=5.58, em_score=0.000, f1_score=0.00195]Epoch 0:  12%|█▏        | 51/428 [00:15<01:52,  3.36it/s, loss=5.58, em_score=0.000, f1_score=0.00195]Epoch 0:  12%|█▏        | 51/428 [00:15<01:52,  3.36it/s, loss=5.55, em_score=0.000, f1_score=0.00195]Epoch 0:  12%|█▏        | 52/428 [00:15<01:51,  3.36it/s, loss=5.55, em_score=0.000, f1_score=0.00195]Epoch 0:  12%|█▏        | 52/428 [00:15<01:51,  3.36it/s, loss=5.5, em_score=0.000, f1_score=0.00195] Epoch 0:  12%|█▏        | 53/428 [00:15<01:51,  3.36it/s, loss=5.5, em_score=0.000, f1_score=0.00195]Epoch 0:  12%|█▏        | 53/428 [00:15<01:51,  3.36it/s, loss=5.44, em_score=0.000, f1_score=0.00195]Epoch 0:  13%|█▎        | 54/428 [00:16<01:51,  3.36it/s, loss=5.44, em_score=0.000, f1_score=0.00195]Epoch 0:  13%|█▎        | 54/428 [00:16<01:51,  3.36it/s, loss=5.39, em_score=0.000, f1_score=0.00195]Epoch 0:  13%|█▎        | 55/428 [00:16<01:50,  3.36it/s, loss=5.39, em_score=0.000, f1_score=0.00195]Epoch 0:  13%|█▎        | 55/428 [00:16<01:50,  3.36it/s, loss=5.33, em_score=0.000, f1_score=0.00195]Epoch 0:  13%|█▎        | 56/428 [00:16<01:50,  3.36it/s, loss=5.33, em_score=0.000, f1_score=0.00195]Epoch 0:  13%|█▎        | 56/428 [00:16<01:50,  3.36it/s, loss=5.26, em_score=0.000, f1_score=0.00195]Epoch 0:  13%|█▎        | 57/428 [00:16<01:50,  3.37it/s, loss=5.26, em_score=0.000, f1_score=0.00195]Epoch 0:  13%|█▎        | 57/428 [00:16<01:50,  3.36it/s, loss=5.18, em_score=0.000, f1_score=0.00195]Epoch 0:  14%|█▎        | 58/428 [00:17<01:49,  3.37it/s, loss=5.18, em_score=0.000, f1_score=0.00195]Epoch 0:  14%|█▎        | 58/428 [00:17<01:49,  3.37it/s, loss=5.11, em_score=0.000, f1_score=0.00195]Epoch 0:  14%|█▍        | 59/428 [00:17<01:49,  3.37it/s, loss=5.11, em_score=0.000, f1_score=0.00195]Epoch 0:  14%|█▍        | 59/428 [00:17<01:49,  3.37it/s, loss=5.03, em_score=0.000, f1_score=0.00195]Epoch 0:  14%|█▍        | 60/428 [00:17<01:49,  3.37it/s, loss=5.03, em_score=0.000, f1_score=0.00195]Epoch 0:  14%|█▍        | 60/428 [00:17<01:49,  3.37it/s, loss=4.97, em_score=0.000, f1_score=0.00195]Epoch 0:  14%|█▍        | 61/428 [00:18<01:49,  3.37it/s, loss=4.97, em_score=0.000, f1_score=0.00195]Epoch 0:  14%|█▍        | 61/428 [00:18<01:49,  3.37it/s, loss=4.87, em_score=0.000, f1_score=0.00195]Epoch 0:  14%|█▍        | 62/428 [00:18<01:48,  3.37it/s, loss=4.87, em_score=0.000, f1_score=0.00195]Epoch 0:  14%|█▍        | 62/428 [00:18<01:48,  3.37it/s, loss=4.8, em_score=0.000, f1_score=0.00195] Epoch 0:  15%|█▍        | 63/428 [00:18<01:48,  3.37it/s, loss=4.8, em_score=0.000, f1_score=0.00195]Epoch 0:  15%|█▍        | 63/428 [00:18<01:48,  3.37it/s, loss=4.72, em_score=0.000, f1_score=0.00195]Epoch 0:  15%|█▍        | 64/428 [00:19<01:48,  3.37it/s, loss=4.72, em_score=0.000, f1_score=0.00195]Epoch 0:  15%|█▍        | 64/428 [00:19<01:48,  3.37it/s, loss=4.65, em_score=0.000, f1_score=0.00195]Epoch 0:  15%|█▌        | 65/428 [00:19<01:47,  3.37it/s, loss=4.65, em_score=0.000, f1_score=0.00195]Epoch 0:  15%|█▌        | 65/428 [00:19<01:47,  3.37it/s, loss=4.55, em_score=0.000, f1_score=0.00195]Epoch 0:  15%|█▌        | 66/428 [00:19<01:47,  3.37it/s, loss=4.55, em_score=0.000, f1_score=0.00195]Epoch 0:  15%|█▌        | 66/428 [00:19<01:47,  3.37it/s, loss=4.48, em_score=0.000, f1_score=0.00195]Epoch 0:  16%|█▌        | 67/428 [00:19<01:47,  3.37it/s, loss=4.48, em_score=0.000, f1_score=0.00195]Epoch 0:  16%|█▌        | 67/428 [00:19<01:47,  3.37it/s, loss=4.41, em_score=0.000, f1_score=0.00195]Epoch 0:  16%|█▌        | 68/428 [00:20<01:46,  3.37it/s, loss=4.41, em_score=0.000, f1_score=0.00195]Epoch 0:  16%|█▌        | 68/428 [00:20<01:46,  3.37it/s, loss=4.34, em_score=0.000, f1_score=0.00195]Epoch 0:  16%|█▌        | 69/428 [00:20<01:46,  3.37it/s, loss=4.34, em_score=0.000, f1_score=0.00195]Epoch 0:  16%|█▌        | 69/428 [00:20<01:46,  3.37it/s, loss=4.27, em_score=0.000, f1_score=0.00195]Epoch 0:  16%|█▋        | 70/428 [00:20<01:46,  3.37it/s, loss=4.27, em_score=0.000, f1_score=0.00195]Epoch 0:  16%|█▋        | 70/428 [00:20<01:46,  3.37it/s, loss=4.21, em_score=0.000, f1_score=0.00195]Epoch 0:  17%|█▋        | 71/428 [00:21<01:45,  3.37it/s, loss=4.21, em_score=0.000, f1_score=0.00195]Epoch 0:  17%|█▋        | 71/428 [00:21<01:45,  3.37it/s, loss=4.12, em_score=0.000, f1_score=0.00195]Epoch 0:  17%|█▋        | 72/428 [00:21<01:45,  3.37it/s, loss=4.12, em_score=0.000, f1_score=0.00195]Epoch 0:  17%|█▋        | 72/428 [00:21<01:45,  3.37it/s, loss=4.07, em_score=0.000, f1_score=0.00195]Epoch 0:  17%|█▋        | 73/428 [00:21<01:45,  3.37it/s, loss=4.07, em_score=0.000, f1_score=0.00195]Epoch 0:  17%|█▋        | 73/428 [00:21<01:45,  3.37it/s, loss=4.05, em_score=0.000, f1_score=0.00195]Epoch 0:  17%|█▋        | 74/428 [00:21<01:45,  3.37it/s, loss=4.05, em_score=0.000, f1_score=0.00195]Epoch 0:  17%|█▋        | 74/428 [00:21<01:45,  3.37it/s, loss=3.98, em_score=0.000, f1_score=0.00195]Epoch 0:  18%|█▊        | 75/428 [00:22<01:44,  3.37it/s, loss=3.98, em_score=0.000, f1_score=0.00195]Epoch 0:  18%|█▊        | 75/428 [00:22<01:44,  3.37it/s, loss=3.93, em_score=0.000, f1_score=0.00195]Epoch 0:  18%|█▊        | 76/428 [00:22<01:44,  3.37it/s, loss=3.93, em_score=0.000, f1_score=0.00195]Epoch 0:  18%|█▊        | 76/428 [00:22<01:44,  3.37it/s, loss=3.89, em_score=0.000, f1_score=0.00195]Epoch 0:  18%|█▊        | 77/428 [00:22<01:44,  3.37it/s, loss=3.89, em_score=0.000, f1_score=0.00195]Epoch 0:  18%|█▊        | 77/428 [00:22<01:44,  3.37it/s, loss=3.83, em_score=0.000, f1_score=0.00195]Epoch 0:  18%|█▊        | 78/428 [00:23<01:43,  3.37it/s, loss=3.83, em_score=0.000, f1_score=0.00195]Epoch 0:  18%|█▊        | 78/428 [00:23<01:43,  3.37it/s, loss=3.79, em_score=0.000, f1_score=0.00195]Epoch 0:  18%|█▊        | 79/428 [00:23<01:43,  3.37it/s, loss=3.79, em_score=0.000, f1_score=0.00195]Epoch 0:  18%|█▊        | 79/428 [00:23<01:43,  3.37it/s, loss=3.75, em_score=0.000, f1_score=0.00195]Epoch 0:  19%|█▊        | 80/428 [00:23<01:43,  3.37it/s, loss=3.75, em_score=0.000, f1_score=0.00195]Epoch 0:  19%|█▊        | 80/428 [00:23<01:43,  3.37it/s, loss=3.69, em_score=0.000, f1_score=0.00195]Epoch 0:  19%|█▉        | 81/428 [00:24<01:42,  3.37it/s, loss=3.69, em_score=0.000, f1_score=0.00195]Epoch 0:  19%|█▉        | 81/428 [00:24<01:42,  3.37it/s, loss=3.67, em_score=0.000, f1_score=0.00195]Epoch 0:  19%|█▉        | 82/428 [00:24<01:42,  3.37it/s, loss=3.67, em_score=0.000, f1_score=0.00195]Epoch 0:  19%|█▉        | 82/428 [00:24<01:42,  3.37it/s, loss=3.62, em_score=0.000, f1_score=0.00195]Epoch 0:  19%|█▉        | 83/428 [00:24<01:42,  3.37it/s, loss=3.62, em_score=0.000, f1_score=0.00195]Epoch 0:  19%|█▉        | 83/428 [00:24<01:42,  3.37it/s, loss=3.58, em_score=0.000, f1_score=0.00195]Epoch 0:  20%|█▉        | 84/428 [00:24<01:42,  3.37it/s, loss=3.58, em_score=0.000, f1_score=0.00195]Epoch 0:  20%|█▉        | 84/428 [00:24<01:42,  3.37it/s, loss=3.55, em_score=0.000, f1_score=0.00195]Epoch 0:  20%|█▉        | 85/428 [00:25<01:41,  3.37it/s, loss=3.55, em_score=0.000, f1_score=0.00195]Epoch 0:  20%|█▉        | 85/428 [00:25<01:41,  3.37it/s, loss=3.52, em_score=0.000, f1_score=0.00195]Epoch 0:  20%|██        | 86/428 [00:25<01:41,  3.37it/s, loss=3.52, em_score=0.000, f1_score=0.00195]Epoch 0:  20%|██        | 86/428 [00:25<01:41,  3.37it/s, loss=3.47, em_score=0.000, f1_score=0.00195]Epoch 0:  20%|██        | 87/428 [00:25<01:41,  3.37it/s, loss=3.47, em_score=0.000, f1_score=0.00195]Epoch 0:  20%|██        | 87/428 [00:25<01:41,  3.37it/s, loss=3.41, em_score=0.000, f1_score=0.00195]Epoch 0:  21%|██        | 88/428 [00:26<01:40,  3.37it/s, loss=3.41, em_score=0.000, f1_score=0.00195]Epoch 0:  21%|██        | 88/428 [00:26<01:40,  3.37it/s, loss=3.37, em_score=0.000, f1_score=0.00195]Epoch 0:  21%|██        | 89/428 [00:26<01:40,  3.37it/s, loss=3.37, em_score=0.000, f1_score=0.00195]Epoch 0:  21%|██        | 89/428 [00:26<01:40,  3.37it/s, loss=3.35, em_score=0.000, f1_score=0.00195]Epoch 0:  21%|██        | 90/428 [00:26<01:40,  3.37it/s, loss=3.35, em_score=0.000, f1_score=0.00195]Epoch 0:  21%|██        | 90/428 [00:26<01:40,  3.37it/s, loss=3.32, em_score=0.000, f1_score=0.00195]Epoch 0:  21%|██▏       | 91/428 [00:27<01:39,  3.37it/s, loss=3.32, em_score=0.000, f1_score=0.00195]Epoch 0:  21%|██▏       | 91/428 [00:27<01:39,  3.37it/s, loss=3.31, em_score=0.000, f1_score=0.00195]Epoch 0:  21%|██▏       | 92/428 [00:27<01:39,  3.37it/s, loss=3.31, em_score=0.000, f1_score=0.00195]Epoch 0:  21%|██▏       | 92/428 [00:27<01:39,  3.37it/s, loss=3.27, em_score=0.000, f1_score=0.00195]Epoch 0:  22%|██▏       | 93/428 [00:27<01:39,  3.37it/s, loss=3.27, em_score=0.000, f1_score=0.00195]Epoch 0:  22%|██▏       | 93/428 [00:27<01:39,  3.37it/s, loss=3.21, em_score=0.000, f1_score=0.00195]Epoch 0:  22%|██▏       | 94/428 [00:27<01:39,  3.37it/s, loss=3.21, em_score=0.000, f1_score=0.00195]Epoch 0:  22%|██▏       | 94/428 [00:27<01:39,  3.37it/s, loss=3.18, em_score=0.000, f1_score=0.00195]Epoch 0:  22%|██▏       | 95/428 [00:28<01:38,  3.37it/s, loss=3.18, em_score=0.000, f1_score=0.00195]Epoch 0:  22%|██▏       | 95/428 [00:28<01:38,  3.37it/s, loss=3.15, em_score=0.000, f1_score=0.00195]Epoch 0:  22%|██▏       | 96/428 [00:28<01:38,  3.37it/s, loss=3.15, em_score=0.000, f1_score=0.00195]Epoch 0:  22%|██▏       | 96/428 [00:28<01:38,  3.37it/s, loss=3.1, em_score=0.000, f1_score=0.00195] Epoch 0:  23%|██▎       | 97/428 [00:28<01:38,  3.37it/s, loss=3.1, em_score=0.000, f1_score=0.00195]Epoch 0:  23%|██▎       | 97/428 [00:28<01:38,  3.37it/s, loss=3.08, em_score=0.000, f1_score=0.00195]Epoch 0:  23%|██▎       | 98/428 [00:29<01:37,  3.37it/s, loss=3.08, em_score=0.000, f1_score=0.00195]Epoch 0:  23%|██▎       | 98/428 [00:29<01:37,  3.37it/s, loss=3.06, em_score=0.000, f1_score=0.00195]Epoch 0:  23%|██▎       | 99/428 [00:29<01:37,  3.37it/s, loss=3.06, em_score=0.000, f1_score=0.00195]Epoch 0:  23%|██▎       | 99/428 [00:29<01:37,  3.37it/s, loss=3.04, em_score=0.000, f1_score=0.00195]Epoch 0:  23%|██▎       | 100/428 [00:29<01:37,  3.37it/s, loss=3.04, em_score=0.000, f1_score=0.00195]Epoch 0:  23%|██▎       | 100/428 [00:29<01:37,  3.37it/s, loss=3.03, em_score=0.000, f1_score=0.00195]Epoch 0:  24%|██▎       | 101/428 [00:29<01:37,  3.37it/s, loss=3.03, em_score=0.000, f1_score=0.00195]Epoch 0:  24%|██▎       | 101/428 [00:29<01:37,  3.37it/s, loss=3.01, em_score=0.000, f1_score=0.00195]Epoch 0:  24%|██▍       | 102/428 [00:30<01:36,  3.37it/s, loss=3.01, em_score=0.000, f1_score=0.00195]Epoch 0:  24%|██▍       | 102/428 [00:30<01:36,  3.37it/s, loss=2.98, em_score=0.000, f1_score=0.00195]Epoch 0:  24%|██▍       | 103/428 [00:30<01:36,  3.37it/s, loss=2.98, em_score=0.000, f1_score=0.00195]Epoch 0:  24%|██▍       | 103/428 [00:30<01:36,  3.37it/s, loss=2.97, em_score=0.000, f1_score=0.00195]Epoch 0:  24%|██▍       | 104/428 [00:30<01:36,  3.37it/s, loss=2.97, em_score=0.000, f1_score=0.00195]Epoch 0:  24%|██▍       | 104/428 [00:30<01:36,  3.37it/s, loss=2.95, em_score=0.000, f1_score=0.00195]Epoch 0:  25%|██▍       | 105/428 [00:31<01:35,  3.37it/s, loss=2.95, em_score=0.000, f1_score=0.00195]Epoch 0:  25%|██▍       | 105/428 [00:31<01:35,  3.37it/s, loss=2.93, em_score=0.000, f1_score=0.00195]Epoch 0:  25%|██▍       | 106/428 [00:31<01:35,  3.37it/s, loss=2.93, em_score=0.000, f1_score=0.00195]Epoch 0:  25%|██▍       | 106/428 [00:31<01:35,  3.37it/s, loss=2.93, em_score=0.000, f1_score=0.00195]Epoch 0:  25%|██▌       | 107/428 [00:31<01:35,  3.37it/s, loss=2.93, em_score=0.000, f1_score=0.00195]Epoch 0:  25%|██▌       | 107/428 [00:31<01:35,  3.37it/s, loss=2.92, em_score=0.000, f1_score=0.00195]Epoch 0:  25%|██▌       | 108/428 [00:32<01:34,  3.37it/s, loss=2.92, em_score=0.000, f1_score=0.00195]Epoch 0:  25%|██▌       | 108/428 [00:32<01:34,  3.37it/s, loss=2.9, em_score=0.000, f1_score=0.00195] Epoch 0:  25%|██▌       | 109/428 [00:32<01:34,  3.37it/s, loss=2.9, em_score=0.000, f1_score=0.00195]Epoch 0:  25%|██▌       | 109/428 [00:32<01:34,  3.37it/s, loss=2.87, em_score=0.000, f1_score=0.00195]Epoch 0:  26%|██▌       | 110/428 [00:32<01:34,  3.37it/s, loss=2.87, em_score=0.000, f1_score=0.00195]Epoch 0:  26%|██▌       | 110/428 [00:32<01:34,  3.37it/s, loss=2.86, em_score=0.000, f1_score=0.00195]Epoch 0:  26%|██▌       | 111/428 [00:32<01:34,  3.37it/s, loss=2.86, em_score=0.000, f1_score=0.00195]Epoch 0:  26%|██▌       | 111/428 [00:32<01:34,  3.37it/s, loss=2.83, em_score=0.000, f1_score=0.00195]Epoch 0:  26%|██▌       | 112/428 [00:33<01:33,  3.37it/s, loss=2.83, em_score=0.000, f1_score=0.00195]Epoch 0:  26%|██▌       | 112/428 [00:33<01:33,  3.37it/s, loss=2.82, em_score=0.000, f1_score=0.00195]Epoch 0:  26%|██▋       | 113/428 [00:33<01:33,  3.37it/s, loss=2.82, em_score=0.000, f1_score=0.00195]Epoch 0:  26%|██▋       | 113/428 [00:33<01:33,  3.37it/s, loss=2.8, em_score=0.000, f1_score=0.00195] Epoch 0:  27%|██▋       | 114/428 [00:33<01:33,  3.37it/s, loss=2.8, em_score=0.000, f1_score=0.00195]Epoch 0:  27%|██▋       | 114/428 [00:33<01:33,  3.37it/s, loss=2.79, em_score=0.000, f1_score=0.00195]Epoch 0:  27%|██▋       | 115/428 [00:34<01:32,  3.37it/s, loss=2.79, em_score=0.000, f1_score=0.00195]Epoch 0:  27%|██▋       | 115/428 [00:34<01:32,  3.37it/s, loss=2.78, em_score=0.000, f1_score=0.00195]Epoch 0:  27%|██▋       | 116/428 [00:34<01:32,  3.37it/s, loss=2.78, em_score=0.000, f1_score=0.00195]Epoch 0:  27%|██▋       | 116/428 [00:34<01:32,  3.37it/s, loss=2.77, em_score=0.000, f1_score=0.00195]Epoch 0:  27%|██▋       | 117/428 [00:34<01:32,  3.37it/s, loss=2.77, em_score=0.000, f1_score=0.00195]Epoch 0:  27%|██▋       | 117/428 [00:34<01:32,  3.37it/s, loss=2.74, em_score=0.000, f1_score=0.00195]Epoch 0:  28%|██▊       | 118/428 [00:35<01:32,  3.37it/s, loss=2.74, em_score=0.000, f1_score=0.00195]Epoch 0:  28%|██▊       | 118/428 [00:35<01:32,  3.37it/s, loss=2.71, em_score=0.000, f1_score=0.00195]Epoch 0:  28%|██▊       | 119/428 [00:35<01:31,  3.37it/s, loss=2.71, em_score=0.000, f1_score=0.00195]Epoch 0:  28%|██▊       | 119/428 [00:35<01:31,  3.37it/s, loss=2.71, em_score=0.000, f1_score=0.00195]Epoch 0:  28%|██▊       | 120/428 [00:35<01:31,  3.37it/s, loss=2.71, em_score=0.000, f1_score=0.00195]Epoch 0:  28%|██▊       | 120/428 [00:35<01:31,  3.37it/s, loss=2.7, em_score=0.000, f1_score=0.00195] Epoch 0:  28%|██▊       | 121/428 [00:35<01:31,  3.37it/s, loss=2.7, em_score=0.000, f1_score=0.00195]Epoch 0:  28%|██▊       | 121/428 [00:35<01:31,  3.37it/s, loss=2.69, em_score=0.000, f1_score=0.00195]Epoch 0:  29%|██▊       | 122/428 [00:36<01:30,  3.37it/s, loss=2.69, em_score=0.000, f1_score=0.00195]Epoch 0:  29%|██▊       | 122/428 [00:36<01:30,  3.37it/s, loss=2.69, em_score=0.000, f1_score=0.00195]Epoch 0:  29%|██▊       | 123/428 [00:36<01:30,  3.37it/s, loss=2.69, em_score=0.000, f1_score=0.00195]Epoch 0:  29%|██▊       | 123/428 [00:36<01:30,  3.37it/s, loss=2.68, em_score=0.000, f1_score=0.00195]Epoch 0:  29%|██▉       | 124/428 [00:36<01:30,  3.37it/s, loss=2.68, em_score=0.000, f1_score=0.00195]Epoch 0:  29%|██▉       | 124/428 [00:36<01:30,  3.37it/s, loss=2.66, em_score=0.000, f1_score=0.00195]Epoch 0:  29%|██▉       | 125/428 [00:37<01:29,  3.37it/s, loss=2.66, em_score=0.000, f1_score=0.00195]Epoch 0:  29%|██▉       | 125/428 [00:37<01:29,  3.37it/s, loss=2.67, em_score=0.000, f1_score=0.00195]Epoch 0:  29%|██▉       | 126/428 [00:37<01:29,  3.37it/s, loss=2.67, em_score=0.000, f1_score=0.00195]Epoch 0:  29%|██▉       | 126/428 [00:37<01:29,  3.37it/s, loss=2.66, em_score=0.000, f1_score=0.00195]Epoch 0:  30%|██▉       | 127/428 [00:37<01:29,  3.37it/s, loss=2.66, em_score=0.000, f1_score=0.00195]Epoch 0:  30%|██▉       | 127/428 [00:37<01:29,  3.37it/s, loss=2.64, em_score=0.000, f1_score=0.00195]Epoch 0:  30%|██▉       | 128/428 [00:38<01:29,  3.37it/s, loss=2.64, em_score=0.000, f1_score=0.00195]Epoch 0:  30%|██▉       | 128/428 [00:38<01:29,  3.37it/s, loss=2.65, em_score=0.000, f1_score=0.00195]Epoch 0:  30%|███       | 129/428 [00:38<01:28,  3.37it/s, loss=2.65, em_score=0.000, f1_score=0.00195]Epoch 0:  30%|███       | 129/428 [00:38<01:28,  3.37it/s, loss=2.65, em_score=0.000, f1_score=0.00195]Epoch 0:  30%|███       | 130/428 [00:38<01:28,  3.37it/s, loss=2.65, em_score=0.000, f1_score=0.00195]Epoch 0:  30%|███       | 130/428 [00:38<01:28,  3.37it/s, loss=2.65, em_score=0.000, f1_score=0.00195]Epoch 0:  31%|███       | 131/428 [00:38<01:28,  3.37it/s, loss=2.65, em_score=0.000, f1_score=0.00195]Epoch 0:  31%|███       | 131/428 [00:38<01:28,  3.37it/s, loss=2.66, em_score=0.000, f1_score=0.00195]Epoch 0:  31%|███       | 132/428 [00:39<01:27,  3.37it/s, loss=2.66, em_score=0.000, f1_score=0.00195]Epoch 0:  31%|███       | 132/428 [00:39<01:27,  3.37it/s, loss=2.65, em_score=0.000, f1_score=0.00195]Epoch 0:  31%|███       | 133/428 [00:39<01:27,  3.37it/s, loss=2.65, em_score=0.000, f1_score=0.00195]Epoch 0:  31%|███       | 133/428 [00:39<01:27,  3.37it/s, loss=2.67, em_score=0.000, f1_score=0.00195]Epoch 0:  31%|███▏      | 134/428 [00:39<01:27,  3.37it/s, loss=2.67, em_score=0.000, f1_score=0.00195]Epoch 0:  31%|███▏      | 134/428 [00:39<01:27,  3.37it/s, loss=2.65, em_score=0.000, f1_score=0.00195]Epoch 0:  32%|███▏      | 135/428 [00:40<01:27,  3.37it/s, loss=2.65, em_score=0.000, f1_score=0.00195]Epoch 0:  32%|███▏      | 135/428 [00:40<01:27,  3.37it/s, loss=2.65, em_score=0.000, f1_score=0.00195]Epoch 0:  32%|███▏      | 136/428 [00:40<01:26,  3.37it/s, loss=2.65, em_score=0.000, f1_score=0.00195]Epoch 0:  32%|███▏      | 136/428 [00:40<01:26,  3.37it/s, loss=2.67, em_score=0.000, f1_score=0.00195]Epoch 0:  32%|███▏      | 137/428 [00:40<01:26,  3.37it/s, loss=2.67, em_score=0.000, f1_score=0.00195]Epoch 0:  32%|███▏      | 137/428 [00:40<01:26,  3.37it/s, loss=2.68, em_score=0.000, f1_score=0.00195]Epoch 0:  32%|███▏      | 138/428 [00:40<01:26,  3.37it/s, loss=2.68, em_score=0.000, f1_score=0.00195]Epoch 0:  32%|███▏      | 138/428 [00:41<01:26,  3.37it/s, loss=2.68, em_score=0.000, f1_score=0.00195]Epoch 0:  32%|███▏      | 139/428 [00:41<01:25,  3.37it/s, loss=2.68, em_score=0.000, f1_score=0.00195]Epoch 0:  32%|███▏      | 139/428 [00:41<01:25,  3.37it/s, loss=2.66, em_score=0.000, f1_score=0.00195]Epoch 0:  33%|███▎      | 140/428 [00:41<01:25,  3.37it/s, loss=2.66, em_score=0.000, f1_score=0.00195]Epoch 0:  33%|███▎      | 140/428 [00:41<01:25,  3.37it/s, loss=2.63, em_score=0.000, f1_score=0.00195]Epoch 0:  33%|███▎      | 141/428 [00:41<01:25,  3.37it/s, loss=2.63, em_score=0.000, f1_score=0.00195]Epoch 0:  33%|███▎      | 141/428 [00:41<01:25,  3.37it/s, loss=2.64, em_score=0.000, f1_score=0.00195]Epoch 0:  33%|███▎      | 142/428 [00:42<01:24,  3.37it/s, loss=2.64, em_score=0.000, f1_score=0.00195]Epoch 0:  33%|███▎      | 142/428 [00:42<01:24,  3.37it/s, loss=2.61, em_score=0.000, f1_score=0.00195]Epoch 0:  33%|███▎      | 143/428 [00:42<01:24,  3.36it/s, loss=2.61, em_score=0.000, f1_score=0.00195]Epoch 0:  33%|███▎      | 143/428 [00:42<01:24,  3.36it/s, loss=2.61, em_score=0.000, f1_score=0.00195]Epoch 0:  34%|███▎      | 144/428 [00:42<01:24,  3.36it/s, loss=2.61, em_score=0.000, f1_score=0.00195]Epoch 0:  34%|███▎      | 144/428 [00:42<01:24,  3.36it/s, loss=2.6, em_score=0.000, f1_score=0.00195] Epoch 0:  34%|███▍      | 145/428 [00:43<01:24,  3.36it/s, loss=2.6, em_score=0.000, f1_score=0.00195]Epoch 0:  34%|███▍      | 145/428 [00:43<01:24,  3.36it/s, loss=2.59, em_score=0.000, f1_score=0.00195]Epoch 0:  34%|███▍      | 146/428 [00:43<01:23,  3.36it/s, loss=2.59, em_score=0.000, f1_score=0.00195]Epoch 0:  34%|███▍      | 146/428 [00:43<01:23,  3.36it/s, loss=2.57, em_score=0.000, f1_score=0.00195]Epoch 0:  34%|███▍      | 147/428 [00:43<01:23,  3.36it/s, loss=2.57, em_score=0.000, f1_score=0.00195]Epoch 0:  34%|███▍      | 147/428 [00:43<01:23,  3.36it/s, loss=2.58, em_score=0.000, f1_score=0.00195]Epoch 0:  35%|███▍      | 148/428 [00:43<01:23,  3.36it/s, loss=2.58, em_score=0.000, f1_score=0.00195]Epoch 0:  35%|███▍      | 148/428 [00:43<01:23,  3.36it/s, loss=2.57, em_score=0.000, f1_score=0.00195]Epoch 0:  35%|███▍      | 149/428 [00:44<01:22,  3.36it/s, loss=2.57, em_score=0.000, f1_score=0.00195]Epoch 0:  35%|███▍      | 149/428 [00:44<01:22,  3.36it/s, loss=2.55, em_score=0.000, f1_score=0.00195]Epoch 0:  35%|███▌      | 150/428 [00:44<01:22,  3.36it/s, loss=2.55, em_score=0.000, f1_score=0.00195]Epoch 0:  35%|███▌      | 150/428 [00:44<01:22,  3.36it/s, loss=2.54, em_score=0.000, f1_score=0.00195]Epoch 0:  35%|███▌      | 151/428 [00:44<01:22,  3.36it/s, loss=2.54, em_score=0.000, f1_score=0.00195]Epoch 0:  35%|███▌      | 151/428 [00:44<01:22,  3.36it/s, loss=2.53, em_score=0.000, f1_score=0.00195]Epoch 0:  36%|███▌      | 152/428 [00:45<01:22,  3.36it/s, loss=2.53, em_score=0.000, f1_score=0.00195]Epoch 0:  36%|███▌      | 152/428 [00:45<01:22,  3.36it/s, loss=2.52, em_score=0.000, f1_score=0.00195]Epoch 0:  36%|███▌      | 153/428 [00:45<01:21,  3.36it/s, loss=2.52, em_score=0.000, f1_score=0.00195]Epoch 0:  36%|███▌      | 153/428 [00:45<01:21,  3.36it/s, loss=2.48, em_score=0.000, f1_score=0.00195]Epoch 0:  36%|███▌      | 154/428 [00:45<01:21,  3.36it/s, loss=2.48, em_score=0.000, f1_score=0.00195]Epoch 0:  36%|███▌      | 154/428 [00:45<01:21,  3.36it/s, loss=2.49, em_score=0.000, f1_score=0.00195]Epoch 0:  36%|███▌      | 155/428 [00:46<01:21,  3.36it/s, loss=2.49, em_score=0.000, f1_score=0.00195]Epoch 0:  36%|███▌      | 155/428 [00:46<01:21,  3.36it/s, loss=2.47, em_score=0.000, f1_score=0.00195]Epoch 0:  36%|███▋      | 156/428 [00:46<01:20,  3.36it/s, loss=2.47, em_score=0.000, f1_score=0.00195]Epoch 0:  36%|███▋      | 156/428 [00:46<01:20,  3.36it/s, loss=2.48, em_score=0.000, f1_score=0.00195]Epoch 0:  37%|███▋      | 157/428 [00:46<01:20,  3.36it/s, loss=2.48, em_score=0.000, f1_score=0.00195]Epoch 0:  37%|███▋      | 157/428 [00:46<01:20,  3.36it/s, loss=2.46, em_score=0.000, f1_score=0.00195]Epoch 0:  37%|███▋      | 158/428 [00:46<01:20,  3.36it/s, loss=2.46, em_score=0.000, f1_score=0.00195]Epoch 0:  37%|███▋      | 158/428 [00:46<01:20,  3.36it/s, loss=2.46, em_score=0.000, f1_score=0.00195]Epoch 0:  37%|███▋      | 159/428 [00:47<01:20,  3.36it/s, loss=2.46, em_score=0.000, f1_score=0.00195]Epoch 0:  37%|███▋      | 159/428 [00:47<01:20,  3.36it/s, loss=2.47, em_score=0.000, f1_score=0.00195]Epoch 0:  37%|███▋      | 160/428 [00:47<01:19,  3.36it/s, loss=2.47, em_score=0.000, f1_score=0.00195]Epoch 0:  37%|███▋      | 160/428 [00:47<01:19,  3.36it/s, loss=2.48, em_score=0.000, f1_score=0.00195]Epoch 0:  38%|███▊      | 161/428 [00:47<01:19,  3.36it/s, loss=2.48, em_score=0.000, f1_score=0.00195]Epoch 0:  38%|███▊      | 161/428 [00:47<01:19,  3.36it/s, loss=2.47, em_score=0.000, f1_score=0.00195]Epoch 0:  38%|███▊      | 162/428 [00:48<01:19,  3.36it/s, loss=2.47, em_score=0.000, f1_score=0.00195]Epoch 0:  38%|███▊      | 162/428 [00:48<01:19,  3.36it/s, loss=2.48, em_score=0.000, f1_score=0.00195]Epoch 0:  38%|███▊      | 163/428 [00:48<01:18,  3.36it/s, loss=2.48, em_score=0.000, f1_score=0.00195]Epoch 0:  38%|███▊      | 163/428 [00:48<01:18,  3.36it/s, loss=2.47, em_score=0.000, f1_score=0.00195]Epoch 0:  38%|███▊      | 164/428 [00:48<01:18,  3.36it/s, loss=2.47, em_score=0.000, f1_score=0.00195]Epoch 0:  38%|███▊      | 164/428 [00:48<01:18,  3.36it/s, loss=2.46, em_score=0.000, f1_score=0.00195]Epoch 0:  39%|███▊      | 165/428 [00:49<01:18,  3.36it/s, loss=2.46, em_score=0.000, f1_score=0.00195]Epoch 0:  39%|███▊      | 165/428 [00:49<01:18,  3.36it/s, loss=2.47, em_score=0.000, f1_score=0.00195]Epoch 0:  39%|███▉      | 166/428 [00:49<01:17,  3.36it/s, loss=2.47, em_score=0.000, f1_score=0.00195]Epoch 0:  39%|███▉      | 166/428 [00:49<01:17,  3.36it/s, loss=2.49, em_score=0.000, f1_score=0.00195]Epoch 0:  39%|███▉      | 167/428 [00:49<01:17,  3.36it/s, loss=2.49, em_score=0.000, f1_score=0.00195]Epoch 0:  39%|███▉      | 167/428 [00:49<01:17,  3.36it/s, loss=2.48, em_score=0.000, f1_score=0.00195]Epoch 0:  39%|███▉      | 168/428 [00:49<01:17,  3.36it/s, loss=2.48, em_score=0.000, f1_score=0.00195]Epoch 0:  39%|███▉      | 168/428 [00:49<01:17,  3.36it/s, loss=2.49, em_score=0.000, f1_score=0.00195]Epoch 0:  39%|███▉      | 169/428 [00:50<01:17,  3.36it/s, loss=2.49, em_score=0.000, f1_score=0.00195]Epoch 0:  39%|███▉      | 169/428 [00:50<01:17,  3.36it/s, loss=2.5, em_score=0.000, f1_score=0.00195] Epoch 0:  40%|███▉      | 170/428 [00:50<01:16,  3.36it/s, loss=2.5, em_score=0.000, f1_score=0.00195]Epoch 0:  40%|███▉      | 170/428 [00:50<01:16,  3.36it/s, loss=2.51, em_score=0.000, f1_score=0.00195]Epoch 0:  40%|███▉      | 171/428 [00:50<01:16,  3.36it/s, loss=2.51, em_score=0.000, f1_score=0.00195]Epoch 0:  40%|███▉      | 171/428 [00:50<01:16,  3.36it/s, loss=2.5, em_score=0.000, f1_score=0.00195] Epoch 0:  40%|████      | 172/428 [00:51<01:16,  3.36it/s, loss=2.5, em_score=0.000, f1_score=0.00195]Epoch 0:  40%|████      | 172/428 [00:51<01:16,  3.36it/s, loss=2.5, em_score=0.000, f1_score=0.00195]Epoch 0:  40%|████      | 173/428 [00:51<01:15,  3.36it/s, loss=2.5, em_score=0.000, f1_score=0.00195]Epoch 0:  40%|████      | 173/428 [00:51<01:15,  3.36it/s, loss=2.51, em_score=0.000, f1_score=0.00195]Epoch 0:  41%|████      | 174/428 [00:51<01:15,  3.36it/s, loss=2.51, em_score=0.000, f1_score=0.00195]Epoch 0:  41%|████      | 174/428 [00:51<01:15,  3.36it/s, loss=2.49, em_score=0.000, f1_score=0.00195]Epoch 0:  41%|████      | 175/428 [00:52<01:15,  3.36it/s, loss=2.49, em_score=0.000, f1_score=0.00195]Epoch 0:  41%|████      | 175/428 [00:52<01:15,  3.36it/s, loss=2.49, em_score=0.000, f1_score=0.00195]Epoch 0:  41%|████      | 176/428 [00:52<01:15,  3.36it/s, loss=2.49, em_score=0.000, f1_score=0.00195]Epoch 0:  41%|████      | 176/428 [00:52<01:15,  3.36it/s, loss=2.46, em_score=0.000, f1_score=0.00195]Epoch 0:  41%|████▏     | 177/428 [00:52<01:14,  3.36it/s, loss=2.46, em_score=0.000, f1_score=0.00195]Epoch 0:  41%|████▏     | 177/428 [00:52<01:14,  3.36it/s, loss=2.46, em_score=0.000, f1_score=0.00195]Epoch 0:  42%|████▏     | 178/428 [00:52<01:14,  3.36it/s, loss=2.46, em_score=0.000, f1_score=0.00195]Epoch 0:  42%|████▏     | 178/428 [00:52<01:14,  3.36it/s, loss=2.47, em_score=0.000, f1_score=0.00195]Epoch 0:  42%|████▏     | 179/428 [00:53<01:14,  3.36it/s, loss=2.47, em_score=0.000, f1_score=0.00195]Epoch 0:  42%|████▏     | 179/428 [00:53<01:14,  3.36it/s, loss=2.46, em_score=0.000, f1_score=0.00195]Epoch 0:  42%|████▏     | 180/428 [00:53<01:13,  3.36it/s, loss=2.46, em_score=0.000, f1_score=0.00195]Epoch 0:  42%|████▏     | 180/428 [00:53<01:13,  3.36it/s, loss=2.45, em_score=0.000, f1_score=0.00195]Epoch 0:  42%|████▏     | 181/428 [00:53<01:13,  3.36it/s, loss=2.45, em_score=0.000, f1_score=0.00195]Epoch 0:  42%|████▏     | 181/428 [00:53<01:13,  3.36it/s, loss=2.44, em_score=0.000, f1_score=0.00195]Epoch 0:  43%|████▎     | 182/428 [00:54<01:13,  3.36it/s, loss=2.44, em_score=0.000, f1_score=0.00195]Epoch 0:  43%|████▎     | 182/428 [00:54<01:13,  3.36it/s, loss=2.46, em_score=0.000, f1_score=0.00195]Epoch 0:  43%|████▎     | 183/428 [00:54<01:12,  3.36it/s, loss=2.46, em_score=0.000, f1_score=0.00195]Epoch 0:  43%|████▎     | 183/428 [00:54<01:12,  3.36it/s, loss=2.46, em_score=0.000, f1_score=0.00195]Epoch 0:  43%|████▎     | 184/428 [00:54<01:12,  3.36it/s, loss=2.46, em_score=0.000, f1_score=0.00195]Epoch 0:  43%|████▎     | 184/428 [00:54<01:12,  3.36it/s, loss=2.46, em_score=0.000, f1_score=0.00195]Epoch 0:  43%|████▎     | 185/428 [00:55<01:12,  3.36it/s, loss=2.46, em_score=0.000, f1_score=0.00195]Epoch 0:  43%|████▎     | 185/428 [00:55<01:12,  3.36it/s, loss=2.45, em_score=0.000, f1_score=0.00195]Epoch 0:  43%|████▎     | 186/428 [00:55<01:12,  3.36it/s, loss=2.45, em_score=0.000, f1_score=0.00195]Epoch 0:  43%|████▎     | 186/428 [00:55<01:12,  3.36it/s, loss=2.43, em_score=0.000, f1_score=0.00195]Epoch 0:  44%|████▎     | 187/428 [00:55<01:11,  3.36it/s, loss=2.43, em_score=0.000, f1_score=0.00195]Epoch 0:  44%|████▎     | 187/428 [00:55<01:11,  3.36it/s, loss=2.43, em_score=0.000, f1_score=0.00195]Epoch 0:  44%|████▍     | 188/428 [00:56<01:11,  3.36it/s, loss=2.43, em_score=0.000, f1_score=0.00195]Epoch 0:  44%|████▍     | 188/428 [00:56<01:11,  3.36it/s, loss=2.41, em_score=0.000, f1_score=0.00195]Epoch 0:  44%|████▍     | 189/428 [00:56<01:11,  3.36it/s, loss=2.41, em_score=0.000, f1_score=0.00195]Epoch 0:  44%|████▍     | 189/428 [00:56<01:11,  3.36it/s, loss=2.39, em_score=0.000, f1_score=0.00195]Epoch 0:  44%|████▍     | 190/428 [00:56<01:10,  3.36it/s, loss=2.39, em_score=0.000, f1_score=0.00195]Epoch 0:  44%|████▍     | 190/428 [00:56<01:10,  3.36it/s, loss=2.41, em_score=0.000, f1_score=0.00195]Epoch 0:  45%|████▍     | 191/428 [00:56<01:10,  3.36it/s, loss=2.41, em_score=0.000, f1_score=0.00195]Epoch 0:  45%|████▍     | 191/428 [00:56<01:10,  3.36it/s, loss=2.4, em_score=0.000, f1_score=0.00195] Epoch 0:  45%|████▍     | 192/428 [00:57<01:10,  3.36it/s, loss=2.4, em_score=0.000, f1_score=0.00195]Epoch 0:  45%|████▍     | 192/428 [00:57<01:10,  3.36it/s, loss=2.41, em_score=0.000, f1_score=0.00195]Epoch 0:  45%|████▌     | 193/428 [00:57<01:10,  3.36it/s, loss=2.41, em_score=0.000, f1_score=0.00195]Epoch 0:  45%|████▌     | 193/428 [00:57<01:10,  3.36it/s, loss=2.4, em_score=0.000, f1_score=0.00195] Epoch 0:  45%|████▌     | 194/428 [00:57<01:09,  3.36it/s, loss=2.4, em_score=0.000, f1_score=0.00195]Epoch 0:  45%|████▌     | 194/428 [00:57<01:09,  3.36it/s, loss=2.42, em_score=0.000, f1_score=0.00195]Epoch 0:  46%|████▌     | 195/428 [00:58<01:09,  3.36it/s, loss=2.42, em_score=0.000, f1_score=0.00195]Epoch 0:  46%|████▌     | 195/428 [00:58<01:09,  3.36it/s, loss=2.44, em_score=0.000, f1_score=0.00195]Epoch 0:  46%|████▌     | 196/428 [00:58<01:09,  3.36it/s, loss=2.44, em_score=0.000, f1_score=0.00195]Epoch 0:  46%|████▌     | 196/428 [00:58<01:09,  3.36it/s, loss=2.43, em_score=0.000, f1_score=0.00195]Epoch 0:  46%|████▌     | 197/428 [00:58<01:08,  3.36it/s, loss=2.43, em_score=0.000, f1_score=0.00195]Epoch 0:  46%|████▌     | 197/428 [00:58<01:08,  3.36it/s, loss=2.45, em_score=0.000, f1_score=0.00195]Epoch 0:  46%|████▋     | 198/428 [00:59<01:08,  3.35it/s, loss=2.45, em_score=0.000, f1_score=0.00195]Epoch 0:  46%|████▋     | 198/428 [00:59<01:08,  3.35it/s, loss=2.44, em_score=0.000, f1_score=0.00195]Epoch 0:  46%|████▋     | 199/428 [00:59<01:08,  3.35it/s, loss=2.44, em_score=0.000, f1_score=0.00195]Epoch 0:  46%|████▋     | 199/428 [00:59<01:08,  3.35it/s, loss=2.44, em_score=0.000, f1_score=0.00195]Epoch 0:  47%|████▋     | 200/428 [00:59<01:07,  3.35it/s, loss=2.44, em_score=0.000, f1_score=0.00195]Epoch 0:  47%|████▋     | 200/428 [00:59<01:07,  3.35it/s, loss=2.45, em_score=0.000, f1_score=0.00195]Epoch 0:  47%|████▋     | 201/428 [00:59<01:07,  3.35it/s, loss=2.45, em_score=0.000, f1_score=0.00195]Epoch 0:  47%|████▋     | 201/428 [00:59<01:07,  3.35it/s, loss=2.46, em_score=0.000, f1_score=0.00195]Epoch 0:  47%|████▋     | 202/428 [01:00<01:07,  3.35it/s, loss=2.46, em_score=0.000, f1_score=0.00195]Epoch 0:  47%|████▋     | 202/428 [01:00<01:07,  3.35it/s, loss=2.44, em_score=0.000, f1_score=0.00195]Epoch 0:  47%|████▋     | 203/428 [01:00<01:07,  3.35it/s, loss=2.44, em_score=0.000, f1_score=0.00195]Epoch 0:  47%|████▋     | 203/428 [01:00<01:07,  3.35it/s, loss=2.43, em_score=0.000, f1_score=0.00195]Epoch 0:  48%|████▊     | 204/428 [01:00<01:06,  3.35it/s, loss=2.43, em_score=0.000, f1_score=0.00195]Epoch 0:  48%|████▊     | 204/428 [01:00<01:06,  3.35it/s, loss=2.45, em_score=0.000, f1_score=0.00195]Epoch 0:  48%|████▊     | 205/428 [01:01<01:06,  3.35it/s, loss=2.45, em_score=0.000, f1_score=0.00195]Epoch 0:  48%|████▊     | 205/428 [01:01<01:06,  3.35it/s, loss=2.44, em_score=0.000, f1_score=0.00195]Epoch 0:  48%|████▊     | 206/428 [01:01<01:06,  3.35it/s, loss=2.44, em_score=0.000, f1_score=0.00195]Epoch 0:  48%|████▊     | 206/428 [01:01<01:06,  3.35it/s, loss=2.43, em_score=0.000, f1_score=0.00195]Epoch 0:  48%|████▊     | 207/428 [01:01<01:05,  3.35it/s, loss=2.43, em_score=0.000, f1_score=0.00195]Epoch 0:  48%|████▊     | 207/428 [01:01<01:05,  3.35it/s, loss=2.44, em_score=0.000, f1_score=0.00195]Epoch 0:  49%|████▊     | 208/428 [01:02<01:05,  3.35it/s, loss=2.44, em_score=0.000, f1_score=0.00195]Epoch 0:  49%|████▊     | 208/428 [01:02<01:05,  3.35it/s, loss=2.45, em_score=0.000, f1_score=0.00195]Epoch 0:  49%|████▉     | 209/428 [01:02<01:05,  3.35it/s, loss=2.45, em_score=0.000, f1_score=0.00195]Epoch 0:  49%|████▉     | 209/428 [01:02<01:05,  3.35it/s, loss=2.48, em_score=0.000, f1_score=0.00195]Epoch 0:  49%|████▉     | 210/428 [01:02<01:05,  3.35it/s, loss=2.48, em_score=0.000, f1_score=0.00195]Epoch 0:  49%|████▉     | 210/428 [01:02<01:05,  3.35it/s, loss=2.45, em_score=0.000, f1_score=0.00195]Epoch 0:  49%|████▉     | 211/428 [01:02<01:04,  3.35it/s, loss=2.45, em_score=0.000, f1_score=0.00195]Epoch 0:  49%|████▉     | 211/428 [01:02<01:04,  3.35it/s, loss=2.45, em_score=0.000, f1_score=0.00195]Epoch 0:  50%|████▉     | 212/428 [01:03<01:04,  3.35it/s, loss=2.45, em_score=0.000, f1_score=0.00195]Epoch 0:  50%|████▉     | 212/428 [01:03<01:04,  3.35it/s, loss=2.43, em_score=0.000, f1_score=0.00195]Epoch 0:  50%|████▉     | 213/428 [01:03<01:04,  3.35it/s, loss=2.43, em_score=0.000, f1_score=0.00195]Epoch 0:  50%|████▉     | 213/428 [01:03<01:04,  3.35it/s, loss=2.44, em_score=0.000, f1_score=0.00195]Epoch 0:  50%|█████     | 214/428 [01:03<01:03,  3.35it/s, loss=2.44, em_score=0.000, f1_score=0.00195]Epoch 0:  50%|█████     | 214/428 [01:03<01:03,  3.35it/s, loss=2.43, em_score=0.000, f1_score=0.00195]Epoch 0:  50%|█████     | 215/428 [01:04<01:03,  3.35it/s, loss=2.43, em_score=0.000, f1_score=0.00195]Epoch 0:  50%|█████     | 215/428 [01:04<01:03,  3.35it/s, loss=2.4, em_score=0.000, f1_score=0.00195] Epoch 0:  50%|█████     | 216/428 [01:04<01:03,  3.35it/s, loss=2.4, em_score=0.000, f1_score=0.00195]Epoch 0:  50%|█████     | 216/428 [01:04<01:03,  3.35it/s, loss=2.4, em_score=0.000, f1_score=0.00195]Epoch 0:  51%|█████     | 217/428 [01:04<01:02,  3.35it/s, loss=2.4, em_score=0.000, f1_score=0.00195]Epoch 0:  51%|█████     | 217/428 [01:04<01:02,  3.35it/s, loss=2.4, em_score=0.000, f1_score=0.00195]Epoch 0:  51%|█████     | 218/428 [01:05<01:02,  3.35it/s, loss=2.4, em_score=0.000, f1_score=0.00195]Epoch 0:  51%|█████     | 218/428 [01:05<01:02,  3.35it/s, loss=2.39, em_score=0.000, f1_score=0.00195]Epoch 0:  51%|█████     | 219/428 [01:05<01:02,  3.35it/s, loss=2.39, em_score=0.000, f1_score=0.00195]Epoch 0:  51%|█████     | 219/428 [01:05<01:02,  3.35it/s, loss=2.4, em_score=0.000, f1_score=0.00195] Epoch 0:  51%|█████▏    | 220/428 [01:05<01:02,  3.35it/s, loss=2.4, em_score=0.000, f1_score=0.00195]Epoch 0:  51%|█████▏    | 220/428 [01:05<01:02,  3.35it/s, loss=2.38, em_score=0.000, f1_score=0.00195]Epoch 0:  52%|█████▏    | 221/428 [01:05<01:01,  3.35it/s, loss=2.38, em_score=0.000, f1_score=0.00195]Epoch 0:  52%|█████▏    | 221/428 [01:05<01:01,  3.35it/s, loss=2.38, em_score=0.000, f1_score=0.00195]Epoch 0:  52%|█████▏    | 222/428 [01:06<01:01,  3.35it/s, loss=2.38, em_score=0.000, f1_score=0.00195]Epoch 0:  52%|█████▏    | 222/428 [01:06<01:01,  3.35it/s, loss=2.38, em_score=0.000, f1_score=0.00195]Epoch 0:  52%|█████▏    | 223/428 [01:06<01:01,  3.35it/s, loss=2.38, em_score=0.000, f1_score=0.00195]Epoch 0:  52%|█████▏    | 223/428 [01:06<01:01,  3.35it/s, loss=2.39, em_score=0.000, f1_score=0.00195]Epoch 0:  52%|█████▏    | 224/428 [01:06<01:00,  3.35it/s, loss=2.39, em_score=0.000, f1_score=0.00195]Epoch 0:  52%|█████▏    | 224/428 [01:06<01:00,  3.35it/s, loss=2.38, em_score=0.000, f1_score=0.00195]Epoch 0:  53%|█████▎    | 225/428 [01:07<01:00,  3.35it/s, loss=2.38, em_score=0.000, f1_score=0.00195]Epoch 0:  53%|█████▎    | 225/428 [01:07<01:00,  3.35it/s, loss=2.37, em_score=0.000, f1_score=0.00195]Epoch 0:  53%|█████▎    | 226/428 [01:07<01:00,  3.35it/s, loss=2.37, em_score=0.000, f1_score=0.00195]Epoch 0:  53%|█████▎    | 226/428 [01:07<01:00,  3.35it/s, loss=2.39, em_score=0.000, f1_score=0.00195]Epoch 0:  53%|█████▎    | 227/428 [01:07<01:00,  3.35it/s, loss=2.39, em_score=0.000, f1_score=0.00195]Epoch 0:  53%|█████▎    | 227/428 [01:07<01:00,  3.35it/s, loss=2.4, em_score=0.000, f1_score=0.00195] Epoch 0:  53%|█████▎    | 228/428 [01:08<00:59,  3.35it/s, loss=2.4, em_score=0.000, f1_score=0.00195]Epoch 0:  53%|█████▎    | 228/428 [01:08<00:59,  3.35it/s, loss=2.37, em_score=0.000, f1_score=0.00195]Epoch 0:  54%|█████▎    | 229/428 [01:08<00:59,  3.35it/s, loss=2.37, em_score=0.000, f1_score=0.00195]Epoch 0:  54%|█████▎    | 229/428 [01:08<00:59,  3.35it/s, loss=2.34, em_score=0.000, f1_score=0.00195]Epoch 0:  54%|█████▎    | 230/428 [01:08<00:59,  3.35it/s, loss=2.34, em_score=0.000, f1_score=0.00195]Epoch 0:  54%|█████▎    | 230/428 [01:08<00:59,  3.35it/s, loss=2.36, em_score=0.000, f1_score=0.00195]Epoch 0:  54%|█████▍    | 231/428 [01:08<00:58,  3.35it/s, loss=2.36, em_score=0.000, f1_score=0.00195]Epoch 0:  54%|█████▍    | 231/428 [01:08<00:58,  3.35it/s, loss=2.37, em_score=0.000, f1_score=0.00195]Epoch 0:  54%|█████▍    | 232/428 [01:09<00:58,  3.35it/s, loss=2.37, em_score=0.000, f1_score=0.00195]Epoch 0:  54%|█████▍    | 232/428 [01:09<00:58,  3.35it/s, loss=2.38, em_score=0.000, f1_score=0.00195]Epoch 0:  54%|█████▍    | 233/428 [01:09<00:58,  3.35it/s, loss=2.38, em_score=0.000, f1_score=0.00195]Epoch 0:  54%|█████▍    | 233/428 [01:09<00:58,  3.35it/s, loss=2.37, em_score=0.000, f1_score=0.00195]Epoch 0:  55%|█████▍    | 234/428 [01:09<00:57,  3.35it/s, loss=2.37, em_score=0.000, f1_score=0.00195]Epoch 0:  55%|█████▍    | 234/428 [01:09<00:57,  3.35it/s, loss=2.38, em_score=0.000, f1_score=0.00195]Epoch 0:  55%|█████▍    | 235/428 [01:10<00:57,  3.35it/s, loss=2.38, em_score=0.000, f1_score=0.00195]Epoch 0:  55%|█████▍    | 235/428 [01:10<00:57,  3.35it/s, loss=2.39, em_score=0.000, f1_score=0.00195]Epoch 0:  55%|█████▌    | 236/428 [01:10<00:57,  3.35it/s, loss=2.39, em_score=0.000, f1_score=0.00195]Epoch 0:  55%|█████▌    | 236/428 [01:10<00:57,  3.35it/s, loss=2.4, em_score=0.000, f1_score=0.00195] Epoch 0:  55%|█████▌    | 237/428 [01:10<00:57,  3.35it/s, loss=2.4, em_score=0.000, f1_score=0.00195]Epoch 0:  55%|█████▌    | 237/428 [01:10<00:57,  3.35it/s, loss=2.39, em_score=0.000, f1_score=0.00195]Epoch 0:  56%|█████▌    | 238/428 [01:11<00:56,  3.35it/s, loss=2.39, em_score=0.000, f1_score=0.00195]Epoch 0:  56%|█████▌    | 238/428 [01:11<00:56,  3.35it/s, loss=2.4, em_score=0.000, f1_score=0.00195] Epoch 0:  56%|█████▌    | 239/428 [01:11<00:56,  3.35it/s, loss=2.4, em_score=0.000, f1_score=0.00195]Epoch 0:  56%|█████▌    | 239/428 [01:11<00:56,  3.35it/s, loss=2.4, em_score=0.000, f1_score=0.00195]Epoch 0:  56%|█████▌    | 240/428 [01:11<00:56,  3.35it/s, loss=2.4, em_score=0.000, f1_score=0.00195]Epoch 0:  56%|█████▌    | 240/428 [01:11<00:56,  3.35it/s, loss=2.42, em_score=0.000, f1_score=0.00195]Epoch 0:  56%|█████▋    | 241/428 [01:12<00:55,  3.35it/s, loss=2.42, em_score=0.000, f1_score=0.00195]Epoch 0:  56%|█████▋    | 241/428 [01:12<00:55,  3.35it/s, loss=2.42, em_score=0.000, f1_score=0.00195]Epoch 0:  57%|█████▋    | 242/428 [01:12<00:55,  3.35it/s, loss=2.42, em_score=0.000, f1_score=0.00195]Epoch 0:  57%|█████▋    | 242/428 [01:12<00:55,  3.35it/s, loss=2.39, em_score=0.000, f1_score=0.00195]Epoch 0:  57%|█████▋    | 243/428 [01:12<00:55,  3.35it/s, loss=2.39, em_score=0.000, f1_score=0.00195]Epoch 0:  57%|█████▋    | 243/428 [01:12<00:55,  3.35it/s, loss=2.38, em_score=0.000, f1_score=0.00195]Epoch 0:  57%|█████▋    | 244/428 [01:12<00:54,  3.35it/s, loss=2.38, em_score=0.000, f1_score=0.00195]Epoch 0:  57%|█████▋    | 244/428 [01:12<00:54,  3.35it/s, loss=2.37, em_score=0.000, f1_score=0.00195]Epoch 0:  57%|█████▋    | 245/428 [01:13<00:54,  3.35it/s, loss=2.37, em_score=0.000, f1_score=0.00195]Epoch 0:  57%|█████▋    | 245/428 [01:13<00:54,  3.35it/s, loss=2.38, em_score=0.000, f1_score=0.00195]Epoch 0:  57%|█████▋    | 246/428 [01:13<00:54,  3.35it/s, loss=2.38, em_score=0.000, f1_score=0.00195]Epoch 0:  57%|█████▋    | 246/428 [01:13<00:54,  3.35it/s, loss=2.37, em_score=0.000, f1_score=0.00195]Epoch 0:  58%|█████▊    | 247/428 [01:13<00:54,  3.35it/s, loss=2.37, em_score=0.000, f1_score=0.00195]Epoch 0:  58%|█████▊    | 247/428 [01:13<00:54,  3.35it/s, loss=2.35, em_score=0.000, f1_score=0.00195]Epoch 0:  58%|█████▊    | 248/428 [01:14<00:53,  3.35it/s, loss=2.35, em_score=0.000, f1_score=0.00195]Epoch 0:  58%|█████▊    | 248/428 [01:14<00:53,  3.35it/s, loss=2.35, em_score=0.000, f1_score=0.00195]Epoch 0:  58%|█████▊    | 249/428 [01:14<00:53,  3.34it/s, loss=2.35, em_score=0.000, f1_score=0.00195]Epoch 0:  58%|█████▊    | 249/428 [01:14<00:53,  3.34it/s, loss=2.37, em_score=0.000, f1_score=0.00195]Epoch 0:  58%|█████▊    | 250/428 [01:14<00:53,  3.34it/s, loss=2.37, em_score=0.000, f1_score=0.00195]Epoch 0:  58%|█████▊    | 250/428 [01:14<00:53,  3.34it/s, loss=2.35, em_score=0.000, f1_score=0.00195]Epoch 0:  59%|█████▊    | 251/428 [01:15<00:52,  3.34it/s, loss=2.35, em_score=0.000, f1_score=0.00195]Epoch 0:  59%|█████▊    | 251/428 [01:15<00:52,  3.34it/s, loss=2.34, em_score=0.000, f1_score=0.00195]Epoch 0:  59%|█████▉    | 252/428 [01:15<00:52,  3.34it/s, loss=2.34, em_score=0.000, f1_score=0.00195]Epoch 0:  59%|█████▉    | 252/428 [01:15<00:52,  3.34it/s, loss=2.34, em_score=0.000, f1_score=0.00195]Epoch 0:  59%|█████▉    | 253/428 [01:15<00:52,  3.34it/s, loss=2.34, em_score=0.000, f1_score=0.00195]Epoch 0:  59%|█████▉    | 253/428 [01:15<00:52,  3.34it/s, loss=2.35, em_score=0.000, f1_score=0.00195]Epoch 0:  59%|█████▉    | 254/428 [01:15<00:52,  3.34it/s, loss=2.35, em_score=0.000, f1_score=0.00195]Epoch 0:  59%|█████▉    | 254/428 [01:15<00:52,  3.34it/s, loss=2.33, em_score=0.000, f1_score=0.00195]Epoch 0:  60%|█████▉    | 255/428 [01:16<00:51,  3.34it/s, loss=2.33, em_score=0.000, f1_score=0.00195]Epoch 0:  60%|█████▉    | 255/428 [01:16<00:51,  3.34it/s, loss=2.33, em_score=0.000, f1_score=0.00195]Epoch 0:  60%|█████▉    | 256/428 [01:16<00:51,  3.34it/s, loss=2.33, em_score=0.000, f1_score=0.00195]Epoch 0:  60%|█████▉    | 256/428 [01:16<00:51,  3.34it/s, loss=2.33, em_score=0.000, f1_score=0.00195]Epoch 0:  60%|██████    | 257/428 [01:16<00:51,  3.34it/s, loss=2.33, em_score=0.000, f1_score=0.00195]Epoch 0:  60%|██████    | 257/428 [01:16<00:51,  3.34it/s, loss=2.33, em_score=0.000, f1_score=0.00195]slurmstepd: error: *** JOB 7385612 ON g3012 CANCELLED AT 2022-11-09T17:22:17 ***
