#!/bin/bash
#SBATCH --job-name=data-proc
#SBATCH --partition=gpu-rtx6k
#SBATCH --account=cse
#SBATCH --nodes=1
#SBATCH --cpus-per-task=8
#SBATCH --mem=32G
#SBATCH --gres=gpu:1
#SBATCH --time=11:00:00
#SBATCH --mail-type=ALL
#SBATCH --mail-user=tjung2@uw.edu

# I use source to initialize conda into the right environment.
cat $0
echo "--------------------"

source ~/.bashrc
conda activate ckl

python run.py --config configs/templama/training/t5_kadapters_soft_full_prefixed.json
 
--------------------
Traceback (most recent call last):
  File "run.py", line 90, in <module>
    t5_learning_rate = hparam.t5_learning_rate
AttributeError: 'Namespace' object has no attribute 't5_learning_rate'
