#!/bin/bash
#SBATCH --job-name=data-proc
#SBATCH --partition=gpu-a40
#SBATCH --account=cse
#SBATCH --nodes=1
#SBATCH --cpus-per-task=8
#SBATCH --mem=48G
#SBATCH --gres=gpu:1
#SBATCH --time=1-0:00:00
#SBATCH --mail-type=ALL
#SBATCH --mail-user=tjung2@uw.edu
#SBATCH --dependency=afterany:6700270

# I use source to initialize conda into the right environment.
cat $0
echo "--------------------"

source ~/.bashrc
conda activate ckl

# python run.py --config configs/wmt/training/t5_baseline_full.json
# python run.py --config configs/wmt/training/t5_kadapters_soft_full.json
# python run.py --config configs/templama/training/t5_baseline_full.json -lr 0.000003 -checkpoint_path outputs/templamabaseline_full/epoch=4-f1_score=0.209-em_score=0.074.ckpt
# python run.py --config configs/templama/training/t5_kadapters_yearly_large.json -lr 0.001
# python run.py --config configs/templama/training/t5_kadapters_yearly_large.json -lr 0.0005
# python run.py --config configs/templama/training/t5_kadapters_yearly_large.json -lr 0.00001
# python run.py --config configs/templama/training/t5_kadapters_yearly_large_256.json -lr 0.0003
# python run.py --config configs/wmt/training/t5_baseline_full.json -val_data 2010

python run.py --config configs/wmt/training/t5_kadapters_yearly_small.json -datav 2018
python run.py --config configs/wmt/training/t5_kadapters_yearly_small.json -datav 2019
# python run.py --config configs/wmt/training/t5_baseline_full.json -datav 2020

# python run.py --config configs/templama/training/t5_kadapters_load.json
# python run.py --config configs/wmt/training/t5_kadapters_yearly256.json -datav full
# python run.py --config configs/wmt/training/t5_kadapters_ensemble.json -datav 2017 

# WMT -> Templama
# python run.py --config configs/templama/training/t5_baseline_full.json -checkpoint_path outputs/wmtbaseline_full/epoch=0-f1_score=0.2127-em_score=0.1783.ckpt -lr 0.0001
# python run.py --config configs/templama/training/t5_kadapters_yearly_2freeze.json -checkpoint_path outputs/wmtkadapter_2010_0freeze_158_128/epoch=1-f1_score=0.2236-em_score=0.1878.ckpt -lr 0.003
# python run.py --config configs/templama/training/t5_kadapters_yearly_2freeze.json -checkpoint_path outputs/wmtkadapter_2010_2freeze_158_128/epoch=1-f1_score=0.208-em_score=0.173.ckpt -lr 0.003
# python run.py --config configs/templama/training/t5_kadapters_soft_full.json -checkpoint_path outputs/wmtkadapter_soft_full_0freeze_158_128/epoch=0-f1_score=0.1717-em_score=0.1419.ckpt
# python run.py --config configs/templama/training/t5_kadapters_soft_full.json -checkpoint_path outputs/wmtkadapter_soft_full_2freeze_158_128/epoch=0-f1_score=0.185-em_score=0.154.ckpt

# WMT baseline -> WMT adapters
# python run.py --config configs/wmt/training/t5_kadapters_soft_full.json -checkpoint_path outputs/wmtbaseline_full/epoch=0-f1_score=0.178-em_score=0.149.ckpt
# python run.py --config configs/wmt/training/t5_kadapters_yearly_2freeze.json -checkpoint_path outputs/wmtbaseline_full/epoch=0-f1_score=0.178-em_score=0.149.ckpt

# WMT -> SituatedQA
# python run.py --config configs/situatedqa/training/t5_baseline_full.json -checkpoint_path outputs/wmtbaseline_full/epoch=0-f1_score=0.2127-em_score=0.1783.ckpt -lr 0.00001
# python run.py --config configs/situatedqa/training/t5_kadapters_soft_yearly_2freeze.json -checkpoint_path outputs/wmtkadapter_soft_full_2freeze_158_128/epoch=0-f1_score=0.185-em_score=0.154.ckpt

# Preprocess data
# python preprocess_nyt_data.py 2010 -end_date=2020
# python preprocess_nyt_data_full.py

# NYT -> Templama
# python run.py --config configs/templama/training/t5_kadapters_yearly_2freeze.json -checkpoint_path outputs/nytkadapter_2010_0freeze_158_128/epoch=8-f1_score=0.140-em_score=0.100.ckpt

# NYT -> SituatedQA
# python run.py --config configs/situatedqa/training/t5_kadapters_yearly2freeze.json -checkpoint_path outputs/nytkadapter_2010_0freeze_158_128/epoch=8-f1_score=0.140-em_score=0.100.ckpt

# python run.py --config configs/wmt/training/t5_kadapters_yearly.json -datav 2010
# python run.py --config configs/templama/evaluation/t5_baseline_full.json -val_data 2020--------------------
slurmstepd: error: *** JOB 7490622 ON g3043 CANCELLED AT 2022-11-15T06:57:51 ***
