#!/bin/bash
#SBATCH --job-name=data-proc
#SBATCH --partition=gpu-rtx6k
#SBATCH --account=cse
#SBATCH --nodes=1
#SBATCH --cpus-per-task=8
#SBATCH --mem=32G
#SBATCH --gres=gpu:1
#SBATCH --time=12:00:00 
#SBATCH --mail-type=ALL
#SBATCH --mail-user=tjung2@uw.edu

# I use source to initialize conda into the right environment.
cat $0
echo "--------------------"

source ~/.bashrc
conda activate ckl

# python run.py --config configs/templama/training/t5_kadapters_yearly_2freeze.json -checkpoint_path outputs/wmtbaseline_full/epoch=0-f1_score=0.151-em_score=0.000.ckpt

# python run.py --config configs/wmt/training/t5_kadapters_yearly_2freeze.json -checkpoint_path outputs/wmtkadapter_2010_2freeze_158_128/epoch=8-f1_score=0.084-em_score=0.000.ckpt

python preprocess_wmt_train_data.py 2007 -debug
--------------------
Traceback (most recent call last):
  File "preprocess_wmt_train_data.py", line 105, in <module>
    main()
  File "preprocess_wmt_train_data.py", line 63, in main
    sentence, answers = mask_sentence(sentence)
  File "preprocess_wmt_train_data.py", line 99, in mask_sentence
    sentence = sentence[:ent.start_char] + mask_token + sentence[ent.end_char:]
TypeError: unsupported operand type(s) for +: 'spacy.tokens.span.Span' and 'str'
