#!/bin/bash
#SBATCH --job-name=data-proc
#SBATCH --partition=gpu-a40
#SBATCH --account=cse
#SBATCH --nodes=1
#SBATCH --cpus-per-task=8
#SBATCH --mem=32G
#SBATCH --gres=gpu:1
#SBATCH --time=1-00:00:00 
#SBATCH --mail-type=ALL
#SBATCH --mail-user=tjung2@uw.edu

# I use source to initialize conda into the right environment.
cat $0
echo "--------------------"

source ~/.bashrc
conda activate ckl

# python run.py --config configs/templama/training/t5_kadapters_yearly_2freeze.json -checkpoint_path outputs/wmtbaseline_full/epoch=0-f1_score=0.151-em_score=0.000.ckpt

python preprocess_wmt_train_data.py 2007 -debug
--------------------
Traceback (most recent call last):
  File "preprocess_wmt_train_data.py", line 140, in <module>
    main()
  File "preprocess_wmt_train_data.py", line 65, in main
    sentence, answers = mask_sentence(sentences[i], mask_chance, bert_ner, spacy_ner)
  File "preprocess_wmt_train_data.py", line 111, in mask_sentence
    answers = [f"{mask_token} {ent.word}"]
AttributeError: 'dict' object has no attribute 'word'
