#!/bin/bash
#SBATCH --job-name=data-proc
#SBATCH --partition=gpu-a40
#SBATCH --account=cse
#SBATCH --nodes=1
#SBATCH --cpus-per-task=8
#SBATCH --mem=32G
#SBATCH --gres=gpu:1
#SBATCH --time=11:00:00 
#SBATCH --mail-type=ALL
#SBATCH --mail-user=tjung2@uw.edu

# I use source to initialize conda into the right environment.
cat $0
echo "--------------------"

source ~/.bashrc
conda activate ckl

python preprocess_wmt_train_data.py 2011
python preprocess_wmt_train_data.py 2012
python preprocess_wmt_train_data.py 2013
--------------------
max input length = 419
max output length = 66
max input length = 323
max output length = 49
max input length = 2012
max output length = 307
