#!/bin/bash
#SBATCH --job-name=data-proc
#SBATCH --partition=gpu-a40
#SBATCH --account=cse
#SBATCH --nodes=1
#SBATCH --cpus-per-task=8
#SBATCH --mem=32G
#SBATCH --gres=gpu:1
#SBATCH --time=11:00:00
#SBATCH --mail-type=ALL
#SBATCH --mail-user=tjung2@uw.edu

# I use source to initialize conda into the right environment.
cat $0
echo "--------------------"

source ~/.bashrc
conda activate ckl

python preprocess_wmt_train_data.py 2007
--------------------
Drop Foreseen in Median Price of U.S. Homes
[0, '2007', 'Drop Foreseen in Median Price <extra_id_0> U.S. Homes', '<extra_id_0> of <extra_id_1>']
The median price of American homes is expected to fall this year for the first time since federal housing agencies began keeping statistics in 1950.
[1, '2007', 'The <extra_id_0> price of <extra_id_1> homes is expected to fall <extra_id_2> year for <extra_id_3> first time since federal housing agencies began keeping statistics in <extra_id_4>', '<extra_id_0> median <extra_id_1> American <extra_id_2> this <extra_id_3> the <extra_id_4> 1950. <extra_id_5>']
Economists say the decline, which could be foreshadowed in a widely followed government price index to be released this week, will probably be modest  from 1 percent to 2 percent  but could continue in 2008 and 2009.
[2, '2007', 'Economists <extra_id_0> the decline, which could be foreshadowed in a widely followed <extra_id_1> price index to be released this week, will <extra_id_2> <extra_id_3> modest \x97 from <extra_id_4> percent to 2 percent \x97 but could continue in 2008 and 2009.', '<extra_id_0> say <extra_id_1> government <extra_id_2> probably <extra_id_3> be <extra_id_4> 1 <extra_id_5>']
Rather than being limited to the once-booming Northeast and California, price declines are also occurring in cities like Chicago, Minneapolis and Houston, where the increases of the last decade were modest by comparison.
[3, '2007', '<extra_id_0> than being limited to the once-booming Northeast and California, price declines are also occurring in cities like Chicago, Minneapolis and Houston, where the increases of the last decade were <extra_id_1> by comparison.', '<extra_id_0> Rather <extra_id_1> modest <extra_id_2>']
The reversal is particularly striking because many government officials and housing-industry executives had said that a nationwide decline would never happen, even though prices had fallen in some coastal areas as recently as the early 1990s.
[4, '2007', 'The reversal is particularly striking because many government officials and housing-industry executives had said that a <extra_id_0> decline would never happen, <extra_id_1> though prices <extra_id_2> fallen in <extra_id_3> coastal areas as recently as the early 1990s.', '<extra_id_0> nationwide <extra_id_1> even <extra_id_2> had <extra_id_3> some <extra_id_4>']
While the housing slump has already rattled financial markets, it has so far had only a modest effect on consumer spending and economic growth.
[5, '2007', 'While the housing slump has already rattled financial markets, it has so far had only <extra_id_0> modest effect on consumer <extra_id_1> and economic growth.', '<extra_id_0> a <extra_id_1> spending <extra_id_2>']
But forecasters now believe that its impact will lead to a slowdown over the next year or two.
[6, '2007', '<extra_id_0> forecasters now believe that its impact will lead to a <extra_id_1> over the <extra_id_2> year <extra_id_3> two.', '<extra_id_0> But <extra_id_1> slowdown <extra_id_2> next <extra_id_3> or <extra_id_4>']
For most people, this is not a disaster, said Nigel Gault, an economist with Global Insight, a research firm in Waltham, Mass. But its enough to cause them to pull back.
[7, '2007', '<extra_id_0> most people, this <extra_id_1> not a disaster,\x94 said Nigel Gault, an economist <extra_id_2> Global Insight, a research firm in Waltham, Mass. \x93But <extra_id_3> enough <extra_id_4> <extra_id_5> them to pull <extra_id_6>', '<extra_id_0> \x93For <extra_id_1> is <extra_id_2> with <extra_id_3> it\x92s <extra_id_4> to <extra_id_5> cause <extra_id_6> back.\x94 <extra_id_7>']
In recent years, many families used their homes as a kind of piggy bank, borrowing against their equity and increasing their spending more rapidly than their income was rising.
[8, '2007', 'In recent years, many families <extra_id_0> <extra_id_1> <extra_id_2> <extra_id_3> a kind of piggy bank, borrowing against <extra_id_4> equity and increasing their spending <extra_id_5> rapidly than their income <extra_id_6> <extra_id_7>', '<extra_id_0> used <extra_id_1> their <extra_id_2> homes <extra_id_3> as <extra_id_4> their <extra_id_5> more <extra_id_6> was <extra_id_7> rising. <extra_id_8>']
A recent research paper co-written by the vice chairman of the Federal Reserve said that the rise in home prices was the primary reason that consumer borrowing has soared since 2001.
[9, '2007', 'A recent research paper co-written by the <extra_id_0> chairman of the Federal Reserve said that the rise in home prices was the primary reason <extra_id_1> consumer borrowing <extra_id_2> <extra_id_3> since <extra_id_4>', '<extra_id_0> vice <extra_id_1> that <extra_id_2> has <extra_id_3> soared <extra_id_4> 2001. <extra_id_5>']
Now, however, that financial cushion is disappearing for many families. We are having to start from scratch and rebuild for a down payment, said Kenneth Schauf, who expects to lose money on a condominium in Chicago he and his wife bought in 2004 and have been trying to sell since last summer. We figured that a home is the place to build your wealth, and now its going on three years and we are back to square one.
[10, '2007', 'Now, however, that financial cushion is disappearing <extra_id_0> many families. \x93We <extra_id_1> having to <extra_id_2> from scratch and rebuild for a down payment,\x94 <extra_id_3> Kenneth Schauf, who <extra_id_4> <extra_id_5> lose money on <extra_id_6> condominium in Chicago he and his wife bought in <extra_id_7> <extra_id_8> have been trying <extra_id_9> sell since last summer. \x93We figured that a home is the place to build your wealth, <extra_id_10> now it\x92s going <extra_id_11> three years and we are back to square one.\x94', '<extra_id_0> for <extra_id_1> are <extra_id_2> start <extra_id_3> said <extra_id_4> expects <extra_id_5> to <extra_id_6> a <extra_id_7> 2004 <extra_id_8> and <extra_id_9> to <extra_id_10> and <extra_id_11> on <extra_id_12>']
On an inflation-adjusted basis, the national median price  the level at which half of all homes are more expensive and half are less  is not likely to return to its 2007 peak for more than a decade, according to Moodys Economy.com, a research firm.
[11, '2007', 'On an inflation-adjusted basis, the <extra_id_0> median price \x97 the <extra_id_1> at which half of all homes are more expensive and half are less \x97 is not likely to <extra_id_2> to its <extra_id_3> <extra_id_4> for more than a decade, according to <extra_id_5> Economy.com, <extra_id_6> research firm.', '<extra_id_0> national <extra_id_1> level <extra_id_2> return <extra_id_3> 2007 <extra_id_4> peak <extra_id_5> Moody\x92s <extra_id_6> a <extra_id_7>']
Unless the real estate downturn is much worse than economists are expecting, the declines will not come close to erasing the increases of the last decade.
[12, '2007', 'Unless the <extra_id_0> estate downturn is much worse than economists <extra_id_1> expecting, the declines will not come close to erasing <extra_id_2> increases of the last decade.', '<extra_id_0> real <extra_id_1> are <extra_id_2> the <extra_id_3>']
And for many families who do not plan to move, the year-to-year value of their house matters little.
[13, '2007', '<extra_id_0> for many families who do not plan to move, the year-to-year <extra_id_1> of <extra_id_2> house matters little.', '<extra_id_0> And <extra_id_1> value <extra_id_2> their <extra_id_3>']
The drop is, of course, good news for home buyers.
[14, '2007', 'The drop is, of <extra_id_0> good news for home buyers.', '<extra_id_0> course, <extra_id_1>']
It does, however, contradict the widely held notion that there is no such thing as a nationwide housing slump.
[15, '2007', 'It does, however, contradict the widely held notion that there is no such thing as a nationwide <extra_id_0> slump.', '<extra_id_0> housing <extra_id_1>']
A 2004 report jointly written by the top economists at five organizations  the industry groups for real estate agents, home builders and community bankers, as well as Fannie Mae and Freddie Mac, the large government-sponsored backers of home mortgages  was typical.
[16, '2007', '<extra_id_0> 2004 <extra_id_1> jointly written by the top economists at five organizations \x97 the industry groups for real estate agents, <extra_id_2> builders <extra_id_3> community <extra_id_4> as <extra_id_5> as Fannie Mae and Freddie Mac, the large government-sponsored backers of home mortgages \x97 was typical.', '<extra_id_0> A <extra_id_1> report <extra_id_2> home <extra_id_3> and <extra_id_4> bankers, <extra_id_5> well <extra_id_6>']
It said that there is little possibility of a widespread national decline since there is no national housing market.
[17, '2007', 'It <extra_id_0> <extra_id_1> <extra_id_2> is little possibility of a widespread national decline since there is no national housing <extra_id_3>', '<extra_id_0> said <extra_id_1> that <extra_id_2> \x93there <extra_id_3> market.\x94 <extra_id_4>']
Top government officials were more circumspect but still doubted that the prices would decline nationally.
[18, '2007', 'Top government <extra_id_0> were more circumspect but still <extra_id_1> that the prices would decline nationally.', '<extra_id_0> officials <extra_id_1> doubted <extra_id_2>']
Alan Greenspan, the former Fed chairman, said the housing market was not susceptible to bubbles, in part because every local market is different.
[19, '2007', 'Alan Greenspan, <extra_id_0> <extra_id_1> <extra_id_2> chairman, said the housing <extra_id_3> was not susceptible to bubbles, in part <extra_id_4> every local market is <extra_id_5>', '<extra_id_0> the <extra_id_1> former <extra_id_2> Fed <extra_id_3> market <extra_id_4> because <extra_id_5> different. <extra_id_6>']
In 2005, Ben S. Bernanke, then an adviser to President Bush and now the Fed chairman, said strong fundamentals were the main force behind the rise in prices. Weve never had a decline in housing prices on a nationwide basis, he added.
[20, '2007', 'In 2005, Ben S. <extra_id_0> <extra_id_1> an <extra_id_2> to President Bush and now the Fed chairman, said \x93strong fundamentals\x94 were the main <extra_id_3> behind the rise in prices. \x93We\x92ve never had a decline in housing prices <extra_id_4> a nationwide basis,\x94 he added.', '<extra_id_0> Bernanke, <extra_id_1> then <extra_id_2> adviser <extra_id_3> force <extra_id_4> on <extra_id_5>']
But Global Insight, the research firm, estimates that the home-price index to be released Thursday by the Office of Federal Housing Enterprise Oversight, a regulatory agency, will show a decline of about 1 percent between the first and second quarter of this year.
[21, '2007', 'But <extra_id_0> <extra_id_1> <extra_id_2> research firm, estimates that the home-price index to be released Thursday by the Office <extra_id_3> Federal Housing Enterprise Oversight, a regulatory agency, will show a <extra_id_4> of about 1 percent between the first and second quarter of this <extra_id_5>', '<extra_id_0> Global <extra_id_1> Insight, <extra_id_2> the <extra_id_3> of <extra_id_4> decline <extra_id_5> year. <extra_id_6>']
Other forecasters predict that the index will rise slightly in the second quarter before falling later this year.
[22, '2007', 'Other forecasters predict <extra_id_0> the index <extra_id_1> rise slightly in the <extra_id_2> <extra_id_3> before <extra_id_4> later this year.', '<extra_id_0> that <extra_id_1> will <extra_id_2> second <extra_id_3> quarter <extra_id_4> falling <extra_id_5>']
In all, Global Insight expects a decline of 4 percent, or roughly 10 percent in inflation-adjusted terms, between the peak earlier this year and the projected low point in 2009.
[23, '2007', 'In all, Global Insight expects a decline of 4 percent, or roughly 10 <extra_id_0> in inflation-adjusted terms, between <extra_id_1> peak earlier this year and the projected low point in 2009.', '<extra_id_0> percent <extra_id_1> the <extra_id_2>']
In California, prices are expected to decline 16 percent  or about 20 percent after taking inflation into account.
[24, '2007', '<extra_id_0> California, prices are expected to decline 16 <extra_id_1> \x97 or about 20 percent after taking <extra_id_2> into account.', '<extra_id_0> In <extra_id_1> percent <extra_id_2> inflation <extra_id_3>']
The governments index, which compares the sales price of individual homes over time, is intended to describe the actual value of a typical house.
[25, '2007', 'The government\x92s index, which <extra_id_0> the sales <extra_id_1> <extra_id_2> <extra_id_3> <extra_id_4> over time, is intended to describe the actual value <extra_id_5> a typical house.', '<extra_id_0> compares <extra_id_1> price <extra_id_2> of <extra_id_3> individual <extra_id_4> homes <extra_id_5> of <extra_id_6>']
Since the index began in 1975, it has slipped from one quarter to the next on a few occasions, but it has never fallen over a full year.
[26, '2007', 'Since the index began in <extra_id_0> it <extra_id_1> slipped from one quarter to the next on a few occasions, but <extra_id_2> has never fallen over a full <extra_id_3>', '<extra_id_0> 1975, <extra_id_1> has <extra_id_2> it <extra_id_3> year. <extra_id_4>']
Another index dating back to 1950, calculated by Freddie Mac, has also never shown an annual decline.
[27, '2007', 'Another index dating back to 1950, calculated by Freddie Mac, has <extra_id_0> never shown an annual decline.', '<extra_id_0> also <extra_id_1>']
Price data published by the National Association of Realtors, based on the prices of houses sold in a given year, have also never declined.
[28, '2007', '<extra_id_0> data published by the National Association of <extra_id_1> based on the prices of houses sold in a given year, have also never declined.', '<extra_id_0> Price <extra_id_1> Realtors, <extra_id_2>']
According to the association, the median home price is now about $220,000.
[29, '2007', 'According <extra_id_0> the association, the median home <extra_id_1> is now about $220,000.', '<extra_id_0> to <extra_id_1> price <extra_id_2>']
Mr. Schauf and his wife, Leslie Suarez, put their condo in the Sheridan Park neighborhood of Chicago up for sale shortly before moving to Texas last year so he could take a new job.
[30, '2007', 'Mr. Schauf and his wife, Leslie Suarez, put their condo in the Sheridan <extra_id_0> neighborhood of Chicago <extra_id_1> for sale shortly before moving to Texas last year so he could take a new job.', '<extra_id_0> Park <extra_id_1> up <extra_id_2>']
They bought the two-bedroom unit in September 2004 for $255,000, with a 5 percent down payment.
[31, '2007', 'They bought <extra_id_0> two-bedroom unit <extra_id_1> September 2004 <extra_id_2> $255,000, with a 5 percent down payment.', '<extra_id_0> the <extra_id_1> in <extra_id_2> for <extra_id_3>']
They redid the floors, installed new window treatments and repainted the walls.
[32, '2007', 'They redid the floors, installed new window <extra_id_0> and repainted the walls.', '<extra_id_0> treatments <extra_id_1>']
They said they expected the condo to sell quickly.
[33, '2007', 'They said they expected the condo to <extra_id_0> quickly.', '<extra_id_0> sell <extra_id_1>']
Instead, they have cut the price several times and have yet to receive an offer.
[34, '2007', '<extra_id_0> <extra_id_1> have <extra_id_2> the price several times and have yet to receive an offer.', '<extra_id_0> Instead, <extra_id_1> they <extra_id_2> cut <extra_id_3>']
The current list price is $279,000, though they expect to settle for less.
[35, '2007', 'The <extra_id_0> list price is $279,000, though they expect to settle for <extra_id_1>', '<extra_id_0> current <extra_id_1> less. <extra_id_2>']
Without the money for a new down payment, they are renting an apartment in Austin.
[36, '2007', 'Without the money <extra_id_0> <extra_id_1> new down payment, they are <extra_id_2> an apartment in Austin.', '<extra_id_0> for <extra_id_1> a <extra_id_2> renting <extra_id_3>']
They also expect the monthly payment on their adjustable-rate mortgage to go up $200 in October.
[37, '2007', '<extra_id_0> <extra_id_1> expect the monthly payment on their adjustable-rate <extra_id_2> to go up $200 in October.', '<extra_id_0> They <extra_id_1> also <extra_id_2> mortgage <extra_id_3>']
Ms. Suarez, who grew up in the Dallas-Fort Worth area, says she is not as surprised because she remembers home prices falling after the oil bust in the late 1980s. Growing up in Texas, real estate has never been a windfall, she said. For me, I always just wanted to break even.
[38, '2007', 'Ms. Suarez, <extra_id_0> grew up in the Dallas-Fort Worth area, says she <extra_id_1> not as surprised because she <extra_id_2> <extra_id_3> prices falling after <extra_id_4> <extra_id_5> bust in the late 1980s. \x93Growing up <extra_id_6> Texas, <extra_id_7> estate <extra_id_8> never been a windfall,\x94 she said. \x93For me, I always just wanted <extra_id_9> break even.\x94', '<extra_id_0> who <extra_id_1> is <extra_id_2> remembers <extra_id_3> home <extra_id_4> the <extra_id_5> oil <extra_id_6> in <extra_id_7> real <extra_id_8> has <extra_id_9> to <extra_id_10>']
Housing prices have previously declined for long stretches in various regions.
[39, '2007', 'Housing <extra_id_0> have previously declined for long stretches in various regions.', '<extra_id_0> prices <extra_id_1>']
Most recently, prices fell in California and in the Northeast during the recession of the early 1990s.
[40, '2007', 'Most <extra_id_0> <extra_id_1> fell in <extra_id_2> and in the Northeast during the recession <extra_id_3> the early 1990s.', '<extra_id_0> recently, <extra_id_1> prices <extra_id_2> California <extra_id_3> of <extra_id_4>']
The current slump is different from that one, though, in both depth and breadth.
[41, '2007', '<extra_id_0> current slump is different from that one, though, in both depth <extra_id_1> <extra_id_2>', '<extra_id_0> The <extra_id_1> and <extra_id_2> breadth. <extra_id_3>']
In fact, the national median price rose only slightly faster than inflation from 1950 to the mid-1990s.
[42, '2007', '<extra_id_0> <extra_id_1> the national median price rose only slightly faster <extra_id_2> inflation from 1950 to the mid-1990s.', '<extra_id_0> In <extra_id_1> fact, <extra_id_2> than <extra_id_3>']
But as interest rates fell and lending standards became looser, prices started rising rapidly in the late 1990s, even in places like Chicago, which had rarely seen a real estate boom.
[43, '2007', 'But as interest <extra_id_0> fell <extra_id_1> <extra_id_2> <extra_id_3> <extra_id_4> looser, prices started rising rapidly in the late <extra_id_5> even in places like Chicago, which had rarely seen a real estate boom.', '<extra_id_0> rates <extra_id_1> and <extra_id_2> lending <extra_id_3> standards <extra_id_4> became <extra_id_5> 1990s, <extra_id_6>']
The result was a euphoric popular delusion that real estate was a cant-miss investment, said Edward W. Gjertsen II, president of the Financial Planners Association of Illinois. Thats just human nature.
[44, '2007', 'The result was a \x93euphoric popular delusion\x94 that real estate was a can\x92t-miss <extra_id_0> said Edward W. Gjertsen II, <extra_id_1> of the Financial <extra_id_2> <extra_id_3> of Illinois. \x93That\x92s just human nature.\x94', '<extra_id_0> investment, <extra_id_1> president <extra_id_2> Planners <extra_id_3> Association <extra_id_4>']
Many families are clearly richer because of the boom.
[45, '2007', 'Many <extra_id_0> are clearly richer because of the boom.', '<extra_id_0> families <extra_id_1>']
In the Old Town neighborhood of Chicago, the town house that Ian R. Perschke, a technology consultant, and Jennifer Worstell, a lawyer, bought in late 2004 has appreciated more than 30 percent, they estimated.
[46, '2007', 'In the Old Town neighborhood of Chicago, <extra_id_0> <extra_id_1> <extra_id_2> that <extra_id_3> R. Perschke, a technology consultant, and Jennifer Worstell, <extra_id_4> lawyer, bought in <extra_id_5> 2004 has appreciated more than 30 percent, they estimated.', '<extra_id_0> the <extra_id_1> town <extra_id_2> house <extra_id_3> Ian <extra_id_4> a <extra_id_5> late <extra_id_6>']
The gain was big enough to allow them to take out a larger mortgage and renovate two rental units in the house.
[47, '2007', '<extra_id_0> gain was big <extra_id_1> to allow <extra_id_2> <extra_id_3> take out a larger <extra_id_4> and renovate two rental units in the <extra_id_5>', '<extra_id_0> The <extra_id_1> enough <extra_id_2> them <extra_id_3> to <extra_id_4> mortgage <extra_id_5> house. <extra_id_6>']
But Mr. Perschke said he understood that he was not going to see that appreciation over the next three years.
[48, '2007', 'But Mr. Perschke said <extra_id_0> <extra_id_1> that he was \x93not going to see that appreciation over <extra_id_2> next three years.\x94', '<extra_id_0> he <extra_id_1> understood <extra_id_2> the <extra_id_3>']
Prices in Chicago peaked in September 2006 and have since dipped 1.7 percent, according to the Case-Shiller home-price index, which is tabulated by MacroMarkets, a research firm.
[49, '2007', 'Prices in <extra_id_0> <extra_id_1> in September 2006 and have since dipped 1.7 percent, according to the Case-Shiller <extra_id_2> index, which is tabulated by <extra_id_3> a research firm.', '<extra_id_0> Chicago <extra_id_1> peaked <extra_id_2> home-price <extra_id_3> MacroMarkets, <extra_id_4>']
For all the attention that the uninterrupted growth in national house prices received, some economists argue that it was misplaced.
[50, '2007', 'For all the attention that the uninterrupted <extra_id_0> in national house prices received, some economists argue that it was misplaced.', '<extra_id_0> growth <extra_id_1>']
The Case-Shiller index, which many experts consider more accurate than the government measure, did show a drop in prices in the early 1990s.
[51, '2007', 'The Case-Shiller index, which many experts consider <extra_id_0> accurate than <extra_id_1> government measure, did show a drop in prices in the early 1990s.', '<extra_id_0> more <extra_id_1> the <extra_id_2>']
Unlike the governments measure, it includes mortgages of more than $417,000, which are not held by Fannie Mae or Freddie Mac.
[52, '2007', 'Unlike the government\x92s measure, it includes <extra_id_0> of more <extra_id_1> $417,000, which are not held by Fannie Mae or Freddie Mac.', '<extra_id_0> mortgages <extra_id_1> than <extra_id_2>']
After adjusting for inflation  the most meaningful way to look at any price, economists say  even the governments index fell in the early 1990s.
[53, '2007', 'After adjusting <extra_id_0> <extra_id_1> \x97 the most meaningful way to look at any price, economists say \x97 even the government\x92s index fell in the early 1990s.', '<extra_id_0> for <extra_id_1> inflation <extra_id_2>']
Dean Baker, an economist in Washington who has been arguing for the last five years that houses were overvalued, said the idea that house prices could go only up had fed the bubble.
[54, '2007', 'Dean Baker, an <extra_id_0> in Washington who has been arguing <extra_id_1> the last five years that houses were overvalued, said the idea that house prices could <extra_id_2> only up had fed the bubble.', '<extra_id_0> economist <extra_id_1> for <extra_id_2> go <extra_id_3>']
It was very misleading, said Mr. Baker, co-director of the Center for Economic and Policy Research, a liberal research group.
[55, '2007', '\x93It was very misleading,\x94 <extra_id_0> Mr. Baker, <extra_id_1> of the Center for Economic and Policy Research, a liberal research group.', '<extra_id_0> said <extra_id_1> co-director <extra_id_2>']
There are a lot of people, he said, who bought homes at hugely inflated prices who are going to take a hit.
[56, '2007', 'There <extra_id_0> a lot of people, he said, who bought \x93homes at hugely inflated prices who are going to take a <extra_id_1>', '<extra_id_0> are <extra_id_1> hit. <extra_id_2>']
You also have a lot of people who borrowed against those inflated prices.
[57, '2007', 'You also have a lot of people who borrowed against those <extra_id_0> prices.\x94', '<extra_id_0> inflated <extra_id_1>']
Perhaps the most prominent housing booster was David Lereah, the chief economist at the National Association of Realtors until April.
[58, '2007', 'Perhaps <extra_id_0> most prominent housing booster was David Lereah, the chief economist at the National Association of Realtors until April.', '<extra_id_0> the <extra_id_1>']
In 2005, he published a book titled, Are You Missing the Real Estate Boom? In 2006, it was updated and rereleased as Why the Real Estate Boom Will Not Bust. This year, Mr. Lereah published a new book, All Real Estate Is Local.
[59, '2007', 'In 2005, he <extra_id_0> a book <extra_id_1> \x93Are You Missing the <extra_id_2> Estate Boom?\x94 In 2006, <extra_id_3> was updated and rereleased as \x93Why <extra_id_4> Real <extra_id_5> Boom <extra_id_6> Not Bust.\x94 This year, Mr. Lereah published a new book, \x93All Real Estate Is Local.\x94', '<extra_id_0> published <extra_id_1> titled, <extra_id_2> Real <extra_id_3> it <extra_id_4> the <extra_id_5> Estate <extra_id_6> Will <extra_id_7>']
In an interview, Mr. Lereah, now an executive at Move Inc., which operates a real estate Web site, acknowledged he had gotten it wrong, saying he did not fully realize how loose lending standards had become and how quickly they would tighten up again this summer.
[60, '2007', 'In an interview, Mr. Lereah, now an executive at Move Inc., which operates a real <extra_id_0> Web site, acknowledged he had gotten it <extra_id_1> <extra_id_2> he did not fully realize how loose lending standards had become and how quickly they would tighten up again this summer.', '<extra_id_0> estate <extra_id_1> wrong, <extra_id_2> saying <extra_id_3>']
But he argued that many of his critics have also been proved wrong, because they were bearish as early as 2002.
[61, '2007', 'But <extra_id_0> argued that many of his <extra_id_1> have <extra_id_2> been proved wrong, because they were bearish as early as 2002.', '<extra_id_0> he <extra_id_1> critics <extra_id_2> also <extra_id_3>']
The bears were bears way too early, and the bulls were bulls too late, he said. You need to know when you are straying from fundamentals.
[62, '2007', '\x93The bears were bears way too early, and the bulls were bulls too late,\x94 he said. \x93You need to know <extra_id_0> you are straying from fundamentals.', '<extra_id_0> when <extra_id_1>']
Its hard, when you are in the middle of the storm, to know.
[63, '2007', '<extra_id_0> hard, when you are in the <extra_id_1> of <extra_id_2> <extra_id_3> to <extra_id_4>', '<extra_id_0> It\x92s <extra_id_1> middle <extra_id_2> the <extra_id_3> storm, <extra_id_4> know.\x94 <extra_id_5>']


Inside the Countrywide Lending Spree
[64, '2007', 'Inside <extra_id_0> Countrywide Lending Spree', '<extra_id_0> the <extra_id_1>']
ON its way to becoming the nations largest mortgage lender, the Countrywide Financial Corporation encouraged its sales force to court customers over the telephone with a seductive pitch that seldom varied. I want to be sure you are getting the best loan possible, the sales representatives would say.
[65, '2007', 'ON its way to becoming the nation\x92s largest mortgage lender, the Countrywide Financial Corporation encouraged its <extra_id_0> <extra_id_1> <extra_id_2> court <extra_id_3> <extra_id_4> <extra_id_5> <extra_id_6> with a seductive pitch that <extra_id_7> varied. \x93I <extra_id_8> to be sure you are getting the best loan possible,\x94 the sales representatives would say.', '<extra_id_0> sales <extra_id_1> force <extra_id_2> to <extra_id_3> customers <extra_id_4> over <extra_id_5> the <extra_id_6> telephone <extra_id_7> seldom <extra_id_8> want <extra_id_9>']
But providing the best loan possible to customers wasnt always the banks main goal, say some former employees.
[66, '2007', 'But providing <extra_id_0> best loan possible\x94 to customers <extra_id_1> always the <extra_id_2> main goal, say some former employees.', '<extra_id_0> \x93the <extra_id_1> wasn\x92t <extra_id_2> bank\x92s <extra_id_3>']
Instead, potential borrowers were often led to high-cost and sometimes unfavorable loans that resulted in richer commissions for Countrywides smooth-talking sales force, outsize fees to company affiliates providing services on the loans, and a roaring stock price that made Countrywide executives among the highest paid in America.
[67, '2007', 'Instead, <extra_id_0> <extra_id_1> were often led to high-cost <extra_id_2> sometimes unfavorable loans that resulted <extra_id_3> richer commissions for Countrywide\x92s smooth-talking sales <extra_id_4> outsize fees to <extra_id_5> affiliates providing services on the <extra_id_6> and a roaring stock price that made Countrywide executives among the highest paid in America.', '<extra_id_0> potential <extra_id_1> borrowers <extra_id_2> and <extra_id_3> in <extra_id_4> force, <extra_id_5> company <extra_id_6> loans, <extra_id_7>']
Countrywides entire operation, from its computer system to its incentive pay structure and financing arrangements, is intended to wring maximum profits out of the mortgage lending boom no matter what it costs borrowers, according to interviews with former employees and brokers who worked in different units of the company and internal documents they provided.
[68, '2007', '<extra_id_0> entire operation, <extra_id_1> its computer system to its <extra_id_2> pay structure and financing <extra_id_3> <extra_id_4> intended to wring maximum profits out of <extra_id_5> mortgage lending boom no matter <extra_id_6> it costs borrowers, according to <extra_id_7> with <extra_id_8> employees <extra_id_9> brokers who worked in different units of the company and internal documents they <extra_id_10>', '<extra_id_0> Countrywide\x92s <extra_id_1> from <extra_id_2> incentive <extra_id_3> arrangements, <extra_id_4> is <extra_id_5> the <extra_id_6> what <extra_id_7> interviews <extra_id_8> former <extra_id_9> and <extra_id_10> provided. <extra_id_11>']
One document, for instance, shows that until last September the computer system in the companys subprime unit excluded borrowers cash reserves, which had the effect of steering them away from lower-cost loans to those that were more expensive to homeowners and more profitable to Countrywide.
[69, '2007', '<extra_id_0> document, for instance, shows that until last September <extra_id_1> computer system in the company\x92s subprime unit excluded <extra_id_2> cash reserves, which had the effect of steering them away from lower-cost loans <extra_id_3> those that were more expensive to homeowners <extra_id_4> more profitable <extra_id_5> Countrywide.', '<extra_id_0> One <extra_id_1> the <extra_id_2> borrowers\x92 <extra_id_3> to <extra_id_4> and <extra_id_5> to <extra_id_6>']
Now, with the entire mortgage business on tenterhooks and industry practices under scrutiny by securities regulators and banking industry overseers, Countrywides money machine is sputtering.
[70, '2007', '<extra_id_0> with the entire mortgage business on tenterhooks and industry practices under scrutiny by securities regulators <extra_id_1> <extra_id_2> industry overseers, Countrywide\x92s money machine <extra_id_3> sputtering.', '<extra_id_0> Now, <extra_id_1> and <extra_id_2> banking <extra_id_3> is <extra_id_4>']
So far this year, fearful investors have cut its stock in half.
[71, '2007', 'So <extra_id_0> this year, fearful investors have <extra_id_1> its <extra_id_2> <extra_id_3> half.', '<extra_id_0> far <extra_id_1> cut <extra_id_2> stock <extra_id_3> in <extra_id_4>']
About two weeks ago, the company was forced to draw down its entire $11.5 billion credit line from a consortium of banks because it could no longer sell or borrow against home loans it has made.
[72, '2007', 'About two weeks ago, the company was forced to draw down its entire $11.5 billion credit line from a consortium of <extra_id_0> because it <extra_id_1> no longer sell <extra_id_2> <extra_id_3> against home loans it has made.', '<extra_id_0> banks <extra_id_1> could <extra_id_2> or <extra_id_3> borrow <extra_id_4>']
And last week, Bank of America invested $2 billion for a 16 percent stake in Countrywide, a move that came amid speculation that Countrywides survival was in question and that it had become a takeover target  notions that Countrywide publicly disputed.
[73, '2007', 'And last week, <extra_id_0> of America invested $2 billion for a 16 percent stake in Countrywide, a move that <extra_id_1> amid speculation that <extra_id_2> survival was in question and that it had become a takeover <extra_id_3> \x97 notions that Countrywide publicly disputed.', '<extra_id_0> Bank <extra_id_1> came <extra_id_2> Countrywide\x92s <extra_id_3> target <extra_id_4>']
Homeowners, meanwhile, drawn in by Countrywide sales scripts assuring the best loan possible, are behind on their mortgages in record numbers.
[74, '2007', 'Homeowners, <extra_id_0> drawn <extra_id_1> by Countrywide sales scripts assuring \x93the best loan <extra_id_2> are behind on their mortgages in record numbers.', '<extra_id_0> meanwhile, <extra_id_1> in <extra_id_2> possible,\x94 <extra_id_3>']
As of June 30, almost one in four subprime loans that Countrywide services was delinquent, up from 15 percent in the same period last year, according to company filings.
[75, '2007', '<extra_id_0> of June 30, almost <extra_id_1> in four <extra_id_2> <extra_id_3> that Countrywide services was delinquent, up from 15 percent in the same period last year, <extra_id_4> to company filings.', '<extra_id_0> As <extra_id_1> one <extra_id_2> subprime <extra_id_3> loans <extra_id_4> according <extra_id_5>']
Almost 10 percent were delinquent by 90 days or more, compared with last years rate of 5.35 percent.
[76, '2007', 'Almost 10 percent were delinquent by <extra_id_0> days or more, compared with last year\x92s <extra_id_1> of 5.35 percent.', '<extra_id_0> 90 <extra_id_1> rate <extra_id_2>']
Many of these loans had interest rates that recently reset from low teaser levels to double digits; others carry prohibitive prepayment penalties that have made refinancing impossibly expensive, even before this months upheaval in the mortgage markets.
[77, '2007', 'Many <extra_id_0> these loans had interest rates that <extra_id_1> reset from low <extra_id_2> levels to double digits; others carry prohibitive <extra_id_3> penalties <extra_id_4> have made refinancing <extra_id_5> <extra_id_6> even before <extra_id_7> month\x92s upheaval in <extra_id_8> mortgage markets.', '<extra_id_0> of <extra_id_1> recently <extra_id_2> teaser <extra_id_3> prepayment <extra_id_4> that <extra_id_5> impossibly <extra_id_6> expensive, <extra_id_7> this <extra_id_8> the <extra_id_9>']
To be sure, Countrywide was not the only lender that sold questionable loans with enormous fees during the housing bubble.
[78, '2007', 'To be sure, Countrywide was not the <extra_id_0> <extra_id_1> that <extra_id_2> <extra_id_3> <extra_id_4> <extra_id_5> enormous <extra_id_6> during the housing bubble.', '<extra_id_0> only <extra_id_1> lender <extra_id_2> sold <extra_id_3> questionable <extra_id_4> loans <extra_id_5> with <extra_id_6> fees <extra_id_7>']
And as real estate prices soared, borrowers themselves proved all too eager to participate, even if it meant paying high costs or signing up for a loan with an interest rate that would jump in coming years.
[79, '2007', 'And <extra_id_0> real <extra_id_1> <extra_id_2> soared, borrowers themselves proved all too eager to participate, even if it meant paying <extra_id_3> costs or signing <extra_id_4> for a loan with an interest rate that would jump in coming <extra_id_5>', '<extra_id_0> as <extra_id_1> estate <extra_id_2> prices <extra_id_3> high <extra_id_4> up <extra_id_5> years. <extra_id_6>']
But few companies benefited more from the mortgage mania than Countrywide, among the most aggressive home lenders in the nation.
[80, '2007', 'But few <extra_id_0> <extra_id_1> more from the mortgage mania than Countrywide, among the most <extra_id_2> home lenders in the nation.', '<extra_id_0> companies <extra_id_1> benefited <extra_id_2> aggressive <extra_id_3>']
As such, the company is Exhibit A for the lax and, until recently, highly lucrative lending that has turned a once-hot business ice cold and has touched off a housing crisis of historic proportions.
[81, '2007', 'As such, the company is Exhibit A for the lax and, until recently, <extra_id_0> lucrative lending that has turned a once-hot business ice <extra_id_1> and has touched off a housing crisis of historic proportions.', '<extra_id_0> highly <extra_id_1> cold <extra_id_2>']
In terms of being unresponsive to what was happening, to sticking it out the longest, and continuing to justify the garbage they were selling, Countrywide was the worst lender, said Ira Rheingold, executive director of the National Association of Consumer Advocates. And anytime states tried to pass responsible lending laws, Countrywide was fighting it tooth and nail.
[82, '2007', '<extra_id_0> terms of being unresponsive to what was happening, to sticking it out the longest, and continuing to <extra_id_1> <extra_id_2> garbage they were selling, <extra_id_3> was <extra_id_4> worst lender,\x94 said Ira Rheingold, <extra_id_5> <extra_id_6> <extra_id_7> the National Association of Consumer Advocates. \x93And anytime states tried to pass responsible lending laws, Countrywide was fighting it tooth and nail.\x94', '<extra_id_0> \x93In <extra_id_1> justify <extra_id_2> the <extra_id_3> Countrywide <extra_id_4> the <extra_id_5> executive <extra_id_6> director <extra_id_7> of <extra_id_8>']
Started as Countrywide Credit Industries in New York 38 years ago by Angelo R. Mozilo, a butchers son from the Bronx, and David Loeb, a founder of a mortgage banking firm in New York, who died in 2003, the company has become a $500 billion home loan machine with 62,000 employees, 900 offices and assets of $200 billion.
[83, '2007', 'Started <extra_id_0> Countrywide Credit Industries in New York 38 years ago by Angelo R. Mozilo, a butcher\x92s son from the Bronx, and David Loeb, a founder of a mortgage banking firm <extra_id_1> New <extra_id_2> who died in 2003, the company has become a $500 <extra_id_3> home <extra_id_4> machine with 62,000 employees, 900 offices <extra_id_5> assets of $200 billion.', '<extra_id_0> as <extra_id_1> in <extra_id_2> York, <extra_id_3> billion <extra_id_4> loan <extra_id_5> and <extra_id_6>']
Countrywides stock price was up 561 percent over the 10 years ended last December.
[84, '2007', 'Countrywide\x92s stock price was up 561 percent over the 10 years ended last <extra_id_0>', '<extra_id_0> December. <extra_id_1>']
Mr. Mozilo has ridden this remarkable wave to immense riches, thanks to generous annual stock option grants.
[85, '2007', 'Mr. Mozilo has ridden this remarkable wave to immense riches, <extra_id_0> <extra_id_1> generous <extra_id_2> stock <extra_id_3> grants.', '<extra_id_0> thanks <extra_id_1> to <extra_id_2> annual <extra_id_3> option <extra_id_4>']
Rarely a buyer of Countrywide shares  he has not bought a share since 1987, according to Securities and Exchange Commission filings  he has been a huge seller in recent years.
[86, '2007', 'Rarely a buyer of Countrywide shares <extra_id_0> he <extra_id_1> not <extra_id_2> a share since 1987, according to Securities and Exchange Commission filings \x97 he has been <extra_id_3> huge seller in recent years.', '<extra_id_0> \x97 <extra_id_1> has <extra_id_2> bought <extra_id_3> a <extra_id_4>']
Since the company listed its shares on the New York Stock Exchange in 1984, he has reaped $406 million selling Countrywide stock.
[87, '2007', '<extra_id_0> the <extra_id_1> listed its shares on the New York Stock Exchange in 1984, he <extra_id_2> reaped $406 million selling Countrywide stock.', '<extra_id_0> Since <extra_id_1> company <extra_id_2> has <extra_id_3>']
As the subprime mortgage debacle began to unfold this year, Mr. Mozilos selling accelerated.
[88, '2007', 'As the subprime mortgage debacle began <extra_id_0> unfold this year, <extra_id_1> Mozilo\x92s selling accelerated.', '<extra_id_0> to <extra_id_1> Mr. <extra_id_2>']
Filings show that he made $129 million from stock sales during the last 12 months, or almost one-third of the entire amount he has reaped over the last 23 years.
[89, '2007', 'Filings show that he made $129 <extra_id_0> <extra_id_1> stock sales during the last 12 <extra_id_2> or almost one-third of the entire amount he has reaped over the last 23 years.', '<extra_id_0> million <extra_id_1> from <extra_id_2> months, <extra_id_3>']
He still holds 1.4 million shares in Countrywide, a 0.24 percent stake that is worth $29.4 million.
[90, '2007', 'He still <extra_id_0> 1.4 million shares in Countrywide, a <extra_id_1> <extra_id_2> stake that is <extra_id_3> $29.4 <extra_id_4>', '<extra_id_0> holds <extra_id_1> 0.24 <extra_id_2> percent <extra_id_3> worth <extra_id_4> million. <extra_id_5>']
Mr. Mozilo has stated publicly that his current plan recognizes his personal need to diversify some of his assets as he approaches retirement, said Rick Simon, a Countrywide spokesman. His personal wealth remains heavily weighted in Countrywide shares, and he is, by far, the leading individual shareholder in the company.
[91, '2007', '\x93Mr. <extra_id_0> has stated publicly that his current plan recognizes <extra_id_1> <extra_id_2> need <extra_id_3> diversify <extra_id_4> of <extra_id_5> assets as he approaches retirement,\x94 said Rick Simon, <extra_id_6> Countrywide spokesman. \x93His personal <extra_id_7> <extra_id_8> heavily weighted in Countrywide shares, and he <extra_id_9> by far, the leading individual shareholder <extra_id_10> the company.\x94', '<extra_id_0> Mozilo <extra_id_1> his <extra_id_2> personal <extra_id_3> to <extra_id_4> some <extra_id_5> his <extra_id_6> a <extra_id_7> wealth <extra_id_8> remains <extra_id_9> is, <extra_id_10> in <extra_id_11>']
Mr. Simon said that Mr. Mozilo and other top Countrywide executives were not available for interviews.
[92, '2007', '<extra_id_0> <extra_id_1> said that Mr. Mozilo and other top Countrywide executives were not available <extra_id_2> interviews.', '<extra_id_0> Mr. <extra_id_1> Simon <extra_id_2> for <extra_id_3>']
The spokesman declined to answer a list of questions, saying that he and his staff were too busy.
[93, '2007', '<extra_id_0> spokesman declined to answer a list of <extra_id_1> saying that he and <extra_id_2> staff were too busy.', '<extra_id_0> The <extra_id_1> questions, <extra_id_2> his <extra_id_3>']
A former sales representative and several brokers interviewed for this article were granted anonymity because they feared retribution from Countrywide.
[94, '2007', 'A former sales representative <extra_id_0> several brokers interviewed for this article were granted anonymity because they feared retribution from Countrywide.', '<extra_id_0> and <extra_id_1>']
AMONG Countrywides operations are a bank, overseen by the Office of Thrift Supervision; a broker-dealer that trades United States government securities and sells mortgage-backed securities; a mortgage servicing arm; a real estate closing services company; an insurance company; and three special-purpose vehicles that issue short-term commercial paper backed by Countrywide mortgages.
[95, '2007', 'AMONG Countrywide\x92s operations <extra_id_0> <extra_id_1> bank, overseen <extra_id_2> the Office of Thrift Supervision; a broker-dealer that trades United States government <extra_id_3> and sells <extra_id_4> securities; a mortgage servicing arm; a <extra_id_5> <extra_id_6> closing services company; an <extra_id_7> company; and three special-purpose vehicles that issue short-term commercial paper backed by Countrywide <extra_id_8>', '<extra_id_0> are <extra_id_1> a <extra_id_2> by <extra_id_3> securities <extra_id_4> mortgage-backed <extra_id_5> real <extra_id_6> estate <extra_id_7> insurance <extra_id_8> mortgages. <extra_id_9>']
Last year, Countrywide had revenue of $11.4 billion and pretax income of $4.3 billion.
[96, '2007', 'Last year, <extra_id_0> had revenue of $11.4 billion and pretax income of $4.3 billion.', '<extra_id_0> Countrywide <extra_id_1>']
Mortgage banking contributed mightily in 2006, generating $2.06 billion before taxes.
[97, '2007', 'Mortgage banking contributed mightily in <extra_id_0> <extra_id_1> $2.06 billion before <extra_id_2>', '<extra_id_0> 2006, <extra_id_1> generating <extra_id_2> taxes. <extra_id_3>']
In the last 12 months, Countrywide financed almost $500 billion in loans, or around $41 billion a month.
[98, '2007', 'In the last 12 months, Countrywide financed almost $500 billion in loans, <extra_id_0> around $41 billion a month.', '<extra_id_0> or <extra_id_1>']
It financed 177,000 to 240,000 loans a month during the last 12 months.
[99, '2007', 'It financed 177,000 to 240,000 loans <extra_id_0> month during the last 12 months.', '<extra_id_0> a <extra_id_1>']
Countrywide lends to both prime borrowers  those with sterling credit  and so-called subprime, or riskier, borrowers.
[100, '2007', 'Countrywide lends to both <extra_id_0> borrowers \x97 those with sterling credit \x97 and so-called subprime, or <extra_id_1> borrowers.', '<extra_id_0> prime <extra_id_1> riskier, <extra_id_2>']
Among the $470 billion in loans that Countrywide made last year, 45 percent were conventional nonconforming loans, those that are too big to be sold to government-sponsored enterprises like Fannie Mae or Freddie Mac.
[101, '2007', '<extra_id_0> the $470 billion <extra_id_1> <extra_id_2> that Countrywide made <extra_id_3> year, <extra_id_4> percent were conventional nonconforming loans, <extra_id_5> that are too big to be sold to government-sponsored <extra_id_6> like Fannie Mae or <extra_id_7> Mac.', '<extra_id_0> Among <extra_id_1> in <extra_id_2> loans <extra_id_3> last <extra_id_4> 45 <extra_id_5> those <extra_id_6> enterprises <extra_id_7> Freddie <extra_id_8>']
Home equity lines of credit given to prime borrowers accounted for 10.2 percent of the total, while subprime loans were 8.7 percent.
[102, '2007', '<extra_id_0> equity lines of credit given <extra_id_1> prime borrowers accounted for 10.2 percent of the total, while <extra_id_2> loans were 8.7 percent.', '<extra_id_0> Home <extra_id_1> to <extra_id_2> subprime <extra_id_3>']
Regulatory filings show that, as of last year, 45 percent of Countrywides loans carried adjustable rates  the kind of loans that are set to reprice this fall and later, and which are causing so much anxiety among borrowers and investors alike.
[103, '2007', 'Regulatory filings show that, as of last year, 45 percent <extra_id_0> Countrywide\x92s loans <extra_id_1> adjustable <extra_id_2> <extra_id_3> the kind of loans that are set to reprice this fall and later, and which are causing so much anxiety <extra_id_4> borrowers and <extra_id_5> alike.', '<extra_id_0> of <extra_id_1> carried <extra_id_2> rates <extra_id_3> \x97 <extra_id_4> among <extra_id_5> investors <extra_id_6>']
Countrywide has a huge presence in California: 46 percent of the loans it holds on its books were made there, and 28 percent of the loans it services are there.
[104, '2007', 'Countrywide has a huge presence in California: 46 percent of the loans it holds <extra_id_0> its books were made <extra_id_1> and 28 <extra_id_2> of the loans <extra_id_3> services are there.', '<extra_id_0> on <extra_id_1> there, <extra_id_2> percent <extra_id_3> it <extra_id_4>']
Countrywide packages most of its loans into securities pools that it sells to investors.
[105, '2007', 'Countrywide packages most of its loans into securities pools <extra_id_0> it sells to <extra_id_1>', '<extra_id_0> that <extra_id_1> investors. <extra_id_2>']
Another big business for Countrywide is loan servicing, the collection of monthly principal and interest payments from borrowers and the disbursement of them to investors.
[106, '2007', '<extra_id_0> big business for <extra_id_1> is <extra_id_2> servicing, the collection of <extra_id_3> principal and interest <extra_id_4> from <extra_id_5> and the disbursement of <extra_id_6> to investors.', '<extra_id_0> Another <extra_id_1> Countrywide <extra_id_2> loan <extra_id_3> monthly <extra_id_4> payments <extra_id_5> borrowers <extra_id_6> them <extra_id_7>']
Countrywide serviced 8.2 million loans as of the end of the year; in June the portfolio totaled $1.4 trillion.
[107, '2007', '<extra_id_0> serviced 8.2 million loans as of the end of the year; in June the portfolio totaled <extra_id_1> trillion.', '<extra_id_0> Countrywide <extra_id_1> $1.4 <extra_id_2>']
In addition to the enormous profits this business generates  $660 million in 2006, or 25 percent of its overall earnings  customers of the Countrywide servicing unit are a huge source of leads for its mortgage sales staff, say former employees.
[108, '2007', 'In <extra_id_0> to the <extra_id_1> profits this business generates \x97 $660 million in 2006, or 25 percent <extra_id_2> its overall earnings \x97 customers of the Countrywide <extra_id_3> unit are a huge source of leads <extra_id_4> its mortgage sales staff, say former employees.', '<extra_id_0> addition <extra_id_1> enormous <extra_id_2> of <extra_id_3> servicing <extra_id_4> for <extra_id_5>']
In a mid-March interview on CNBC, Mr. Mozilo said Countrywide was poised to benefit from the spreading crisis in the mortgage lending industry. This will be great for Countrywide, he said, because at the end of the day, all of the irrational competitors will be gone.
[109, '2007', 'In <extra_id_0> mid-March interview on CNBC, Mr. Mozilo <extra_id_1> <extra_id_2> was poised to benefit from the spreading crisis in the mortgage lending industry. \x93This will be great for Countrywide,\x94 he said, <extra_id_3> at the end of the <extra_id_4> all of the <extra_id_5> competitors will be <extra_id_6>', '<extra_id_0> a <extra_id_1> said <extra_id_2> Countrywide <extra_id_3> \x93because <extra_id_4> day, <extra_id_5> irrational <extra_id_6> gone.\x94 <extra_id_7>']
But Countrywide documents show that it, too, was a lax lender.
[110, '2007', 'But Countrywide <extra_id_0> show that it, <extra_id_1> was a lax lender.', '<extra_id_0> documents <extra_id_1> too, <extra_id_2>']
For example, it wasnt until March 16 that Countrywide eliminated so-called piggyback loans from its product list, loans that permitted borrowers to buy a house without putting down any of their own money.
[111, '2007', 'For example, it wasn\x92t until March 16 that Countrywide eliminated so-called piggyback <extra_id_0> from its product list, loans that <extra_id_1> borrowers to buy a house without putting <extra_id_2> any of their own money.', '<extra_id_0> loans <extra_id_1> permitted <extra_id_2> down <extra_id_3>']
And Countrywide waited until Feb. 23 to stop peddling another risky product, loans that were worth more than 95 percent of a homes appraised value and required no documentation of a borrowers income.
[112, '2007', '<extra_id_0> Countrywide waited <extra_id_1> Feb. <extra_id_2> to stop peddling <extra_id_3> risky product, loans <extra_id_4> were <extra_id_5> more than 95 percent of a home\x92s appraised value and required no documentation of a borrower\x92s income.', '<extra_id_0> And <extra_id_1> until <extra_id_2> 23 <extra_id_3> another <extra_id_4> that <extra_id_5> worth <extra_id_6>']
As recently as July 27, Countrywides product list showed that it would lend $500,000 to a borrower rated C-minus, the second-riskiest grade.
[113, '2007', '<extra_id_0> <extra_id_1> as <extra_id_2> 27, Countrywide\x92s product list showed that <extra_id_3> would <extra_id_4> $500,000 to <extra_id_5> borrower rated C-minus, <extra_id_6> second-riskiest grade.', '<extra_id_0> As <extra_id_1> recently <extra_id_2> July <extra_id_3> it <extra_id_4> lend <extra_id_5> a <extra_id_6> the <extra_id_7>']
As long as the loan represented no more than 70 percent of the underlying propertys value, Countrywide would lend to a borrower even if the person had a credit score as low as 500.
[114, '2007', 'As long as the loan represented no more than 70 percent of the underlying property\x92s value, Countrywide would lend to <extra_id_0> borrower even if the <extra_id_1> had a credit score <extra_id_2> low <extra_id_3> 500.', '<extra_id_0> a <extra_id_1> person <extra_id_2> as <extra_id_3> as <extra_id_4>']
The top score is 850.
[115, '2007', '<extra_id_0> top score is 850.', '<extra_id_0> The <extra_id_1>']
The company would lend even if the borrower had been 90 days late on a current mortgage payment twice in the last 12 months, if the borrower had filed for personal bankruptcy protection, or if the borrower had faced foreclosure or default notices on his or her property.
[116, '2007', 'The <extra_id_0> would lend <extra_id_1> if the borrower had been 90 days late <extra_id_2> a current mortgage payment twice in <extra_id_3> last <extra_id_4> months, <extra_id_5> <extra_id_6> borrower had filed for personal bankruptcy protection, or if <extra_id_7> borrower had faced foreclosure or default notices <extra_id_8> his or her property.', '<extra_id_0> company <extra_id_1> even <extra_id_2> on <extra_id_3> the <extra_id_4> 12 <extra_id_5> if <extra_id_6> the <extra_id_7> the <extra_id_8> on <extra_id_9>']
Such loans were made, former employees say, because they were so lucrative  to Countrywide.
[117, '2007', 'Such loans were made, former employees say, because they were so lucrative <extra_id_0> to Countrywide.', '<extra_id_0> \x97 <extra_id_1>']
The company harvested a steady stream of fees or payments on such loans and busily repackaged them as securities to sell to investors.
[118, '2007', 'The company harvested a <extra_id_0> stream of fees or payments on such loans <extra_id_1> busily repackaged them as securities to sell to investors.', '<extra_id_0> steady <extra_id_1> and <extra_id_2>']
As long as housing prices kept rising, everyone  borrowers, lenders and investors  appeared to be winners.
[119, '2007', 'As long <extra_id_0> housing prices kept rising, everyone \x97 <extra_id_1> lenders <extra_id_2> investors <extra_id_3> <extra_id_4> to be winners.', '<extra_id_0> as <extra_id_1> borrowers, <extra_id_2> and <extra_id_3> \x97 <extra_id_4> appeared <extra_id_5>']
One former employee provided documents indicating Countrywides minimum profit margins on subprime loans of different sizes.
[120, '2007', 'One former employee provided documents indicating Countrywide\x92s minimum <extra_id_0> margins on subprime <extra_id_1> of different sizes.', '<extra_id_0> profit <extra_id_1> loans <extra_id_2>']
These ranged from 5 percent on small loans of $100,000 to $200,000 to 3 percent on loans of $350,000 to $500,000.
[121, '2007', 'These <extra_id_0> from 5 percent <extra_id_1> small loans of <extra_id_2> to <extra_id_3> to 3 percent on <extra_id_4> <extra_id_5> <extra_id_6> to $500,000.', '<extra_id_0> ranged <extra_id_1> on <extra_id_2> $100,000 <extra_id_3> $200,000 <extra_id_4> loans <extra_id_5> of <extra_id_6> $350,000 <extra_id_7>']
But on subprime loans that imposed heavy burdens on borrowers, like high prepayment penalties that persisted for three years, Countrywides margins could reach 15 percent of the loan, the former employee said.
[122, '2007', '<extra_id_0> on subprime loans that imposed heavy burdens on borrowers, <extra_id_1> high prepayment penalties that persisted <extra_id_2> three years, Countrywide\x92s margins could reach <extra_id_3> percent of the <extra_id_4> <extra_id_5> former employee said.', '<extra_id_0> But <extra_id_1> like <extra_id_2> for <extra_id_3> 15 <extra_id_4> loan, <extra_id_5> the <extra_id_6>']
Regulatory filings show how much more profitable subprime loans are for Countrywide than higher-quality prime loans.
[123, '2007', 'Regulatory filings <extra_id_0> how much more <extra_id_1> subprime loans <extra_id_2> <extra_id_3> Countrywide than higher-quality prime loans.', '<extra_id_0> show <extra_id_1> profitable <extra_id_2> are <extra_id_3> for <extra_id_4>']
Last year, for example, the profit margins Countrywide generated on subprime loans that it sold to investors were 1.84 percent, versus 1.07 percent on prime loans.
[124, '2007', 'Last <extra_id_0> for example, the profit margins Countrywide generated on subprime loans that it sold to investors were 1.84 percent, versus 1.07 <extra_id_1> on prime loans.', '<extra_id_0> year, <extra_id_1> percent <extra_id_2>']
A year earlier, when the subprime machine was really cranking, sales of these mortgages produced profits of 2 percent, versus 0.82 percent from prime mortgages.
[125, '2007', 'A year earlier, when the <extra_id_0> <extra_id_1> was really cranking, sales of these <extra_id_2> produced profits of 2 <extra_id_3> versus 0.82 percent from prime mortgages.', '<extra_id_0> subprime <extra_id_1> machine <extra_id_2> mortgages <extra_id_3> percent, <extra_id_4>']
And in 2004, subprime loans produced gains of 3.64 percent, versus 0.93 percent for prime loans.
[126, '2007', 'And in 2004, subprime loans <extra_id_0> <extra_id_1> <extra_id_2> 3.64 percent, versus 0.93 percent <extra_id_3> prime <extra_id_4>', '<extra_id_0> produced <extra_id_1> gains <extra_id_2> of <extra_id_3> for <extra_id_4> loans. <extra_id_5>']
One reason these loans were so lucrative for Countrywide is that investors who bought securities backed by the mortgages were willing to pay more for loans with prepayment penalties and those whose interest rates were going to reset at higher levels.
[127, '2007', 'One reason these loans were so lucrative for Countrywide <extra_id_0> that investors who bought securities backed by the mortgages were willing to pay <extra_id_1> for loans with prepayment penalties and those whose interest rates were going <extra_id_2> reset at higher levels.', '<extra_id_0> is <extra_id_1> more <extra_id_2> to <extra_id_3>']
Investors ponied up because pools of subprime loans were likely to generate a larger cash flow than prime loans that carried lower fixed rates.
[128, '2007', '<extra_id_0> ponied up because <extra_id_1> <extra_id_2> subprime loans were likely to generate a larger cash flow than prime loans that carried lower fixed rates.', '<extra_id_0> Investors <extra_id_1> pools <extra_id_2> of <extra_id_3>']
As a result, former employees said, the companys commission structure rewarded sales representatives for making risky, high-cost loans.
[129, '2007', '<extra_id_0> a result, former <extra_id_1> <extra_id_2> <extra_id_3> company\x92s commission structure rewarded sales representatives <extra_id_4> <extra_id_5> risky, <extra_id_6> loans.', '<extra_id_0> As <extra_id_1> employees <extra_id_2> said, <extra_id_3> the <extra_id_4> for <extra_id_5> making <extra_id_6> high-cost <extra_id_7>']
For example, according to another mortgage sales representative affiliated with Countrywide, adding a three-year prepayment penalty to a loan would generate an extra 1 percent of the loans value in a commission.
[130, '2007', 'For example, according <extra_id_0> another mortgage sales representative affiliated with Countrywide, adding a three-year prepayment penalty to a loan would generate an extra 1 percent of the loan\x92s value in <extra_id_1> commission.', '<extra_id_0> to <extra_id_1> a <extra_id_2>']
While mortgage brokers commissions would vary on loans that reset after a short period with a low teaser rate, the higher the rate at reset, the greater the commission earned, these people said.
[131, '2007', 'While <extra_id_0> brokers\x92 commissions would vary <extra_id_1> loans that <extra_id_2> after <extra_id_3> <extra_id_4> period with a low teaser rate, the higher the rate at reset, the greater the commission earned, these people said.', '<extra_id_0> mortgage <extra_id_1> on <extra_id_2> reset <extra_id_3> a <extra_id_4> short <extra_id_5>']
Persuading someone to add a home equity line of credit to a loan carried extra commissions of 0.25 percent, according to a former sales representative.
[132, '2007', 'Persuading someone <extra_id_0> <extra_id_1> a home equity line of credit to <extra_id_2> loan <extra_id_3> extra commissions of 0.25 percent, according to a former sales representative.', '<extra_id_0> to <extra_id_1> add <extra_id_2> a <extra_id_3> carried <extra_id_4>']
The whole commission structure in both prime and subprime was designed to reward salespeople for pushing whatever programs Countrywide made the most money on in the secondary market, the former sales representative said.
[133, '2007', '\x93The whole commission structure <extra_id_0> both prime and subprime was designed to reward salespeople for pushing whatever <extra_id_1> Countrywide <extra_id_2> <extra_id_3> <extra_id_4> money on in the secondary market,\x94 the former sales representative said.', '<extra_id_0> in <extra_id_1> programs <extra_id_2> made <extra_id_3> the <extra_id_4> most <extra_id_5>']
CONSIDER an example provided by a former mortgage broker.
[134, '2007', '<extra_id_0> an example provided by a former mortgage broker.', '<extra_id_0> CONSIDER <extra_id_1>']
Say that a borrower was persuaded to take on a $1 million adjustable-rate loan that required the person to pay only a tiny fraction of the real interest rate and no principal during the first year  a loan known in the trade as a pay option adjustable-rate mortgage.
[135, '2007', 'Say that a borrower was persuaded <extra_id_0> take on a $1 million adjustable-rate loan that required the <extra_id_1> to pay only a <extra_id_2> <extra_id_3> of the real interest rate and <extra_id_4> principal during <extra_id_5> <extra_id_6> year \x97 a loan known <extra_id_7> the trade as a pay option <extra_id_8> mortgage.', '<extra_id_0> to <extra_id_1> person <extra_id_2> tiny <extra_id_3> fraction <extra_id_4> no <extra_id_5> the <extra_id_6> first <extra_id_7> in <extra_id_8> adjustable-rate <extra_id_9>']
If the loan carried a three-year prepayment penalty requiring the borrower to pay six months worth of interest at the much higher reset rate of 3 percentage points over the prevailing market rate, Countrywide would pay the broker a $30,000 commission.
[136, '2007', 'If the <extra_id_0> carried a three-year prepayment penalty requiring the <extra_id_1> to pay <extra_id_2> months\x92 worth <extra_id_3> interest at the much higher reset <extra_id_4> of 3 percentage points over <extra_id_5> prevailing market rate, Countrywide would pay the broker a $30,000 commission.', '<extra_id_0> loan <extra_id_1> borrower <extra_id_2> six <extra_id_3> of <extra_id_4> rate <extra_id_5> the <extra_id_6>']
When borrowers tried to reduce their mortgage debt, Countrywide cashed in: prepayment penalties generated significant revenue for the company  $268 million last year, up from $212 million in 2005.
[137, '2007', '<extra_id_0> borrowers <extra_id_1> to reduce their mortgage debt, Countrywide cashed <extra_id_2> prepayment <extra_id_3> generated significant <extra_id_4> for the company \x97 $268 million last year, up <extra_id_5> <extra_id_6> million in 2005.', '<extra_id_0> When <extra_id_1> tried <extra_id_2> in: <extra_id_3> penalties <extra_id_4> revenue <extra_id_5> from <extra_id_6> $212 <extra_id_7>']
When borrowers had difficulty making payments, Countrywide cashed in again: late charges produced even more in 2006  some $285 million.
[138, '2007', 'When borrowers had difficulty making payments, Countrywide cashed in again: late charges produced <extra_id_0> more in 2006 \x97 <extra_id_1> $285 million.', '<extra_id_0> even <extra_id_1> some <extra_id_2>']
The companys incentive system also encouraged brokers and sales representatives to move borrowers into the subprime category, even if their financial position meant that they belonged higher up the loan spectrum.
[139, '2007', 'The company\x92s <extra_id_0> system <extra_id_1> encouraged brokers and sales representatives to <extra_id_2> borrowers into the subprime category, even if their financial position meant that they belonged higher up the loan spectrum.', '<extra_id_0> incentive <extra_id_1> also <extra_id_2> move <extra_id_3>']
Brokers who peddled subprime loans received commissions of 0.50 percent of the loans value, versus 0.20 percent on loans one step up the quality ladder, known as Alternate-A, former brokers said.
[140, '2007', 'Brokers who peddled <extra_id_0> loans received <extra_id_1> <extra_id_2> 0.50 percent <extra_id_3> the loan\x92s value, versus 0.20 percent on loans one step up the <extra_id_4> ladder, known as Alternate-A, former brokers said.', '<extra_id_0> subprime <extra_id_1> commissions <extra_id_2> of <extra_id_3> of <extra_id_4> quality <extra_id_5>']
For years, a software system in Countrywides subprime unit that sales representatives used to calculate the loan type that a borrower qualified for did not allow the input of a borrowers cash reserves, a former employee said.
[141, '2007', 'For years, a <extra_id_0> system in Countrywide\x92s subprime unit that sales representatives used to calculate the loan type that a <extra_id_1> qualified for did not allow <extra_id_2> input of <extra_id_3> <extra_id_4> cash reserves, a former employee said.', '<extra_id_0> software <extra_id_1> borrower <extra_id_2> the <extra_id_3> a <extra_id_4> borrower\x92s <extra_id_5>']
A borrower who has more assets poses less risk to a lender, and will typically get a better rate on a loan as a result.
[142, '2007', 'A borrower who has more assets poses <extra_id_0> risk to a lender, and will typically get <extra_id_1> better rate on a <extra_id_2> as a result.', '<extra_id_0> less <extra_id_1> a <extra_id_2> loan <extra_id_3>']
But, this sales representative said, Countrywides software prevented the input of cash reserves so borrowers would have to be pitched on pricier loans.
[143, '2007', 'But, this sales representative said, Countrywide\x92s software prevented the input of cash reserves so borrowers would have to be pitched <extra_id_0> pricier <extra_id_1>', '<extra_id_0> on <extra_id_1> loans. <extra_id_2>']
It was not until last September that the company changed this practice, as part of what was called in an internal memo the Do the Right Thing campaign.
[144, '2007', 'It was not until last September that the <extra_id_0> changed <extra_id_1> practice, as part of what was called in <extra_id_2> internal memo the \x93Do the Right Thing\x94 campaign.', '<extra_id_0> company <extra_id_1> this <extra_id_2> an <extra_id_3>']
According to the former sales representative, Countrywides big subprime unit also avoided offering borrowers Federal Housing Administration loans, which are backed by the United States government and are less risky.
[145, '2007', 'According to the former <extra_id_0> representative, Countrywide\x92s big <extra_id_1> unit also <extra_id_2> offering borrowers Federal Housing <extra_id_3> <extra_id_4> which are backed by <extra_id_5> United States <extra_id_6> and are less risky.', '<extra_id_0> sales <extra_id_1> subprime <extra_id_2> avoided <extra_id_3> Administration <extra_id_4> loans, <extra_id_5> the <extra_id_6> government <extra_id_7>']
But these loans, well suited to low-income or first-time home buyers, do not generate the high fees that Countrywide encouraged its sales force to pursue.
[146, '2007', 'But these <extra_id_0> well suited to low-income or first-time home buyers, do not generate the high fees that Countrywide encouraged its sales force <extra_id_1> pursue.', '<extra_id_0> loans, <extra_id_1> to <extra_id_2>']
A few weeks ago, the former sales representative priced a $275,000 loan with a 30-year term and a fixed rate for a borrower putting down 10 percent, with fully documented income, and a credit score of 620.
[147, '2007', 'A few weeks ago, the former sales representative priced a $275,000 loan with a <extra_id_0> term and a fixed rate for a <extra_id_1> putting down 10 percent, with fully documented income, and a credit score of 620.', '<extra_id_0> 30-year <extra_id_1> borrower <extra_id_2>']
While a F.H.A. loan on the same terms would have carried a 7 percent rate and 0.125 percentage points, Countrywides subprime loan for the same borrower carried a rate of 9.875 percent and three additional percentage points.
[148, '2007', 'While a F.H.A. <extra_id_0> on the same terms <extra_id_1> have carried a 7 percent rate and 0.125 percentage points, Countrywide\x92s subprime loan for the same borrower carried a rate of 9.875 percent and three additional <extra_id_2> points.', '<extra_id_0> loan <extra_id_1> would <extra_id_2> percentage <extra_id_3>']
The monthly payment on the F.H.A. loan would have been $1,829, while Countrywides subprime loan generated a $2,387 monthly payment.
[149, '2007', 'The monthly payment on the F.H.A. loan would have been <extra_id_0> while Countrywide\x92s subprime <extra_id_1> generated a $2,387 monthly payment.', '<extra_id_0> $1,829, <extra_id_1> loan <extra_id_2>']
That amounts to a difference of $558 a month, or $6,696 a year  no small sum for a low-income homeowner.
[150, '2007', 'That amounts <extra_id_0> a difference of $558 a month, or <extra_id_1> <extra_id_2> year \x97 no small sum for a low-income homeowner.', '<extra_id_0> to <extra_id_1> $6,696 <extra_id_2> a <extra_id_3>']
F.H.A. loans are the best source of financing for low-income borrowers, the former sales representative said.
[151, '2007', '\x93F.H.A. loans are the best source of financing for low-income borrowers,\x94 the former sales <extra_id_0> said.', '<extra_id_0> representative <extra_id_1>']
So Countrywides subprime lending program is not living up to the promise of providing the best loan programs to its clients, he said.
[152, '2007', 'So Countrywide\x92s subprime lending program \x93is not <extra_id_0> up to the promise of providing <extra_id_1> best loan programs to <extra_id_2> clients,\x94 he said.', '<extra_id_0> living <extra_id_1> the <extra_id_2> its <extra_id_3>']
Mr. Simon of Countrywide said that Federal Housing Administration loans were becoming a bigger part of the companys business.
[153, '2007', 'Mr. Simon of <extra_id_0> said that Federal Housing Administration loans were becoming a <extra_id_1> part of the company\x92s business.', '<extra_id_0> Countrywide <extra_id_1> bigger <extra_id_2>']
While they are very useful to some borrowers, F.H.A./V.A. mortgages are extremely difficult to originate in markets with above-average home prices, because the maximum loan amount is so low, he said. Countrywide believes F.H.A./V.A. loans are an increasingly important part of its product menu, particularly for the homeownership hopes of low- to moderate-income and minority borrowers we have concentrated on reaching and serving.
[154, '2007', '\x93While they are very useful <extra_id_0> some borrowers, F.H.A./V.A. mortgages are extremely difficult to originate in <extra_id_1> with above-average home <extra_id_2> <extra_id_3> the maximum loan amount is so low,\x94 <extra_id_4> said. \x93Countrywide <extra_id_5> <extra_id_6> loans <extra_id_7> an increasingly important part of its product menu, particularly for the homeownership hopes of low- to moderate-income and <extra_id_8> borrowers we have concentrated on reaching and <extra_id_9>', '<extra_id_0> to <extra_id_1> markets <extra_id_2> prices, <extra_id_3> because <extra_id_4> he <extra_id_5> believes <extra_id_6> F.H.A./V.A. <extra_id_7> are <extra_id_8> minority <extra_id_9> serving.\x94 <extra_id_10>']
WORKDAYS at Countrywides mortgage lending units centered on an intense telemarketing effort, former employees said.
[155, '2007', 'WORKDAYS at Countrywide\x92s <extra_id_0> lending units centered <extra_id_1> an intense telemarketing effort, former employees <extra_id_2>', '<extra_id_0> mortgage <extra_id_1> on <extra_id_2> said. <extra_id_3>']
It involved chasing down sales leads and hewing to carefully prepared scripts during telephone calls with prospects.
[156, '2007', 'It <extra_id_0> chasing down <extra_id_1> leads and hewing to carefully prepared scripts <extra_id_2> telephone calls with prospects.', '<extra_id_0> involved <extra_id_1> sales <extra_id_2> during <extra_id_3>']
One marketing manual used in Countrywides subprime unit during 2005, for example, walks sales representatives through the steps of a successful call. Step 3, Borrower Information, is where the Account Executive gets on the Oasis of Rapport, the manual states. The Oasis of Rapport is the time spent with the client building rapport and gathering information.
[157, '2007', '<extra_id_0> <extra_id_1> manual <extra_id_2> in Countrywide\x92s subprime unit during 2005, <extra_id_3> example, walks sales representatives through the steps of a successful call. \x93Step 3, Borrower <extra_id_4> is where the Account Executive <extra_id_5> on the Oasis <extra_id_6> Rapport,\x94 the <extra_id_7> states. \x93The Oasis of Rapport is <extra_id_8> time spent with the <extra_id_9> building <extra_id_10> and gathering information.', '<extra_id_0> One <extra_id_1> marketing <extra_id_2> used <extra_id_3> for <extra_id_4> Information, <extra_id_5> gets <extra_id_6> of <extra_id_7> manual <extra_id_8> the <extra_id_9> client <extra_id_10> rapport <extra_id_11>']
At this point in the sales cycle, rates, points, and fees are not discussed.
[158, '2007', 'At this point in the sales cycle, rates, points, <extra_id_0> fees are <extra_id_1> discussed.', '<extra_id_0> and <extra_id_1> not <extra_id_2>']
The immediate objective is for the Account Executive to get to know the client and look for points of common interest.
[159, '2007', 'The <extra_id_0> objective <extra_id_1> for the Account Executive to get to know the client <extra_id_2> look for points of <extra_id_3> <extra_id_4>', '<extra_id_0> immediate <extra_id_1> is <extra_id_2> and <extra_id_3> common <extra_id_4> interest. <extra_id_5>']
Use first names with clients as it facilitates a friendly, helpful tone.
[160, '2007', 'Use first <extra_id_0> with clients as it facilitates a friendly, helpful tone.\x94', '<extra_id_0> names <extra_id_1>']
If clients proved to be uninterested, the script provided ways for sales representatives to be more persuasive.
[161, '2007', '<extra_id_0> clients proved <extra_id_1> be <extra_id_2> the <extra_id_3> provided ways for sales representatives to be more persuasive.', '<extra_id_0> If <extra_id_1> to <extra_id_2> uninterested, <extra_id_3> script <extra_id_4>']
Account executives encountering prospective customers who said their mortgage had been paid off, for instance, were advised to ask about a home equity loan. Dont you want the equity in your home to work for you? the script said. You can use your equity for your advantage and pay bills or get cash out.
[162, '2007', 'Account executives <extra_id_0> prospective customers who <extra_id_1> their mortgage had been paid off, <extra_id_2> instance, were advised <extra_id_3> ask about a home equity <extra_id_4> \x93Don\x92t you want the equity in your <extra_id_5> to <extra_id_6> for you?\x94 the script <extra_id_7> <extra_id_8> can use <extra_id_9> equity for your advantage and pay bills or get <extra_id_10> out.', '<extra_id_0> encountering <extra_id_1> said <extra_id_2> for <extra_id_3> to <extra_id_4> loan. <extra_id_5> home <extra_id_6> work <extra_id_7> said. <extra_id_8> \x93You <extra_id_9> your <extra_id_10> cash <extra_id_11>']
How does that sound?
[163, '2007', 'How does <extra_id_0> <extra_id_1>', '<extra_id_0> that <extra_id_1> sound?\x94 <extra_id_2>']
Other documents from the subprime unit also show that Countrywide was willing to underwrite loans that left little disposable income for borrowers food, clothing and other living expenses.
[164, '2007', 'Other documents from the subprime <extra_id_0> also show <extra_id_1> Countrywide was willing to underwrite loans that left little <extra_id_2> income for borrowers\x92 food, <extra_id_3> and other <extra_id_4> expenses.', '<extra_id_0> unit <extra_id_1> that <extra_id_2> disposable <extra_id_3> clothing <extra_id_4> living <extra_id_5>']
A different manual states that loans could be written for borrowers even if, in a family of four, they had just $1,000 in disposable income after paying their mortgage bill.
[165, '2007', 'A <extra_id_0> <extra_id_1> states that <extra_id_2> could be written for borrowers <extra_id_3> <extra_id_4> <extra_id_5> a family <extra_id_6> four, they had just $1,000 in disposable <extra_id_7> <extra_id_8> paying their mortgage <extra_id_9>', '<extra_id_0> different <extra_id_1> manual <extra_id_2> loans <extra_id_3> even <extra_id_4> if, <extra_id_5> in <extra_id_6> of <extra_id_7> income <extra_id_8> after <extra_id_9> bill. <extra_id_10>']
A loan to a single borrower could be made even if the person had just $550 left each month to live on, the manual said.
[166, '2007', 'A loan to <extra_id_0> single borrower could be made even if the person had just $550 <extra_id_1> each <extra_id_2> to <extra_id_3> on, the manual said.', '<extra_id_0> a <extra_id_1> left <extra_id_2> month <extra_id_3> live <extra_id_4>']
Independent brokers who have worked with Countrywide also say the company does not provide records of their compensation to the Internal Revenue Service on a Form 1099, as the law requires.
[167, '2007', 'Independent brokers who have worked with Countrywide also say the company does not <extra_id_0> records <extra_id_1> their <extra_id_2> to the Internal Revenue <extra_id_3> on a Form 1099, as the <extra_id_4> requires.', '<extra_id_0> provide <extra_id_1> of <extra_id_2> compensation <extra_id_3> Service <extra_id_4> law <extra_id_5>']
These brokers say that all other home lenders they have worked with submitted 1099s disclosing income earned from their associations.
[168, '2007', 'These brokers say <extra_id_0> all other <extra_id_1> lenders they have worked with <extra_id_2> 1099s <extra_id_3> income earned from their associations.', '<extra_id_0> that <extra_id_1> home <extra_id_2> submitted <extra_id_3> disclosing <extra_id_4>']
One broker who worked with Countrywide for seven years said she never got a 1099.
[169, '2007', 'One broker <extra_id_0> worked with Countrywide for seven <extra_id_1> said she never <extra_id_2> a 1099.', '<extra_id_0> who <extra_id_1> years <extra_id_2> got <extra_id_3>']
When I got ready to do my first years taxes I had received 1099s from everybody but Countrywide, she said. I called my rep and he said, Were too big.
[170, '2007', '<extra_id_0> I got ready to do my first year\x92s taxes I had received <extra_id_1> from everybody but <extra_id_2> <extra_id_3> said. \x93I <extra_id_4> my rep <extra_id_5> he said, \x91We\x92re too big.', '<extra_id_0> \x93When <extra_id_1> 1099s <extra_id_2> Countrywide,\x94 <extra_id_3> she <extra_id_4> called <extra_id_5> and <extra_id_6>']
Theres too many.
[171, '2007', '<extra_id_0> <extra_id_1> many.', '<extra_id_0> There\x92s <extra_id_1> too <extra_id_2>']
We dont do it. 
[172, '2007', 'We <extra_id_0> do it.\x92 \x94', '<extra_id_0> don\x92t <extra_id_1>']
A different broker supplied an e-mail message from a Countrywide official stating that it was not company practice to submit 1099s.
[173, '2007', 'A different <extra_id_0> supplied <extra_id_1> e-mail message from a Countrywide official stating <extra_id_2> it was not company practice to submit 1099s.', '<extra_id_0> broker <extra_id_1> an <extra_id_2> that <extra_id_3>']
It is unclear why Countrywide apparently chooses not to provide the documents.
[174, '2007', 'It <extra_id_0> unclear why Countrywide apparently <extra_id_1> not to <extra_id_2> the documents.', '<extra_id_0> is <extra_id_1> chooses <extra_id_2> provide <extra_id_3>']
Countrywide boasts that it is the No.
[175, '2007', 'Countrywide <extra_id_0> that it is the No.', '<extra_id_0> boasts <extra_id_1>']
1 lender to minorities, providing those borrowers with their piece of the American homeownership dream.
[176, '2007', '1 lender to <extra_id_0> providing those <extra_id_1> with their piece of the American homeownership dream.', '<extra_id_0> minorities, <extra_id_1> borrowers <extra_id_2>']
But it has run into problems with state regulators in New York, who contended that the company overcharged such borrowers for loans.
[177, '2007', 'But it <extra_id_0> run into problems with state regulators <extra_id_1> New York, who contended that the <extra_id_2> overcharged such borrowers for loans.', '<extra_id_0> has <extra_id_1> in <extra_id_2> company <extra_id_3>']
Last December, Countrywide struck an agreement with Eliot Spitzer, then the state attorney general, to compensate black and Latino borrowers to whom it had improperly given high-cost loans in 2004.
[178, '2007', 'Last <extra_id_0> Countrywide struck an agreement with Eliot Spitzer, then <extra_id_1> state attorney general, to compensate black and Latino borrowers to <extra_id_2> it had improperly given high-cost loans in <extra_id_3>', '<extra_id_0> December, <extra_id_1> the <extra_id_2> whom <extra_id_3> 2004. <extra_id_4>']
Under the agreement, Countrywide, which cooperated with the attorney general, agreed to improve its fair-lending monitoring activities and set up a $3 million consumer education program.
[179, '2007', 'Under the agreement, Countrywide, which cooperated with the <extra_id_0> general, agreed to improve its fair-lending monitoring activities and <extra_id_1> up a $3 million consumer education program.', '<extra_id_0> attorney <extra_id_1> set <extra_id_2>']
But few borrowers of any sort, even the most creditworthy, appear to escape Countrywides fee machine.
[180, '2007', 'But few borrowers of <extra_id_0> sort, even the most creditworthy, <extra_id_1> to escape Countrywide\x92s fee <extra_id_2>', '<extra_id_0> any <extra_id_1> appear <extra_id_2> machine. <extra_id_3>']
When borrowers close on their loans, they pay fees for flood and tax certifications, appraisals, document preparation, even charges associated with e-mailing documents or using FedEx to send or receive paperwork, according to Countrywide documents.
[181, '2007', '<extra_id_0> <extra_id_1> close on their loans, they pay fees for <extra_id_2> <extra_id_3> <extra_id_4> certifications, appraisals, <extra_id_5> preparation, even charges associated <extra_id_6> e-mailing documents or using <extra_id_7> to send or receive paperwork, according <extra_id_8> Countrywide documents.', '<extra_id_0> When <extra_id_1> borrowers <extra_id_2> flood <extra_id_3> and <extra_id_4> tax <extra_id_5> document <extra_id_6> with <extra_id_7> FedEx <extra_id_8> to <extra_id_9>']
Its a big business: During the last 12 months, Countrywide did 3.5 million flood certifications, conducted 10.8 million credit checks and 1.3 million appraisals, its filings show.
[182, '2007', '<extra_id_0> a big business: During the last 12 months, Countrywide <extra_id_1> 3.5 million flood certifications, conducted 10.8 million credit checks and 1.3 <extra_id_2> appraisals, its filings show.', '<extra_id_0> It\x92s <extra_id_1> did <extra_id_2> million <extra_id_3>']
Many of the fees go to its loan closing services subsidiary, LandSafe Inc.
[183, '2007', 'Many <extra_id_0> the fees go <extra_id_1> <extra_id_2> loan closing services subsidiary, LandSafe Inc.', '<extra_id_0> of <extra_id_1> to <extra_id_2> its <extra_id_3>']
According to dozens of loan documents, LandSafe routinely charges tax service fees of $60, far above what other lenders charge, for information about any outstanding tax obligations of the borrowers.
[184, '2007', 'According to dozens <extra_id_0> <extra_id_1> documents, LandSafe routinely charges tax service fees of $60, <extra_id_2> above <extra_id_3> other lenders charge, for information about any outstanding tax <extra_id_4> of the borrowers.', '<extra_id_0> of <extra_id_1> loan <extra_id_2> far <extra_id_3> what <extra_id_4> obligations <extra_id_5>']
Credit checks can cost $36 at LandSafe, double what others levy.
[185, '2007', 'Credit checks can cost $36 at LandSafe, double what others <extra_id_0>', '<extra_id_0> levy. <extra_id_1>']
Some Countrywide loans even included fees of $100 to e-mail documents or $45 to ship them overnight.
[186, '2007', 'Some Countrywide loans even included <extra_id_0> of $100 to e-mail documents or $45 <extra_id_1> ship them overnight.', '<extra_id_0> fees <extra_id_1> to <extra_id_2>']
LandSafe also charges borrowers $26 for flood certifications, for which other companies typically charge $12 to $14, according to sales representatives and brokers familiar with the fees.
[187, '2007', 'LandSafe also <extra_id_0> borrowers $26 for flood certifications, for which <extra_id_1> companies typically charge $12 to $14, according to sales <extra_id_2> and brokers <extra_id_3> with the fees.', '<extra_id_0> charges <extra_id_1> other <extra_id_2> representatives <extra_id_3> familiar <extra_id_4>']
LAST April, Countrywide customers in Los Angeles filed suit against the company in California state court, contending that it overcharged borrowers by collecting unearned fees in relation to tax service fees and flood certification charges.
[188, '2007', '<extra_id_0> <extra_id_1> Countrywide customers <extra_id_2> Los Angeles filed <extra_id_3> <extra_id_4> the company in California state court, contending that it overcharged borrowers by <extra_id_5> unearned fees in relation <extra_id_6> tax <extra_id_7> fees and flood certification charges.', '<extra_id_0> LAST <extra_id_1> April, <extra_id_2> in <extra_id_3> suit <extra_id_4> against <extra_id_5> collecting <extra_id_6> to <extra_id_7> service <extra_id_8>']
These markups were not disclosed to borrowers, the lawsuit said.
[189, '2007', 'These markups were not disclosed to borrowers, <extra_id_0> lawsuit said.', '<extra_id_0> the <extra_id_1>']
Appraisals are another profit center for Countrywide, brokers said, because it often requires more than one appraisal on properties, especially if borrowers initially choose not to use the companys own internal firm.
[190, '2007', 'Appraisals <extra_id_0> another profit center for Countrywide, brokers said, because it often requires more than one appraisal on <extra_id_1> especially if borrowers <extra_id_2> choose <extra_id_3> to use the company\x92s own internal firm.', '<extra_id_0> are <extra_id_1> properties, <extra_id_2> initially <extra_id_3> not <extra_id_4>']
Appraisal fees at Countrywide totaled $137 million in 2006, up from $110 million in the previous year.
[191, '2007', 'Appraisal <extra_id_0> at Countrywide <extra_id_1> <extra_id_2> million in 2006, up from $110 <extra_id_3> in the <extra_id_4> year.', '<extra_id_0> fees <extra_id_1> totaled <extra_id_2> $137 <extra_id_3> million <extra_id_4> previous <extra_id_5>']
Credit report fees were $74 million last year, down slightly from 2005.
[192, '2007', 'Credit <extra_id_0> fees were $74 million last year, down slightly from <extra_id_1>', '<extra_id_0> report <extra_id_1> 2005. <extra_id_2>']
All of those fees may soon be part of what Countrywide comes to consider the good old days.
[193, '2007', '<extra_id_0> of those fees may soon be part of <extra_id_1> Countrywide comes to consider <extra_id_2> good old days.', '<extra_id_0> All <extra_id_1> what <extra_id_2> the <extra_id_3>']
The mortgage market has cooled, and so have the companys fortunes.
[194, '2007', 'The mortgage market has cooled, and so <extra_id_0> the <extra_id_1> <extra_id_2>', '<extra_id_0> have <extra_id_1> company\x92s <extra_id_2> fortunes. <extra_id_3>']
Mr. Mozilo remains undaunted, however.
[195, '2007', 'Mr. Mozilo <extra_id_0> undaunted, <extra_id_1>', '<extra_id_0> remains <extra_id_1> however. <extra_id_2>']
In an interview with CNBC on Thursday, he conceded that Countrywides balance sheet had to be strengthened. But at the end of the day we could be doing very substantial volumes for high-quality loans, he said, because there is nobody else in town.
[196, '2007', '<extra_id_0> an interview with CNBC on Thursday, he conceded <extra_id_1> Countrywide\x92s balance sheet had to be strengthened. \x93But at the <extra_id_2> of the day we could be doing very <extra_id_3> volumes for high-quality loans,\x94 he said, \x93because there is nobody <extra_id_4> in town.\x94', '<extra_id_0> In <extra_id_1> that <extra_id_2> end <extra_id_3> substantial <extra_id_4> else <extra_id_5>']

max input length = 78
max output length = 13
