#!/bin/bash
#SBATCH --job-name=data-proc
#SBATCH --partition=gpu-a40
#SBATCH --account=ark
#SBATCH --nodes=1
#SBATCH --cpus-per-task=8
#SBATCH --mem=48G
#SBATCH --gres=gpu:1
#SBATCH --time=1-0:00:00
#SBATCH --mail-type=ALL
#SBATCH --mail-user=tjung2@uw.edu
#SBATCH --dependency=afterany:6700270

# I use source to initialize conda into the right environment.
cat $0
echo "--------------------"

source ~/.bashrc
conda activate ckl

python run.py --config configs/templama/training/t5_kadapters_ensemble_mixed.json--------------------
wandb: Currently logged in as: tjung2. Use `wandb login --relogin` to force relogin
wandb: wandb version 0.13.5 is available!  To upgrade, please run:
wandb:  $ pip install wandb --upgrade
wandb: Tracking run with wandb version 0.13.1
wandb: Run data is saved locally in /mmfs1/gscratch/ark/tjung2/continual-knowledge-learning/wandb/run-20221202_070316-3gqa1eoy
wandb: Run `wandb offline` to turn off syncing.
wandb: Syncing run kadapter_ensemble_full
wandb: ⭐️ View project at https://wandb.ai/tjung2/temporal_questions
wandb: 🚀 View run at https://wandb.ai/tjung2/temporal_questions/runs/3gqa1eoy
/mmfs1/gscratch/ark/tjung2/miniconda3/envs/ckl/lib/python3.8/site-packages/pytorch_lightning/callbacks/model_checkpoint.py:360: UserWarning: Checkpoint directory outputs/templamakadapter_ensemble_full_0freeze_11221222324_128 exists and is not empty.
  rank_zero_warn(f"Checkpoint directory {dirpath} exists and is not empty.")
/mmfs1/gscratch/ark/tjung2/miniconda3/envs/ckl/lib/python3.8/site-packages/pytorch_lightning/callbacks/model_checkpoint.py:396: LightningDeprecationWarning: Argument `period` in `ModelCheckpoint` is deprecated in v1.3 and will be removed in v1.5. Please use `every_n_val_epochs` instead.
  rank_zero_deprecation(
checkpoint path = outputs/wmtbaseline_full/epoch=0-f1_score=0.2586-em_score=0.2194.ckpt
checkpoint path = outputs/wmtkadapter_2007_2freeze_11221222324_128/epoch=0-f1_score=0.2485-em_score=0.2040-v2.ckpt
checkpoint path = outputs/wmtkadapter_2008_2freeze_11221222324_128/epoch=0-f1_score=0.2780-em_score=0.2386.ckpt
checkpoint path = outputs/wmtkadapter_2009_2freeze_11221222324_128/epoch=0-f1_score=0.4089-em_score=0.3750-v2.ckpt
checkpoint path = outputs/wmtkadapter_2010_2freeze_11221222324_128/epoch=0-f1_score=0.2850-em_score=0.2434-v2.ckpt
wandb: Waiting for W&B process to finish... (failed 1). Press Control-C to abort syncing.
wandb: - 0.001 MB of 0.001 MB uploaded (0.000 MB deduped)wandb: \ 0.001 MB of 0.001 MB uploaded (0.000 MB deduped)wandb: | 0.001 MB of 0.001 MB uploaded (0.000 MB deduped)wandb: / 0.001 MB of 0.009 MB uploaded (0.000 MB deduped)wandb: - 0.001 MB of 0.011 MB uploaded (0.000 MB deduped)wandb: \ 0.011 MB of 0.011 MB uploaded (0.000 MB deduped)wandb: | 0.011 MB of 0.011 MB uploaded (0.000 MB deduped)wandb: / 0.011 MB of 0.011 MB uploaded (0.000 MB deduped)wandb: - 0.011 MB of 0.011 MB uploaded (0.000 MB deduped)wandb: \ 0.011 MB of 0.011 MB uploaded (0.000 MB deduped)wandb: | 0.011 MB of 0.011 MB uploaded (0.000 MB deduped)wandb: / 0.011 MB of 0.011 MB uploaded (0.000 MB deduped)wandb:                                                                                
wandb: Synced kadapter_ensemble_full: https://wandb.ai/tjung2/temporal_questions/runs/3gqa1eoy
wandb: Synced 6 W&B file(s), 0 media file(s), 0 artifact file(s) and 0 other file(s)
wandb: Find logs at: ./wandb/run-20221202_070316-3gqa1eoy/logs
Traceback (most recent call last):
  File "run.py", line 288, in <module>
    main()
  File "run.py", line 222, in main
    args.years_to_paths[str(year)] = extract_adapters(dir)
  File "/mmfs1/gscratch/ark/tjung2/continual-knowledge-learning/adapter_utils/extract_adapters.py", line 26, in extract_adapters
    checkpoint = torch.load(checkpoint_path)
  File "/mmfs1/gscratch/ark/tjung2/miniconda3/envs/ckl/lib/python3.8/site-packages/torch/serialization.py", line 607, in load
    return _load(opened_zipfile, map_location, pickle_module, **pickle_load_args)
  File "/mmfs1/gscratch/ark/tjung2/miniconda3/envs/ckl/lib/python3.8/site-packages/torch/serialization.py", line 882, in _load
    result = unpickler.load()
  File "/mmfs1/gscratch/ark/tjung2/miniconda3/envs/ckl/lib/python3.8/site-packages/torch/serialization.py", line 875, in find_class
    return super().find_class(mod_name, name)
ModuleNotFoundError: No module named 'Datasets'
