#!/bin/bash
#SBATCH --job-name=data-proc
#SBATCH --partition=gpu-titan
#SBATCH --account=ark
#SBATCH --nodes=1
#SBATCH --cpus-per-task=8
#SBATCH --mem=32G
#SBATCH --gres=gpu:1
#SBATCH --time=1-0:00:00
#SBATCH --mail-type=ALL
#SBATCH --mail-user=tjung2@uw.edu
#SBATCH --dependency=afterany:6700270

# I use source to initialize conda into the right environment.
cat $0
echo "--------------------"

source ~/.bashrc
conda activate ckl

# WMT -> Templama
# python run.py --config configs/templama/training/t5_baseline_full.json -checkpoint_path outputs/wmtbaseline_full/epoch=0-f1_score=0.2127-em_score=0.1783.ckpt -lr 0.0001
# python run.py --config configs/templama/training/t5_kadapters_yearly_2freeze.json -checkpoint_path outputs/wmtkadapter_2010_0freeze_158_128/epoch=1-f1_score=0.2236-em_score=0.1878.ckpt -lr 0.003
# python run.py --config configs/templama/training/t5_kadapters_yearly_2freeze.json -checkpoint_path outputs/wmtkadapter_2010_2freeze_158_128/epoch=1-f1_score=0.208-em_score=0.173.ckpt -lr 0.003
# python run.py --config configs/templama/training/t5_kadapters_soft_full.json -checkpoint_path outputs/wmtkadapter_soft_full_0freeze_158_128/epoch=0-f1_score=0.1717-em_score=0.1419.ckpt
# python run.py --config configs/templama/training/t5_kadapters_soft_full.json -checkpoint_path outputs/wmtkadapter_soft_full_2freeze_158_128/epoch=0-f1_score=0.185-em_score=0.154.ckpt

# WMT baseline -> WMT adapters
# python run.py --config configs/wmt/training/t5_kadapters_soft_full.json -checkpoint_path outputs/wmtbaseline_full/epoch=0-f1_score=0.178-em_score=0.149.ckpt
# python run.py --config configs/wmt/training/t5_kadapters_yearly_2freeze.json -checkpoint_path outputs/wmtbaseline_full/epoch=0-f1_score=0.178-em_score=0.149.ckpt

# WMT -> SituatedQA
# python run.py --config configs/situatedqa/training/t5_baseline_full.json -checkpoint_path outputs/wmtbaseline_full/epoch=0-f1_score=0.2127-em_score=0.1783.ckpt -lr 0.00001
# python run.py --config configs/situatedqa/training/t5_kadapters_soft_yearly_2freeze.json -checkpoint_path outputs/wmtkadapter_soft_full_2freeze_158_128/epoch=0-f1_score=0.185-em_score=0.154.ckpt

# Preprocess data
# python preprocess_nyt_data.py 2010 -end_date=2020
# python preprocess_nyt_data_full.py

# NYT -> Templama
# python run.py --config configs/templama/training/t5_kadapters_yearly_2freeze.json -checkpoint_path outputs/nytkadapter_2010_0freeze_158_128/epoch=8-f1_score=0.140-em_score=0.100.ckpt

# NYT -> SituatedQA
# python run.py --config configs/situatedqa/training/t5_kadapters_yearly2freeze.json -checkpoint_path outputs/nytkadapter_2010_0freeze_158_128/epoch=8-f1_score=0.140-em_score=0.100.ckpt

python run.py --config configs/wmt/training/t5_kadapters_yearly.json -datav 2010
# python run.py --config configs/templama/training/t5_baseline_full.json 
# python run.py --config configs/templama/evaluation/t5_baseline_full.json -val_data 2020--------------------
Some weights of T5ForConditionalGeneration were not initialized from the model checkpoint at google/t5-large-ssm and are newly initialized: ['enc_kadapter.adapter.1.encoder.layer.1.DenseReluDense.wo.weight', 'enc_kadapter.layer_norm.weight', 'enc_kadapter.adapter.1.encoder.layer.1.DenseReluDense.wi.weight', 'enc_kadapter.adapter.2.encoder.layer.1.DenseReluDense.wi.weight', 'enc_kadapter.adapter.1.encoder.layer.0.layer_norm.weight', 'enc_kadapter.adapter.1.up_project.weight', 'enc_kadapter.adapter.0.encoder.layer.0.layer_norm.weight', 'enc_kadapter.adapter.2.up_project.weight', 'enc_kadapter.adapter.2.encoder.layer.0.SelfAttention.o.weight', 'enc_kadapter.adapter.2.encoder.layer.0.SelfAttention.v.weight', 'enc_kadapter.adapter.1.down_project.weight', 'enc_kadapter.pool.weight', 'enc_kadapter.pool.bias', 'enc_kadapter.adapter.1.encoder.layer.0.SelfAttention.relative_attention_bias.weight', 'enc_kadapter.adapter.1.encoder.layer.0.SelfAttention.o.weight', 'enc_kadapter.adapter.2.up_project.bias', 'enc_kadapter.adapter.0.up_project.bias', 'enc_kadapter.adapter.0.up_project.weight', 'enc_kadapter.adapter.2.encoder.layer.1.DenseReluDense.wo.weight', 'enc_kadapter.adapter.2.encoder.layer.0.layer_norm.weight', 'enc_kadapter.adapter.2.encoder.layer.0.SelfAttention.k.weight', 'enc_kadapter.adapter.1.encoder.layer.0.SelfAttention.v.weight', 'enc_kadapter.adapter.0.encoder.layer.1.DenseReluDense.wo.weight', 'enc_kadapter.adapter.0.encoder.layer.0.SelfAttention.o.weight', 'enc_kadapter.adapter.0.encoder.layer.0.SelfAttention.relative_attention_bias.weight', 'enc_kadapter.adapter.1.encoder.layer.1.layer_norm.weight', 'enc_kadapter.adapter.0.encoder.layer.0.SelfAttention.q.weight', 'enc_kadapter.adapter.2.down_project.weight', 'enc_kadapter.adapter.0.encoder.layer.0.SelfAttention.v.weight', 'enc_kadapter.adapter.0.encoder.layer.0.SelfAttention.k.weight', 'enc_kadapter.adapter.1.down_project.bias', 'enc_kadapter.adapter.0.encoder.layer.1.DenseReluDense.wi.weight', 'enc_kadapter.adapter.0.down_project.bias', 'enc_kadapter.adapter.0.encoder.layer.1.layer_norm.weight', 'enc_kadapter.adapter.2.encoder.layer.1.layer_norm.weight', 'enc_kadapter.adapter.1.up_project.bias', 'enc_kadapter.adapter.0.down_project.weight', 'enc_kadapter.adapter.2.encoder.layer.0.SelfAttention.q.weight', 'enc_kadapter.adapter.2.down_project.bias', 'enc_kadapter.adapter.1.encoder.layer.0.SelfAttention.k.weight', 'enc_kadapter.adapter.2.encoder.layer.0.SelfAttention.relative_attention_bias.weight', 'enc_kadapter.adapter.1.encoder.layer.0.SelfAttention.q.weight']
You should probably TRAIN this model on a down-stream task to be able to use it for predictions and inference.
GPU available: True, used: True
TPU available: False, using: 0 TPU cores
LOCAL_RANK: 0 - CUDA_VISIBLE_DEVICES: [0]
Set SLURM handle signals.

  | Name  | Type                       | Params
-----------------------------------------------------
0 | model | T5ForConditionalGeneration | 743 M 
-----------------------------------------------------
743 M     Trainable params
0         Non-trainable params
743 M     Total params
2,972.720 Total estimated model params size (MB)
Namespace(accelerator='ddp', adam_epsilon=1e-08, adapter_config={'adapter_list': [1, 5, 8], 'adapter_hidden_size': 128, 'adapter_enc_dec': None, 'pool_size': None}, adapter_enc_dec=None, adapter_hidden_size=128, adapter_list=[1, 5, 8], check_validation_only=False, checkpoint_dir=None, checkpoint_path='', dataset='wmt', dataset_version='2010', early_stop_callback=False, eval_batch_size=32, find_lr=False, freeze_embeds=False, freeze_encoder=False, freeze_level=0, learning_rate=0.001, max_grad_norm=0.5, max_input_length=100, max_output_length=50, method='kadapter', mode='pretrain', model_name_or_path='google/t5-large-ssm', n_gpu=1, n_test=-1, n_train=-1, n_val=-1, num_train_epochs=1, num_workers=4, opt_level='O1', output_dir='/mmfs1/gscratch/cse/tjung2/continual-knowledge-learning/outputs/wmtkadapter_2010_0freeze_158_128', output_log=None, pool_size=None, prefix=True, resume_from_checkpoint=None, seed=42, split=0, split_num=1, t5_learning_rate=None, tokenizer_name_or_path='google/t5-large-ssm', train_batch_size=32, use_deepspeed=False, use_lr_scheduling=True, val_check_interval=500, val_data='2010', wandb_log=False, warmup_steps=0, weight_decay=0.0)
T5Config {
  "_name_or_path": "google/t5-large-ssm",
  "architectures": [
    "T5ForConditionalGeneration"
  ],
  "d_ff": 4096,
  "d_kv": 64,
  "d_model": 1024,
  "decoder_start_token_id": 0,
  "dropout_rate": 0.1,
  "eos_token_id": 1,
  "feed_forward_proj": "relu",
  "initializer_factor": 1.0,
  "is_encoder_decoder": true,
  "layer_norm_epsilon": 1e-06,
  "model_type": "t5",
  "num_decoder_layers": 24,
  "num_heads": 16,
  "num_layers": 24,
  "output_past": true,
  "pad_token_id": 0,
  "relative_attention_num_buckets": 32,
  "transformers_version": "4.12.3",
  "use_cache": true,
  "vocab_size": 32128
}

T5Config {
  "_name_or_path": "google/t5-large-ssm",
  "adapter_enc_dec": null,
  "adapter_hidden_size": 128,
  "adapter_list": [
    1,
    5,
    8
  ],
  "architectures": [
    "T5ForConditionalGeneration"
  ],
  "d_ff": 4096,
  "d_kv": 64,
  "d_model": 1024,
  "decoder_start_token_id": 0,
  "dropout_rate": 0.1,
  "eos_token_id": 1,
  "feed_forward_proj": "relu",
  "initializer_factor": 1.0,
  "is_encoder_decoder": true,
  "layer_norm_epsilon": 1e-06,
  "model_type": "t5",
  "num_decoder_layers": 24,
  "num_heads": 16,
  "num_layers": 24,
  "output_past": true,
  "pad_token_id": 0,
  "pool_size": null,
  "relative_attention_num_buckets": 32,
  "transformers_version": "4.12.3",
  "use_cache": false,
  "vocab_size": 32128
}

Not freezing any parameters!
hparams.learning_rate = 0.001
split is 0
Length of dataset retrieving is.. 500000
Index(['id', 'date', 'input', 'output'], dtype='object')
----------Sampler init----------
mid epoch = False
Validation sanity check: 0it [00:00, ?it/s]split is 0
Length of dataset retrieving is.. 32000
Index(['id', 'date', 'input', 'output'], dtype='object')
Validation sanity check:   0%|          | 0/2 [00:00<?, ?it/s]Validation sanity check:  50%|█████     | 1/2 [00:04<00:04,  4.74s/it]Validation sanity check: 100%|██████████| 2/2 [00:08<00:00,  3.94s/it]                                                                      split is 0
Length of dataset retrieving is.. 500000
Index(['id', 'date', 'input', 'output'], dtype='object')
Training: 0it [00:00, ?it/s]Training:   0%|          | 0/46625 [00:00<?, ?it/s]Epoch 0:   0%|          | 0/46625 [00:00<?, ?it/s] cuda memory allocated: 7792138752
----------Sampler iter----------
_____not mid epoch_____
Epoch 0:   0%|          | 1/46625 [00:01<21:57:30,  1.70s/it]Epoch 0:   0%|          | 1/46625 [00:01<21:57:53,  1.70s/it, loss=14.3, em_score=0.000, f1_score=0.000]Traceback (most recent call last):
  File "run.py", line 265, in <module>
    main()
  File "run.py", line 255, in main
    trainer.fit(model)
  File "/mmfs1/gscratch/ark/tjung2/miniconda3/envs/ckl/lib/python3.8/site-packages/pytorch_lightning/trainer/trainer.py", line 460, in fit
    self._run(model)
  File "/mmfs1/gscratch/ark/tjung2/miniconda3/envs/ckl/lib/python3.8/site-packages/pytorch_lightning/trainer/trainer.py", line 758, in _run
    self.dispatch()
  File "/mmfs1/gscratch/ark/tjung2/miniconda3/envs/ckl/lib/python3.8/site-packages/pytorch_lightning/trainer/trainer.py", line 799, in dispatch
    self.accelerator.start_training(self)
  File "/mmfs1/gscratch/ark/tjung2/miniconda3/envs/ckl/lib/python3.8/site-packages/pytorch_lightning/accelerators/accelerator.py", line 96, in start_training
    self.training_type_plugin.start_training(trainer)
  File "/mmfs1/gscratch/ark/tjung2/miniconda3/envs/ckl/lib/python3.8/site-packages/pytorch_lightning/plugins/training_type/training_type_plugin.py", line 144, in start_training
    self._results = trainer.run_stage()
  File "/mmfs1/gscratch/ark/tjung2/miniconda3/envs/ckl/lib/python3.8/site-packages/pytorch_lightning/trainer/trainer.py", line 809, in run_stage
    return self.run_train()
  File "/mmfs1/gscratch/ark/tjung2/miniconda3/envs/ckl/lib/python3.8/site-packages/pytorch_lightning/trainer/trainer.py", line 871, in run_train
    self.train_loop.run_training_epoch()
  File "/mmfs1/gscratch/ark/tjung2/miniconda3/envs/ckl/lib/python3.8/site-packages/pytorch_lightning/trainer/training_loop.py", line 499, in run_training_epoch
    batch_output = self.run_training_batch(batch, batch_idx, dataloader_idx)
  File "/mmfs1/gscratch/ark/tjung2/miniconda3/envs/ckl/lib/python3.8/site-packages/pytorch_lightning/trainer/training_loop.py", line 738, in run_training_batch
    self.optimizer_step(optimizer, opt_idx, batch_idx, train_step_and_backward_closure)
  File "/mmfs1/gscratch/ark/tjung2/miniconda3/envs/ckl/lib/python3.8/site-packages/pytorch_lightning/trainer/training_loop.py", line 434, in optimizer_step
    model_ref.optimizer_step(
  File "/mmfs1/gscratch/ark/tjung2/miniconda3/envs/ckl/lib/python3.8/site-packages/pytorch_lightning/core/lightning.py", line 1403, in optimizer_step
    optimizer.step(closure=optimizer_closure)
  File "/mmfs1/gscratch/ark/tjung2/miniconda3/envs/ckl/lib/python3.8/site-packages/pytorch_lightning/core/optimizer.py", line 214, in step
    self.__optimizer_step(*args, closure=closure, profiler_name=profiler_name, **kwargs)
  File "/mmfs1/gscratch/ark/tjung2/miniconda3/envs/ckl/lib/python3.8/site-packages/pytorch_lightning/core/optimizer.py", line 134, in __optimizer_step
    trainer.accelerator.optimizer_step(optimizer, self._optimizer_idx, lambda_closure=closure, **kwargs)
  File "/mmfs1/gscratch/ark/tjung2/miniconda3/envs/ckl/lib/python3.8/site-packages/pytorch_lightning/accelerators/accelerator.py", line 329, in optimizer_step
    self.run_optimizer_step(optimizer, opt_idx, lambda_closure, **kwargs)
  File "/mmfs1/gscratch/ark/tjung2/miniconda3/envs/ckl/lib/python3.8/site-packages/pytorch_lightning/accelerators/accelerator.py", line 336, in run_optimizer_step
    self.training_type_plugin.optimizer_step(optimizer, lambda_closure=lambda_closure, **kwargs)
  File "/mmfs1/gscratch/ark/tjung2/miniconda3/envs/ckl/lib/python3.8/site-packages/pytorch_lightning/plugins/training_type/training_type_plugin.py", line 193, in optimizer_step
    optimizer.step(closure=lambda_closure, **kwargs)
  File "/mmfs1/gscratch/ark/tjung2/miniconda3/envs/ckl/lib/python3.8/site-packages/torch/optim/lr_scheduler.py", line 65, in wrapper
    return wrapped(*args, **kwargs)
  File "/mmfs1/gscratch/ark/tjung2/miniconda3/envs/ckl/lib/python3.8/site-packages/torch/optim/optimizer.py", line 88, in wrapper
    return func(*args, **kwargs)
  File "/mmfs1/gscratch/ark/tjung2/miniconda3/envs/ckl/lib/python3.8/site-packages/torch/autograd/grad_mode.py", line 28, in decorate_context
    return func(*args, **kwargs)
  File "/mmfs1/gscratch/ark/tjung2/miniconda3/envs/ckl/lib/python3.8/site-packages/torch/optim/adamw.py", line 65, in step
    loss = closure()
  File "/mmfs1/gscratch/ark/tjung2/miniconda3/envs/ckl/lib/python3.8/site-packages/pytorch_lightning/trainer/training_loop.py", line 732, in train_step_and_backward_closure
    result = self.training_step_and_backward(
  File "/mmfs1/gscratch/ark/tjung2/miniconda3/envs/ckl/lib/python3.8/site-packages/pytorch_lightning/trainer/training_loop.py", line 823, in training_step_and_backward
    result = self.training_step(split_batch, batch_idx, opt_idx, hiddens)
  File "/mmfs1/gscratch/ark/tjung2/miniconda3/envs/ckl/lib/python3.8/site-packages/pytorch_lightning/trainer/training_loop.py", line 290, in training_step
    training_step_output = self.trainer.accelerator.training_step(args)
  File "/mmfs1/gscratch/ark/tjung2/miniconda3/envs/ckl/lib/python3.8/site-packages/pytorch_lightning/accelerators/accelerator.py", line 204, in training_step
    return self.training_type_plugin.training_step(*args)
  File "/mmfs1/gscratch/ark/tjung2/miniconda3/envs/ckl/lib/python3.8/site-packages/pytorch_lightning/plugins/training_type/training_type_plugin.py", line 155, in training_step
    return self.lightning_module.training_step(*args, **kwargs)
  File "/mmfs1/gscratch/ark/tjung2/continual-knowledge-learning/models/T5_Model.py", line 353, in training_step
    loss = self._step(batch)
  File "/mmfs1/gscratch/ark/tjung2/continual-knowledge-learning/models/T5_Model.py", line 308, in _step
    outputs = self(
  File "/mmfs1/gscratch/ark/tjung2/miniconda3/envs/ckl/lib/python3.8/site-packages/torch/nn/modules/module.py", line 1051, in _call_impl
    return forward_call(*input, **kwargs)
  File "/mmfs1/gscratch/ark/tjung2/continual-knowledge-learning/models/T5_Model.py", line 287, in forward
    return self.model(
  File "/mmfs1/gscratch/ark/tjung2/miniconda3/envs/ckl/lib/python3.8/site-packages/torch/nn/modules/module.py", line 1051, in _call_impl
    return forward_call(*input, **kwargs)
  File "/mmfs1/gscratch/ark/tjung2/continual-knowledge-learning/models/Kadapter_T5.py", line 1697, in forward
    decoder_outputs = self.decoder(
  File "/mmfs1/gscratch/ark/tjung2/miniconda3/envs/ckl/lib/python3.8/site-packages/torch/nn/modules/module.py", line 1051, in _call_impl
    return forward_call(*input, **kwargs)
  File "/mmfs1/gscratch/ark/tjung2/continual-knowledge-learning/models/Kadapter_T5.py", line 1067, in forward
    layer_outputs = layer_module(
  File "/mmfs1/gscratch/ark/tjung2/miniconda3/envs/ckl/lib/python3.8/site-packages/torch/nn/modules/module.py", line 1051, in _call_impl
    return forward_call(*input, **kwargs)
  File "/mmfs1/gscratch/ark/tjung2/continual-knowledge-learning/models/Kadapter_T5.py", line 727, in forward
    hidden_states = self.layer[-1](hidden_states)
  File "/mmfs1/gscratch/ark/tjung2/miniconda3/envs/ckl/lib/python3.8/site-packages/torch/nn/modules/module.py", line 1051, in _call_impl
    return forward_call(*input, **kwargs)
  File "/mmfs1/gscratch/ark/tjung2/continual-knowledge-learning/models/Kadapter_T5.py", line 306, in forward
    forwarded_states = self.DenseReluDense(forwarded_states)
  File "/mmfs1/gscratch/ark/tjung2/miniconda3/envs/ckl/lib/python3.8/site-packages/torch/nn/modules/module.py", line 1051, in _call_impl
    return forward_call(*input, **kwargs)
  File "/mmfs1/gscratch/ark/tjung2/continual-knowledge-learning/models/Kadapter_T5.py", line 263, in forward
    hidden_states = self.wi(hidden_states)
  File "/mmfs1/gscratch/ark/tjung2/miniconda3/envs/ckl/lib/python3.8/site-packages/torch/nn/modules/module.py", line 1051, in _call_impl
    return forward_call(*input, **kwargs)
  File "/mmfs1/gscratch/ark/tjung2/miniconda3/envs/ckl/lib/python3.8/site-packages/torch/nn/modules/linear.py", line 96, in forward
    return F.linear(input, self.weight, self.bias)
  File "/mmfs1/gscratch/ark/tjung2/miniconda3/envs/ckl/lib/python3.8/site-packages/torch/nn/functional.py", line 1847, in linear
    return torch._C._nn.linear(input, weight, bias)
RuntimeError: CUDA out of memory. Tried to allocate 26.00 MiB (GPU 0; 23.65 GiB total capacity; 21.49 GiB already allocated; 17.44 MiB free; 22.29 GiB reserved in total by PyTorch)
Epoch 0:   0%|          | 1/46625 [00:02<33:14:00,  2.57s/it, loss=14.3, em_score=0.000, f1_score=0.000]