#!/bin/bash
#SBATCH --job-name=data-proc
#SBATCH --partition=gpu-a40
#SBATCH --account=ark
#SBATCH --nodes=1
#SBATCH --cpus-per-task=8
#SBATCH --mem=32G
#SBATCH --gres=gpu:1
#SBATCH --time=04:59:00
#SBATCH --mail-type=ALL
#SBATCH --mail-user=tjung2@uw.edu

# I use source to initialize conda into the right environment.
cat $0
echo "--------------------"

source ~/.bashrc
conda activate ckl

python run.py --config configs/templama/evaluation/t5_kadapters_2011.json
python run.py --config configs/templama/evaluation/t5_kadapters_2012.json
python run.py --config configs/templama/evaluation/t5_kadapters_2013.json
python run.py --config configs/templama/evaluation/t5_kadapters_2014.json
python run.py --config configs/templama/evaluation/t5_kadapters_2015.json
python run.py --config configs/templama/evaluation/t5_kadapters_2016.json
python run.py --config configs/templama/evaluation/t5_kadapters_2017.json
python run.py --config configs/templama/evaluation/t5_kadapters_2018.json
python run.py --config configs/templama/evaluation/t5_kadapters_2019.json
python run.py --config configs/templama/evaluation/t5_kadapters_2020.json
--------------------
/mmfs1/gscratch/ark/tjung2/miniconda3/envs/ckl/lib/python3.8/site-packages/pytorch_lightning/callbacks/model_checkpoint.py:396: LightningDeprecationWarning: Argument `period` in `ModelCheckpoint` is deprecated in v1.3 and will be removed in v1.5. Please use `every_n_val_epochs` instead.
  rank_zero_deprecation(
Some weights of T5ForConditionalGeneration were not initialized from the model checkpoint at google/t5-small-ssm and are newly initialized: ['kadapter.adapter.0.layer.0.SelfAttention.o.weight', 'kadapter.adapter.1.layer.0.SelfAttention.o.weight', 'kadapter.adapter.1.layer.0.SelfAttention.v.weight', 'kadapter.adapter.1.layer.1.DenseReluDense.wi_1.weight', 'kadapter.adapter.1.layer.1.DenseReluDense.wo.weight', 'kadapter.adapter.0.layer.0.layer_norm.weight', 'kadapter.adapter.0.layer.1.DenseReluDense.wo.weight', 'kadapter.adapter.0.layer.0.SelfAttention.v.weight', 'kadapter.adapter.0.layer.1.DenseReluDense.wi_1.weight', 'kadapter.adapter.1.layer.1.layer_norm.weight', 'kadapter.adapter.0.layer.0.SelfAttention.relative_attention_bias.weight', 'kadapter.adapter.0.layer.1.layer_norm.weight', 'kadapter.adapter.1.layer.0.layer_norm.weight', 'kadapter.adapter.0.layer.0.SelfAttention.q.weight', 'kadapter.adapter.0.layer.1.DenseReluDense.wi_0.weight', 'kadapter.layer_norm.weight', 'kadapter.adapter.1.layer.0.SelfAttention.q.weight', 'kadapter.adapter.1.layer.1.DenseReluDense.wi_0.weight', 'kadapter.adapter.0.layer.0.SelfAttention.k.weight', 'kadapter.adapter.1.layer.0.SelfAttention.k.weight']
You should probably TRAIN this model on a down-stream task to be able to use it for predictions and inference.
Some weights of T5ForConditionalGeneration were not initialized from the model checkpoint at google/t5-small-ssm and are newly initialized: ['kadapter.adapter.0.layer.0.SelfAttention.o.weight', 'kadapter.adapter.1.layer.0.SelfAttention.o.weight', 'kadapter.adapter.1.layer.0.SelfAttention.v.weight', 'kadapter.adapter.1.layer.1.DenseReluDense.wi_1.weight', 'kadapter.adapter.1.layer.1.DenseReluDense.wo.weight', 'kadapter.adapter.0.layer.0.layer_norm.weight', 'kadapter.adapter.0.layer.1.DenseReluDense.wo.weight', 'kadapter.adapter.0.layer.0.SelfAttention.v.weight', 'kadapter.adapter.0.layer.1.DenseReluDense.wi_1.weight', 'kadapter.adapter.1.layer.1.layer_norm.weight', 'kadapter.adapter.0.layer.0.SelfAttention.relative_attention_bias.weight', 'kadapter.adapter.0.layer.1.layer_norm.weight', 'kadapter.adapter.1.layer.0.layer_norm.weight', 'kadapter.adapter.0.layer.0.SelfAttention.q.weight', 'kadapter.adapter.0.layer.1.DenseReluDense.wi_0.weight', 'kadapter.layer_norm.weight', 'kadapter.adapter.1.layer.0.SelfAttention.q.weight', 'kadapter.adapter.1.layer.1.DenseReluDense.wi_0.weight', 'kadapter.adapter.0.layer.0.SelfAttention.k.weight', 'kadapter.adapter.1.layer.0.SelfAttention.k.weight']
You should probably TRAIN this model on a down-stream task to be able to use it for predictions and inference.
Not freezing any parameters!
Not freezing any parameters!
split is 0
Length of dataset retrieving is.. 431
Length of validation data:  431
log/templama folder already exists.
Number of total validation data: 431
Number of correct predictions: 30. Percentage : 0.06960556844547564
/mmfs1/gscratch/ark/tjung2/miniconda3/envs/ckl/lib/python3.8/site-packages/pytorch_lightning/callbacks/model_checkpoint.py:396: LightningDeprecationWarning: Argument `period` in `ModelCheckpoint` is deprecated in v1.3 and will be removed in v1.5. Please use `every_n_val_epochs` instead.
  rank_zero_deprecation(
Some weights of T5ForConditionalGeneration were not initialized from the model checkpoint at google/t5-small-ssm and are newly initialized: ['kadapter.adapter.0.layer.0.SelfAttention.o.weight', 'kadapter.adapter.1.layer.1.DenseReluDense.wo.weight', 'kadapter.adapter.1.layer.0.SelfAttention.o.weight', 'kadapter.adapter.1.layer.1.DenseReluDense.wi_0.weight', 'kadapter.adapter.0.layer.0.SelfAttention.v.weight', 'kadapter.adapter.1.layer.0.layer_norm.weight', 'kadapter.adapter.1.layer.1.DenseReluDense.wi_1.weight', 'kadapter.adapter.0.layer.0.SelfAttention.q.weight', 'kadapter.adapter.0.layer.1.DenseReluDense.wi_1.weight', 'kadapter.adapter.1.layer.0.SelfAttention.k.weight', 'kadapter.adapter.0.layer.1.layer_norm.weight', 'kadapter.adapter.0.layer.1.DenseReluDense.wo.weight', 'kadapter.adapter.1.layer.0.SelfAttention.q.weight', 'kadapter.adapter.1.layer.1.layer_norm.weight', 'kadapter.layer_norm.weight', 'kadapter.adapter.0.layer.0.layer_norm.weight', 'kadapter.adapter.0.layer.1.DenseReluDense.wi_0.weight', 'kadapter.adapter.0.layer.0.SelfAttention.relative_attention_bias.weight', 'kadapter.adapter.1.layer.0.SelfAttention.v.weight', 'kadapter.adapter.0.layer.0.SelfAttention.k.weight']
You should probably TRAIN this model on a down-stream task to be able to use it for predictions and inference.
Some weights of T5ForConditionalGeneration were not initialized from the model checkpoint at google/t5-small-ssm and are newly initialized: ['kadapter.adapter.0.layer.0.SelfAttention.o.weight', 'kadapter.adapter.1.layer.1.DenseReluDense.wo.weight', 'kadapter.adapter.1.layer.0.SelfAttention.o.weight', 'kadapter.adapter.1.layer.1.DenseReluDense.wi_0.weight', 'kadapter.adapter.0.layer.0.SelfAttention.v.weight', 'kadapter.adapter.1.layer.0.layer_norm.weight', 'kadapter.adapter.1.layer.1.DenseReluDense.wi_1.weight', 'kadapter.adapter.0.layer.0.SelfAttention.q.weight', 'kadapter.adapter.0.layer.1.DenseReluDense.wi_1.weight', 'kadapter.adapter.1.layer.0.SelfAttention.k.weight', 'kadapter.adapter.0.layer.1.layer_norm.weight', 'kadapter.adapter.0.layer.1.DenseReluDense.wo.weight', 'kadapter.adapter.1.layer.0.SelfAttention.q.weight', 'kadapter.adapter.1.layer.1.layer_norm.weight', 'kadapter.layer_norm.weight', 'kadapter.adapter.0.layer.0.layer_norm.weight', 'kadapter.adapter.0.layer.1.DenseReluDense.wi_0.weight', 'kadapter.adapter.0.layer.0.SelfAttention.relative_attention_bias.weight', 'kadapter.adapter.1.layer.0.SelfAttention.v.weight', 'kadapter.adapter.0.layer.0.SelfAttention.k.weight']
You should probably TRAIN this model on a down-stream task to be able to use it for predictions and inference.
Not freezing any parameters!
Not freezing any parameters!
split is 0
Length of dataset retrieving is.. 446
Length of validation data:  446
log/templama folder already exists.
Number of total validation data: 446
Number of correct predictions: 29. Percentage : 0.06502242152466367
/mmfs1/gscratch/ark/tjung2/miniconda3/envs/ckl/lib/python3.8/site-packages/pytorch_lightning/callbacks/model_checkpoint.py:396: LightningDeprecationWarning: Argument `period` in `ModelCheckpoint` is deprecated in v1.3 and will be removed in v1.5. Please use `every_n_val_epochs` instead.
  rank_zero_deprecation(
Some weights of T5ForConditionalGeneration were not initialized from the model checkpoint at google/t5-small-ssm and are newly initialized: ['kadapter.adapter.0.layer.1.layer_norm.weight', 'kadapter.adapter.0.layer.0.SelfAttention.v.weight', 'kadapter.adapter.0.layer.1.DenseReluDense.wo.weight', 'kadapter.adapter.0.layer.1.DenseReluDense.wi_0.weight', 'kadapter.adapter.0.layer.0.layer_norm.weight', 'kadapter.adapter.1.layer.0.SelfAttention.k.weight', 'kadapter.adapter.1.layer.0.SelfAttention.v.weight', 'kadapter.adapter.0.layer.0.SelfAttention.relative_attention_bias.weight', 'kadapter.layer_norm.weight', 'kadapter.adapter.0.layer.0.SelfAttention.k.weight', 'kadapter.adapter.0.layer.0.SelfAttention.q.weight', 'kadapter.adapter.0.layer.0.SelfAttention.o.weight', 'kadapter.adapter.1.layer.1.DenseReluDense.wi_1.weight', 'kadapter.adapter.0.layer.1.DenseReluDense.wi_1.weight', 'kadapter.adapter.1.layer.0.SelfAttention.o.weight', 'kadapter.adapter.1.layer.0.SelfAttention.q.weight', 'kadapter.adapter.1.layer.1.layer_norm.weight', 'kadapter.adapter.1.layer.1.DenseReluDense.wo.weight', 'kadapter.adapter.1.layer.1.DenseReluDense.wi_0.weight', 'kadapter.adapter.1.layer.0.layer_norm.weight']
You should probably TRAIN this model on a down-stream task to be able to use it for predictions and inference.
Some weights of T5ForConditionalGeneration were not initialized from the model checkpoint at google/t5-small-ssm and are newly initialized: ['kadapter.adapter.0.layer.1.layer_norm.weight', 'kadapter.adapter.0.layer.0.SelfAttention.v.weight', 'kadapter.adapter.0.layer.1.DenseReluDense.wo.weight', 'kadapter.adapter.0.layer.1.DenseReluDense.wi_0.weight', 'kadapter.adapter.0.layer.0.layer_norm.weight', 'kadapter.adapter.1.layer.0.SelfAttention.k.weight', 'kadapter.adapter.1.layer.0.SelfAttention.v.weight', 'kadapter.adapter.0.layer.0.SelfAttention.relative_attention_bias.weight', 'kadapter.layer_norm.weight', 'kadapter.adapter.0.layer.0.SelfAttention.k.weight', 'kadapter.adapter.0.layer.0.SelfAttention.q.weight', 'kadapter.adapter.0.layer.0.SelfAttention.o.weight', 'kadapter.adapter.1.layer.1.DenseReluDense.wi_1.weight', 'kadapter.adapter.0.layer.1.DenseReluDense.wi_1.weight', 'kadapter.adapter.1.layer.0.SelfAttention.o.weight', 'kadapter.adapter.1.layer.0.SelfAttention.q.weight', 'kadapter.adapter.1.layer.1.layer_norm.weight', 'kadapter.adapter.1.layer.1.DenseReluDense.wo.weight', 'kadapter.adapter.1.layer.1.DenseReluDense.wi_0.weight', 'kadapter.adapter.1.layer.0.layer_norm.weight']
You should probably TRAIN this model on a down-stream task to be able to use it for predictions and inference.
Not freezing any parameters!
Not freezing any parameters!
split is 0
Length of dataset retrieving is.. 455
Length of validation data:  455
log/templama folder already exists.
Number of total validation data: 455
Number of correct predictions: 28. Percentage : 0.06153846153846154
/mmfs1/gscratch/ark/tjung2/miniconda3/envs/ckl/lib/python3.8/site-packages/pytorch_lightning/callbacks/model_checkpoint.py:396: LightningDeprecationWarning: Argument `period` in `ModelCheckpoint` is deprecated in v1.3 and will be removed in v1.5. Please use `every_n_val_epochs` instead.
  rank_zero_deprecation(
Some weights of T5ForConditionalGeneration were not initialized from the model checkpoint at google/t5-small-ssm and are newly initialized: ['kadapter.adapter.1.layer.1.DenseReluDense.wo.weight', 'kadapter.adapter.1.layer.0.SelfAttention.k.weight', 'kadapter.adapter.0.layer.0.layer_norm.weight', 'kadapter.adapter.1.layer.0.layer_norm.weight', 'kadapter.adapter.1.layer.1.DenseReluDense.wi_0.weight', 'kadapter.adapter.0.layer.0.SelfAttention.v.weight', 'kadapter.adapter.1.layer.1.DenseReluDense.wi_1.weight', 'kadapter.adapter.0.layer.0.SelfAttention.k.weight', 'kadapter.adapter.1.layer.1.layer_norm.weight', 'kadapter.adapter.0.layer.1.DenseReluDense.wi_0.weight', 'kadapter.layer_norm.weight', 'kadapter.adapter.0.layer.1.DenseReluDense.wo.weight', 'kadapter.adapter.0.layer.1.layer_norm.weight', 'kadapter.adapter.1.layer.0.SelfAttention.v.weight', 'kadapter.adapter.1.layer.0.SelfAttention.o.weight', 'kadapter.adapter.1.layer.0.SelfAttention.q.weight', 'kadapter.adapter.0.layer.0.SelfAttention.q.weight', 'kadapter.adapter.0.layer.1.DenseReluDense.wi_1.weight', 'kadapter.adapter.0.layer.0.SelfAttention.relative_attention_bias.weight', 'kadapter.adapter.0.layer.0.SelfAttention.o.weight']
You should probably TRAIN this model on a down-stream task to be able to use it for predictions and inference.
Some weights of T5ForConditionalGeneration were not initialized from the model checkpoint at google/t5-small-ssm and are newly initialized: ['kadapter.adapter.1.layer.1.DenseReluDense.wo.weight', 'kadapter.adapter.1.layer.0.SelfAttention.k.weight', 'kadapter.adapter.0.layer.0.layer_norm.weight', 'kadapter.adapter.1.layer.0.layer_norm.weight', 'kadapter.adapter.1.layer.1.DenseReluDense.wi_0.weight', 'kadapter.adapter.0.layer.0.SelfAttention.v.weight', 'kadapter.adapter.1.layer.1.DenseReluDense.wi_1.weight', 'kadapter.adapter.0.layer.0.SelfAttention.k.weight', 'kadapter.adapter.1.layer.1.layer_norm.weight', 'kadapter.adapter.0.layer.1.DenseReluDense.wi_0.weight', 'kadapter.layer_norm.weight', 'kadapter.adapter.0.layer.1.DenseReluDense.wo.weight', 'kadapter.adapter.0.layer.1.layer_norm.weight', 'kadapter.adapter.1.layer.0.SelfAttention.v.weight', 'kadapter.adapter.1.layer.0.SelfAttention.o.weight', 'kadapter.adapter.1.layer.0.SelfAttention.q.weight', 'kadapter.adapter.0.layer.0.SelfAttention.q.weight', 'kadapter.adapter.0.layer.1.DenseReluDense.wi_1.weight', 'kadapter.adapter.0.layer.0.SelfAttention.relative_attention_bias.weight', 'kadapter.adapter.0.layer.0.SelfAttention.o.weight']
You should probably TRAIN this model on a down-stream task to be able to use it for predictions and inference.
Not freezing any parameters!
Not freezing any parameters!
split is 0
Length of dataset retrieving is.. 469
Length of validation data:  469
log/templama folder already exists.
Number of total validation data: 469
Number of correct predictions: 26. Percentage : 0.05543710021321962
/mmfs1/gscratch/ark/tjung2/miniconda3/envs/ckl/lib/python3.8/site-packages/pytorch_lightning/callbacks/model_checkpoint.py:396: LightningDeprecationWarning: Argument `period` in `ModelCheckpoint` is deprecated in v1.3 and will be removed in v1.5. Please use `every_n_val_epochs` instead.
  rank_zero_deprecation(
Some weights of T5ForConditionalGeneration were not initialized from the model checkpoint at google/t5-small-ssm and are newly initialized: ['kadapter.adapter.1.layer.0.layer_norm.weight', 'kadapter.adapter.1.layer.1.DenseReluDense.wo.weight', 'kadapter.adapter.1.layer.0.SelfAttention.k.weight', 'kadapter.adapter.0.layer.0.SelfAttention.k.weight', 'kadapter.adapter.1.layer.1.layer_norm.weight', 'kadapter.adapter.0.layer.0.layer_norm.weight', 'kadapter.adapter.1.layer.0.SelfAttention.q.weight', 'kadapter.adapter.1.layer.0.SelfAttention.o.weight', 'kadapter.adapter.0.layer.1.layer_norm.weight', 'kadapter.adapter.0.layer.1.DenseReluDense.wi_0.weight', 'kadapter.adapter.0.layer.1.DenseReluDense.wo.weight', 'kadapter.adapter.0.layer.1.DenseReluDense.wi_1.weight', 'kadapter.adapter.0.layer.0.SelfAttention.q.weight', 'kadapter.adapter.0.layer.0.SelfAttention.relative_attention_bias.weight', 'kadapter.adapter.1.layer.1.DenseReluDense.wi_1.weight', 'kadapter.adapter.1.layer.0.SelfAttention.v.weight', 'kadapter.adapter.0.layer.0.SelfAttention.o.weight', 'kadapter.adapter.1.layer.1.DenseReluDense.wi_0.weight', 'kadapter.layer_norm.weight', 'kadapter.adapter.0.layer.0.SelfAttention.v.weight']
You should probably TRAIN this model on a down-stream task to be able to use it for predictions and inference.
Some weights of T5ForConditionalGeneration were not initialized from the model checkpoint at google/t5-small-ssm and are newly initialized: ['kadapter.adapter.1.layer.0.layer_norm.weight', 'kadapter.adapter.1.layer.1.DenseReluDense.wo.weight', 'kadapter.adapter.1.layer.0.SelfAttention.k.weight', 'kadapter.adapter.0.layer.0.SelfAttention.k.weight', 'kadapter.adapter.1.layer.1.layer_norm.weight', 'kadapter.adapter.0.layer.0.layer_norm.weight', 'kadapter.adapter.1.layer.0.SelfAttention.q.weight', 'kadapter.adapter.1.layer.0.SelfAttention.o.weight', 'kadapter.adapter.0.layer.1.layer_norm.weight', 'kadapter.adapter.0.layer.1.DenseReluDense.wi_0.weight', 'kadapter.adapter.0.layer.1.DenseReluDense.wo.weight', 'kadapter.adapter.0.layer.1.DenseReluDense.wi_1.weight', 'kadapter.adapter.0.layer.0.SelfAttention.q.weight', 'kadapter.adapter.0.layer.0.SelfAttention.relative_attention_bias.weight', 'kadapter.adapter.1.layer.1.DenseReluDense.wi_1.weight', 'kadapter.adapter.1.layer.0.SelfAttention.v.weight', 'kadapter.adapter.0.layer.0.SelfAttention.o.weight', 'kadapter.adapter.1.layer.1.DenseReluDense.wi_0.weight', 'kadapter.layer_norm.weight', 'kadapter.adapter.0.layer.0.SelfAttention.v.weight']
You should probably TRAIN this model on a down-stream task to be able to use it for predictions and inference.
Not freezing any parameters!
Not freezing any parameters!
split is 0
Length of dataset retrieving is.. 479
Length of validation data:  479
log/templama folder already exists.
Number of total validation data: 479
Number of correct predictions: 25. Percentage : 0.05219206680584551
/mmfs1/gscratch/ark/tjung2/miniconda3/envs/ckl/lib/python3.8/site-packages/pytorch_lightning/callbacks/model_checkpoint.py:396: LightningDeprecationWarning: Argument `period` in `ModelCheckpoint` is deprecated in v1.3 and will be removed in v1.5. Please use `every_n_val_epochs` instead.
  rank_zero_deprecation(
Some weights of T5ForConditionalGeneration were not initialized from the model checkpoint at google/t5-small-ssm and are newly initialized: ['kadapter.adapter.1.layer.0.SelfAttention.v.weight', 'kadapter.layer_norm.weight', 'kadapter.adapter.0.layer.0.SelfAttention.q.weight', 'kadapter.adapter.1.layer.0.layer_norm.weight', 'kadapter.adapter.1.layer.0.SelfAttention.q.weight', 'kadapter.adapter.1.layer.1.layer_norm.weight', 'kadapter.adapter.0.layer.0.SelfAttention.relative_attention_bias.weight', 'kadapter.adapter.0.layer.0.SelfAttention.v.weight', 'kadapter.adapter.1.layer.0.SelfAttention.o.weight', 'kadapter.adapter.0.layer.0.layer_norm.weight', 'kadapter.adapter.0.layer.0.SelfAttention.k.weight', 'kadapter.adapter.1.layer.1.DenseReluDense.wi_1.weight', 'kadapter.adapter.0.layer.1.DenseReluDense.wo.weight', 'kadapter.adapter.0.layer.1.DenseReluDense.wi_1.weight', 'kadapter.adapter.0.layer.1.DenseReluDense.wi_0.weight', 'kadapter.adapter.1.layer.1.DenseReluDense.wi_0.weight', 'kadapter.adapter.0.layer.1.layer_norm.weight', 'kadapter.adapter.1.layer.0.SelfAttention.k.weight', 'kadapter.adapter.1.layer.1.DenseReluDense.wo.weight', 'kadapter.adapter.0.layer.0.SelfAttention.o.weight']
You should probably TRAIN this model on a down-stream task to be able to use it for predictions and inference.
Some weights of T5ForConditionalGeneration were not initialized from the model checkpoint at google/t5-small-ssm and are newly initialized: ['kadapter.adapter.1.layer.0.SelfAttention.v.weight', 'kadapter.layer_norm.weight', 'kadapter.adapter.0.layer.0.SelfAttention.q.weight', 'kadapter.adapter.1.layer.0.layer_norm.weight', 'kadapter.adapter.1.layer.0.SelfAttention.q.weight', 'kadapter.adapter.1.layer.1.layer_norm.weight', 'kadapter.adapter.0.layer.0.SelfAttention.relative_attention_bias.weight', 'kadapter.adapter.0.layer.0.SelfAttention.v.weight', 'kadapter.adapter.1.layer.0.SelfAttention.o.weight', 'kadapter.adapter.0.layer.0.layer_norm.weight', 'kadapter.adapter.0.layer.0.SelfAttention.k.weight', 'kadapter.adapter.1.layer.1.DenseReluDense.wi_1.weight', 'kadapter.adapter.0.layer.1.DenseReluDense.wo.weight', 'kadapter.adapter.0.layer.1.DenseReluDense.wi_1.weight', 'kadapter.adapter.0.layer.1.DenseReluDense.wi_0.weight', 'kadapter.adapter.1.layer.1.DenseReluDense.wi_0.weight', 'kadapter.adapter.0.layer.1.layer_norm.weight', 'kadapter.adapter.1.layer.0.SelfAttention.k.weight', 'kadapter.adapter.1.layer.1.DenseReluDense.wo.weight', 'kadapter.adapter.0.layer.0.SelfAttention.o.weight']
You should probably TRAIN this model on a down-stream task to be able to use it for predictions and inference.
Not freezing any parameters!
Not freezing any parameters!
split is 0
Length of dataset retrieving is.. 480
Length of validation data:  480
log/templama folder already exists.
Number of total validation data: 480
Number of correct predictions: 23. Percentage : 0.04791666666666667
/mmfs1/gscratch/ark/tjung2/miniconda3/envs/ckl/lib/python3.8/site-packages/pytorch_lightning/callbacks/model_checkpoint.py:396: LightningDeprecationWarning: Argument `period` in `ModelCheckpoint` is deprecated in v1.3 and will be removed in v1.5. Please use `every_n_val_epochs` instead.
  rank_zero_deprecation(
Some weights of T5ForConditionalGeneration were not initialized from the model checkpoint at google/t5-small-ssm and are newly initialized: ['kadapter.adapter.1.layer.0.SelfAttention.q.weight', 'kadapter.adapter.1.layer.1.DenseReluDense.wo.weight', 'kadapter.adapter.0.layer.0.SelfAttention.k.weight', 'kadapter.adapter.0.layer.0.SelfAttention.v.weight', 'kadapter.adapter.1.layer.1.layer_norm.weight', 'kadapter.adapter.1.layer.0.SelfAttention.v.weight', 'kadapter.adapter.0.layer.0.layer_norm.weight', 'kadapter.adapter.1.layer.0.SelfAttention.o.weight', 'kadapter.layer_norm.weight', 'kadapter.adapter.0.layer.1.DenseReluDense.wi_1.weight', 'kadapter.adapter.0.layer.0.SelfAttention.o.weight', 'kadapter.adapter.0.layer.1.layer_norm.weight', 'kadapter.adapter.1.layer.0.layer_norm.weight', 'kadapter.adapter.0.layer.1.DenseReluDense.wi_0.weight', 'kadapter.adapter.0.layer.1.DenseReluDense.wo.weight', 'kadapter.adapter.0.layer.0.SelfAttention.q.weight', 'kadapter.adapter.0.layer.0.SelfAttention.relative_attention_bias.weight', 'kadapter.adapter.1.layer.1.DenseReluDense.wi_0.weight', 'kadapter.adapter.1.layer.1.DenseReluDense.wi_1.weight', 'kadapter.adapter.1.layer.0.SelfAttention.k.weight']
You should probably TRAIN this model on a down-stream task to be able to use it for predictions and inference.
Some weights of T5ForConditionalGeneration were not initialized from the model checkpoint at google/t5-small-ssm and are newly initialized: ['kadapter.adapter.1.layer.0.SelfAttention.q.weight', 'kadapter.adapter.1.layer.1.DenseReluDense.wo.weight', 'kadapter.adapter.0.layer.0.SelfAttention.k.weight', 'kadapter.adapter.0.layer.0.SelfAttention.v.weight', 'kadapter.adapter.1.layer.1.layer_norm.weight', 'kadapter.adapter.1.layer.0.SelfAttention.v.weight', 'kadapter.adapter.0.layer.0.layer_norm.weight', 'kadapter.adapter.1.layer.0.SelfAttention.o.weight', 'kadapter.layer_norm.weight', 'kadapter.adapter.0.layer.1.DenseReluDense.wi_1.weight', 'kadapter.adapter.0.layer.0.SelfAttention.o.weight', 'kadapter.adapter.0.layer.1.layer_norm.weight', 'kadapter.adapter.1.layer.0.layer_norm.weight', 'kadapter.adapter.0.layer.1.DenseReluDense.wi_0.weight', 'kadapter.adapter.0.layer.1.DenseReluDense.wo.weight', 'kadapter.adapter.0.layer.0.SelfAttention.q.weight', 'kadapter.adapter.0.layer.0.SelfAttention.relative_attention_bias.weight', 'kadapter.adapter.1.layer.1.DenseReluDense.wi_0.weight', 'kadapter.adapter.1.layer.1.DenseReluDense.wi_1.weight', 'kadapter.adapter.1.layer.0.SelfAttention.k.weight']
You should probably TRAIN this model on a down-stream task to be able to use it for predictions and inference.
Not freezing any parameters!
Not freezing any parameters!
split is 0
Length of dataset retrieving is.. 481
Length of validation data:  481
log/templama folder already exists.
Number of total validation data: 481
Number of correct predictions: 28. Percentage : 0.058212058212058215
/mmfs1/gscratch/ark/tjung2/miniconda3/envs/ckl/lib/python3.8/site-packages/pytorch_lightning/callbacks/model_checkpoint.py:396: LightningDeprecationWarning: Argument `period` in `ModelCheckpoint` is deprecated in v1.3 and will be removed in v1.5. Please use `every_n_val_epochs` instead.
  rank_zero_deprecation(
Some weights of T5ForConditionalGeneration were not initialized from the model checkpoint at google/t5-small-ssm and are newly initialized: ['kadapter.adapter.1.layer.0.SelfAttention.q.weight', 'kadapter.adapter.1.layer.1.DenseReluDense.wi_1.weight', 'kadapter.adapter.0.layer.0.SelfAttention.v.weight', 'kadapter.adapter.1.layer.1.layer_norm.weight', 'kadapter.adapter.0.layer.0.SelfAttention.o.weight', 'kadapter.layer_norm.weight', 'kadapter.adapter.0.layer.0.SelfAttention.k.weight', 'kadapter.adapter.1.layer.0.SelfAttention.k.weight', 'kadapter.adapter.1.layer.1.DenseReluDense.wi_0.weight', 'kadapter.adapter.1.layer.0.layer_norm.weight', 'kadapter.adapter.1.layer.0.SelfAttention.o.weight', 'kadapter.adapter.0.layer.1.layer_norm.weight', 'kadapter.adapter.1.layer.1.DenseReluDense.wo.weight', 'kadapter.adapter.0.layer.1.DenseReluDense.wo.weight', 'kadapter.adapter.0.layer.0.SelfAttention.relative_attention_bias.weight', 'kadapter.adapter.1.layer.0.SelfAttention.v.weight', 'kadapter.adapter.0.layer.1.DenseReluDense.wi_1.weight', 'kadapter.adapter.0.layer.1.DenseReluDense.wi_0.weight', 'kadapter.adapter.0.layer.0.SelfAttention.q.weight', 'kadapter.adapter.0.layer.0.layer_norm.weight']
You should probably TRAIN this model on a down-stream task to be able to use it for predictions and inference.
Some weights of T5ForConditionalGeneration were not initialized from the model checkpoint at google/t5-small-ssm and are newly initialized: ['kadapter.adapter.1.layer.0.SelfAttention.q.weight', 'kadapter.adapter.1.layer.1.DenseReluDense.wi_1.weight', 'kadapter.adapter.0.layer.0.SelfAttention.v.weight', 'kadapter.adapter.1.layer.1.layer_norm.weight', 'kadapter.adapter.0.layer.0.SelfAttention.o.weight', 'kadapter.layer_norm.weight', 'kadapter.adapter.0.layer.0.SelfAttention.k.weight', 'kadapter.adapter.1.layer.0.SelfAttention.k.weight', 'kadapter.adapter.1.layer.1.DenseReluDense.wi_0.weight', 'kadapter.adapter.1.layer.0.layer_norm.weight', 'kadapter.adapter.1.layer.0.SelfAttention.o.weight', 'kadapter.adapter.0.layer.1.layer_norm.weight', 'kadapter.adapter.1.layer.1.DenseReluDense.wo.weight', 'kadapter.adapter.0.layer.1.DenseReluDense.wo.weight', 'kadapter.adapter.0.layer.0.SelfAttention.relative_attention_bias.weight', 'kadapter.adapter.1.layer.0.SelfAttention.v.weight', 'kadapter.adapter.0.layer.1.DenseReluDense.wi_1.weight', 'kadapter.adapter.0.layer.1.DenseReluDense.wi_0.weight', 'kadapter.adapter.0.layer.0.SelfAttention.q.weight', 'kadapter.adapter.0.layer.0.layer_norm.weight']
You should probably TRAIN this model on a down-stream task to be able to use it for predictions and inference.
Not freezing any parameters!
Not freezing any parameters!
split is 0
Length of dataset retrieving is.. 473
Length of validation data:  473
log/templama folder already exists.
Number of total validation data: 473
Number of correct predictions: 23. Percentage : 0.048625792811839326
/mmfs1/gscratch/ark/tjung2/miniconda3/envs/ckl/lib/python3.8/site-packages/pytorch_lightning/callbacks/model_checkpoint.py:396: LightningDeprecationWarning: Argument `period` in `ModelCheckpoint` is deprecated in v1.3 and will be removed in v1.5. Please use `every_n_val_epochs` instead.
  rank_zero_deprecation(
Some weights of T5ForConditionalGeneration were not initialized from the model checkpoint at google/t5-small-ssm and are newly initialized: ['kadapter.adapter.1.layer.0.SelfAttention.q.weight', 'kadapter.adapter.0.layer.1.DenseReluDense.wo.weight', 'kadapter.adapter.1.layer.1.DenseReluDense.wi_1.weight', 'kadapter.adapter.1.layer.1.layer_norm.weight', 'kadapter.adapter.0.layer.1.DenseReluDense.wi_0.weight', 'kadapter.adapter.0.layer.0.SelfAttention.relative_attention_bias.weight', 'kadapter.adapter.0.layer.0.SelfAttention.k.weight', 'kadapter.adapter.0.layer.0.SelfAttention.q.weight', 'kadapter.adapter.1.layer.1.DenseReluDense.wi_0.weight', 'kadapter.adapter.1.layer.0.SelfAttention.k.weight', 'kadapter.adapter.0.layer.1.DenseReluDense.wi_1.weight', 'kadapter.adapter.0.layer.0.SelfAttention.v.weight', 'kadapter.adapter.0.layer.1.layer_norm.weight', 'kadapter.adapter.0.layer.0.layer_norm.weight', 'kadapter.adapter.1.layer.1.DenseReluDense.wo.weight', 'kadapter.adapter.1.layer.0.SelfAttention.v.weight', 'kadapter.layer_norm.weight', 'kadapter.adapter.1.layer.0.layer_norm.weight', 'kadapter.adapter.0.layer.0.SelfAttention.o.weight', 'kadapter.adapter.1.layer.0.SelfAttention.o.weight']
You should probably TRAIN this model on a down-stream task to be able to use it for predictions and inference.
Some weights of T5ForConditionalGeneration were not initialized from the model checkpoint at google/t5-small-ssm and are newly initialized: ['kadapter.adapter.1.layer.0.SelfAttention.q.weight', 'kadapter.adapter.0.layer.1.DenseReluDense.wo.weight', 'kadapter.adapter.1.layer.1.DenseReluDense.wi_1.weight', 'kadapter.adapter.1.layer.1.layer_norm.weight', 'kadapter.adapter.0.layer.1.DenseReluDense.wi_0.weight', 'kadapter.adapter.0.layer.0.SelfAttention.relative_attention_bias.weight', 'kadapter.adapter.0.layer.0.SelfAttention.k.weight', 'kadapter.adapter.0.layer.0.SelfAttention.q.weight', 'kadapter.adapter.1.layer.1.DenseReluDense.wi_0.weight', 'kadapter.adapter.1.layer.0.SelfAttention.k.weight', 'kadapter.adapter.0.layer.1.DenseReluDense.wi_1.weight', 'kadapter.adapter.0.layer.0.SelfAttention.v.weight', 'kadapter.adapter.0.layer.1.layer_norm.weight', 'kadapter.adapter.0.layer.0.layer_norm.weight', 'kadapter.adapter.1.layer.1.DenseReluDense.wo.weight', 'kadapter.adapter.1.layer.0.SelfAttention.v.weight', 'kadapter.layer_norm.weight', 'kadapter.adapter.1.layer.0.layer_norm.weight', 'kadapter.adapter.0.layer.0.SelfAttention.o.weight', 'kadapter.adapter.1.layer.0.SelfAttention.o.weight']
You should probably TRAIN this model on a down-stream task to be able to use it for predictions and inference.
Not freezing any parameters!
Not freezing any parameters!
split is 0
Length of dataset retrieving is.. 463
Length of validation data:  463
log/templama folder already exists.
Number of total validation data: 463
Number of correct predictions: 21. Percentage : 0.04535637149028078
/mmfs1/gscratch/ark/tjung2/miniconda3/envs/ckl/lib/python3.8/site-packages/pytorch_lightning/callbacks/model_checkpoint.py:396: LightningDeprecationWarning: Argument `period` in `ModelCheckpoint` is deprecated in v1.3 and will be removed in v1.5. Please use `every_n_val_epochs` instead.
  rank_zero_deprecation(
Some weights of T5ForConditionalGeneration were not initialized from the model checkpoint at google/t5-small-ssm and are newly initialized: ['kadapter.layer_norm.weight', 'kadapter.adapter.1.layer.0.layer_norm.weight', 'kadapter.adapter.0.layer.1.layer_norm.weight', 'kadapter.adapter.1.layer.0.SelfAttention.v.weight', 'kadapter.adapter.0.layer.1.DenseReluDense.wi_1.weight', 'kadapter.adapter.0.layer.1.DenseReluDense.wi_0.weight', 'kadapter.adapter.1.layer.0.SelfAttention.q.weight', 'kadapter.adapter.1.layer.1.layer_norm.weight', 'kadapter.adapter.0.layer.1.DenseReluDense.wo.weight', 'kadapter.adapter.0.layer.0.SelfAttention.k.weight', 'kadapter.adapter.1.layer.1.DenseReluDense.wo.weight', 'kadapter.adapter.1.layer.1.DenseReluDense.wi_1.weight', 'kadapter.adapter.0.layer.0.SelfAttention.v.weight', 'kadapter.adapter.0.layer.0.SelfAttention.relative_attention_bias.weight', 'kadapter.adapter.1.layer.0.SelfAttention.k.weight', 'kadapter.adapter.1.layer.0.SelfAttention.o.weight', 'kadapter.adapter.0.layer.0.SelfAttention.q.weight', 'kadapter.adapter.1.layer.1.DenseReluDense.wi_0.weight', 'kadapter.adapter.0.layer.0.SelfAttention.o.weight', 'kadapter.adapter.0.layer.0.layer_norm.weight']
You should probably TRAIN this model on a down-stream task to be able to use it for predictions and inference.
Some weights of T5ForConditionalGeneration were not initialized from the model checkpoint at google/t5-small-ssm and are newly initialized: ['kadapter.layer_norm.weight', 'kadapter.adapter.1.layer.0.layer_norm.weight', 'kadapter.adapter.0.layer.1.layer_norm.weight', 'kadapter.adapter.1.layer.0.SelfAttention.v.weight', 'kadapter.adapter.0.layer.1.DenseReluDense.wi_1.weight', 'kadapter.adapter.0.layer.1.DenseReluDense.wi_0.weight', 'kadapter.adapter.1.layer.0.SelfAttention.q.weight', 'kadapter.adapter.1.layer.1.layer_norm.weight', 'kadapter.adapter.0.layer.1.DenseReluDense.wo.weight', 'kadapter.adapter.0.layer.0.SelfAttention.k.weight', 'kadapter.adapter.1.layer.1.DenseReluDense.wo.weight', 'kadapter.adapter.1.layer.1.DenseReluDense.wi_1.weight', 'kadapter.adapter.0.layer.0.SelfAttention.v.weight', 'kadapter.adapter.0.layer.0.SelfAttention.relative_attention_bias.weight', 'kadapter.adapter.1.layer.0.SelfAttention.k.weight', 'kadapter.adapter.1.layer.0.SelfAttention.o.weight', 'kadapter.adapter.0.layer.0.SelfAttention.q.weight', 'kadapter.adapter.1.layer.1.DenseReluDense.wi_0.weight', 'kadapter.adapter.0.layer.0.SelfAttention.o.weight', 'kadapter.adapter.0.layer.0.layer_norm.weight']
You should probably TRAIN this model on a down-stream task to be able to use it for predictions and inference.
Not freezing any parameters!
Not freezing any parameters!
split is 0
Length of dataset retrieving is.. 450
Length of validation data:  450
log/templama folder already exists.
Number of total validation data: 450
Number of correct predictions: 26. Percentage : 0.057777777777777775
