#!/bin/bash
#SBATCH --job-name=data-proc
#SBATCH --partition=gpu-rtx6k
#SBATCH --account=cse
#SBATCH --nodes=1
#SBATCH --cpus-per-task=4
#SBATCH --mem=32G
#SBATCH --gres=gpu:1
#SBATCH --time=11:00:00
#SBATCH --mail-type=ALL
#SBATCH --mail-user=tjung2@uw.edu

# I use source to initialize conda into the right environment.
cat $0
echo "--------------------"

source ~/.bashrc
conda activate ckl

python run.py --config configs/templama/training/t5_kadapters_soft_full_prefixed.json
--------------------
wandb: Currently logged in as: tjung2. Use `wandb login --relogin` to force relogin
wandb: wandb version 0.13.2 is available!  To upgrade, please run:
wandb:  $ pip install wandb --upgrade
wandb: Tracking run with wandb version 0.13.1
wandb: Run data is saved locally in /mmfs1/gscratch/ark/tjung2/continual-knowledge-learning/wandb/run-20220831_215304-2e3prhrh
wandb: Run `wandb offline` to turn off syncing.
wandb: Syncing run kadapter_soft_full
wandb: ⭐️ View project at https://wandb.ai/tjung2/temporal_questions
wandb: 🚀 View run at https://wandb.ai/tjung2/temporal_questions/runs/2e3prhrh
/mmfs1/gscratch/ark/tjung2/miniconda3/envs/ckl/lib/python3.8/site-packages/pytorch_lightning/callbacks/model_checkpoint.py:396: LightningDeprecationWarning: Argument `period` in `ModelCheckpoint` is deprecated in v1.3 and will be removed in v1.5. Please use `every_n_val_epochs` instead.
  rank_zero_deprecation(
Some weights of T5ForConditionalGeneration were not initialized from the model checkpoint at google/t5-small-ssm and are newly initialized: ['kadapter.adapters.3.encoder.layer.0.SelfAttention.relative_attention_bias.weight', 'kadapter.adapters.7.up_project.weight', 'kadapter.adapters.3.down_project.bias', 'kadapter.adapters.8.encoder.layer.0.SelfAttention.o.weight', 'kadapter.adapters.6.down_project.bias', 'kadapter.adapters.6.encoder.layer.1.DenseReluDense.wi_0.weight', 'kadapter.adapters.6.encoder.layer.0.SelfAttention.k.weight', 'kadapter.adapters.8.up_project.bias', 'kadapter.adapters.1.encoder.layer.0.layer_norm.weight', 'kadapter.adapters.5.encoder.layer.0.SelfAttention.o.weight', 'kadapter.adapters.4.up_project.bias', 'kadapter.adapters.0.encoder.layer.0.SelfAttention.relative_attention_bias.weight', 'kadapter.adapters.0.up_project.weight', 'kadapter.adapters.3.encoder.layer.0.SelfAttention.v.weight', 'kadapter.adapters.2.up_project.bias', 'kadapter.adapters.8.encoder.layer.1.layer_norm.weight', 'kadapter.adapters.6.encoder.layer.1.DenseReluDense.wo.weight', 'kadapter.adapters.4.up_project.weight', 'kadapter.adapters.8.encoder.layer.1.DenseReluDense.wo.weight', 'kadapter.adapters.5.encoder.layer.0.SelfAttention.v.weight', 'kadapter.adapters.3.encoder.layer.0.SelfAttention.k.weight', 'kadapter.adapters.1.encoder.layer.0.SelfAttention.k.weight', 'kadapter.adapters.0.encoder.layer.0.SelfAttention.v.weight', 'kadapter.layer_norm.weight', 'kadapter.adapters.0.down_project.bias', 'kadapter.adapters.6.up_project.weight', 'kadapter.adapters.8.down_project.bias', 'kadapter.adapters.0.encoder.layer.0.layer_norm.weight', 'kadapter.adapters.5.up_project.weight', 'kadapter.adapters.1.encoder.layer.0.SelfAttention.q.weight', 'kadapter.adapters.1.down_project.bias', 'kadapter.adapters.5.down_project.bias', 'kadapter.adapters.4.encoder.layer.1.DenseReluDense.wi_1.weight', 'kadapter.adapters.1.encoder.layer.1.DenseReluDense.wo.weight', 'kadapter.adapters.4.encoder.layer.0.SelfAttention.k.weight', 'kadapter.adapters.2.down_project.bias', 'kadapter.adapters.3.up_project.weight', 'kadapter.adapters.7.encoder.layer.1.DenseReluDense.wi_1.weight', 'kadapter.adapters.7.down_project.bias', 'kadapter.adapters.7.encoder.layer.0.SelfAttention.relative_attention_bias.weight', 'kadapter.adapters.6.down_project.weight', 'kadapter.adapters.1.encoder.layer.0.SelfAttention.relative_attention_bias.weight', 'kadapter.adapters.0.encoder.layer.0.SelfAttention.k.weight', 'kadapter.year_embeds.0.weight', 'kadapter.adapters.7.up_project.bias', 'kadapter.adapters.4.encoder.layer.1.DenseReluDense.wi_0.weight', 'kadapter.adapters.5.encoder.layer.1.DenseReluDense.wi_0.weight', 'kadapter.year_embeds.2.weight', 'kadapter.adapters.1.encoder.layer.1.layer_norm.weight', 'kadapter.adapters.8.encoder.layer.0.SelfAttention.k.weight', 'kadapter.adapters.7.encoder.layer.0.SelfAttention.k.weight', 'kadapter.adapters.8.encoder.layer.0.SelfAttention.v.weight', 'kadapter.adapters.7.encoder.layer.0.SelfAttention.q.weight', 'kadapter.adapters.1.encoder.layer.0.SelfAttention.o.weight', 'kadapter.adapters.4.encoder.layer.0.SelfAttention.o.weight', 'kadapter.adapters.0.encoder.layer.1.DenseReluDense.wo.weight', 'kadapter.year_embeds.1.weight', 'kadapter.adapters.7.encoder.layer.1.DenseReluDense.wi_0.weight', 'kadapter.adapters.7.down_project.weight', 'kadapter.adapters.1.encoder.layer.0.SelfAttention.v.weight', 'kadapter.adapters.5.encoder.layer.0.SelfAttention.q.weight', 'kadapter.adapters.6.encoder.layer.1.DenseReluDense.wi_1.weight', 'kadapter.adapters.2.encoder.layer.0.SelfAttention.q.weight', 'kadapter.adapters.6.up_project.bias', 'kadapter.adapters.8.up_project.weight', 'kadapter.adapters.6.encoder.layer.0.SelfAttention.q.weight', 'kadapter.adapters.1.up_project.weight', 'kadapter.adapters.0.encoder.layer.0.SelfAttention.o.weight', 'kadapter.adapters.6.encoder.layer.0.SelfAttention.o.weight', 'kadapter.adapters.7.encoder.layer.0.SelfAttention.v.weight', 'kadapter.adapters.7.encoder.layer.1.layer_norm.weight', 'kadapter.adapters.5.encoder.layer.1.layer_norm.weight', 'kadapter.adapters.6.encoder.layer.0.SelfAttention.relative_attention_bias.weight', 'kadapter.adapters.0.encoder.layer.0.SelfAttention.q.weight', 'kadapter.adapters.1.down_project.weight', 'kadapter.adapters.0.down_project.weight', 'kadapter.adapters.5.up_project.bias', 'kadapter.adapters.8.encoder.layer.1.DenseReluDense.wi_1.weight', 'kadapter.adapters.8.encoder.layer.1.DenseReluDense.wi_0.weight', 'kadapter.adapters.3.encoder.layer.0.SelfAttention.q.weight', 'kadapter.adapters.2.encoder.layer.0.SelfAttention.k.weight', 'kadapter.adapters.4.encoder.layer.0.SelfAttention.v.weight', 'kadapter.adapters.1.up_project.bias', 'kadapter.adapters.8.encoder.layer.0.SelfAttention.relative_attention_bias.weight', 'kadapter.adapters.4.encoder.layer.1.DenseReluDense.wo.weight', 'kadapter.adapters.5.encoder.layer.0.SelfAttention.k.weight', 'kadapter.adapters.3.encoder.layer.1.DenseReluDense.wi_0.weight', 'kadapter.adapters.7.encoder.layer.0.SelfAttention.o.weight', 'kadapter.adapters.3.encoder.layer.1.DenseReluDense.wo.weight', 'kadapter.adapters.5.encoder.layer.0.SelfAttention.relative_attention_bias.weight', 'kadapter.adapters.3.encoder.layer.0.SelfAttention.o.weight', 'kadapter.adapters.3.encoder.layer.1.layer_norm.weight', 'kadapter.adapters.5.down_project.weight', 'kadapter.adapters.3.down_project.weight', 'kadapter.adapters.0.encoder.layer.1.layer_norm.weight', 'kadapter.adapters.5.encoder.layer.1.DenseReluDense.wi_1.weight', 'kadapter.adapters.0.up_project.bias', 'kadapter.adapters.0.encoder.layer.1.DenseReluDense.wi_0.weight', 'kadapter.adapters.4.encoder.layer.0.SelfAttention.q.weight', 'kadapter.adapters.0.encoder.layer.1.DenseReluDense.wi_1.weight', 'kadapter.adapters.2.encoder.layer.1.DenseReluDense.wo.weight', 'kadapter.adapters.2.encoder.layer.1.layer_norm.weight', 'kadapter.adapters.2.up_project.weight', 'kadapter.adapters.8.down_project.weight', 'kadapter.adapters.4.encoder.layer.1.layer_norm.weight', 'kadapter.adapters.5.encoder.layer.0.layer_norm.weight', 'kadapter.adapters.2.encoder.layer.0.SelfAttention.v.weight', 'kadapter.adapters.8.encoder.layer.0.SelfAttention.q.weight', 'kadapter.adapters.6.encoder.layer.1.layer_norm.weight', 'kadapter.adapters.4.down_project.weight', 'kadapter.adapters.8.encoder.layer.0.layer_norm.weight', 'kadapter.pool.bias', 'kadapter.adapters.5.encoder.layer.1.DenseReluDense.wo.weight', 'kadapter.adapters.2.encoder.layer.1.DenseReluDense.wi_1.weight', 'kadapter.adapters.6.encoder.layer.0.SelfAttention.v.weight', 'kadapter.adapters.3.up_project.bias', 'kadapter.adapters.2.down_project.weight', 'kadapter.adapters.2.encoder.layer.0.SelfAttention.relative_attention_bias.weight', 'kadapter.adapters.7.encoder.layer.0.layer_norm.weight', 'kadapter.pool.weight', 'kadapter.adapters.4.encoder.layer.0.SelfAttention.relative_attention_bias.weight', 'kadapter.adapters.6.encoder.layer.0.layer_norm.weight', 'kadapter.adapters.1.encoder.layer.1.DenseReluDense.wi_0.weight', 'kadapter.adapters.2.encoder.layer.1.DenseReluDense.wi_0.weight', 'kadapter.adapters.2.encoder.layer.0.SelfAttention.o.weight', 'kadapter.adapters.7.encoder.layer.1.DenseReluDense.wo.weight', 'kadapter.adapters.4.down_project.bias', 'kadapter.adapters.3.encoder.layer.0.layer_norm.weight', 'kadapter.adapters.2.encoder.layer.0.layer_norm.weight', 'kadapter.adapters.1.encoder.layer.1.DenseReluDense.wi_1.weight', 'kadapter.adapters.3.encoder.layer.1.DenseReluDense.wi_1.weight', 'kadapter.adapters.4.encoder.layer.0.layer_norm.weight']
You should probably TRAIN this model on a down-stream task to be able to use it for predictions and inference.
GPU available: True, used: True
TPU available: False, using: 0 TPU cores
initializing ddp: GLOBAL_RANK: 0, MEMBER: 1/1
----------------------------------------------------------------------------------------------------
distributed_backend=nccl
All DDP processes registered. Starting ddp with 1 processes
----------------------------------------------------------------------------------------------------

slurmstepd: error: *** JOB 6038963 ON g3010 CANCELLED AT 2022-08-31T22:04:56 ***
