#!/bin/bash
#SBATCH --job-name=data-proc
#SBATCH --partition=gpu-a40
#SBATCH --account=ark
#SBATCH --nodes=1
#SBATCH --cpus-per-task=4
#SBATCH --mem=32G
#SBATCH --gres=gpu:1
#SBATCH --time=16:00:00
#SBATCH --mail-type=ALL
#SBATCH --mail-user=tjung2@uw.edu

# I use source to initialize conda into the right environment.
cat $0
echo "--------------------"
    
source ~/.bashrc
conda activate ckl

wandb agent --count 1 tjung2/temporal_questions/kwhkt8ib
wandb agent --count 1 tjung2/temporal_questions/kwhkt8ib
wandb agent --count 1 tjung2/temporal_questions/kwhkt8ib
--------------------
wandb: Starting wandb agent 🕵️
2022-09-01 01:21:08,630 - wandb.wandb_agent - INFO - Running runs: []
2022-09-01 01:21:08,786 - wandb.wandb_agent - INFO - Agent received command: run
2022-09-01 01:21:08,787 - wandb.wandb_agent - INFO - Agent starting run with config:
	learning_rate: 0.003
2022-09-01 01:21:08,984 - wandb.wandb_agent - INFO - About to run command: /usr/bin/env python run.py --config configs/templama/training/t5_kadapters_yearly_2freeze.json
2022-09-01 01:21:13,994 - wandb.wandb_agent - INFO - Running runs: ['m5fcswi4']
wandb: Currently logged in as: tjung2. Use `wandb login --relogin` to force relogin
wandb: WARNING Ignored wandb.init() arg project when running a sweep.
Traceback (most recent call last):
  File "/mmfs1/gscratch/ark/tjung2/miniconda3/envs/ckl/lib/python3.8/runpy.py", line 194, in _run_module_as_main
    return _run_code(code, main_globals, None,
  File "/mmfs1/gscratch/ark/tjung2/miniconda3/envs/ckl/lib/python3.8/runpy.py", line 87, in _run_code
    exec(code, run_globals)
  File "/mmfs1/gscratch/ark/tjung2/miniconda3/envs/ckl/lib/python3.8/site-packages/wandb/__main__.py", line 3, in <module>
    cli.cli(prog_name="python -m wandb")
  File "/mmfs1/gscratch/ark/tjung2/miniconda3/envs/ckl/lib/python3.8/site-packages/click/core.py", line 1130, in __call__
    return self.main(*args, **kwargs)
  File "/mmfs1/gscratch/ark/tjung2/miniconda3/envs/ckl/lib/python3.8/site-packages/click/core.py", line 1055, in main
    rv = self.invoke(ctx)
  File "/mmfs1/gscratch/ark/tjung2/miniconda3/envs/ckl/lib/python3.8/site-packages/click/core.py", line 1657, in invoke
    return _process_result(sub_ctx.command.invoke(sub_ctx))
  File "/mmfs1/gscratch/ark/tjung2/miniconda3/envs/ckl/lib/python3.8/site-packages/click/core.py", line 1404, in invoke
    return ctx.invoke(self.callback, **ctx.params)
  File "/mmfs1/gscratch/ark/tjung2/miniconda3/envs/ckl/lib/python3.8/site-packages/click/core.py", line 760, in invoke
    return __callback(*args, **kwargs)
  File "/mmfs1/gscratch/ark/tjung2/miniconda3/envs/ckl/lib/python3.8/site-packages/wandb/cli/cli.py", line 97, in wrapper
    return func(*args, **kwargs)
  File "/mmfs1/gscratch/ark/tjung2/miniconda3/envs/ckl/lib/python3.8/site-packages/wandb/cli/cli.py", line 286, in service
    server.serve()
  File "/mmfs1/gscratch/ark/tjung2/miniconda3/envs/ckl/lib/python3.8/site-packages/wandb/sdk/service/server.py", line 140, in serve
    mux.loop()
  File "/mmfs1/gscratch/ark/tjung2/miniconda3/envs/ckl/lib/python3.8/site-packages/wandb/sdk/service/streams.py", line 336, in loop
    raise e
  File "/mmfs1/gscratch/ark/tjung2/miniconda3/envs/ckl/lib/python3.8/site-packages/wandb/sdk/service/streams.py", line 334, in loop
    self._loop()
  File "/mmfs1/gscratch/ark/tjung2/miniconda3/envs/ckl/lib/python3.8/site-packages/wandb/sdk/service/streams.py", line 327, in _loop
    self._process_action(action)
  File "/mmfs1/gscratch/ark/tjung2/miniconda3/envs/ckl/lib/python3.8/site-packages/wandb/sdk/service/streams.py", line 292, in _process_action
    self._process_add(action)
  File "/mmfs1/gscratch/ark/tjung2/miniconda3/envs/ckl/lib/python3.8/site-packages/wandb/sdk/service/streams.py", line 208, in _process_add
    stream.start_thread(thread)
  File "/mmfs1/gscratch/ark/tjung2/miniconda3/envs/ckl/lib/python3.8/site-packages/wandb/sdk/service/streams.py", line 68, in start_thread
    self._wait_thread_active()
  File "/mmfs1/gscratch/ark/tjung2/miniconda3/envs/ckl/lib/python3.8/site-packages/wandb/sdk/service/streams.py", line 73, in _wait_thread_active
    assert result
AssertionError
wandb: ERROR Error communicating with wandb process
Problem at: run.py 116 <module>
Traceback (most recent call last):
  File "run.py", line 116, in <module>
    wandb.init(project=hparam.wandb_project, name=f"{hparam.method}_{args['dataset_version']}" , config=args, settings=wandb.Settings(start_method="fork"))
  File "/mmfs1/gscratch/ark/tjung2/miniconda3/envs/ckl/lib/python3.8/site-packages/wandb/sdk/wandb_init.py", line 1043, in init
    run = wi.init()
  File "/mmfs1/gscratch/ark/tjung2/miniconda3/envs/ckl/lib/python3.8/site-packages/wandb/sdk/wandb_init.py", line 691, in init
    raise UsageError(error_message)
wandb.errors.UsageError: Error communicating with wandb process
2022-09-01 01:22:20,509 - wandb.wandb_agent - INFO - Cleaning up finished run: m5fcswi4
slurmstepd: error: *** JOB 6045576 ON g3071 CANCELLED AT 2022-09-01T01:23:01 ***
