#!/bin/bash
#SBATCH --job-name=data-proc
#SBATCH --partition=gpu-a40
#SBATCH --account=cse
#SBATCH --nodes=1
#SBATCH --cpus-per-task=8
#SBATCH --mem=32G
#SBATCH --gres=gpu:1
#SBATCH --time=11:00:00 
#SBATCH --mail-type=ALL
#SBATCH --mail-user=tjung2@uw.edu

# I use source to initialize conda into the right environment.
cat $0
echo "--------------------"

source ~/.bashrc
conda activate ckl

python preprocess_wmt_train_data.py 2007--------------------
Traceback (most recent call last):
  File "preprocess_wmt_train_data.py", line 91, in <module>
    main()
  File "preprocess_wmt_train_data.py", line 65, in main
    res = [val_index, date, ' '.join(words), ' '.join(answers)]
UnboundLocalError: local variable 'val_index' referenced before assignment
