#!/bin/bash
#SBATCH --job-name=data-proc
#SBATCH --partition=gpu-a40
#SBATCH --account=cse
#SBATCH --nodes=1
#SBATCH --cpus-per-task=8
#SBATCH --mem=32G
#SBATCH --gres=gpu:1
#SBATCH --time=11:00:00
#SBATCH --mail-type=ALL
#SBATCH --mail-user=tjung2@uw.edu

# I use source to initialize conda into the right environment.
cat $0
echo "--------------------"

source ~/.bashrc
conda activate ckl

python run.py --config configs/templama/training/t5_kadapters_2010_prefixed.json
--------------------
Namespace(accelerator='ddp', adam_epsilon=1e-08, adapter_config={'adapter_hidden_size': 128, 'adapter_list': [1, 5, 8]}, check_validation_only=False, checkpoint_path='', dataset='templama', dataset_version='2010', early_stop_callback=False, eval_batch_size=32, freeze_embeds=False, freeze_encoder=False, freeze_level=1, learning_rate=0.001, max_grad_norm=0.5, max_input_length=50, max_output_length=25, method='kadapter', mode='pretrain', model_name_or_path='google/t5-small-ssm', n_gpu=1, n_test=-1, n_train=-1, n_val=-1, num_train_epochs=50, num_workers=4, opt_level='O1', output_dir='outputs/T5_small_templama(2010)_lr.001_adapters_prefixed', output_log=None, prefix=True, resume_from_checkpoint='outputs/T5_small_templama(2010)_lr.001_adapters_prefixed/epoch=21-f1_score=0.22-em_score=0.08.ckpt', seed=42, split=0, split_num=1, t5_learning_rate=0.0001, tokenizer_name_or_path='google/t5-small-ssm', train_batch_size=32, use_deepspeed=False, use_lr_scheduling=True, val_check_interval=1.0, wandb_log=False, warmup_steps=0, weight_decay=0.0)
Traceback (most recent call last):
  File "run.py", line 111, in <module>
    args.output_dir += ''.join(args.adapter_config['adapter_list'])
TypeError: sequence item 0: expected str instance, int found
